#
# There is insufficient memory for the Java Runtime Environment to continue.
# Native memory allocation (malloc) failed to allocate 384336 bytes for Chunk::new
# Possible reasons:
#   The system is out of physical RAM or swap space
#   The process is running with CompressedOops enabled, and the Java Heap may be blocking the growth of the native heap
# Possible solutions:
#   Reduce memory load on the system
#   Increase physical memory or swap space
#   Check if swap backing store is full
#   Decrease Java heap size (-Xmx/-Xms)
#   Decrease number of Java threads
#   Decrease Java thread stack sizes (-Xss)
#   Set larger code cache with -XX:ReservedCodeCacheSize=
#   JVM is running with Unscaled Compressed Oops mode in which the Java heap is
#     placed in the first 4GB address space. The Java Heap base address is the
#     maximum limit for the native heap growth. Please use -XX:HeapBaseMinAddress
#     to set the Java Heap base and to place the Java Heap above 4GB virtual address.
# This output file may be truncated or incomplete.
#
#  Out of Memory Error (./src/hotspot/share/memory/arena.cpp:197), pid=56700, tid=48288
#
# JRE version: OpenJDK Runtime Environment (11.0.10) (build 11.0.10+0-b96-7249189)
# Java VM: OpenJDK 64-Bit Server VM (11.0.10+0-b96-7249189, mixed mode, tiered, compressed oops, g1 gc, windows-amd64)
# No core dump will be written. Minidumps are not enabled by default on client versions of Windows
#

---------------  S U M M A R Y ------------

Command Line: --add-opens=java.base/java.util=ALL-UNNAMED --add-opens=java.base/java.lang=ALL-UNNAMED --add-opens=java.base/java.lang.invoke=ALL-UNNAMED --add-opens=java.base/java.util=ALL-UNNAMED --add-opens=java.prefs/java.util.prefs=ALL-UNNAMED --add-opens=java.prefs/java.util.prefs=ALL-UNNAMED --add-opens=java.base/java.nio.charset=ALL-UNNAMED --add-opens=java.base/java.net=ALL-UNNAMED --add-opens=java.base/java.util.concurrent.atomic=ALL-UNNAMED -Xmx2048m -Dfile.encoding=UTF-8 -Duser.country=GB -Duser.language=en -Duser.variant org.gradle.launcher.daemon.bootstrap.GradleDaemon 7.0.2

Host: 11th Gen Intel(R) Core(TM) i7-1165G7 @ 2.80GHz, 8 cores, 15G,  Windows 10 , 64 bit Build 22000 (10.0.22000.120)
Time: Wed Dec 22 20:24:17 2021 Arab Standard Time elapsed time: 3.194428 seconds (0d 0h 0m 3s)

---------------  T H R E A D  ---------------

Current thread (0x000001dcb3d78800):  JavaThread "C2 CompilerThread1" daemon [_thread_in_native, id=48288, stack(0x00000093b7300000,0x00000093b7400000)]


Current CompileTask:
C2:   3194 2894   !   4       java.util.concurrent.ConcurrentHashMap::computeIfAbsent (576 bytes)

Stack: [0x00000093b7300000,0x00000093b7400000]
Native frames: (J=compiled Java code, j=interpreted, Vv=VM code, C=native code)
V  [jvm.dll+0x5ecfaa]
V  [jvm.dll+0x722bd5]
V  [jvm.dll+0x72412d]
V  [jvm.dll+0x7247e3]
V  [jvm.dll+0x242928]
V  [jvm.dll+0xbc4fc]
V  [jvm.dll+0xbca0c]
V  [jvm.dll+0x352d3b]
V  [jvm.dll+0x320ad3]
V  [jvm.dll+0x31ffca]
V  [jvm.dll+0x1fb602]
V  [jvm.dll+0x1fa7f4]
V  [jvm.dll+0x18354c]
V  [jvm.dll+0x208ee7]
V  [jvm.dll+0x207731]
V  [jvm.dll+0x6eb1cf]
V  [jvm.dll+0x6e3d45]
V  [jvm.dll+0x5ebe96]
C  [ucrtbase.dll+0x26c0c]
C  [KERNEL32.DLL+0x154e0]
C  [ntdll.dll+0x485b]


---------------  P R O C E S S  ---------------

Threads class SMR info:
_java_thread_list=0x000001dcb4b7be90, length=31, elements={
0x000001dc96aed800, 0x000001dcb17c8000, 0x000001dcb17d1800, 0x000001dcb1828800,
0x000001dcb1829800, 0x000001dcb182b000, 0x000001dcb182f800, 0x000001dcb1837000,
0x000001dcb1840800, 0x000001dcb19a7000, 0x000001dcb343b800, 0x000001dcb3cda000,
0x000001dcb3b18000, 0x000001dcb313a000, 0x000001dcb2899800, 0x000001dcb3d78800,
0x000001dcb2bd1800, 0x000001dcb380f800, 0x000001dcb2c0d800, 0x000001dcb38a6800,
0x000001dcb3d77800, 0x000001dcb3d79800, 0x000001dcb3d75800, 0x000001dcb3d7a000,
0x000001dcb3d74800, 0x000001dcb3d7b000, 0x000001dcb3d76000, 0x000001dcb3d77000,
0x000001dcb4b9f800, 0x000001dcb4ba0800, 0x000001dcb4b9e800
}

Java Threads: ( => current thread )
  0x000001dc96aed800 JavaThread "main" [_thread_blocked, id=65756, stack(0x00000093b5800000,0x00000093b5900000)]
  0x000001dcb17c8000 JavaThread "Reference Handler" daemon [_thread_blocked, id=62272, stack(0x00000093b5f00000,0x00000093b6000000)]
  0x000001dcb17d1800 JavaThread "Finalizer" daemon [_thread_blocked, id=65136, stack(0x00000093b6000000,0x00000093b6100000)]
  0x000001dcb1828800 JavaThread "Signal Dispatcher" daemon [_thread_blocked, id=12004, stack(0x00000093b6100000,0x00000093b6200000)]
  0x000001dcb1829800 JavaThread "Attach Listener" daemon [_thread_blocked, id=16620, stack(0x00000093b6200000,0x00000093b6300000)]
  0x000001dcb182b000 JavaThread "Service Thread" daemon [_thread_blocked, id=24596, stack(0x00000093b6300000,0x00000093b6400000)]
  0x000001dcb182f800 JavaThread "C2 CompilerThread0" daemon [_thread_in_native, id=46912, stack(0x00000093b6400000,0x00000093b6500000)]
  0x000001dcb1837000 JavaThread "C1 CompilerThread0" daemon [_thread_in_native, id=44772, stack(0x00000093b6500000,0x00000093b6600000)]
  0x000001dcb1840800 JavaThread "Sweeper thread" daemon [_thread_blocked, id=30816, stack(0x00000093b6600000,0x00000093b6700000)]
  0x000001dcb19a7000 JavaThread "Common-Cleaner" daemon [_thread_blocked, id=66124, stack(0x00000093b6700000,0x00000093b6800000)]
  0x000001dcb343b800 JavaThread "Daemon health stats" [_thread_blocked, id=44048, stack(0x00000093b6f00000,0x00000093b7000000)]
  0x000001dcb3cda000 JavaThread "Incoming local TCP Connector on port 59749" [_thread_in_native, id=47876, stack(0x00000093b6900000,0x00000093b6a00000)]
  0x000001dcb3b18000 JavaThread "Daemon periodic checks" [_thread_blocked, id=62380, stack(0x00000093b7000000,0x00000093b7100000)]
  0x000001dcb313a000 JavaThread "Daemon" [_thread_blocked, id=55004, stack(0x00000093b7100000,0x00000093b7200000)]
  0x000001dcb2899800 JavaThread "Handler for socket connection from /127.0.0.1:59749 to /127.0.0.1:59750" [_thread_in_native, id=47028, stack(0x00000093b7200000,0x00000093b7300000)]
=>0x000001dcb3d78800 JavaThread "C2 CompilerThread1" daemon [_thread_in_native, id=48288, stack(0x00000093b7300000,0x00000093b7400000)]
  0x000001dcb2bd1800 JavaThread "Cancel handler" [_thread_blocked, id=57308, stack(0x00000093b7400000,0x00000093b7500000)]
  0x000001dcb380f800 JavaThread "Daemon worker" [_thread_in_vm, id=61580, stack(0x00000093b7500000,0x00000093b7600000)]
  0x000001dcb2c0d800 JavaThread "Asynchronous log dispatcher for DefaultDaemonConnection: socket connection from /127.0.0.1:59749 to /127.0.0.1:59750" [_thread_blocked, id=42032, stack(0x00000093b7600000,0x00000093b7700000)]
  0x000001dcb38a6800 JavaThread "Stdin handler" [_thread_blocked, id=61036, stack(0x00000093b7700000,0x00000093b7800000)]
  0x000001dcb3d77800 JavaThread "Daemon client event forwarder" [_thread_blocked, id=45388, stack(0x00000093b7800000,0x00000093b7900000)]
  0x000001dcb3d79800 JavaThread "Cache worker for file hash cache (C:\Users\CS_ra\.gradle\caches\7.0.2\fileHashes)" [_thread_blocked, id=44792, stack(0x00000093b7900000,0x00000093b7a00000)]
  0x000001dcb3d75800 JavaThread "File lock request listener" [_thread_in_native, id=54420, stack(0x00000093b7a00000,0x00000093b7b00000)]
  0x000001dcb3d7a000 JavaThread "Cache worker for journal cache (C:\Users\CS_ra\.gradle\caches\journal-1)" [_thread_blocked, id=58680, stack(0x00000093b7e00000,0x00000093b7f00000)]
  0x000001dcb3d74800 JavaThread "Cache worker for file hash cache (C:\Users\CS_ra\Downloads\Rightway\.gradle\7.0.2\fileHashes)" [_thread_blocked, id=47192, stack(0x00000093b7f00000,0x00000093b8000000)]
  0x000001dcb3d7b000 JavaThread "File watcher server" daemon [_thread_in_native, id=52788, stack(0x00000093b8000000,0x00000093b8100000)]
  0x000001dcb3d76000 JavaThread "File watcher consumer" daemon [_thread_blocked, id=14876, stack(0x00000093b8100000,0x00000093b8200000)]
  0x000001dcb3d77000 JavaThread "Cache worker for checksums cache (C:\Users\CS_ra\Downloads\Rightway\.gradle\checksums)" [_thread_blocked, id=63312, stack(0x00000093b8200000,0x00000093b8300000)]
  0x000001dcb4b9f800 JavaThread "Cache worker for cache directory md-supplier (C:\Users\CS_ra\.gradle\caches\7.0.2\md-supplier)" [_thread_blocked, id=48864, stack(0x00000093b8300000,0x00000093b8400000)]
  0x000001dcb4ba0800 JavaThread "Cache worker for cache directory md-rule (C:\Users\CS_ra\.gradle\caches\7.0.2\md-rule)" [_thread_blocked, id=12116, stack(0x00000093b8400000,0x00000093b8500000)]
  0x000001dcb4b9e800 JavaThread "Cache worker for execution history cache (C:\Users\CS_ra\.gradle\caches\7.0.2\executionHistory)" [_thread_blocked, id=13728, stack(0x00000093b8500000,0x00000093b8600000)]

Other Threads:
  0x000001dcb17c1000 VMThread "VM Thread" [stack: 0x00000093b5e00000,0x00000093b5f00000] [id=32728]
  0x000001dcb19c2000 WatcherThread [stack: 0x00000093b6800000,0x00000093b6900000] [id=28664]
  0x000001dc96b06800 GCTaskThread "GC Thread#0" [stack: 0x00000093b5900000,0x00000093b5a00000] [id=62888]
  0x000001dcb2351000 GCTaskThread "GC Thread#1" [stack: 0x00000093b6a00000,0x00000093b6b00000] [id=65616]
  0x000001dcb1e5d800 GCTaskThread "GC Thread#2" [stack: 0x00000093b6b00000,0x00000093b6c00000] [id=56104]
  0x000001dcb2b48800 GCTaskThread "GC Thread#3" [stack: 0x00000093b6c00000,0x00000093b6d00000] [id=48768]
  0x000001dcb1dc5000 GCTaskThread "GC Thread#4" [stack: 0x00000093b6d00000,0x00000093b6e00000] [id=46856]
  0x000001dcb274e000 GCTaskThread "GC Thread#5" [stack: 0x00000093b6e00000,0x00000093b6f00000] [id=40212]
  0x000001dcb2d40000 GCTaskThread "GC Thread#6" [stack: 0x00000093b7b00000,0x00000093b7c00000] [id=66024]
  0x000001dcb2e6b800 GCTaskThread "GC Thread#7" [stack: 0x00000093b7c00000,0x00000093b7d00000] [id=48112]
  0x000001dc96b39000 ConcurrentGCThread "G1 Main Marker" [stack: 0x00000093b5a00000,0x00000093b5b00000] [id=29548]
  0x000001dc96b3a000 ConcurrentGCThread "G1 Conc#0" [stack: 0x00000093b5b00000,0x00000093b5c00000] [id=65196]
  0x000001dcb2c3e800 ConcurrentGCThread "G1 Conc#1" [stack: 0x00000093b7d00000,0x00000093b7e00000] [id=5840]
  0x000001dcb0e0c800 ConcurrentGCThread "G1 Refine#0" [stack: 0x00000093b5c00000,0x00000093b5d00000] [id=9696]
  0x000001dcb0e0d000 ConcurrentGCThread "G1 Young RemSet Sampling" [stack: 0x00000093b5d00000,0x00000093b5e00000] [id=62764]

Threads with active compile tasks:
C2 CompilerThread0   3239 3046       4       jdk.internal.jimage.ImageStringsReader::charsFromByteBuffer (186 bytes)
C1 CompilerThread0   3239 3075       3       jdk.internal.jimage.ImageReader$SharedImageReader::newResource (25 bytes)
C2 CompilerThread1   3239 2894   !   4       java.util.concurrent.ConcurrentHashMap::computeIfAbsent (576 bytes)

VM state:not at safepoint (normal execution)

VM Mutex/Monitor currently owned by a thread: None

Heap address: 0x0000000080000000, size: 2048 MB, Compressed Oops mode: 32-bit
Narrow klass base: 0x0000000000000000, Narrow klass shift: 3
Compressed class space size: 1073741824 Address: 0x0000000100000000

Heap:
 garbage-first heap   total 260096K, used 27355K [0x0000000080000000, 0x0000000100000000)
  region size 1024K, 12 young (12288K), 6 survivors (6144K)
 Metaspace       used 35817K, capacity 36631K, committed 36736K, reserved 1081344K
  class space    used 4621K, capacity 4918K, committed 4992K, reserved 1048576K
Heap Regions: E=young(eden), S=young(survivor), O=old, HS=humongous(starts), HC=humongous(continues), CS=collection set, F=free, A=archive, TAMS=top-at-mark-start (previous, next)
|   0|0x0000000080000000, 0x0000000080100000, 0x0000000080100000|100%| O|  |TAMS 0x0000000080100000, 0x0000000080000000| Untracked 
|   1|0x0000000080100000, 0x0000000080200000, 0x0000000080200000|100%| O|  |TAMS 0x0000000080200000, 0x0000000080100000| Untracked 
|   2|0x0000000080200000, 0x0000000080300000, 0x0000000080300000|100%| O|  |TAMS 0x0000000080300000, 0x0000000080200000| Untracked 
|   3|0x0000000080300000, 0x0000000080400000, 0x0000000080400000|100%|HS|  |TAMS 0x0000000080400000, 0x0000000080300000| Complete 
|   4|0x0000000080400000, 0x0000000080500000, 0x0000000080500000|100%|HC|  |TAMS 0x0000000080500000, 0x0000000080400000| Complete 
|   5|0x0000000080500000, 0x0000000080600000, 0x0000000080600000|100%|HC|  |TAMS 0x0000000080600000, 0x0000000080500000| Complete 
|   6|0x0000000080600000, 0x0000000080700000, 0x0000000080700000|100%| O|  |TAMS 0x0000000080700000, 0x0000000080600000| Untracked 
|   7|0x0000000080700000, 0x0000000080800000, 0x0000000080800000|100%| O|  |TAMS 0x0000000080800000, 0x0000000080700000| Untracked 
|   8|0x0000000080800000, 0x0000000080900000, 0x0000000080900000|100%| O|  |TAMS 0x0000000080900000, 0x0000000080800000| Untracked 
|   9|0x0000000080900000, 0x0000000080a00000, 0x0000000080a00000|100%| O|  |TAMS 0x0000000080a00000, 0x0000000080900000| Untracked 
|  10|0x0000000080a00000, 0x0000000080b00000, 0x0000000080b00000|100%| O|  |TAMS 0x0000000080b00000, 0x0000000080a00000| Untracked 
|  11|0x0000000080b00000, 0x0000000080c00000, 0x0000000080c00000|100%| O|  |TAMS 0x0000000080c00000, 0x0000000080b00000| Untracked 
|  12|0x0000000080c00000, 0x0000000080d00000, 0x0000000080d00000|100%| O|  |TAMS 0x0000000080d00000, 0x0000000080c00000| Untracked 
|  13|0x0000000080d00000, 0x0000000080e00000, 0x0000000080e00000|100%| O|  |TAMS 0x0000000080e00000, 0x0000000080d00000| Untracked 
|  14|0x0000000080e00000, 0x0000000080f00000, 0x0000000080f00000|100%| O|  |TAMS 0x0000000080f00000, 0x0000000080e00000| Untracked 
|  15|0x0000000080f00000, 0x0000000080fd1800, 0x0000000081000000| 81%| O|  |TAMS 0x0000000080fd1800, 0x0000000080f00000| Untracked 
|  16|0x0000000081000000, 0x0000000081000000, 0x0000000081100000|  0%| F|  |TAMS 0x0000000081000000, 0x0000000081000000| Untracked 
|  17|0x0000000081100000, 0x0000000081100000, 0x0000000081200000|  0%| F|  |TAMS 0x0000000081100000, 0x0000000081100000| Untracked 
|  18|0x0000000081200000, 0x0000000081200000, 0x0000000081300000|  0%| F|  |TAMS 0x0000000081200000, 0x0000000081200000| Untracked 
|  19|0x0000000081300000, 0x0000000081300000, 0x0000000081400000|  0%| F|  |TAMS 0x0000000081300000, 0x0000000081300000| Untracked 
|  20|0x0000000081400000, 0x0000000081400000, 0x0000000081500000|  0%| F|  |TAMS 0x0000000081400000, 0x0000000081400000| Untracked 
|  21|0x0000000081500000, 0x0000000081500000, 0x0000000081600000|  0%| F|  |TAMS 0x0000000081500000, 0x0000000081500000| Untracked 
|  22|0x0000000081600000, 0x0000000081600000, 0x0000000081700000|  0%| F|  |TAMS 0x0000000081600000, 0x0000000081600000| Untracked 
|  23|0x0000000081700000, 0x0000000081700000, 0x0000000081800000|  0%| F|  |TAMS 0x0000000081700000, 0x0000000081700000| Untracked 
|  24|0x0000000081800000, 0x0000000081800000, 0x0000000081900000|  0%| F|  |TAMS 0x0000000081800000, 0x0000000081800000| Untracked 
|  25|0x0000000081900000, 0x0000000081900000, 0x0000000081a00000|  0%| F|  |TAMS 0x0000000081900000, 0x0000000081900000| Untracked 
|  26|0x0000000081a00000, 0x0000000081a00000, 0x0000000081b00000|  0%| F|  |TAMS 0x0000000081a00000, 0x0000000081a00000| Untracked 
|  27|0x0000000081b00000, 0x0000000081b00000, 0x0000000081c00000|  0%| F|  |TAMS 0x0000000081b00000, 0x0000000081b00000| Untracked 
|  28|0x0000000081c00000, 0x0000000081c00000, 0x0000000081d00000|  0%| F|  |TAMS 0x0000000081c00000, 0x0000000081c00000| Untracked 
|  29|0x0000000081d00000, 0x0000000081d00000, 0x0000000081e00000|  0%| F|  |TAMS 0x0000000081d00000, 0x0000000081d00000| Untracked 
|  30|0x0000000081e00000, 0x0000000081e00000, 0x0000000081f00000|  0%| F|  |TAMS 0x0000000081e00000, 0x0000000081e00000| Untracked 
|  31|0x0000000081f00000, 0x0000000081f00000, 0x0000000082000000|  0%| F|  |TAMS 0x0000000081f00000, 0x0000000081f00000| Untracked 
|  32|0x0000000082000000, 0x0000000082000000, 0x0000000082100000|  0%| F|  |TAMS 0x0000000082000000, 0x0000000082000000| Untracked 
|  33|0x0000000082100000, 0x0000000082100000, 0x0000000082200000|  0%| F|  |TAMS 0x0000000082100000, 0x0000000082100000| Untracked 
|  34|0x0000000082200000, 0x0000000082200000, 0x0000000082300000|  0%| F|  |TAMS 0x0000000082200000, 0x0000000082200000| Untracked 
|  35|0x0000000082300000, 0x0000000082300000, 0x0000000082400000|  0%| F|  |TAMS 0x0000000082300000, 0x0000000082300000| Untracked 
|  36|0x0000000082400000, 0x0000000082400000, 0x0000000082500000|  0%| F|  |TAMS 0x0000000082400000, 0x0000000082400000| Untracked 
|  37|0x0000000082500000, 0x0000000082500000, 0x0000000082600000|  0%| F|  |TAMS 0x0000000082500000, 0x0000000082500000| Untracked 
|  38|0x0000000082600000, 0x0000000082600000, 0x0000000082700000|  0%| F|  |TAMS 0x0000000082600000, 0x0000000082600000| Untracked 
|  39|0x0000000082700000, 0x0000000082700000, 0x0000000082800000|  0%| F|  |TAMS 0x0000000082700000, 0x0000000082700000| Untracked 
|  40|0x0000000082800000, 0x0000000082800000, 0x0000000082900000|  0%| F|  |TAMS 0x0000000082800000, 0x0000000082800000| Untracked 
|  41|0x0000000082900000, 0x0000000082900000, 0x0000000082a00000|  0%| F|  |TAMS 0x0000000082900000, 0x0000000082900000| Untracked 
|  42|0x0000000082a00000, 0x0000000082a00000, 0x0000000082b00000|  0%| F|  |TAMS 0x0000000082a00000, 0x0000000082a00000| Untracked 
|  43|0x0000000082b00000, 0x0000000082b00000, 0x0000000082c00000|  0%| F|  |TAMS 0x0000000082b00000, 0x0000000082b00000| Untracked 
|  44|0x0000000082c00000, 0x0000000082c00000, 0x0000000082d00000|  0%| F|  |TAMS 0x0000000082c00000, 0x0000000082c00000| Untracked 
|  45|0x0000000082d00000, 0x0000000082d00000, 0x0000000082e00000|  0%| F|  |TAMS 0x0000000082d00000, 0x0000000082d00000| Untracked 
|  46|0x0000000082e00000, 0x0000000082e00000, 0x0000000082f00000|  0%| F|  |TAMS 0x0000000082e00000, 0x0000000082e00000| Untracked 
|  47|0x0000000082f00000, 0x0000000082f00000, 0x0000000083000000|  0%| F|  |TAMS 0x0000000082f00000, 0x0000000082f00000| Untracked 
|  48|0x0000000083000000, 0x0000000083000000, 0x0000000083100000|  0%| F|  |TAMS 0x0000000083000000, 0x0000000083000000| Untracked 
|  49|0x0000000083100000, 0x0000000083100000, 0x0000000083200000|  0%| F|  |TAMS 0x0000000083100000, 0x0000000083100000| Untracked 
|  50|0x0000000083200000, 0x0000000083200000, 0x0000000083300000|  0%| F|  |TAMS 0x0000000083200000, 0x0000000083200000| Untracked 
|  51|0x0000000083300000, 0x0000000083300000, 0x0000000083400000|  0%| F|  |TAMS 0x0000000083300000, 0x0000000083300000| Untracked 
|  52|0x0000000083400000, 0x0000000083400000, 0x0000000083500000|  0%| F|  |TAMS 0x0000000083400000, 0x0000000083400000| Untracked 
|  53|0x0000000083500000, 0x0000000083500000, 0x0000000083600000|  0%| F|  |TAMS 0x0000000083500000, 0x0000000083500000| Untracked 
|  54|0x0000000083600000, 0x0000000083600000, 0x0000000083700000|  0%| F|  |TAMS 0x0000000083600000, 0x0000000083600000| Untracked 
|  55|0x0000000083700000, 0x0000000083700000, 0x0000000083800000|  0%| F|  |TAMS 0x0000000083700000, 0x0000000083700000| Untracked 
|  56|0x0000000083800000, 0x0000000083800000, 0x0000000083900000|  0%| F|  |TAMS 0x0000000083800000, 0x0000000083800000| Untracked 
|  57|0x0000000083900000, 0x0000000083900000, 0x0000000083a00000|  0%| F|  |TAMS 0x0000000083900000, 0x0000000083900000| Untracked 
|  58|0x0000000083a00000, 0x0000000083a00000, 0x0000000083b00000|  0%| F|  |TAMS 0x0000000083a00000, 0x0000000083a00000| Untracked 
|  59|0x0000000083b00000, 0x0000000083b00000, 0x0000000083c00000|  0%| F|  |TAMS 0x0000000083b00000, 0x0000000083b00000| Untracked 
|  60|0x0000000083c00000, 0x0000000083c00000, 0x0000000083d00000|  0%| F|  |TAMS 0x0000000083c00000, 0x0000000083c00000| Untracked 
|  61|0x0000000083d00000, 0x0000000083d00000, 0x0000000083e00000|  0%| F|  |TAMS 0x0000000083d00000, 0x0000000083d00000| Untracked 
|  62|0x0000000083e00000, 0x0000000083e00000, 0x0000000083f00000|  0%| F|  |TAMS 0x0000000083e00000, 0x0000000083e00000| Untracked 
|  63|0x0000000083f00000, 0x0000000083f00000, 0x0000000084000000|  0%| F|  |TAMS 0x0000000083f00000, 0x0000000083f00000| Untracked 
|  64|0x0000000084000000, 0x0000000084000000, 0x0000000084100000|  0%| F|  |TAMS 0x0000000084000000, 0x0000000084000000| Untracked 
|  65|0x0000000084100000, 0x0000000084100000, 0x0000000084200000|  0%| F|  |TAMS 0x0000000084100000, 0x0000000084100000| Untracked 
|  66|0x0000000084200000, 0x0000000084200000, 0x0000000084300000|  0%| F|  |TAMS 0x0000000084200000, 0x0000000084200000| Untracked 
|  67|0x0000000084300000, 0x0000000084300000, 0x0000000084400000|  0%| F|  |TAMS 0x0000000084300000, 0x0000000084300000| Untracked 
|  68|0x0000000084400000, 0x0000000084400000, 0x0000000084500000|  0%| F|  |TAMS 0x0000000084400000, 0x0000000084400000| Untracked 
|  69|0x0000000084500000, 0x0000000084500000, 0x0000000084600000|  0%| F|  |TAMS 0x0000000084500000, 0x0000000084500000| Untracked 
|  70|0x0000000084600000, 0x0000000084600000, 0x0000000084700000|  0%| F|  |TAMS 0x0000000084600000, 0x0000000084600000| Untracked 
|  71|0x0000000084700000, 0x0000000084700000, 0x0000000084800000|  0%| F|  |TAMS 0x0000000084700000, 0x0000000084700000| Untracked 
|  72|0x0000000084800000, 0x0000000084800000, 0x0000000084900000|  0%| F|  |TAMS 0x0000000084800000, 0x0000000084800000| Untracked 
|  73|0x0000000084900000, 0x0000000084900000, 0x0000000084a00000|  0%| F|  |TAMS 0x0000000084900000, 0x0000000084900000| Untracked 
|  74|0x0000000084a00000, 0x0000000084a00000, 0x0000000084b00000|  0%| F|  |TAMS 0x0000000084a00000, 0x0000000084a00000| Untracked 
|  75|0x0000000084b00000, 0x0000000084b00000, 0x0000000084c00000|  0%| F|  |TAMS 0x0000000084b00000, 0x0000000084b00000| Untracked 
|  76|0x0000000084c00000, 0x0000000084c00000, 0x0000000084d00000|  0%| F|  |TAMS 0x0000000084c00000, 0x0000000084c00000| Untracked 
|  77|0x0000000084d00000, 0x0000000084d00000, 0x0000000084e00000|  0%| F|  |TAMS 0x0000000084d00000, 0x0000000084d00000| Untracked 
|  78|0x0000000084e00000, 0x0000000084e00000, 0x0000000084f00000|  0%| F|  |TAMS 0x0000000084e00000, 0x0000000084e00000| Untracked 
|  79|0x0000000084f00000, 0x0000000084f00000, 0x0000000085000000|  0%| F|  |TAMS 0x0000000084f00000, 0x0000000084f00000| Untracked 
|  80|0x0000000085000000, 0x0000000085000000, 0x0000000085100000|  0%| F|  |TAMS 0x0000000085000000, 0x0000000085000000| Untracked 
|  81|0x0000000085100000, 0x0000000085100000, 0x0000000085200000|  0%| F|  |TAMS 0x0000000085100000, 0x0000000085100000| Untracked 
|  82|0x0000000085200000, 0x0000000085200000, 0x0000000085300000|  0%| F|  |TAMS 0x0000000085200000, 0x0000000085200000| Untracked 
|  83|0x0000000085300000, 0x0000000085300000, 0x0000000085400000|  0%| F|  |TAMS 0x0000000085300000, 0x0000000085300000| Untracked 
|  84|0x0000000085400000, 0x0000000085400000, 0x0000000085500000|  0%| F|  |TAMS 0x0000000085400000, 0x0000000085400000| Untracked 
|  85|0x0000000085500000, 0x0000000085500000, 0x0000000085600000|  0%| F|  |TAMS 0x0000000085500000, 0x0000000085500000| Untracked 
|  86|0x0000000085600000, 0x0000000085600000, 0x0000000085700000|  0%| F|  |TAMS 0x0000000085600000, 0x0000000085600000| Untracked 
|  87|0x0000000085700000, 0x0000000085700000, 0x0000000085800000|  0%| F|  |TAMS 0x0000000085700000, 0x0000000085700000| Untracked 
|  88|0x0000000085800000, 0x0000000085800000, 0x0000000085900000|  0%| F|  |TAMS 0x0000000085800000, 0x0000000085800000| Untracked 
|  89|0x0000000085900000, 0x0000000085900000, 0x0000000085a00000|  0%| F|  |TAMS 0x0000000085900000, 0x0000000085900000| Untracked 
|  90|0x0000000085a00000, 0x0000000085a00000, 0x0000000085b00000|  0%| F|  |TAMS 0x0000000085a00000, 0x0000000085a00000| Untracked 
|  91|0x0000000085b00000, 0x0000000085b00000, 0x0000000085c00000|  0%| F|  |TAMS 0x0000000085b00000, 0x0000000085b00000| Untracked 
|  92|0x0000000085c00000, 0x0000000085c00000, 0x0000000085d00000|  0%| F|  |TAMS 0x0000000085c00000, 0x0000000085c00000| Untracked 
|  93|0x0000000085d00000, 0x0000000085d00000, 0x0000000085e00000|  0%| F|  |TAMS 0x0000000085d00000, 0x0000000085d00000| Untracked 
|  94|0x0000000085e00000, 0x0000000085e00000, 0x0000000085f00000|  0%| F|  |TAMS 0x0000000085e00000, 0x0000000085e00000| Untracked 
|  95|0x0000000085f00000, 0x0000000085f00000, 0x0000000086000000|  0%| F|  |TAMS 0x0000000085f00000, 0x0000000085f00000| Untracked 
|  96|0x0000000086000000, 0x0000000086000000, 0x0000000086100000|  0%| F|  |TAMS 0x0000000086000000, 0x0000000086000000| Untracked 
|  97|0x0000000086100000, 0x0000000086100000, 0x0000000086200000|  0%| F|  |TAMS 0x0000000086100000, 0x0000000086100000| Untracked 
|  98|0x0000000086200000, 0x0000000086200000, 0x0000000086300000|  0%| F|  |TAMS 0x0000000086200000, 0x0000000086200000| Untracked 
|  99|0x0000000086300000, 0x0000000086300000, 0x0000000086400000|  0%| F|  |TAMS 0x0000000086300000, 0x0000000086300000| Untracked 
| 100|0x0000000086400000, 0x0000000086400000, 0x0000000086500000|  0%| F|  |TAMS 0x0000000086400000, 0x0000000086400000| Untracked 
| 101|0x0000000086500000, 0x0000000086500000, 0x0000000086600000|  0%| F|  |TAMS 0x0000000086500000, 0x0000000086500000| Untracked 
| 102|0x0000000086600000, 0x0000000086600000, 0x0000000086700000|  0%| F|  |TAMS 0x0000000086600000, 0x0000000086600000| Untracked 
| 103|0x0000000086700000, 0x0000000086700000, 0x0000000086800000|  0%| F|  |TAMS 0x0000000086700000, 0x0000000086700000| Untracked 
| 104|0x0000000086800000, 0x0000000086800000, 0x0000000086900000|  0%| F|  |TAMS 0x0000000086800000, 0x0000000086800000| Untracked 
| 105|0x0000000086900000, 0x0000000086900000, 0x0000000086a00000|  0%| F|  |TAMS 0x0000000086900000, 0x0000000086900000| Untracked 
| 106|0x0000000086a00000, 0x0000000086a00000, 0x0000000086b00000|  0%| F|  |TAMS 0x0000000086a00000, 0x0000000086a00000| Untracked 
| 107|0x0000000086b00000, 0x0000000086b00000, 0x0000000086c00000|  0%| F|  |TAMS 0x0000000086b00000, 0x0000000086b00000| Untracked 
| 108|0x0000000086c00000, 0x0000000086c00000, 0x0000000086d00000|  0%| F|  |TAMS 0x0000000086c00000, 0x0000000086c00000| Untracked 
| 109|0x0000000086d00000, 0x0000000086d00000, 0x0000000086e00000|  0%| F|  |TAMS 0x0000000086d00000, 0x0000000086d00000| Untracked 
| 110|0x0000000086e00000, 0x0000000086e00000, 0x0000000086f00000|  0%| F|  |TAMS 0x0000000086e00000, 0x0000000086e00000| Untracked 
| 111|0x0000000086f00000, 0x0000000086f00000, 0x0000000087000000|  0%| F|  |TAMS 0x0000000086f00000, 0x0000000086f00000| Untracked 
| 112|0x0000000087000000, 0x0000000087000000, 0x0000000087100000|  0%| F|  |TAMS 0x0000000087000000, 0x0000000087000000| Untracked 
| 113|0x0000000087100000, 0x0000000087100000, 0x0000000087200000|  0%| F|  |TAMS 0x0000000087100000, 0x0000000087100000| Untracked 
| 114|0x0000000087200000, 0x0000000087200000, 0x0000000087300000|  0%| F|  |TAMS 0x0000000087200000, 0x0000000087200000| Untracked 
| 115|0x0000000087300000, 0x0000000087300000, 0x0000000087400000|  0%| F|  |TAMS 0x0000000087300000, 0x0000000087300000| Untracked 
| 116|0x0000000087400000, 0x0000000087400000, 0x0000000087500000|  0%| F|  |TAMS 0x0000000087400000, 0x0000000087400000| Untracked 
| 117|0x0000000087500000, 0x0000000087500000, 0x0000000087600000|  0%| F|  |TAMS 0x0000000087500000, 0x0000000087500000| Untracked 
| 118|0x0000000087600000, 0x0000000087600000, 0x0000000087700000|  0%| F|  |TAMS 0x0000000087600000, 0x0000000087600000| Untracked 
| 119|0x0000000087700000, 0x0000000087700000, 0x0000000087800000|  0%| F|  |TAMS 0x0000000087700000, 0x0000000087700000| Untracked 
| 120|0x0000000087800000, 0x0000000087800000, 0x0000000087900000|  0%| F|  |TAMS 0x0000000087800000, 0x0000000087800000| Untracked 
| 121|0x0000000087900000, 0x0000000087900000, 0x0000000087a00000|  0%| F|  |TAMS 0x0000000087900000, 0x0000000087900000| Untracked 
| 122|0x0000000087a00000, 0x0000000087a00000, 0x0000000087b00000|  0%| F|  |TAMS 0x0000000087a00000, 0x0000000087a00000| Untracked 
| 123|0x0000000087b00000, 0x0000000087b00000, 0x0000000087c00000|  0%| F|  |TAMS 0x0000000087b00000, 0x0000000087b00000| Untracked 
| 124|0x0000000087c00000, 0x0000000087c00000, 0x0000000087d00000|  0%| F|  |TAMS 0x0000000087c00000, 0x0000000087c00000| Untracked 
| 125|0x0000000087d00000, 0x0000000087d00000, 0x0000000087e00000|  0%| F|  |TAMS 0x0000000087d00000, 0x0000000087d00000| Untracked 
| 126|0x0000000087e00000, 0x0000000087e00000, 0x0000000087f00000|  0%| F|  |TAMS 0x0000000087e00000, 0x0000000087e00000| Untracked 
| 127|0x0000000087f00000, 0x0000000087f00000, 0x0000000088000000|  0%| F|  |TAMS 0x0000000087f00000, 0x0000000087f00000| Untracked 
| 128|0x0000000088000000, 0x0000000088000000, 0x0000000088100000|  0%| F|  |TAMS 0x0000000088000000, 0x0000000088000000| Untracked 
| 129|0x0000000088100000, 0x0000000088100000, 0x0000000088200000|  0%| F|  |TAMS 0x0000000088100000, 0x0000000088100000| Untracked 
| 130|0x0000000088200000, 0x0000000088200000, 0x0000000088300000|  0%| F|  |TAMS 0x0000000088200000, 0x0000000088200000| Untracked 
| 131|0x0000000088300000, 0x0000000088300000, 0x0000000088400000|  0%| F|  |TAMS 0x0000000088300000, 0x0000000088300000| Untracked 
| 132|0x0000000088400000, 0x0000000088400000, 0x0000000088500000|  0%| F|  |TAMS 0x0000000088400000, 0x0000000088400000| Untracked 
| 133|0x0000000088500000, 0x0000000088500000, 0x0000000088600000|  0%| F|  |TAMS 0x0000000088500000, 0x0000000088500000| Untracked 
| 134|0x0000000088600000, 0x0000000088600000, 0x0000000088700000|  0%| F|  |TAMS 0x0000000088600000, 0x0000000088600000| Untracked 
| 135|0x0000000088700000, 0x0000000088700000, 0x0000000088800000|  0%| F|  |TAMS 0x0000000088700000, 0x0000000088700000| Untracked 
| 136|0x0000000088800000, 0x0000000088800000, 0x0000000088900000|  0%| F|  |TAMS 0x0000000088800000, 0x0000000088800000| Untracked 
| 137|0x0000000088900000, 0x0000000088900000, 0x0000000088a00000|  0%| F|  |TAMS 0x0000000088900000, 0x0000000088900000| Untracked 
| 138|0x0000000088a00000, 0x0000000088a00000, 0x0000000088b00000|  0%| F|  |TAMS 0x0000000088a00000, 0x0000000088a00000| Untracked 
| 139|0x0000000088b00000, 0x0000000088b00000, 0x0000000088c00000|  0%| F|  |TAMS 0x0000000088b00000, 0x0000000088b00000| Untracked 
| 140|0x0000000088c00000, 0x0000000088c00000, 0x0000000088d00000|  0%| F|  |TAMS 0x0000000088c00000, 0x0000000088c00000| Untracked 
| 141|0x0000000088d00000, 0x0000000088d00000, 0x0000000088e00000|  0%| F|  |TAMS 0x0000000088d00000, 0x0000000088d00000| Untracked 
| 142|0x0000000088e00000, 0x0000000088e00000, 0x0000000088f00000|  0%| F|  |TAMS 0x0000000088e00000, 0x0000000088e00000| Untracked 
| 143|0x0000000088f00000, 0x0000000088f00000, 0x0000000089000000|  0%| F|  |TAMS 0x0000000088f00000, 0x0000000088f00000| Untracked 
| 144|0x0000000089000000, 0x0000000089000000, 0x0000000089100000|  0%| F|  |TAMS 0x0000000089000000, 0x0000000089000000| Untracked 
| 145|0x0000000089100000, 0x0000000089100000, 0x0000000089200000|  0%| F|  |TAMS 0x0000000089100000, 0x0000000089100000| Untracked 
| 146|0x0000000089200000, 0x0000000089200000, 0x0000000089300000|  0%| F|  |TAMS 0x0000000089200000, 0x0000000089200000| Untracked 
| 147|0x0000000089300000, 0x0000000089300000, 0x0000000089400000|  0%| F|  |TAMS 0x0000000089300000, 0x0000000089300000| Untracked 
| 148|0x0000000089400000, 0x0000000089400000, 0x0000000089500000|  0%| F|  |TAMS 0x0000000089400000, 0x0000000089400000| Untracked 
| 149|0x0000000089500000, 0x0000000089500000, 0x0000000089600000|  0%| F|  |TAMS 0x0000000089500000, 0x0000000089500000| Untracked 
| 150|0x0000000089600000, 0x0000000089600000, 0x0000000089700000|  0%| F|  |TAMS 0x0000000089600000, 0x0000000089600000| Untracked 
| 151|0x0000000089700000, 0x0000000089700000, 0x0000000089800000|  0%| F|  |TAMS 0x0000000089700000, 0x0000000089700000| Untracked 
| 152|0x0000000089800000, 0x0000000089800000, 0x0000000089900000|  0%| F|  |TAMS 0x0000000089800000, 0x0000000089800000| Untracked 
| 153|0x0000000089900000, 0x0000000089900000, 0x0000000089a00000|  0%| F|  |TAMS 0x0000000089900000, 0x0000000089900000| Untracked 
| 154|0x0000000089a00000, 0x0000000089a00000, 0x0000000089b00000|  0%| F|  |TAMS 0x0000000089a00000, 0x0000000089a00000| Untracked 
| 155|0x0000000089b00000, 0x0000000089b00000, 0x0000000089c00000|  0%| F|  |TAMS 0x0000000089b00000, 0x0000000089b00000| Untracked 
| 156|0x0000000089c00000, 0x0000000089c00000, 0x0000000089d00000|  0%| F|  |TAMS 0x0000000089c00000, 0x0000000089c00000| Untracked 
| 157|0x0000000089d00000, 0x0000000089d00000, 0x0000000089e00000|  0%| F|  |TAMS 0x0000000089d00000, 0x0000000089d00000| Untracked 
| 158|0x0000000089e00000, 0x0000000089e00000, 0x0000000089f00000|  0%| F|  |TAMS 0x0000000089e00000, 0x0000000089e00000| Untracked 
| 159|0x0000000089f00000, 0x0000000089f00000, 0x000000008a000000|  0%| F|  |TAMS 0x0000000089f00000, 0x0000000089f00000| Untracked 
| 160|0x000000008a000000, 0x000000008a000000, 0x000000008a100000|  0%| F|  |TAMS 0x000000008a000000, 0x000000008a000000| Untracked 
| 161|0x000000008a100000, 0x000000008a100000, 0x000000008a200000|  0%| F|  |TAMS 0x000000008a100000, 0x000000008a100000| Untracked 
| 162|0x000000008a200000, 0x000000008a200000, 0x000000008a300000|  0%| F|  |TAMS 0x000000008a200000, 0x000000008a200000| Untracked 
| 163|0x000000008a300000, 0x000000008a300000, 0x000000008a400000|  0%| F|  |TAMS 0x000000008a300000, 0x000000008a300000| Untracked 
| 164|0x000000008a400000, 0x000000008a400000, 0x000000008a500000|  0%| F|  |TAMS 0x000000008a400000, 0x000000008a400000| Untracked 
| 165|0x000000008a500000, 0x000000008a500000, 0x000000008a600000|  0%| F|  |TAMS 0x000000008a500000, 0x000000008a500000| Untracked 
| 166|0x000000008a600000, 0x000000008a600000, 0x000000008a700000|  0%| F|  |TAMS 0x000000008a600000, 0x000000008a600000| Untracked 
| 167|0x000000008a700000, 0x000000008a7e55b8, 0x000000008a800000| 89%| S|CS|TAMS 0x000000008a700000, 0x000000008a700000| Complete 
| 168|0x000000008a800000, 0x000000008a900000, 0x000000008a900000|100%| S|CS|TAMS 0x000000008a800000, 0x000000008a800000| Complete 
| 169|0x000000008a900000, 0x000000008aa00000, 0x000000008aa00000|100%| S|CS|TAMS 0x000000008a900000, 0x000000008a900000| Complete 
| 170|0x000000008aa00000, 0x000000008ab00000, 0x000000008ab00000|100%| S|CS|TAMS 0x000000008aa00000, 0x000000008aa00000| Complete 
| 171|0x000000008ab00000, 0x000000008ac00000, 0x000000008ac00000|100%| S|CS|TAMS 0x000000008ab00000, 0x000000008ab00000| Complete 
| 172|0x000000008ac00000, 0x000000008ad00000, 0x000000008ad00000|100%| S|CS|TAMS 0x000000008ac00000, 0x000000008ac00000| Complete 
| 173|0x000000008ad00000, 0x000000008ad00000, 0x000000008ae00000|  0%| F|  |TAMS 0x000000008ad00000, 0x000000008ad00000| Untracked 
| 174|0x000000008ae00000, 0x000000008ae00000, 0x000000008af00000|  0%| F|  |TAMS 0x000000008ae00000, 0x000000008ae00000| Untracked 
| 175|0x000000008af00000, 0x000000008af00000, 0x000000008b000000|  0%| F|  |TAMS 0x000000008af00000, 0x000000008af00000| Untracked 
| 176|0x000000008b000000, 0x000000008b000000, 0x000000008b100000|  0%| F|  |TAMS 0x000000008b000000, 0x000000008b000000| Untracked 
| 177|0x000000008b100000, 0x000000008b100000, 0x000000008b200000|  0%| F|  |TAMS 0x000000008b100000, 0x000000008b100000| Untracked 
| 178|0x000000008b200000, 0x000000008b200000, 0x000000008b300000|  0%| F|  |TAMS 0x000000008b200000, 0x000000008b200000| Untracked 
| 179|0x000000008b300000, 0x000000008b300000, 0x000000008b400000|  0%| F|  |TAMS 0x000000008b300000, 0x000000008b300000| Untracked 
| 180|0x000000008b400000, 0x000000008b400000, 0x000000008b500000|  0%| F|  |TAMS 0x000000008b400000, 0x000000008b400000| Untracked 
| 181|0x000000008b500000, 0x000000008b500000, 0x000000008b600000|  0%| F|  |TAMS 0x000000008b500000, 0x000000008b500000| Untracked 
| 182|0x000000008b600000, 0x000000008b600000, 0x000000008b700000|  0%| F|  |TAMS 0x000000008b600000, 0x000000008b600000| Untracked 
| 183|0x000000008b700000, 0x000000008b700000, 0x000000008b800000|  0%| F|  |TAMS 0x000000008b700000, 0x000000008b700000| Untracked 
| 184|0x000000008b800000, 0x000000008b800000, 0x000000008b900000|  0%| F|  |TAMS 0x000000008b800000, 0x000000008b800000| Untracked 
| 185|0x000000008b900000, 0x000000008b900000, 0x000000008ba00000|  0%| F|  |TAMS 0x000000008b900000, 0x000000008b900000| Untracked 
| 186|0x000000008ba00000, 0x000000008ba00000, 0x000000008bb00000|  0%| F|  |TAMS 0x000000008ba00000, 0x000000008ba00000| Untracked 
| 187|0x000000008bb00000, 0x000000008bb00000, 0x000000008bc00000|  0%| F|  |TAMS 0x000000008bb00000, 0x000000008bb00000| Untracked 
| 188|0x000000008bc00000, 0x000000008bc00000, 0x000000008bd00000|  0%| F|  |TAMS 0x000000008bc00000, 0x000000008bc00000| Untracked 
| 189|0x000000008bd00000, 0x000000008bd00000, 0x000000008be00000|  0%| F|  |TAMS 0x000000008bd00000, 0x000000008bd00000| Untracked 
| 190|0x000000008be00000, 0x000000008be00000, 0x000000008bf00000|  0%| F|  |TAMS 0x000000008be00000, 0x000000008be00000| Untracked 
| 191|0x000000008bf00000, 0x000000008bf00000, 0x000000008c000000|  0%| F|  |TAMS 0x000000008bf00000, 0x000000008bf00000| Untracked 
| 192|0x000000008c000000, 0x000000008c000000, 0x000000008c100000|  0%| F|  |TAMS 0x000000008c000000, 0x000000008c000000| Untracked 
| 193|0x000000008c100000, 0x000000008c100000, 0x000000008c200000|  0%| F|  |TAMS 0x000000008c100000, 0x000000008c100000| Untracked 
| 194|0x000000008c200000, 0x000000008c200000, 0x000000008c300000|  0%| F|  |TAMS 0x000000008c200000, 0x000000008c200000| Untracked 
| 195|0x000000008c300000, 0x000000008c300000, 0x000000008c400000|  0%| F|  |TAMS 0x000000008c300000, 0x000000008c300000| Untracked 
| 196|0x000000008c400000, 0x000000008c400000, 0x000000008c500000|  0%| F|  |TAMS 0x000000008c400000, 0x000000008c400000| Untracked 
| 197|0x000000008c500000, 0x000000008c500000, 0x000000008c600000|  0%| F|  |TAMS 0x000000008c500000, 0x000000008c500000| Untracked 
| 198|0x000000008c600000, 0x000000008c600000, 0x000000008c700000|  0%| F|  |TAMS 0x000000008c600000, 0x000000008c600000| Untracked 
| 199|0x000000008c700000, 0x000000008c700000, 0x000000008c800000|  0%| F|  |TAMS 0x000000008c700000, 0x000000008c700000| Untracked 
| 200|0x000000008c800000, 0x000000008c800000, 0x000000008c900000|  0%| F|  |TAMS 0x000000008c800000, 0x000000008c800000| Untracked 
| 201|0x000000008c900000, 0x000000008c900000, 0x000000008ca00000|  0%| F|  |TAMS 0x000000008c900000, 0x000000008c900000| Untracked 
| 202|0x000000008ca00000, 0x000000008ca00000, 0x000000008cb00000|  0%| F|  |TAMS 0x000000008ca00000, 0x000000008ca00000| Untracked 
| 203|0x000000008cb00000, 0x000000008cb00000, 0x000000008cc00000|  0%| F|  |TAMS 0x000000008cb00000, 0x000000008cb00000| Untracked 
| 204|0x000000008cc00000, 0x000000008cc00000, 0x000000008cd00000|  0%| F|  |TAMS 0x000000008cc00000, 0x000000008cc00000| Untracked 
| 205|0x000000008cd00000, 0x000000008cd00000, 0x000000008ce00000|  0%| F|  |TAMS 0x000000008cd00000, 0x000000008cd00000| Untracked 
| 206|0x000000008ce00000, 0x000000008ce00000, 0x000000008cf00000|  0%| F|  |TAMS 0x000000008ce00000, 0x000000008ce00000| Untracked 
| 207|0x000000008cf00000, 0x000000008cf00000, 0x000000008d000000|  0%| F|  |TAMS 0x000000008cf00000, 0x000000008cf00000| Untracked 
| 208|0x000000008d000000, 0x000000008d000000, 0x000000008d100000|  0%| F|  |TAMS 0x000000008d000000, 0x000000008d000000| Untracked 
| 209|0x000000008d100000, 0x000000008d100000, 0x000000008d200000|  0%| F|  |TAMS 0x000000008d100000, 0x000000008d100000| Untracked 
| 210|0x000000008d200000, 0x000000008d200000, 0x000000008d300000|  0%| F|  |TAMS 0x000000008d200000, 0x000000008d200000| Untracked 
| 211|0x000000008d300000, 0x000000008d300000, 0x000000008d400000|  0%| F|  |TAMS 0x000000008d300000, 0x000000008d300000| Untracked 
| 212|0x000000008d400000, 0x000000008d400000, 0x000000008d500000|  0%| F|  |TAMS 0x000000008d400000, 0x000000008d400000| Untracked 
| 213|0x000000008d500000, 0x000000008d500000, 0x000000008d600000|  0%| F|  |TAMS 0x000000008d500000, 0x000000008d500000| Untracked 
| 214|0x000000008d600000, 0x000000008d600000, 0x000000008d700000|  0%| F|  |TAMS 0x000000008d600000, 0x000000008d600000| Untracked 
| 215|0x000000008d700000, 0x000000008d700000, 0x000000008d800000|  0%| F|  |TAMS 0x000000008d700000, 0x000000008d700000| Untracked 
| 216|0x000000008d800000, 0x000000008d800000, 0x000000008d900000|  0%| F|  |TAMS 0x000000008d800000, 0x000000008d800000| Untracked 
| 217|0x000000008d900000, 0x000000008d900000, 0x000000008da00000|  0%| F|  |TAMS 0x000000008d900000, 0x000000008d900000| Untracked 
| 218|0x000000008da00000, 0x000000008da00000, 0x000000008db00000|  0%| F|  |TAMS 0x000000008da00000, 0x000000008da00000| Untracked 
| 219|0x000000008db00000, 0x000000008db00000, 0x000000008dc00000|  0%| F|  |TAMS 0x000000008db00000, 0x000000008db00000| Untracked 
| 220|0x000000008dc00000, 0x000000008dc00000, 0x000000008dd00000|  0%| F|  |TAMS 0x000000008dc00000, 0x000000008dc00000| Untracked 
| 221|0x000000008dd00000, 0x000000008dd00000, 0x000000008de00000|  0%| F|  |TAMS 0x000000008dd00000, 0x000000008dd00000| Untracked 
| 222|0x000000008de00000, 0x000000008de00000, 0x000000008df00000|  0%| F|  |TAMS 0x000000008de00000, 0x000000008de00000| Untracked 
| 223|0x000000008df00000, 0x000000008df00000, 0x000000008e000000|  0%| F|  |TAMS 0x000000008df00000, 0x000000008df00000| Untracked 
| 224|0x000000008e000000, 0x000000008e000000, 0x000000008e100000|  0%| F|  |TAMS 0x000000008e000000, 0x000000008e000000| Untracked 
| 225|0x000000008e100000, 0x000000008e100000, 0x000000008e200000|  0%| F|  |TAMS 0x000000008e100000, 0x000000008e100000| Untracked 
| 226|0x000000008e200000, 0x000000008e200000, 0x000000008e300000|  0%| F|  |TAMS 0x000000008e200000, 0x000000008e200000| Untracked 
| 227|0x000000008e300000, 0x000000008e300000, 0x000000008e400000|  0%| F|  |TAMS 0x000000008e300000, 0x000000008e300000| Untracked 
| 228|0x000000008e400000, 0x000000008e400000, 0x000000008e500000|  0%| F|  |TAMS 0x000000008e400000, 0x000000008e400000| Untracked 
| 229|0x000000008e500000, 0x000000008e500000, 0x000000008e600000|  0%| F|  |TAMS 0x000000008e500000, 0x000000008e500000| Untracked 
| 230|0x000000008e600000, 0x000000008e600000, 0x000000008e700000|  0%| F|  |TAMS 0x000000008e600000, 0x000000008e600000| Untracked 
| 231|0x000000008e700000, 0x000000008e700000, 0x000000008e800000|  0%| F|  |TAMS 0x000000008e700000, 0x000000008e700000| Untracked 
| 232|0x000000008e800000, 0x000000008e800000, 0x000000008e900000|  0%| F|  |TAMS 0x000000008e800000, 0x000000008e800000| Untracked 
| 233|0x000000008e900000, 0x000000008e900000, 0x000000008ea00000|  0%| F|  |TAMS 0x000000008e900000, 0x000000008e900000| Untracked 
| 234|0x000000008ea00000, 0x000000008ea00000, 0x000000008eb00000|  0%| F|  |TAMS 0x000000008ea00000, 0x000000008ea00000| Untracked 
| 235|0x000000008eb00000, 0x000000008eb00000, 0x000000008ec00000|  0%| F|  |TAMS 0x000000008eb00000, 0x000000008eb00000| Untracked 
| 236|0x000000008ec00000, 0x000000008ec00000, 0x000000008ed00000|  0%| F|  |TAMS 0x000000008ec00000, 0x000000008ec00000| Untracked 
| 237|0x000000008ed00000, 0x000000008ed00000, 0x000000008ee00000|  0%| F|  |TAMS 0x000000008ed00000, 0x000000008ed00000| Untracked 
| 238|0x000000008ee00000, 0x000000008ee00000, 0x000000008ef00000|  0%| F|  |TAMS 0x000000008ee00000, 0x000000008ee00000| Untracked 
| 239|0x000000008ef00000, 0x000000008ef00000, 0x000000008f000000|  0%| F|  |TAMS 0x000000008ef00000, 0x000000008ef00000| Untracked 
| 240|0x000000008f000000, 0x000000008f000000, 0x000000008f100000|  0%| F|  |TAMS 0x000000008f000000, 0x000000008f000000| Untracked 
| 241|0x000000008f100000, 0x000000008f100000, 0x000000008f200000|  0%| F|  |TAMS 0x000000008f100000, 0x000000008f100000| Untracked 
| 242|0x000000008f200000, 0x000000008f200000, 0x000000008f300000|  0%| F|  |TAMS 0x000000008f200000, 0x000000008f200000| Untracked 
| 243|0x000000008f300000, 0x000000008f300000, 0x000000008f400000|  0%| F|  |TAMS 0x000000008f300000, 0x000000008f300000| Untracked 
| 244|0x000000008f400000, 0x000000008f400000, 0x000000008f500000|  0%| F|  |TAMS 0x000000008f400000, 0x000000008f400000| Untracked 
| 245|0x000000008f500000, 0x000000008f500000, 0x000000008f600000|  0%| F|  |TAMS 0x000000008f500000, 0x000000008f500000| Untracked 
| 246|0x000000008f600000, 0x000000008f680800, 0x000000008f700000| 50%| E|  |TAMS 0x000000008f600000, 0x000000008f600000| Complete 
| 247|0x000000008f700000, 0x000000008f800000, 0x000000008f800000|100%| E|CS|TAMS 0x000000008f700000, 0x000000008f700000| Complete 
| 248|0x000000008f800000, 0x000000008f900000, 0x000000008f900000|100%| E|CS|TAMS 0x000000008f800000, 0x000000008f800000| Complete 
| 249|0x000000008f900000, 0x000000008fa00000, 0x000000008fa00000|100%| E|CS|TAMS 0x000000008f900000, 0x000000008f900000| Complete 
| 250|0x000000008fa00000, 0x000000008fb00000, 0x000000008fb00000|100%| E|CS|TAMS 0x000000008fa00000, 0x000000008fa00000| Complete 
| 251|0x000000008fb00000, 0x000000008fc00000, 0x000000008fc00000|100%| E|CS|TAMS 0x000000008fb00000, 0x000000008fb00000| Complete 
| 252|0x000000008fc00000, 0x000000008fd00000, 0x000000008fd00000|100%| E|CS|TAMS 0x000000008fc00000, 0x000000008fc00000| Complete 
| 253|0x000000008fd00000, 0x000000008fe00000, 0x000000008fe00000|100%| E|CS|TAMS 0x000000008fd00000, 0x000000008fd00000| Complete 

Card table byte_map: [0x000001dca9d10000,0x000001dcaa110000] _byte_map_base: 0x000001dca9910000

Marking Bits (Prev, Next): (CMBitMap*) 0x000001dc96b30348, (CMBitMap*) 0x000001dc96b30380
 Prev Bits: [0x000001dcaa510000, 0x000001dcac510000)
 Next Bits: [0x000001dcac510000, 0x000001dcae510000)

Polling page: 0x000001dc94af0000

Metaspace:

Usage:
  Non-class:     30.97 MB capacity,    30.49 MB ( 98%) used,   411.90 KB (  1%) free+waste,    77.44 KB ( <1%) overhead. 
      Class:      4.80 MB capacity,     4.51 MB ( 94%) used,   258.77 KB (  5%) free+waste,    37.81 KB ( <1%) overhead. 
       Both:     35.78 MB capacity,    35.01 MB ( 98%) used,   670.67 KB (  2%) free+waste,   115.25 KB ( <1%) overhead. 

Virtual space:
  Non-class space:       32.00 MB reserved,      31.00 MB ( 97%) committed 
      Class space:        1.00 GB reserved,       4.88 MB ( <1%) committed 
             Both:        1.03 GB reserved,      35.88 MB (  3%) committed 

Chunk freelists:
   Non-Class:  28.00 KB
       Class:  10.00 KB
        Both:  38.00 KB

MaxMetaspaceSize: 17179869184.00 GB
CompressedClassSpaceSize: 1.00 GB

CodeHeap 'non-profiled nmethods': size=120000Kb used=1599Kb max_used=1599Kb free=118400Kb
 bounds [0x000001dca20b0000, 0x000001dca2320000, 0x000001dca95e0000]
CodeHeap 'profiled nmethods': size=120000Kb used=6373Kb max_used=6373Kb free=113626Kb
 bounds [0x000001dc9ab80000, 0x000001dc9b1c0000, 0x000001dca20b0000]
CodeHeap 'non-nmethods': size=5760Kb used=1522Kb max_used=1535Kb free=4237Kb
 bounds [0x000001dc9a5e0000, 0x000001dc9a850000, 0x000001dc9ab80000]
 total_blobs=3728 nmethods=3110 adapters=529
 compilation: enabled
              stopped_count=0, restarted_count=0
 full_count=0

Compilation events (20 events):
Event: 3.133 Thread 0x000001dcb1837000 2889       3       java.net.URL::toURI (54 bytes)
Event: 3.134 Thread 0x000001dcb1837000 nmethod 2889 0x000001dc9b158590 code [0x000001dc9b1588a0, 0x000001dc9b1598d8]
Event: 3.137 Thread 0x000001dcb1837000 2890       3       sun.nio.fs.WindowsPathParser::isSlash (18 bytes)
Event: 3.137 Thread 0x000001dcb1837000 nmethod 2890 0x000001dc9b159e90 code [0x000001dc9b15a040, 0x000001dc9b15a1b8]
Event: 3.139 Thread 0x000001dcb1837000 2891       3       java.util.AbstractCollection::toArray (70 bytes)
Event: 3.139 Thread 0x000001dcb1837000 nmethod 2891 0x000001dc9b15a290 code [0x000001dc9b15a4e0, 0x000001dc9b15ae08]
Event: 3.149 Thread 0x000001dcb3d78800 2892       4       java.lang.String::codePointAt (50 bytes)
Event: 3.150 Thread 0x000001dcb3d78800 nmethod 2892 0x000001dca222fd10 code [0x000001dca222fea0, 0x000001dca222ff58]
Event: 3.167 Thread 0x000001dcb1837000 2893   !   3       java.util.zip.Inflater::end (37 bytes)
Event: 3.167 Thread 0x000001dcb3d78800 2894   !   4       java.util.concurrent.ConcurrentHashMap::computeIfAbsent (576 bytes)
Event: 3.167 Thread 0x000001dcb1837000 nmethod 2893 0x000001dc9b15b090 code [0x000001dc9b15b260, 0x000001dc9b15b6e8]
Event: 3.174 Thread 0x000001dcb1837000 2895       3       java.util.concurrent.ConcurrentHashMap::sumCount (60 bytes)
Event: 3.174 Thread 0x000001dcb1837000 nmethod 2895 0x000001dc9b15b890 code [0x000001dc9b15ba40, 0x000001dc9b15bc98]
Event: 3.178 Thread 0x000001dcb1837000 2896       1       jdk.internal.jimage.decompressor.CompressedResourceHeader::getSize (3 bytes)
Event: 3.178 Thread 0x000001dcb1837000 nmethod 2896 0x000001dca2230090 code [0x000001dca2230240, 0x000001dca22302d8]
Event: 3.179 Thread 0x000001dcb1837000 2897       3       java.lang.Byte::toUnsignedInt (6 bytes)
Event: 3.180 Thread 0x000001dcb1837000 nmethod 2897 0x000001dc9b15bd90 code [0x000001dc9b15bf40, 0x000001dc9b15c018]
Event: 3.180 Thread 0x000001dcb1837000 2898       3       jdk.nio.zipfs.ZipConstants::SH (19 bytes)
Event: 3.180 Thread 0x000001dcb1837000 nmethod 2898 0x000001dc9b15c090 code [0x000001dc9b15c260, 0x000001dc9b15c458]
Event: 3.180 Thread 0x000001dcb1837000 2899       3       jdk.nio.zipfs.ZipFileSystem$IndexNode::normalize (79 bytes)

GC Heap History (8 events):
Event: 0.546 GC heap before
{Heap before GC invocations=0 (full 0):
 garbage-first heap   total 260096K, used 29696K [0x0000000080000000, 0x0000000100000000)
  region size 1024K, 24 young (24576K), 0 survivors (0K)
 Metaspace       used 10204K, capacity 10423K, committed 10624K, reserved 1058816K
  class space    used 1064K, capacity 1141K, committed 1152K, reserved 1048576K
}
Event: 0.549 GC heap after
{Heap after GC invocations=1 (full 0):
 garbage-first heap   total 260096K, used 9177K [0x0000000080000000, 0x0000000100000000)
  region size 1024K, 3 young (3072K), 3 survivors (3072K)
 Metaspace       used 10204K, capacity 10423K, committed 10624K, reserved 1058816K
  class space    used 1064K, capacity 1141K, committed 1152K, reserved 1048576K
}
Event: 1.741 GC heap before
{Heap before GC invocations=1 (full 0):
 garbage-first heap   total 260096K, used 105433K [0x0000000080000000, 0x0000000100000000)
  region size 1024K, 97 young (99328K), 3 survivors (3072K)
 Metaspace       used 20598K, capacity 21097K, committed 21248K, reserved 1067008K
  class space    used 2509K, capacity 2692K, committed 2816K, reserved 1048576K
}
Event: 1.748 GC heap after
{Heap after GC invocations=2 (full 0):
 garbage-first heap   total 260096K, used 16487K [0x0000000080000000, 0x0000000100000000)
  region size 1024K, 11 young (11264K), 11 survivors (11264K)
 Metaspace       used 20598K, capacity 21097K, committed 21248K, reserved 1067008K
  class space    used 2509K, capacity 2692K, committed 2816K, reserved 1048576K
}
Event: 2.002 GC heap before
{Heap before GC invocations=3 (full 0):
 garbage-first heap   total 260096K, used 48231K [0x0000000080000000, 0x0000000100000000)
  region size 1024K, 42 young (43008K), 11 survivors (11264K)
 Metaspace       used 23655K, capacity 24319K, committed 24576K, reserved 1071104K
  class space    used 3016K, capacity 3259K, committed 3328K, reserved 1048576K
}
Event: 2.007 GC heap after
{Heap after GC invocations=4 (full 0):
 garbage-first heap   total 260096K, used 17567K [0x0000000080000000, 0x0000000100000000)
  region size 1024K, 2 young (2048K), 2 survivors (2048K)
 Metaspace       used 23655K, capacity 24319K, committed 24576K, reserved 1071104K
  class space    used 3016K, capacity 3259K, committed 3328K, reserved 1048576K
}
Event: 3.098 GC heap before
{Heap before GC invocations=4 (full 0):
 garbage-first heap   total 260096K, used 96415K [0x0000000080000000, 0x0000000100000000)
  region size 1024K, 81 young (82944K), 2 survivors (2048K)
 Metaspace       used 34998K, capacity 35803K, committed 35840K, reserved 1081344K
  class space    used 4539K, capacity 4834K, committed 4864K, reserved 1048576K
}
Event: 3.106 GC heap after
{Heap after GC invocations=5 (full 0):
 garbage-first heap   total 260096K, used 22235K [0x0000000080000000, 0x0000000100000000)
  region size 1024K, 6 young (6144K), 6 survivors (6144K)
 Metaspace       used 34998K, capacity 35803K, committed 35840K, reserved 1081344K
  class space    used 4539K, capacity 4834K, committed 4864K, reserved 1048576K
}

Deoptimization events (20 events):
Event: 2.992 Thread 0x000001dcb380f800 Uncommon trap: trap_request=0xffffffc6 fr.pc=0x000001dca21cab7c relative=0x000000000000061c
Event: 2.992 Thread 0x000001dcb380f800 Uncommon trap: reason=bimorphic_or_optimized_type_check action=maybe_recompile pc=0x000001dca21cab7c method=java.util.Collections$UnmodifiableMap$UnmodifiableEntrySet$1.next()Ljava/util/Map$Entry; @ 8 c2
Event: 2.992 Thread 0x000001dcb380f800 DEOPT PACKING pc=0x000001dca21cab7c sp=0x00000093b75f84f0
Event: 2.992 Thread 0x000001dcb380f800 DEOPT UNPACKING pc=0x000001dc9a5e83af sp=0x00000093b75f8460 mode 2
Event: 3.057 Thread 0x000001dcb343b800 Uncommon trap: trap_request=0xffffffde fr.pc=0x000001dca22033a0 relative=0x0000000000000320
Event: 3.057 Thread 0x000001dcb343b800 Uncommon trap: reason=class_check action=maybe_recompile pc=0x000001dca22033a0 method=java.util.stream.ReferencePipeline.forEachWithCancel(Ljava/util/Spliterator;Ljava/util/stream/Sink;)Z @ 1 c2
Event: 3.057 Thread 0x000001dcb343b800 DEOPT PACKING pc=0x000001dca22033a0 sp=0x00000093b6ffee30
Event: 3.057 Thread 0x000001dcb343b800 DEOPT UNPACKING pc=0x000001dc9a5e83af sp=0x00000093b6ffedd0 mode 2
Event: 3.136 Thread 0x000001dcb380f800 Uncommon trap: trap_request=0xffffff4d fr.pc=0x000001dca21386b0 relative=0x0000000000001470
Event: 3.136 Thread 0x000001dcb380f800 Uncommon trap: reason=unstable_if action=reinterpret pc=0x000001dca21386b0 method=sun.nio.fs.WindowsPathParser.isSlash(C)Z @ 9 c2
Event: 3.136 Thread 0x000001dcb380f800 DEOPT PACKING pc=0x000001dca21386b0 sp=0x00000093b75f9cd0
Event: 3.136 Thread 0x000001dcb380f800 DEOPT UNPACKING pc=0x000001dc9a5e83af sp=0x00000093b75f9c60 mode 2
Event: 3.137 Thread 0x000001dcb380f800 Uncommon trap: trap_request=0xffffff4d fr.pc=0x000001dca20c805c relative=0x000000000000003c
Event: 3.137 Thread 0x000001dcb380f800 Uncommon trap: reason=unstable_if action=reinterpret pc=0x000001dca20c805c method=sun.nio.fs.WindowsPathParser.isSlash(C)Z @ 9 c2
Event: 3.137 Thread 0x000001dcb380f800 DEOPT PACKING pc=0x000001dca20c805c sp=0x00000093b75f9cd0
Event: 3.137 Thread 0x000001dcb380f800 DEOPT UNPACKING pc=0x000001dc9a5e83af sp=0x00000093b75f9c58 mode 2
Event: 3.148 Thread 0x000001dcb380f800 Uncommon trap: trap_request=0xffffffc6 fr.pc=0x000001dca21f00e0 relative=0x0000000000005680
Event: 3.148 Thread 0x000001dcb380f800 Uncommon trap: reason=bimorphic_or_optimized_type_check action=maybe_recompile pc=0x000001dca21f00e0 method=java.net.URL.<init>(Ljava/net/URL;Ljava/lang/String;Ljava/net/URLStreamHandler;)V @ 504 c2
Event: 3.148 Thread 0x000001dcb380f800 DEOPT PACKING pc=0x000001dca21f00e0 sp=0x00000093b75f7f40
Event: 3.148 Thread 0x000001dcb380f800 DEOPT UNPACKING pc=0x000001dc9a5e83af sp=0x00000093b75f7ee0 mode 2

Classes redefined (0 events):
No events

Internal exceptions (20 events):
Event: 2.268 Thread 0x000001dcb380f800 Exception <a 'java/lang/NoSuchMethodError'{0x000000008e095830}: 'java.lang.Object java.lang.invoke.Invokers$Holder.linkToTargetMethod(java.lang.Object, java.lang.Object, java.lang.Object, java.lang.Object, java.lang.Object, java.lang.Object, java.lang.Object, java.lang.Object, java.lang.Object, java.lang.Object, java.lang.Object, java.lang.Object)'> (0x000000008e095830) thrown at [./src/hotspot/share/interpreter/linkResolver.cpp, line 773]
Event: 2.272 Thread 0x000001dcb380f800 Exception <a 'java/lang/NoSuchMethodError'{0x000000008df2a260}: 'java.lang.Object java.lang.invoke.DirectMethodHandle$Holder.invokeStaticInit(java.lang.Object, java.lang.Object, java.lang.Object, java.lang.Object)'> (0x000000008df2a260) thrown at [./src/hotspot/share/interpreter/linkResolver.cpp, line 773]
Event: 2.348 Thread 0x000001dcb380f800 Implicit null exception at 0x000001dca21be775 to 0x000001dca21be93c
Event: 2.348 Thread 0x000001dcb380f800 Implicit null exception at 0x000001dca219f92f to 0x000001dca219f99d
Event: 2.692 Thread 0x000001dcb380f800 Exception <a 'java/lang/NoSuchMethodError'{0x000000008b933f10}: 'void java.lang.invoke.DirectMethodHandle$Holder.invokeStaticInit(java.lang.Object, java.lang.Object, java.lang.Object)'> (0x000000008b933f10) thrown at [./src/hotspot/share/interpreter/linkResolver.cpp, line 773]
Event: 2.693 Thread 0x000001dcb380f800 Exception <a 'java/lang/NoSuchMethodError'{0x000000008b93ace8}: 'void java.lang.invoke.DirectMethodHandle$Holder.invokeStaticInit(java.lang.Object, java.lang.Object, java.lang.Object, java.lang.Object)'> (0x000000008b93ace8) thrown at [./src/hotspot/share/interpreter/linkResolver.cpp, line 773]
Event: 2.696 Thread 0x000001dcb380f800 Exception <a 'java/lang/NoSuchMethodError'{0x000000008b95d320}: 'void java.lang.invoke.DirectMethodHandle$Holder.invokeStaticInit(java.lang.Object, java.lang.Object, java.lang.Object, java.lang.Object, java.lang.Object)'> (0x000000008b95d320) thrown at [./src/hotspot/share/interpreter/linkResolver.cpp, line 773]
Event: 2.697 Thread 0x000001dcb380f800 Exception <a 'java/lang/NoSuchMethodError'{0x000000008b964a30}: 'int java.lang.invoke.DirectMethodHandle$Holder.invokeStaticInit(java.lang.Object, java.lang.Object, java.lang.Object)'> (0x000000008b964a30) thrown at [./src/hotspot/share/interpreter/linkResolver.cpp, line 773]
Event: 2.746 Thread 0x000001dcb380f800 Exception <a 'java/lang/NoSuchMethodError'{0x000000008b9c3658}: 'int java.lang.invoke.DirectMethodHandle$Holder.invokeStaticInit(java.lang.Object, java.lang.Object, java.lang.Object, java.lang.Object)'> (0x000000008b9c3658) thrown at [./src/hotspot/share/interpreter/linkResolver.cpp, line 773]
Event: 2.747 Thread 0x000001dcb380f800 Exception <a 'java/lang/IncompatibleClassChangeError'{0x000000008b9ccbb8}: Found class java.lang.Object, but interface was expected> (0x000000008b9ccbb8) thrown at [./src/hotspot/share/interpreter/linkResolver.cpp, line 839]
Event: 2.971 Thread 0x000001dcb380f800 Exception <a 'java/lang/NoSuchMethodError'{0x000000008b10dd60}: 'java.lang.Object java.lang.invoke.DirectMethodHandle$Holder.invokeStatic(java.lang.Object, java.lang.Object, java.lang.Object, java.lang.Object, java.lang.Object, java.lang.Object, java.lang.Object, java.lang.Object, java.lang.Object, java.lang.Object, java.lang.Object, int)'> (0x000000008b10dd60) thrown at [./src/hotspot/share/interpreter/linkResolver.cpp, line 773]
Event: 2.973 Thread 0x000001dcb380f800 Exception <a 'java/lang/NoSuchMethodError'{0x000000008b12c7e0}: 'java.lang.Object java.lang.invoke.DirectMethodHandle$Holder.invokeStatic(java.lang.Object, java.lang.Object, java.lang.Object, java.lang.Object, java.lang.Object, java.lang.Object, java.lang.Object, java.lang.Object, java.lang.Object, java.lang.Object, java.lang.Object, int, int)'> (0x000000008b12c7e0) thrown at [./src/hotspot/share/interpreter/linkResolver.cpp, line 773]
Event: 2.974 Thread 0x000001dcb380f800 Exception <a 'java/lang/NoSuchMethodError'{0x000000008b14c010}: 'java.lang.Object java.lang.invoke.DirectMethodHandle$Holder.invokeStatic(java.lang.Object, java.lang.Object, java.lang.Object, java.lang.Object, java.lang.Object, java.lang.Object, java.lang.Object, java.lang.Object, java.lang.Object, java.lang.Object, java.lang.Object, int, int, java.lang.Object)'> (0x000000008b14c010) thrown at [./src/hotspot/share/interpreter/linkResolver.cpp, line 773]
Event: 2.976 Thread 0x000001dcb380f800 Exception <a 'java/lang/NoSuchMethodError'{0x000000008b16d108}: 'java.lang.Object java.lang.invoke.DirectMethodHandle$Holder.invokeStatic(java.lang.Object, java.lang.Object, java.lang.Object, java.lang.Object, java.lang.Object, java.lang.Object, java.lang.Object, java.lang.Object, java.lang.Object, java.lang.Object, java.lang.Object, int, int, java.lang.Object, java.lang.Object)'> (0x000000008b16d108) thrown at [./src/hotspot/share/interpreter/linkResolver.cpp, line 773]
Event: 2.978 Thread 0x000001dcb380f800 Exception <a 'java/lang/ClassNotFoundException'{0x000000008b19c028}: groovy/lang/ExpandoMetaClassBeanInfo> (0x000000008b19c028) thrown at [./src/hotspot/share/classfile/systemDictionary.cpp, line 231]
Event: 2.979 Thread 0x000001dcb380f800 Exception <a 'java/lang/ClassNotFoundException'{0x000000008b1bb070}: groovy/lang/MetaClassImplBeanInfo> (0x000000008b1bb070) thrown at [./src/hotspot/share/classfile/systemDictionary.cpp, line 231]
Event: 2.979 Thread 0x000001dcb380f800 Exception <a 'java/lang/ClassNotFoundException'{0x000000008b1c3818}: java/lang/ObjectBeanInfo> (0x000000008b1c3818) thrown at [./src/hotspot/share/classfile/systemDictionary.cpp, line 231]
Event: 2.980 Thread 0x000001dcb380f800 Exception <a 'java/lang/ClassNotFoundException'{0x000000008b1ce3f8}: java/lang/ObjectCustomizer> (0x000000008b1ce3f8) thrown at [./src/hotspot/share/classfile/systemDictionary.cpp, line 231]
Event: 2.986 Thread 0x000001dcb380f800 Exception <a 'java/lang/ClassNotFoundException'{0x000000008b1f4198}: groovy/lang/MetaClassImplCustomizer> (0x000000008b1f4198) thrown at [./src/hotspot/share/classfile/systemDictionary.cpp, line 231]
Event: 2.996 Thread 0x000001dcb380f800 Exception <a 'java/lang/ClassNotFoundException'{0x000000008b032fc0}: groovy/lang/ExpandoMetaClassCustomizer> (0x000000008b032fc0) thrown at [./src/hotspot/share/classfile/systemDictionary.cpp, line 231]

Events (20 events):
Event: 3.171 loading class sun/nio/fs/AbstractAclFileAttributeView
Event: 3.171 loading class java/nio/file/attribute/AclFileAttributeView
Event: 3.171 loading class java/nio/file/attribute/FileOwnerAttributeView
Event: 3.171 loading class java/nio/file/attribute/FileOwnerAttributeView done
Event: 3.171 loading class java/nio/file/attribute/AclFileAttributeView done
Event: 3.171 loading class sun/nio/fs/AbstractAclFileAttributeView done
Event: 3.171 loading class sun/nio/fs/WindowsAclFileAttributeView done
Event: 3.171 loading class sun/nio/fs/WindowsSecurity
Event: 3.171 loading class sun/nio/fs/WindowsSecurity done
Event: 3.172 loading class sun/nio/fs/WindowsFileStore
Event: 3.172 loading class sun/nio/fs/WindowsFileStore done
Event: 3.174 Thread 0x000001dcb4ba1000 Thread exited: 0x000001dcb4ba1000
Event: 3.176 loading class java/nio/file/AccessDeniedException
Event: 3.176 loading class java/nio/file/AccessDeniedException done
Event: 3.176 loading class java/nio/file/InvalidPathException
Event: 3.176 loading class java/nio/file/InvalidPathException done
Event: 3.177 loading class sun/nio/fs/WindowsSecurityDescriptor
Event: 3.177 loading class sun/nio/fs/WindowsSecurityDescriptor done
Event: 3.177 loading class sun/nio/fs/WindowsChannelFactory$2
Event: 3.177 loading class sun/nio/fs/WindowsChannelFactory$2 done


Dynamic libraries:
0x00007ff7bbb20000 - 0x00007ff7bbb2a000 	C:\Program Files\Android\Android Studio\jre\bin\java.exe
0x00007ff90c720000 - 0x00007ff90c927000 	C:\windows\SYSTEM32\ntdll.dll
0x00007ff90b640000 - 0x00007ff90b6fd000 	C:\windows\System32\KERNEL32.DLL
0x00007ff909c00000 - 0x00007ff909f74000 	C:\windows\System32\KERNELBASE.dll
0x00007ff909ff0000 - 0x00007ff90a101000 	C:\windows\System32\ucrtbase.dll
0x00007ff8fe120000 - 0x00007ff8fe137000 	C:\Program Files\Android\Android Studio\jre\bin\VCRUNTIME140.dll
0x00007ff8ef440000 - 0x00007ff8ef459000 	C:\Program Files\Android\Android Studio\jre\bin\jli.dll
0x00007ff90b420000 - 0x00007ff90b5cc000 	C:\windows\System32\USER32.dll
0x00007ff90a1b0000 - 0x00007ff90a1d6000 	C:\windows\System32\win32u.dll
0x00007ff90b7f0000 - 0x00007ff90b819000 	C:\windows\System32\GDI32.dll
0x00007ff90a490000 - 0x00007ff90a5a2000 	C:\windows\System32\gdi32full.dll
0x00007ff90a110000 - 0x00007ff90a1ad000 	C:\windows\System32\msvcp_win.dll
0x00007ff8ed3b0000 - 0x00007ff8ed655000 	C:\windows\WinSxS\amd64_microsoft.windows.common-controls_6595b64144ccf1df_6.0.22000.120_none_9d947278b86cc467\COMCTL32.dll
0x00007ff90c630000 - 0x00007ff90c6d3000 	C:\windows\System32\msvcrt.dll
0x00007ff90bbb0000 - 0x00007ff90bbe1000 	C:\windows\System32\IMM32.DLL
0x00007ff8c54a0000 - 0x00007ff8c553d000 	C:\Program Files\Android\Android Studio\jre\bin\msvcp140.dll
0x00007ff87f8b0000 - 0x00007ff88037f000 	C:\Program Files\Android\Android Studio\jre\bin\server\jvm.dll
0x00007ff90a640000 - 0x00007ff90a6ec000 	C:\windows\System32\ADVAPI32.dll
0x00007ff90a6f0000 - 0x00007ff90a78d000 	C:\windows\System32\sechost.dll
0x00007ff90c360000 - 0x00007ff90c481000 	C:\windows\System32\RPCRT4.dll
0x00007ff90a630000 - 0x00007ff90a638000 	C:\windows\System32\PSAPI.DLL
0x00007ff8f50d0000 - 0x00007ff8f5103000 	C:\windows\SYSTEM32\WINMM.dll
0x00007ff900030000 - 0x00007ff900039000 	C:\windows\SYSTEM32\WSOCK32.dll
0x00007ff90b5d0000 - 0x00007ff90b63f000 	C:\windows\System32\WS2_32.dll
0x00007ff8f4e90000 - 0x00007ff8f4e9a000 	C:\windows\SYSTEM32\VERSION.dll
0x00007ff908e20000 - 0x00007ff908e38000 	C:\windows\SYSTEM32\kernel.appcore.dll
0x00007ff8fc790000 - 0x00007ff8fc7a1000 	C:\Program Files\Android\Android Studio\jre\bin\verify.dll
0x00007ff9075b0000 - 0x00007ff9077d1000 	C:\windows\SYSTEM32\DBGHELP.DLL
0x00007ff9015f0000 - 0x00007ff901621000 	C:\windows\SYSTEM32\dbgcore.DLL
0x00007ff90a1e0000 - 0x00007ff90a260000 	C:\windows\System32\bcryptPrimitives.dll
0x00007ff8ef6c0000 - 0x00007ff8ef6e9000 	C:\Program Files\Android\Android Studio\jre\bin\java.dll
0x00007ff8fe510000 - 0x00007ff8fe51b000 	C:\Program Files\Android\Android Studio\jre\bin\jimage.dll
0x00007ff8f5550000 - 0x00007ff8f5568000 	C:\Program Files\Android\Android Studio\jre\bin\zip.dll
0x00007ff90a790000 - 0x00007ff90af39000 	C:\windows\System32\SHELL32.dll
0x00007ff907dc0000 - 0x00007ff908622000 	C:\windows\SYSTEM32\windows.storage.dll
0x00007ff90bbf0000 - 0x00007ff90bf68000 	C:\windows\System32\combase.dll
0x00007ff907c50000 - 0x00007ff907db6000 	C:\windows\SYSTEM32\wintypes.dll
0x00007ff90b700000 - 0x00007ff90b7ea000 	C:\windows\System32\SHCORE.dll
0x00007ff90c140000 - 0x00007ff90c19d000 	C:\windows\System32\shlwapi.dll
0x00007ff909b30000 - 0x00007ff909b51000 	C:\windows\SYSTEM32\profapi.dll
0x00007ff8f5510000 - 0x00007ff8f552a000 	C:\Program Files\Android\Android Studio\jre\bin\net.dll
0x00007ff8ff700000 - 0x00007ff8ff80c000 	C:\windows\SYSTEM32\WINHTTP.dll
0x00007ff909230000 - 0x00007ff909297000 	C:\windows\system32\mswsock.dll
0x00007ff8f0320000 - 0x00007ff8f0334000 	C:\Program Files\Android\Android Studio\jre\bin\nio.dll
0x00007ff8ed020000 - 0x00007ff8ed047000 	C:\Users\CS_ra\.gradle\native\8bec1ad78214c89d9ad589b4d07fe93259594b29d510b10fafb7a158f7737e5d\windows-amd64\native-platform.dll
0x00007ff8bbb80000 - 0x00007ff8bbcbd000 	C:\Users\CS_ra\.gradle\native\53dbd7edfb1c66fb8903c78663c9afc45aea4f116125fa6feffd364cf09443e8\windows-amd64\native-platform-file-events.dll
0x00007ff8fe4f0000 - 0x00007ff8fe4fa000 	C:\Program Files\Android\Android Studio\jre\bin\management.dll
0x00007ff8fe350000 - 0x00007ff8fe35c000 	C:\Program Files\Android\Android Studio\jre\bin\management_ext.dll
0x00007ff909470000 - 0x00007ff909488000 	C:\windows\SYSTEM32\CRYPTSP.dll
0x00007ff908d80000 - 0x00007ff908db5000 	C:\windows\system32\rsaenh.dll
0x00007ff909320000 - 0x00007ff909349000 	C:\windows\SYSTEM32\USERENV.dll
0x00007ff9095f0000 - 0x00007ff909617000 	C:\windows\SYSTEM32\bcrypt.dll
0x00007ff909490000 - 0x00007ff90949c000 	C:\windows\SYSTEM32\CRYPTBASE.dll
0x00007ff9088e0000 - 0x00007ff90890d000 	C:\windows\SYSTEM32\IPHLPAPI.DLL
0x00007ff90bb10000 - 0x00007ff90bb19000 	C:\windows\System32\NSI.dll
0x00007ff8ff610000 - 0x00007ff8ff629000 	C:\windows\SYSTEM32\dhcpcsvc6.DLL
0x00007ff8ff9d0000 - 0x00007ff8ff9ee000 	C:\windows\SYSTEM32\dhcpcsvc.DLL
0x00007ff908910000 - 0x00007ff9089f7000 	C:\windows\SYSTEM32\DNSAPI.dll

dbghelp: loaded successfully - version: 4.0.5 - missing functions: none
symbol engine: initialized successfully - sym options: 0x614 - pdb path: .;C:\Program Files\Android\Android Studio\jre\bin;C:\windows\SYSTEM32;C:\windows\WinSxS\amd64_microsoft.windows.common-controls_6595b64144ccf1df_6.0.22000.120_none_9d947278b86cc467;C:\Program Files\Android\Android Studio\jre\bin\server;C:\Users\CS_ra\.gradle\native\8bec1ad78214c89d9ad589b4d07fe93259594b29d510b10fafb7a158f7737e5d\windows-amd64;C:\Users\CS_ra\.gradle\native\53dbd7edfb1c66fb8903c78663c9afc45aea4f116125fa6feffd364cf09443e8\windows-amd64

VM Arguments:
jvm_args: --add-opens=java.base/java.util=ALL-UNNAMED --add-opens=java.base/java.lang=ALL-UNNAMED --add-opens=java.base/java.lang.invoke=ALL-UNNAMED --add-opens=java.base/java.util=ALL-UNNAMED --add-opens=java.prefs/java.util.prefs=ALL-UNNAMED --add-opens=java.prefs/java.util.prefs=ALL-UNNAMED --add-opens=java.base/java.nio.charset=ALL-UNNAMED --add-opens=java.base/java.net=ALL-UNNAMED --add-opens=java.base/java.util.concurrent.atomic=ALL-UNNAMED -Xmx2048m -Dfile.encoding=UTF-8 -Duser.country=GB -Duser.language=en -Duser.variant 
java_command: org.gradle.launcher.daemon.bootstrap.GradleDaemon 7.0.2
java_class_path (initial): C:\Users\CS_ra\.gradle\wrapper\dists\gradle-7.0.2-bin\857tjihv64xamwrf0h14cai3r\gradle-7.0.2\lib\gradle-launcher-7.0.2.jar
Launcher Type: SUN_STANDARD

[Global flags]
     intx CICompilerCount                          = 4                                         {product} {ergonomic}
     uint ConcGCThreads                            = 2                                         {product} {ergonomic}
     uint G1ConcRefinementThreads                  = 8                                         {product} {ergonomic}
   size_t G1HeapRegionSize                         = 1048576                                   {product} {ergonomic}
    uintx GCDrainStackTargetSize                   = 64                                        {product} {ergonomic}
   size_t InitialHeapSize                          = 266338304                                 {product} {ergonomic}
   size_t MarkStackSize                            = 4194304                                   {product} {ergonomic}
   size_t MaxHeapSize                              = 2147483648                                {product} {command line}
   size_t MaxNewSize                               = 1287651328                                {product} {ergonomic}
   size_t MinHeapDeltaBytes                        = 1048576                                   {product} {ergonomic}
    uintx NonNMethodCodeHeapSize                   = 5836300                                {pd product} {ergonomic}
    uintx NonProfiledCodeHeapSize                  = 122910970                              {pd product} {ergonomic}
    uintx ProfiledCodeHeapSize                     = 122910970                              {pd product} {ergonomic}
    uintx ReservedCodeCacheSize                    = 251658240                              {pd product} {ergonomic}
     bool SegmentedCodeCache                       = true                                      {product} {ergonomic}
     bool UseCompressedClassPointers               = true                                 {lp64_product} {ergonomic}
     bool UseCompressedOops                        = true                                 {lp64_product} {ergonomic}
     bool UseG1GC                                  = true                                      {product} {ergonomic}
     bool UseLargePagesIndividualAllocation        = false                                  {pd product} {ergonomic}

Logging:
Log output configuration:
 #0: stdout all=warning uptime,level,tags
 #1: stderr all=off uptime,level,tags

Environment Variables:
PATH=C:\windows\system32;C:\windows;C:\windows\System32\Wbem;C:\windows\System32\WindowsPowerShell\v1.0\;C:\windows\System32\OpenSSH\;C:\Program Files (x86)\NVIDIA Corporation\PhysX\Common;C:\Program Files\NVIDIA Corporation\NVIDIA NvDLISR;C:\Program Files\Git\cmd;C:\Users\CS_ra\AppData\Local\Microsoft\WindowsApps;C:\Users\CS_ra\AppData\Local\gitkraken\bin
USERNAME=rnthuwayni
OS=Windows_NT
PROCESSOR_IDENTIFIER=Intel64 Family 6 Model 140 Stepping 1, GenuineIntel



---------------  S Y S T E M  ---------------

OS: Windows 10 , 64 bit Build 22000 (10.0.22000.120)
OS uptime: 47 days 13:29 hours

CPU:total 8 (initial active 8) (4 cores per cpu, 2 threads per core) family 6 model 140 stepping 1 microcode 0x86, cmov, cx8, fxsr, mmx, sse, sse2, sse3, ssse3, sse4.1, sse4.2, popcnt, avx, avx2, aes, clmul, erms, 3dnowpref, lzcnt, ht, tsc, tscinvbit, bmi1, bmi2, adx, evex, sha, fma

Memory: 4k page, system-wide physical 16149M (518M free)
TotalPageFile size 65301M (AvailPageFile size 0M)
current process WorkingSet (physical memory assigned to process): 269M, peak: 273M
current process commit charge ("private bytes"): 436M, peak: 442M

vm_info: OpenJDK 64-Bit Server VM (11.0.10+0-b96-7249189) for windows-amd64 JRE (11.0.10+0-b96-7249189), built on Mar 31 2021 21:44:00 by "builder" with MS VC++ 14.0 (VS2015)

END.
