#
# There is insufficient memory for the Java Runtime Environment to continue.
# Native memory allocation (malloc) failed to allocate 1156176 bytes for Chunk::new
# Possible reasons:
#   The system is out of physical RAM or swap space
#   The process is running with CompressedOops enabled, and the Java Heap may be blocking the growth of the native heap
# Possible solutions:
#   Reduce memory load on the system
#   Increase physical memory or swap space
#   Check if swap backing store is full
#   Decrease Java heap size (-Xmx/-Xms)
#   Decrease number of Java threads
#   Decrease Java thread stack sizes (-Xss)
#   Set larger code cache with -XX:ReservedCodeCacheSize=
#   JVM is running with Unscaled Compressed Oops mode in which the Java heap is
#     placed in the first 4GB address space. The Java Heap base address is the
#     maximum limit for the native heap growth. Please use -XX:HeapBaseMinAddress
#     to set the Java Heap base and to place the Java Heap above 4GB virtual address.
# This output file may be truncated or incomplete.
#
#  Out of Memory Error (./src/hotspot/share/memory/arena.cpp:197), pid=28176, tid=65920
#
# JRE version: OpenJDK Runtime Environment (11.0.10) (build 11.0.10+0-b96-7249189)
# Java VM: OpenJDK 64-Bit Server VM (11.0.10+0-b96-7249189, mixed mode, tiered, compressed oops, g1 gc, windows-amd64)
# No core dump will be written. Minidumps are not enabled by default on client versions of Windows
#

---------------  S U M M A R Y ------------

Command Line: --add-opens=java.base/java.util=ALL-UNNAMED --add-opens=java.base/java.lang=ALL-UNNAMED --add-opens=java.base/java.lang.invoke=ALL-UNNAMED --add-opens=java.base/java.util=ALL-UNNAMED --add-opens=java.prefs/java.util.prefs=ALL-UNNAMED --add-opens=java.prefs/java.util.prefs=ALL-UNNAMED --add-opens=java.base/java.nio.charset=ALL-UNNAMED --add-opens=java.base/java.net=ALL-UNNAMED --add-opens=java.base/java.util.concurrent.atomic=ALL-UNNAMED -Xmx2048m -Dfile.encoding=UTF-8 -Duser.country=GB -Duser.language=en -Duser.variant org.gradle.launcher.daemon.bootstrap.GradleDaemon 7.0.2

Host: 11th Gen Intel(R) Core(TM) i7-1165G7 @ 2.80GHz, 8 cores, 15G,  Windows 10 , 64 bit Build 22000 (10.0.22000.120)
Time: Wed Dec 22 20:45:40 2021 Arab Standard Time elapsed time: 93.217996 seconds (0d 0h 1m 33s)

---------------  T H R E A D  ---------------

Current thread (0x000001f005315800):  JavaThread "C2 CompilerThread1" daemon [_thread_in_native, id=65920, stack(0x000000c590200000,0x000000c590300000)]


Current CompileTask:
C2:  93218 13362       4       org.gradle.internal.execution.history.impl.FingerprintMapSerializer::readFingerprint (96 bytes)

Stack: [0x000000c590200000,0x000000c590300000]
Native frames: (J=compiled Java code, j=interpreted, Vv=VM code, C=native code)
V  [jvm.dll+0x5ecfaa]
V  [jvm.dll+0x722bd5]
V  [jvm.dll+0x72412d]
V  [jvm.dll+0x7247e3]
V  [jvm.dll+0x242928]
V  [jvm.dll+0xbc4fc]
V  [jvm.dll+0xbca0c]
V  [jvm.dll+0x352d3b]
V  [jvm.dll+0x320ad3]
V  [jvm.dll+0x31ffca]
V  [jvm.dll+0x1fb602]
V  [jvm.dll+0x1fa7f4]
V  [jvm.dll+0x18354c]
V  [jvm.dll+0x208ee7]
V  [jvm.dll+0x207731]
V  [jvm.dll+0x6eb1cf]
V  [jvm.dll+0x6e3d45]
V  [jvm.dll+0x5ebe96]
C  [ucrtbase.dll+0x26c0c]
C  [KERNEL32.DLL+0x154e0]
C  [ntdll.dll+0x485b]


---------------  P R O C E S S  ---------------

Threads class SMR info:
_java_thread_list=0x000001f00b22d2f0, length=68, elements={
0x000001f064bee000, 0x000001f07f98f800, 0x000001f07f991000, 0x000001f07f9f1800,
0x000001f07f9f2800, 0x000001f07f9f3800, 0x000001f07f9f7000, 0x000001f07f9fa800,
0x000001f07f9fb800, 0x000001f07fb6c000, 0x000001f002cba800, 0x000001f00377c000,
0x000001f00379b800, 0x000001f07fae1000, 0x000001f07fae0000, 0x000001f07fadc000,
0x000001f07fadd000, 0x000001f07fadd800, 0x000001f0055be000, 0x000001f0055bf800,
0x000001f0055c2000, 0x000001f0055bd000, 0x000001f0055c3800, 0x000001f0055c0800,
0x000001f0055c7000, 0x000001f00889e800, 0x000001f0088a1000, 0x000001f0088a0800,
0x000001f0088a2000, 0x000001f00889e000, 0x000001f00889f800, 0x000001f00889c800,
0x000001f0088a8800, 0x000001f0088a3800, 0x000001f0088a6000, 0x000001f0088a3000,
0x000001f0088aa000, 0x000001f0088a9800, 0x000001f0088a7000, 0x000001f0088a7800,
0x000001f0088a5800, 0x000001f0088a4800, 0x000001f0088ab000, 0x000001f0055c4800,
0x000001f0055bf000, 0x000001f0055ca800, 0x000001f0055c8800, 0x000001f0055c6000,
0x000001f0055c8000, 0x000001f0055c9800, 0x000001f0055cc000, 0x000001f07fade800,
0x000001f07fae1800, 0x000001f07fae2800, 0x000001f07fadf800, 0x000001f005312800,
0x000001f00530f000, 0x000001f00530d800, 0x000001f005310800, 0x000001f005313000,
0x000001f00530e000, 0x000001f005319800, 0x000001f005319000, 0x000001f005315000,
0x000001f005315800, 0x000001f005317000, 0x000001f00531c000, 0x000001f00531a800
}

Java Threads: ( => current thread )
  0x000001f064bee000 JavaThread "main" [_thread_blocked, id=35080, stack(0x000000c58b400000,0x000000c58b500000)]
  0x000001f07f98f800 JavaThread "Reference Handler" daemon [_thread_blocked, id=8512, stack(0x000000c58bb00000,0x000000c58bc00000)]
  0x000001f07f991000 JavaThread "Finalizer" daemon [_thread_blocked, id=7348, stack(0x000000c58bc00000,0x000000c58bd00000)]
  0x000001f07f9f1800 JavaThread "Signal Dispatcher" daemon [_thread_blocked, id=66500, stack(0x000000c58bd00000,0x000000c58be00000)]
  0x000001f07f9f2800 JavaThread "Attach Listener" daemon [_thread_blocked, id=39220, stack(0x000000c58be00000,0x000000c58bf00000)]
  0x000001f07f9f3800 JavaThread "Service Thread" daemon [_thread_blocked, id=65720, stack(0x000000c58bf00000,0x000000c58c000000)]
  0x000001f07f9f7000 JavaThread "C2 CompilerThread0" daemon [_thread_in_native, id=28756, stack(0x000000c58c000000,0x000000c58c100000)]
  0x000001f07f9fa800 JavaThread "C1 CompilerThread0" daemon [_thread_blocked, id=51892, stack(0x000000c58c100000,0x000000c58c200000)]
  0x000001f07f9fb800 JavaThread "Sweeper thread" daemon [_thread_blocked, id=16852, stack(0x000000c58c200000,0x000000c58c300000)]
  0x000001f07fb6c000 JavaThread "Common-Cleaner" daemon [_thread_blocked, id=28688, stack(0x000000c58c300000,0x000000c58c400000)]
  0x000001f002cba800 JavaThread "Daemon health stats" [_thread_blocked, id=34492, stack(0x000000c58cc00000,0x000000c58cd00000)]
  0x000001f00377c000 JavaThread "Incoming local TCP Connector on port 59173" [_thread_in_native, id=61840, stack(0x000000c58c500000,0x000000c58c600000)]
  0x000001f00379b800 JavaThread "Daemon periodic checks" [_thread_blocked, id=60848, stack(0x000000c58cd00000,0x000000c58ce00000)]
  0x000001f07fae1000 JavaThread "Cache worker for file hash cache (C:\Users\CS_ra\.gradle\caches\7.0.2\fileHashes)" [_thread_blocked, id=58432, stack(0x000000c58d500000,0x000000c58d600000)]
  0x000001f07fae0000 JavaThread "File lock request listener" [_thread_in_native, id=34548, stack(0x000000c58d600000,0x000000c58d700000)]
  0x000001f07fadc000 JavaThread "Cache worker for journal cache (C:\Users\CS_ra\.gradle\caches\journal-1)" [_thread_blocked, id=4988, stack(0x000000c58da00000,0x000000c58db00000)]
  0x000001f07fadd000 JavaThread "File watcher server" daemon [_thread_in_native, id=64144, stack(0x000000c58dc00000,0x000000c58dd00000)]
  0x000001f07fadd800 JavaThread "File watcher consumer" daemon [_thread_blocked, id=47672, stack(0x000000c58dd00000,0x000000c58de00000)]
  0x000001f0055be000 JavaThread "Cache worker for execution history cache (C:\Users\CS_ra\.gradle\caches\7.0.2\executionHistory)" [_thread_blocked, id=35964, stack(0x000000c58e200000,0x000000c58e300000)]
  0x000001f0055bf800 JavaThread "jar transforms" [_thread_blocked, id=56564, stack(0x000000c58e300000,0x000000c58e400000)]
  0x000001f0055c2000 JavaThread "jar transforms Thread 2" [_thread_blocked, id=60764, stack(0x000000c58e400000,0x000000c58e500000)]
  0x000001f0055bd000 JavaThread "Cache worker for file content cache (C:\Users\CS_ra\.gradle\caches\7.0.2\fileContent)" [_thread_blocked, id=26564, stack(0x000000c58e500000,0x000000c58e600000)]
  0x000001f0055c3800 JavaThread "jar transforms Thread 3" [_thread_blocked, id=65612, stack(0x000000c58e600000,0x000000c58e700000)]
  0x000001f0055c0800 JavaThread "jar transforms Thread 4" [_thread_blocked, id=65308, stack(0x000000c58e700000,0x000000c58e800000)]
  0x000001f0055c7000 JavaThread "jar transforms Thread 5" [_thread_blocked, id=3740, stack(0x000000c58e900000,0x000000c58ea00000)]
  0x000001f00889e800 JavaThread "jar transforms Thread 6" [_thread_blocked, id=39056, stack(0x000000c58f300000,0x000000c58f400000)]
  0x000001f0088a1000 JavaThread "jar transforms Thread 7" [_thread_blocked, id=39864, stack(0x000000c58f400000,0x000000c58f500000)]
  0x000001f0088a0800 JavaThread "jar transforms Thread 8" [_thread_blocked, id=23168, stack(0x000000c58f500000,0x000000c58f600000)]
  0x000001f0088a2000 JavaThread "Memory manager" [_thread_blocked, id=43820, stack(0x000000c58f800000,0x000000c58f900000)]
  0x000001f00889e000 JavaThread "Daemon Thread 2" [_thread_blocked, id=27688, stack(0x000000c58b100000,0x000000c58b200000)]
  0x000001f00889f800 JavaThread "Handler for socket connection from /127.0.0.1:59173 to /127.0.0.1:59266" [_thread_in_native, id=23336, stack(0x000000c58b200000,0x000000c58b300000)]
  0x000001f00889c800 JavaThread "Cancel handler" [_thread_blocked, id=53040, stack(0x000000c58b300000,0x000000c58b400000)]
  0x000001f0088a8800 JavaThread "Daemon worker Thread 2" [_thread_blocked, id=37608, stack(0x000000c58ce00000,0x000000c58cf00000)]
  0x000001f0088a3800 JavaThread "Asynchronous log dispatcher for DefaultDaemonConnection: socket connection from /127.0.0.1:59173 to /127.0.0.1:59266" [_thread_blocked, id=24552, stack(0x000000c58d000000,0x000000c58d100000)]
  0x000001f0088a6000 JavaThread "Stdin handler" [_thread_blocked, id=29380, stack(0x000000c58d100000,0x000000c58d200000)]
  0x000001f0088a3000 JavaThread "Daemon client event forwarder" [_thread_blocked, id=38588, stack(0x000000c58d200000,0x000000c58d300000)]
  0x000001f0088aa000 JavaThread "Cache worker for file hash cache (C:\Users\CS_ra\Downloads\Rightway\.gradle\7.0.2\fileHashes)" [_thread_blocked, id=35580, stack(0x000000c58d300000,0x000000c58d400000)]
  0x000001f0088a9800 JavaThread "Cache worker for checksums cache (C:\Users\CS_ra\Downloads\Rightway\.gradle\checksums)" [_thread_blocked, id=44880, stack(0x000000c58d400000,0x000000c58d500000)]
  0x000001f0088a7000 JavaThread "Cache worker for cache directory md-supplier (C:\Users\CS_ra\.gradle\caches\7.0.2\md-supplier)" [_thread_blocked, id=46296, stack(0x000000c58db00000,0x000000c58dc00000)]
  0x000001f0088a7800 JavaThread "Cache worker for cache directory md-rule (C:\Users\CS_ra\.gradle\caches\7.0.2\md-rule)" [_thread_blocked, id=58788, stack(0x000000c58de00000,0x000000c58df00000)]
  0x000001f0088a5800 JavaThread "Cache worker for dependencies-accessors (C:\Users\CS_ra\Downloads\Rightway\.gradle\7.0.2\dependencies-accessors)" [_thread_blocked, id=61892, stack(0x000000c58df00000,0x000000c58e000000)]
  0x000001f0088a4800 JavaThread "Cache worker for Build Output Cleanup Cache (C:\Users\CS_ra\Downloads\Rightway\.gradle\buildOutputCleanup)" [_thread_blocked, id=14900, stack(0x000000c58e000000,0x000000c58e100000)]
  0x000001f0088ab000 JavaThread "Build operations" [_thread_blocked, id=36852, stack(0x000000c58e800000,0x000000c58e900000)]
  0x000001f0055c4800 JavaThread "Build operations Thread 2" [_thread_blocked, id=56136, stack(0x000000c58ea00000,0x000000c58eb00000)]
  0x000001f0055bf000 JavaThread "Build operations Thread 3" [_thread_blocked, id=65060, stack(0x000000c58eb00000,0x000000c58ec00000)]
  0x000001f0055ca800 JavaThread "Build operations Thread 4" [_thread_in_native, id=16552, stack(0x000000c58ec00000,0x000000c58ed00000)]
  0x000001f0055c8800 JavaThread "Build operations Thread 5" [_thread_blocked, id=62508, stack(0x000000c58ed00000,0x000000c58ee00000)]
  0x000001f0055c6000 JavaThread "Build operations Thread 6" [_thread_blocked, id=17148, stack(0x000000c58ee00000,0x000000c58ef00000)]
  0x000001f0055c8000 JavaThread "Build operations Thread 7" [_thread_blocked, id=33828, stack(0x000000c58ef00000,0x000000c58f000000)]
  0x000001f0055c9800 JavaThread "Build operations Thread 8" [_thread_in_Java, id=59432, stack(0x000000c58f000000,0x000000c58f100000)]
  0x000001f0055cc000 JavaThread "build event listener" [_thread_blocked, id=50892, stack(0x000000c58f200000,0x000000c58f300000)]
  0x000001f07fade800 JavaThread "Execution worker for ':'" [_thread_blocked, id=4656, stack(0x000000c58f900000,0x000000c58fa00000)]
  0x000001f07fae1800 JavaThread "Execution worker for ':' Thread 2" [_thread_blocked, id=2168, stack(0x000000c58fa00000,0x000000c58fb00000)]
  0x000001f07fae2800 JavaThread "Execution worker for ':' Thread 3" [_thread_blocked, id=14872, stack(0x000000c58fb00000,0x000000c58fc00000)]
  0x000001f07fadf800 JavaThread "Execution worker for ':' Thread 4" [_thread_blocked, id=20120, stack(0x000000c58fc00000,0x000000c58fd00000)]
  0x000001f005312800 JavaThread "Execution worker for ':' Thread 5" [_thread_blocked, id=25164, stack(0x000000c58fd00000,0x000000c58fe00000)]
  0x000001f00530f000 JavaThread "Execution worker for ':' Thread 6" [_thread_blocked, id=65656, stack(0x000000c58fe00000,0x000000c58ff00000)]
  0x000001f00530d800 JavaThread "Execution worker for ':' Thread 7" [_thread_blocked, id=23460, stack(0x000000c58ff00000,0x000000c590000000)]
  0x000001f005310800 JavaThread "Cache worker for execution history cache (C:\Users\CS_ra\Downloads\Rightway\.gradle\7.0.2\executionHistory)" [_thread_blocked, id=62484, stack(0x000000c590000000,0x000000c590100000)]
  0x000001f005313000 JavaThread "RMI Scheduler(0)" daemon [_thread_blocked, id=49600, stack(0x000000c58e100000,0x000000c58e200000)]
  0x000001f00530e000 JavaThread "RMI GC Daemon" daemon [_thread_blocked, id=22080, stack(0x000000c590100000,0x000000c590200000)]
  0x000001f005319800 JavaThread "RMI TCP Accept-0" daemon [_thread_in_native, id=51620, stack(0x000000c590300000,0x000000c590400000)]
  0x000001f005319000 JavaThread "RMI Reaper" [_thread_blocked, id=45388, stack(0x000000c590400000,0x000000c590500000)]
  0x000001f005315000 JavaThread "RMI TCP Connection(1)-127.0.0.1" daemon [_thread_in_native, id=9696, stack(0x000000c590500000,0x000000c590600000)]
=>0x000001f005315800 JavaThread "C2 CompilerThread1" daemon [_thread_in_native, id=65920, stack(0x000000c590200000,0x000000c590300000)]
  0x000001f005317000 JavaThread "C2 CompilerThread2" daemon [_thread_in_native, id=47044, stack(0x000000c590600000,0x000000c590700000)]
  0x000001f00531c000 JavaThread "Cache worker for Java compile cache (C:\Users\CS_ra\.gradle\caches\7.0.2\javaCompile)" [_thread_blocked, id=1372, stack(0x000000c58f100000,0x000000c58f200000)]
  0x000001f00531a800 JavaThread "Cache worker for Java compile cache (C:\Users\CS_ra\Downloads\Rightway\.gradle\7.0.2\javaCompile)" [_thread_blocked, id=54104, stack(0x000000c590800000,0x000000c590900000)]

Other Threads:
  0x000001f07f988800 VMThread "VM Thread" [stack: 0x000000c58ba00000,0x000000c58bb00000] [id=66200]
  0x000001f07fb89800 WatcherThread [stack: 0x000000c58c400000,0x000000c58c500000] [id=31784]
  0x000001f066cd3800 GCTaskThread "GC Thread#0" [stack: 0x000000c58b500000,0x000000c58b600000] [id=16752]
  0x000001f002911800 GCTaskThread "GC Thread#1" [stack: 0x000000c58c600000,0x000000c58c700000] [id=6488]
  0x000001f0029a6800 GCTaskThread "GC Thread#2" [stack: 0x000000c58c700000,0x000000c58c800000] [id=25692]
  0x000001f0029a7800 GCTaskThread "GC Thread#3" [stack: 0x000000c58c800000,0x000000c58c900000] [id=40900]
  0x000001f002d9a000 GCTaskThread "GC Thread#4" [stack: 0x000000c58c900000,0x000000c58ca00000] [id=27500]
  0x000001f002d9a800 GCTaskThread "GC Thread#5" [stack: 0x000000c58ca00000,0x000000c58cb00000] [id=41444]
  0x000001f0042f7000 GCTaskThread "GC Thread#6" [stack: 0x000000c58d700000,0x000000c58d800000] [id=31820]
  0x000001f0042fa000 GCTaskThread "GC Thread#7" [stack: 0x000000c58d800000,0x000000c58d900000] [id=42908]
  0x000001f066d09000 ConcurrentGCThread "G1 Main Marker" [stack: 0x000000c58b600000,0x000000c58b700000] [id=42884]
  0x000001f066d0a000 ConcurrentGCThread "G1 Conc#0" [stack: 0x000000c58b700000,0x000000c58b800000] [id=65884]
  0x000001f0042f8000 ConcurrentGCThread "G1 Conc#1" [stack: 0x000000c58d900000,0x000000c58da00000] [id=42160]
  0x000001f066d9e000 ConcurrentGCThread "G1 Refine#0" [stack: 0x000000c58b800000,0x000000c58b900000] [id=8716]
  0x000001f008ac8800 ConcurrentGCThread "G1 Refine#1" [stack: 0x000000c58f600000,0x000000c58f700000] [id=58024]
  0x000001f00525b800 ConcurrentGCThread "G1 Refine#2" [stack: 0x000000c58f700000,0x000000c58f800000] [id=8820]
  0x000001f07efda800 ConcurrentGCThread "G1 Young RemSet Sampling" [stack: 0x000000c58b900000,0x000000c58ba00000] [id=2556]

Threads with active compile tasks:
C2 CompilerThread0  93242 13442       4       org.gradle.internal.io.StreamByteBuffer::readFrom (57 bytes)
C2 CompilerThread1  93242 13362       4       org.gradle.internal.execution.history.impl.FingerprintMapSerializer::readFingerprint (96 bytes)
C2 CompilerThread2  93242 13444   !   4       sun.nio.fs.WindowsDirectoryStream$WindowsDirectoryIterator::readNextEntry (199 bytes)

VM state:not at safepoint (normal execution)

VM Mutex/Monitor currently owned by a thread: None

Heap address: 0x0000000080000000, size: 2048 MB, Compressed Oops mode: 32-bit
Narrow klass base: 0x0000000000000000, Narrow klass shift: 3
Compressed class space size: 1073741824 Address: 0x0000000100000000

Heap:
 garbage-first heap   total 328704K, used 237342K [0x0000000080000000, 0x0000000100000000)
  region size 1024K, 107 young (109568K), 9 survivors (9216K)
 Metaspace       used 102574K, capacity 105333K, committed 105676K, reserved 1140736K
  class space    used 13157K, capacity 14159K, committed 14336K, reserved 1048576K
Heap Regions: E=young(eden), S=young(survivor), O=old, HS=humongous(starts), HC=humongous(continues), CS=collection set, F=free, A=archive, TAMS=top-at-mark-start (previous, next)
|   0|0x0000000080000000, 0x0000000080100000, 0x0000000080100000|100%| O|  |TAMS 0x0000000080100000, 0x0000000080000000| Untracked 
|   1|0x0000000080100000, 0x0000000080200000, 0x0000000080200000|100%| O|  |TAMS 0x0000000080200000, 0x0000000080100000| Untracked 
|   2|0x0000000080200000, 0x0000000080300000, 0x0000000080300000|100%| O|  |TAMS 0x0000000080300000, 0x0000000080200000| Untracked 
|   3|0x0000000080300000, 0x0000000080400000, 0x0000000080400000|100%|HS|  |TAMS 0x0000000080400000, 0x0000000080300000| Complete 
|   4|0x0000000080400000, 0x0000000080500000, 0x0000000080500000|100%|HC|  |TAMS 0x0000000080500000, 0x0000000080400000| Complete 
|   5|0x0000000080500000, 0x0000000080600000, 0x0000000080600000|100%|HC|  |TAMS 0x0000000080600000, 0x0000000080500000| Complete 
|   6|0x0000000080600000, 0x0000000080700000, 0x0000000080700000|100%| O|  |TAMS 0x0000000080700000, 0x0000000080600000| Untracked 
|   7|0x0000000080700000, 0x0000000080800000, 0x0000000080800000|100%| O|  |TAMS 0x0000000080800000, 0x0000000080700000| Untracked 
|   8|0x0000000080800000, 0x0000000080900000, 0x0000000080900000|100%| O|  |TAMS 0x0000000080900000, 0x0000000080800000| Untracked 
|   9|0x0000000080900000, 0x0000000080a00000, 0x0000000080a00000|100%| O|  |TAMS 0x0000000080a00000, 0x0000000080900000| Untracked 
|  10|0x0000000080a00000, 0x0000000080b00000, 0x0000000080b00000|100%| O|  |TAMS 0x0000000080b00000, 0x0000000080a00000| Untracked 
|  11|0x0000000080b00000, 0x0000000080c00000, 0x0000000080c00000|100%| O|  |TAMS 0x0000000080c00000, 0x0000000080b00000| Untracked 
|  12|0x0000000080c00000, 0x0000000080d00000, 0x0000000080d00000|100%| O|  |TAMS 0x0000000080d00000, 0x0000000080c00000| Untracked 
|  13|0x0000000080d00000, 0x0000000080e00000, 0x0000000080e00000|100%| O|  |TAMS 0x0000000080e00000, 0x0000000080d00000| Untracked 
|  14|0x0000000080e00000, 0x0000000080f00000, 0x0000000080f00000|100%| O|  |TAMS 0x0000000080f00000, 0x0000000080e00000| Untracked 
|  15|0x0000000080f00000, 0x0000000081000000, 0x0000000081000000|100%| O|  |TAMS 0x0000000081000000, 0x0000000080f00000| Untracked 
|  16|0x0000000081000000, 0x0000000081100000, 0x0000000081100000|100%|HS|  |TAMS 0x0000000081100000, 0x0000000081000000| Complete 
|  17|0x0000000081100000, 0x0000000081200000, 0x0000000081200000|100%|HS|  |TAMS 0x0000000081200000, 0x0000000081100000| Complete 
|  18|0x0000000081200000, 0x0000000081300000, 0x0000000081300000|100%|HS|  |TAMS 0x0000000081300000, 0x0000000081200000| Complete 
|  19|0x0000000081300000, 0x0000000081400000, 0x0000000081400000|100%|HS|  |TAMS 0x0000000081400000, 0x0000000081300000| Complete 
|  20|0x0000000081400000, 0x0000000081500000, 0x0000000081500000|100%|HC|  |TAMS 0x0000000081500000, 0x0000000081400000| Complete 
|  21|0x0000000081500000, 0x0000000081600000, 0x0000000081600000|100%|HC|  |TAMS 0x0000000081600000, 0x0000000081500000| Complete 
|  22|0x0000000081600000, 0x0000000081700000, 0x0000000081700000|100%|HS|  |TAMS 0x0000000081700000, 0x0000000081600000| Complete 
|  23|0x0000000081700000, 0x0000000081800000, 0x0000000081800000|100%|HC|  |TAMS 0x0000000081800000, 0x0000000081700000| Complete 
|  24|0x0000000081800000, 0x0000000081900000, 0x0000000081900000|100%| O|  |TAMS 0x0000000081900000, 0x0000000081800000| Untracked 
|  25|0x0000000081900000, 0x0000000081a00000, 0x0000000081a00000|100%| O|  |TAMS 0x0000000081a00000, 0x0000000081900000| Untracked 
|  26|0x0000000081a00000, 0x0000000081b00000, 0x0000000081b00000|100%| O|  |TAMS 0x0000000081b00000, 0x0000000081a00000| Untracked 
|  27|0x0000000081b00000, 0x0000000081c00000, 0x0000000081c00000|100%| O|  |TAMS 0x0000000081c00000, 0x0000000081b00000| Untracked 
|  28|0x0000000081c00000, 0x0000000081d00000, 0x0000000081d00000|100%| O|  |TAMS 0x0000000081d00000, 0x0000000081c00000| Untracked 
|  29|0x0000000081d00000, 0x0000000081e00000, 0x0000000081e00000|100%| O|  |TAMS 0x0000000081e00000, 0x0000000081d00000| Untracked 
|  30|0x0000000081e00000, 0x0000000081f00000, 0x0000000081f00000|100%| O|  |TAMS 0x0000000081f00000, 0x0000000081e00000| Untracked 
|  31|0x0000000081f00000, 0x0000000082000000, 0x0000000082000000|100%| O|  |TAMS 0x0000000082000000, 0x0000000081f00000| Untracked 
|  32|0x0000000082000000, 0x0000000082100000, 0x0000000082100000|100%| O|  |TAMS 0x0000000082100000, 0x0000000082000000| Untracked 
|  33|0x0000000082100000, 0x0000000082200000, 0x0000000082200000|100%| O|  |TAMS 0x0000000082200000, 0x0000000082100000| Untracked 
|  34|0x0000000082200000, 0x0000000082300000, 0x0000000082300000|100%| O|  |TAMS 0x0000000082300000, 0x0000000082200000| Untracked 
|  35|0x0000000082300000, 0x0000000082400000, 0x0000000082400000|100%| O|  |TAMS 0x0000000082400000, 0x0000000082300000| Untracked 
|  36|0x0000000082400000, 0x0000000082500000, 0x0000000082500000|100%| O|  |TAMS 0x0000000082500000, 0x0000000082400000| Untracked 
|  37|0x0000000082500000, 0x0000000082600000, 0x0000000082600000|100%| O|  |TAMS 0x0000000082600000, 0x0000000082500000| Untracked 
|  38|0x0000000082600000, 0x0000000082700000, 0x0000000082700000|100%| O|  |TAMS 0x0000000082700000, 0x0000000082600000| Untracked 
|  39|0x0000000082700000, 0x0000000082800000, 0x0000000082800000|100%| O|  |TAMS 0x0000000082800000, 0x0000000082700000| Untracked 
|  40|0x0000000082800000, 0x0000000082900000, 0x0000000082900000|100%| O|  |TAMS 0x0000000082900000, 0x0000000082800000| Untracked 
|  41|0x0000000082900000, 0x0000000082a00000, 0x0000000082a00000|100%| O|  |TAMS 0x0000000082a00000, 0x0000000082900000| Untracked 
|  42|0x0000000082a00000, 0x0000000082b00000, 0x0000000082b00000|100%| O|  |TAMS 0x0000000082b00000, 0x0000000082a00000| Untracked 
|  43|0x0000000082b00000, 0x0000000082c00000, 0x0000000082c00000|100%| O|  |TAMS 0x0000000082c00000, 0x0000000082b00000| Untracked 
|  44|0x0000000082c00000, 0x0000000082d00000, 0x0000000082d00000|100%| O|  |TAMS 0x0000000082d00000, 0x0000000082c00000| Untracked 
|  45|0x0000000082d00000, 0x0000000082e00000, 0x0000000082e00000|100%| O|  |TAMS 0x0000000082e00000, 0x0000000082d00000| Untracked 
|  46|0x0000000082e00000, 0x0000000082f00000, 0x0000000082f00000|100%| O|  |TAMS 0x0000000082f00000, 0x0000000082e00000| Untracked 
|  47|0x0000000082f00000, 0x0000000083000000, 0x0000000083000000|100%| O|  |TAMS 0x0000000083000000, 0x0000000082f00000| Untracked 
|  48|0x0000000083000000, 0x0000000083100000, 0x0000000083100000|100%| O|  |TAMS 0x0000000083100000, 0x0000000083000000| Untracked 
|  49|0x0000000083100000, 0x0000000083200000, 0x0000000083200000|100%| O|  |TAMS 0x0000000083200000, 0x0000000083100000| Untracked 
|  50|0x0000000083200000, 0x0000000083300000, 0x0000000083300000|100%| O|  |TAMS 0x0000000083300000, 0x0000000083200000| Untracked 
|  51|0x0000000083300000, 0x0000000083400000, 0x0000000083400000|100%| O|  |TAMS 0x0000000083400000, 0x0000000083300000| Untracked 
|  52|0x0000000083400000, 0x0000000083500000, 0x0000000083500000|100%| O|  |TAMS 0x0000000083500000, 0x0000000083400000| Untracked 
|  53|0x0000000083500000, 0x0000000083600000, 0x0000000083600000|100%| O|  |TAMS 0x0000000083600000, 0x0000000083500000| Untracked 
|  54|0x0000000083600000, 0x0000000083700000, 0x0000000083700000|100%| O|  |TAMS 0x0000000083700000, 0x0000000083600000| Untracked 
|  55|0x0000000083700000, 0x0000000083800000, 0x0000000083800000|100%| O|  |TAMS 0x0000000083800000, 0x0000000083700000| Untracked 
|  56|0x0000000083800000, 0x0000000083900000, 0x0000000083900000|100%| O|  |TAMS 0x0000000083900000, 0x0000000083800000| Untracked 
|  57|0x0000000083900000, 0x0000000083a00000, 0x0000000083a00000|100%| O|  |TAMS 0x0000000083a00000, 0x0000000083900000| Untracked 
|  58|0x0000000083a00000, 0x0000000083b00000, 0x0000000083b00000|100%| O|  |TAMS 0x0000000083b00000, 0x0000000083a00000| Untracked 
|  59|0x0000000083b00000, 0x0000000083c00000, 0x0000000083c00000|100%| O|  |TAMS 0x0000000083c00000, 0x0000000083b00000| Untracked 
|  60|0x0000000083c00000, 0x0000000083d00000, 0x0000000083d00000|100%| O|  |TAMS 0x0000000083d00000, 0x0000000083c00000| Untracked 
|  61|0x0000000083d00000, 0x0000000083e00000, 0x0000000083e00000|100%| O|  |TAMS 0x0000000083e00000, 0x0000000083d00000| Untracked 
|  62|0x0000000083e00000, 0x0000000083f00000, 0x0000000083f00000|100%| O|  |TAMS 0x0000000083f00000, 0x0000000083e00000| Untracked 
|  63|0x0000000083f00000, 0x0000000084000000, 0x0000000084000000|100%| O|  |TAMS 0x0000000084000000, 0x0000000083f00000| Untracked 
|  64|0x0000000084000000, 0x0000000084100000, 0x0000000084100000|100%| O|  |TAMS 0x0000000084100000, 0x0000000084000000| Untracked 
|  65|0x0000000084100000, 0x0000000084200000, 0x0000000084200000|100%| O|  |TAMS 0x0000000084200000, 0x0000000084100000| Untracked 
|  66|0x0000000084200000, 0x0000000084300000, 0x0000000084300000|100%| O|  |TAMS 0x0000000084300000, 0x0000000084200000| Untracked 
|  67|0x0000000084300000, 0x0000000084400000, 0x0000000084400000|100%| O|  |TAMS 0x0000000084400000, 0x0000000084300000| Untracked 
|  68|0x0000000084400000, 0x0000000084500000, 0x0000000084500000|100%| O|  |TAMS 0x0000000084500000, 0x0000000084400000| Untracked 
|  69|0x0000000084500000, 0x0000000084600000, 0x0000000084600000|100%| O|  |TAMS 0x0000000084600000, 0x0000000084500000| Untracked 
|  70|0x0000000084600000, 0x0000000084700000, 0x0000000084700000|100%| O|  |TAMS 0x0000000084700000, 0x0000000084600000| Untracked 
|  71|0x0000000084700000, 0x0000000084800000, 0x0000000084800000|100%| O|  |TAMS 0x0000000084800000, 0x0000000084700000| Untracked 
|  72|0x0000000084800000, 0x0000000084900000, 0x0000000084900000|100%| O|  |TAMS 0x0000000084900000, 0x0000000084800000| Untracked 
|  73|0x0000000084900000, 0x0000000084a00000, 0x0000000084a00000|100%| O|  |TAMS 0x0000000084a00000, 0x0000000084900000| Untracked 
|  74|0x0000000084a00000, 0x0000000084b00000, 0x0000000084b00000|100%| O|  |TAMS 0x0000000084b00000, 0x0000000084a00000| Untracked 
|  75|0x0000000084b00000, 0x0000000084c00000, 0x0000000084c00000|100%| O|  |TAMS 0x0000000084c00000, 0x0000000084b00000| Untracked 
|  76|0x0000000084c00000, 0x0000000084d00000, 0x0000000084d00000|100%| O|  |TAMS 0x0000000084d00000, 0x0000000084c00000| Untracked 
|  77|0x0000000084d00000, 0x0000000084e00000, 0x0000000084e00000|100%| O|  |TAMS 0x0000000084e00000, 0x0000000084d00000| Untracked 
|  78|0x0000000084e00000, 0x0000000084f00000, 0x0000000084f00000|100%| O|  |TAMS 0x0000000084f00000, 0x0000000084e00000| Untracked 
|  79|0x0000000084f00000, 0x0000000085000000, 0x0000000085000000|100%| O|  |TAMS 0x0000000085000000, 0x0000000084f00000| Untracked 
|  80|0x0000000085000000, 0x0000000085100000, 0x0000000085100000|100%| O|  |TAMS 0x0000000085100000, 0x0000000085000000| Untracked 
|  81|0x0000000085100000, 0x0000000085200000, 0x0000000085200000|100%| O|  |TAMS 0x0000000085200000, 0x0000000085100000| Untracked 
|  82|0x0000000085200000, 0x0000000085300000, 0x0000000085300000|100%| O|  |TAMS 0x0000000085300000, 0x0000000085200000| Untracked 
|  83|0x0000000085300000, 0x0000000085400000, 0x0000000085400000|100%| O|  |TAMS 0x0000000085400000, 0x0000000085300000| Untracked 
|  84|0x0000000085400000, 0x0000000085500000, 0x0000000085500000|100%| O|  |TAMS 0x0000000085500000, 0x0000000085400000| Untracked 
|  85|0x0000000085500000, 0x0000000085600000, 0x0000000085600000|100%| O|  |TAMS 0x0000000085600000, 0x0000000085500000| Untracked 
|  86|0x0000000085600000, 0x0000000085700000, 0x0000000085700000|100%| O|  |TAMS 0x0000000085700000, 0x0000000085600000| Untracked 
|  87|0x0000000085700000, 0x0000000085800000, 0x0000000085800000|100%| O|  |TAMS 0x0000000085800000, 0x0000000085700000| Untracked 
|  88|0x0000000085800000, 0x0000000085900000, 0x0000000085900000|100%| O|  |TAMS 0x0000000085900000, 0x0000000085800000| Untracked 
|  89|0x0000000085900000, 0x0000000085a00000, 0x0000000085a00000|100%| O|  |TAMS 0x0000000085a00000, 0x0000000085900000| Untracked 
|  90|0x0000000085a00000, 0x0000000085b00000, 0x0000000085b00000|100%| O|  |TAMS 0x0000000085b00000, 0x0000000085a00000| Untracked 
|  91|0x0000000085b00000, 0x0000000085c00000, 0x0000000085c00000|100%| O|  |TAMS 0x0000000085c00000, 0x0000000085b00000| Untracked 
|  92|0x0000000085c00000, 0x0000000085c00000, 0x0000000085d00000|  0%| F|  |TAMS 0x0000000085c00000, 0x0000000085c00000| Untracked 
|  93|0x0000000085d00000, 0x0000000085e00000, 0x0000000085e00000|100%| O|  |TAMS 0x0000000085e00000, 0x0000000085d00000| Untracked 
|  94|0x0000000085e00000, 0x0000000085f00000, 0x0000000085f00000|100%| O|  |TAMS 0x0000000085f00000, 0x0000000085e00000| Untracked 
|  95|0x0000000085f00000, 0x0000000085f00000, 0x0000000086000000|  0%| F|  |TAMS 0x0000000085f00000, 0x0000000085f00000| Untracked 
|  96|0x0000000086000000, 0x0000000086100000, 0x0000000086100000|100%|HS|  |TAMS 0x0000000086000000, 0x0000000086000000| Complete 
|  97|0x0000000086100000, 0x0000000086200000, 0x0000000086200000|100%| O|  |TAMS 0x0000000086200000, 0x0000000086100000| Untracked 
|  98|0x0000000086200000, 0x0000000086300000, 0x0000000086300000|100%| O|  |TAMS 0x0000000086200000, 0x0000000086200000| Untracked 
|  99|0x0000000086300000, 0x0000000086400000, 0x0000000086400000|100%| O|  |TAMS 0x0000000086400000, 0x0000000086300000| Untracked 
| 100|0x0000000086400000, 0x0000000086500000, 0x0000000086500000|100%| O|  |TAMS 0x0000000086500000, 0x0000000086400000| Untracked 
| 101|0x0000000086500000, 0x0000000086600000, 0x0000000086600000|100%| O|  |TAMS 0x0000000086600000, 0x0000000086500000| Untracked 
| 102|0x0000000086600000, 0x0000000086700000, 0x0000000086700000|100%| O|  |TAMS 0x0000000086700000, 0x0000000086600000| Untracked 
| 103|0x0000000086700000, 0x0000000086800000, 0x0000000086800000|100%| O|  |TAMS 0x0000000086800000, 0x0000000086700000| Untracked 
| 104|0x0000000086800000, 0x0000000086900000, 0x0000000086900000|100%| O|  |TAMS 0x0000000086900000, 0x0000000086800000| Untracked 
| 105|0x0000000086900000, 0x0000000086a00000, 0x0000000086a00000|100%| O|  |TAMS 0x0000000086a00000, 0x0000000086900000| Untracked 
| 106|0x0000000086a00000, 0x0000000086b00000, 0x0000000086b00000|100%| O|  |TAMS 0x0000000086b00000, 0x0000000086a00000| Untracked 
| 107|0x0000000086b00000, 0x0000000086c00000, 0x0000000086c00000|100%| O|  |TAMS 0x0000000086c00000, 0x0000000086b00000| Untracked 
| 108|0x0000000086c00000, 0x0000000086d00000, 0x0000000086d00000|100%| O|  |TAMS 0x0000000086d00000, 0x0000000086c00000| Untracked 
| 109|0x0000000086d00000, 0x0000000086e00000, 0x0000000086e00000|100%| O|  |TAMS 0x0000000086e00000, 0x0000000086d00000| Untracked 
| 110|0x0000000086e00000, 0x0000000086f00000, 0x0000000086f00000|100%| O|  |TAMS 0x0000000086f00000, 0x0000000086e00000| Untracked 
| 111|0x0000000086f00000, 0x0000000087000000, 0x0000000087000000|100%| O|  |TAMS 0x0000000086f00000, 0x0000000086f00000| Untracked 
| 112|0x0000000087000000, 0x0000000087100000, 0x0000000087100000|100%| O|  |TAMS 0x0000000087000000, 0x0000000087000000| Untracked 
| 113|0x0000000087100000, 0x0000000087200000, 0x0000000087200000|100%| O|  |TAMS 0x0000000087200000, 0x0000000087100000| Untracked 
| 114|0x0000000087200000, 0x0000000087300000, 0x0000000087300000|100%| O|  |TAMS 0x0000000087300000, 0x0000000087200000| Untracked 
| 115|0x0000000087300000, 0x0000000087400000, 0x0000000087400000|100%| O|  |TAMS 0x0000000087400000, 0x0000000087300000| Untracked 
| 116|0x0000000087400000, 0x0000000087500000, 0x0000000087500000|100%| O|  |TAMS 0x0000000087500000, 0x0000000087400000| Untracked 
| 117|0x0000000087500000, 0x0000000087600000, 0x0000000087600000|100%| O|  |TAMS 0x0000000087600000, 0x0000000087500000| Untracked 
| 118|0x0000000087600000, 0x0000000087700000, 0x0000000087700000|100%| O|  |TAMS 0x0000000087600000, 0x0000000087600000| Untracked 
| 119|0x0000000087700000, 0x00000000877ad600, 0x0000000087800000| 67%| O|  |TAMS 0x0000000087700000, 0x0000000087700000| Untracked 
| 120|0x0000000087800000, 0x0000000087900000, 0x0000000087900000|100%| O|  |TAMS 0x0000000087900000, 0x0000000087800000| Untracked 
| 121|0x0000000087900000, 0x0000000087a00000, 0x0000000087a00000|100%| O|  |TAMS 0x0000000087a00000, 0x0000000087900000| Untracked 
| 122|0x0000000087a00000, 0x0000000087b00000, 0x0000000087b00000|100%| O|  |TAMS 0x0000000087b00000, 0x0000000087a00000| Untracked 
| 123|0x0000000087b00000, 0x0000000087c00000, 0x0000000087c00000|100%| O|  |TAMS 0x0000000087c00000, 0x0000000087b00000| Untracked 
| 124|0x0000000087c00000, 0x0000000087d00000, 0x0000000087d00000|100%| O|  |TAMS 0x0000000087d00000, 0x0000000087c00000| Untracked 
| 125|0x0000000087d00000, 0x0000000087e00000, 0x0000000087e00000|100%| O|  |TAMS 0x0000000087e00000, 0x0000000087d00000| Untracked 
| 126|0x0000000087e00000, 0x0000000087f00000, 0x0000000087f00000|100%| O|  |TAMS 0x0000000087f00000, 0x0000000087e00000| Untracked 
| 127|0x0000000087f00000, 0x0000000088000000, 0x0000000088000000|100%| O|  |TAMS 0x0000000087f8da00, 0x0000000087f00000| Untracked 
| 128|0x0000000088000000, 0x0000000088100000, 0x0000000088100000|100%|HS|  |TAMS 0x0000000088000000, 0x0000000088000000| Complete 
| 129|0x0000000088100000, 0x0000000088200000, 0x0000000088200000|100%|HC|  |TAMS 0x0000000088100000, 0x0000000088100000| Complete 
| 130|0x0000000088200000, 0x0000000088200000, 0x0000000088300000|  0%| F|  |TAMS 0x0000000088200000, 0x0000000088200000| Untracked 
| 131|0x0000000088300000, 0x0000000088300000, 0x0000000088400000|  0%| F|  |TAMS 0x0000000088300000, 0x0000000088300000| Untracked 
| 132|0x0000000088400000, 0x0000000088400000, 0x0000000088500000|  0%| F|  |TAMS 0x0000000088400000, 0x0000000088400000| Untracked 
| 133|0x0000000088500000, 0x0000000088500000, 0x0000000088600000|  0%| F|  |TAMS 0x0000000088500000, 0x0000000088500000| Untracked 
| 134|0x0000000088600000, 0x0000000088600000, 0x0000000088700000|  0%| F|  |TAMS 0x0000000088600000, 0x0000000088600000| Untracked 
| 135|0x0000000088700000, 0x0000000088700000, 0x0000000088800000|  0%| F|  |TAMS 0x0000000088700000, 0x0000000088700000| Untracked 
| 136|0x0000000088800000, 0x0000000088800000, 0x0000000088900000|  0%| F|  |TAMS 0x0000000088800000, 0x0000000088800000| Untracked 
| 137|0x0000000088900000, 0x0000000088900000, 0x0000000088a00000|  0%| F|  |TAMS 0x0000000088900000, 0x0000000088900000| Untracked 
| 138|0x0000000088a00000, 0x0000000088a00000, 0x0000000088b00000|  0%| F|  |TAMS 0x0000000088a00000, 0x0000000088a00000| Untracked 
| 139|0x0000000088b00000, 0x0000000088b00000, 0x0000000088c00000|  0%| F|  |TAMS 0x0000000088b00000, 0x0000000088b00000| Untracked 
| 140|0x0000000088c00000, 0x0000000088c00000, 0x0000000088d00000|  0%| F|  |TAMS 0x0000000088c00000, 0x0000000088c00000| Untracked 
| 141|0x0000000088d00000, 0x0000000088d00000, 0x0000000088e00000|  0%| F|  |TAMS 0x0000000088d00000, 0x0000000088d00000| Untracked 
| 142|0x0000000088e00000, 0x0000000088e00000, 0x0000000088f00000|  0%| F|  |TAMS 0x0000000088e00000, 0x0000000088e00000| Untracked 
| 143|0x0000000088f00000, 0x0000000088f00000, 0x0000000089000000|  0%| F|  |TAMS 0x0000000088f00000, 0x0000000088f00000| Untracked 
| 144|0x0000000089000000, 0x0000000089000000, 0x0000000089100000|  0%| F|  |TAMS 0x0000000089000000, 0x0000000089000000| Untracked 
| 145|0x0000000089100000, 0x0000000089100000, 0x0000000089200000|  0%| F|  |TAMS 0x0000000089100000, 0x0000000089100000| Untracked 
| 146|0x0000000089200000, 0x0000000089200000, 0x0000000089300000|  0%| F|  |TAMS 0x0000000089200000, 0x0000000089200000| Untracked 
| 147|0x0000000089300000, 0x0000000089300000, 0x0000000089400000|  0%| F|  |TAMS 0x0000000089300000, 0x0000000089300000| Untracked 
| 148|0x0000000089400000, 0x0000000089400000, 0x0000000089500000|  0%| F|  |TAMS 0x0000000089400000, 0x0000000089400000| Untracked 
| 149|0x0000000089500000, 0x0000000089500000, 0x0000000089600000|  0%| F|  |TAMS 0x0000000089500000, 0x0000000089500000| Untracked 
| 150|0x0000000089600000, 0x0000000089600000, 0x0000000089700000|  0%| F|  |TAMS 0x0000000089600000, 0x0000000089600000| Untracked 
| 151|0x0000000089700000, 0x0000000089700000, 0x0000000089800000|  0%| F|  |TAMS 0x0000000089700000, 0x0000000089700000| Untracked 
| 152|0x0000000089800000, 0x0000000089800000, 0x0000000089900000|  0%| F|  |TAMS 0x0000000089800000, 0x0000000089800000| Untracked 
| 153|0x0000000089900000, 0x0000000089900000, 0x0000000089a00000|  0%| F|  |TAMS 0x0000000089900000, 0x0000000089900000| Untracked 
| 154|0x0000000089a00000, 0x0000000089a00000, 0x0000000089b00000|  0%| F|  |TAMS 0x0000000089a00000, 0x0000000089a00000| Untracked 
| 155|0x0000000089b00000, 0x0000000089b00000, 0x0000000089c00000|  0%| F|  |TAMS 0x0000000089b00000, 0x0000000089b00000| Untracked 
| 156|0x0000000089c00000, 0x0000000089c00000, 0x0000000089d00000|  0%| F|  |TAMS 0x0000000089c00000, 0x0000000089c00000| Untracked 
| 157|0x0000000089d00000, 0x0000000089d00000, 0x0000000089e00000|  0%| F|  |TAMS 0x0000000089d00000, 0x0000000089d00000| Untracked 
| 158|0x0000000089e00000, 0x0000000089e00000, 0x0000000089f00000|  0%| F|  |TAMS 0x0000000089e00000, 0x0000000089e00000| Untracked 
| 159|0x0000000089f00000, 0x0000000089f00000, 0x000000008a000000|  0%| F|  |TAMS 0x0000000089f00000, 0x0000000089f00000| Untracked 
| 160|0x000000008a000000, 0x000000008a000000, 0x000000008a100000|  0%| F|  |TAMS 0x000000008a000000, 0x000000008a000000| Untracked 
| 161|0x000000008a100000, 0x000000008a100000, 0x000000008a200000|  0%| F|  |TAMS 0x000000008a100000, 0x000000008a100000| Untracked 
| 162|0x000000008a200000, 0x000000008a200000, 0x000000008a300000|  0%| F|  |TAMS 0x000000008a200000, 0x000000008a200000| Untracked 
| 163|0x000000008a300000, 0x000000008a300000, 0x000000008a400000|  0%| F|  |TAMS 0x000000008a300000, 0x000000008a300000| Untracked 
| 164|0x000000008a400000, 0x000000008a400000, 0x000000008a500000|  0%| F|  |TAMS 0x000000008a400000, 0x000000008a400000| Untracked 
| 165|0x000000008a500000, 0x000000008a500000, 0x000000008a600000|  0%| F|  |TAMS 0x000000008a500000, 0x000000008a500000| Untracked 
| 166|0x000000008a600000, 0x000000008a600000, 0x000000008a700000|  0%| F|  |TAMS 0x000000008a600000, 0x000000008a600000| Untracked 
| 167|0x000000008a700000, 0x000000008a700000, 0x000000008a800000|  0%| F|  |TAMS 0x000000008a700000, 0x000000008a700000| Untracked 
| 168|0x000000008a800000, 0x000000008a800000, 0x000000008a900000|  0%| F|  |TAMS 0x000000008a800000, 0x000000008a800000| Untracked 
| 169|0x000000008a900000, 0x000000008a900000, 0x000000008aa00000|  0%| F|  |TAMS 0x000000008a900000, 0x000000008a900000| Untracked 
| 170|0x000000008aa00000, 0x000000008aa00000, 0x000000008ab00000|  0%| F|  |TAMS 0x000000008aa00000, 0x000000008aa00000| Untracked 
| 171|0x000000008ab00000, 0x000000008ab00000, 0x000000008ac00000|  0%| F|  |TAMS 0x000000008ab00000, 0x000000008ab00000| Untracked 
| 172|0x000000008ac00000, 0x000000008ac00000, 0x000000008ad00000|  0%| F|  |TAMS 0x000000008ac00000, 0x000000008ac00000| Untracked 
| 173|0x000000008ad00000, 0x000000008ad00000, 0x000000008ae00000|  0%| F|  |TAMS 0x000000008ad00000, 0x000000008ad00000| Untracked 
| 174|0x000000008ae00000, 0x000000008ae1a320, 0x000000008af00000| 10%| S|CS|TAMS 0x000000008ae00000, 0x000000008ae00000| Complete 
| 175|0x000000008af00000, 0x000000008b000000, 0x000000008b000000|100%| S|CS|TAMS 0x000000008af00000, 0x000000008af00000| Complete 
| 176|0x000000008b000000, 0x000000008b100000, 0x000000008b100000|100%| S|CS|TAMS 0x000000008b000000, 0x000000008b000000| Complete 
| 177|0x000000008b100000, 0x000000008b200000, 0x000000008b200000|100%| S|CS|TAMS 0x000000008b100000, 0x000000008b100000| Complete 
| 178|0x000000008b200000, 0x000000008b300000, 0x000000008b300000|100%| S|CS|TAMS 0x000000008b200000, 0x000000008b200000| Complete 
| 179|0x000000008b300000, 0x000000008b400000, 0x000000008b400000|100%| S|CS|TAMS 0x000000008b300000, 0x000000008b300000| Complete 
| 180|0x000000008b400000, 0x000000008b500000, 0x000000008b500000|100%| S|CS|TAMS 0x000000008b400000, 0x000000008b400000| Complete 
| 181|0x000000008b500000, 0x000000008b600000, 0x000000008b600000|100%| S|CS|TAMS 0x000000008b500000, 0x000000008b500000| Complete 
| 182|0x000000008b600000, 0x000000008b700000, 0x000000008b700000|100%| S|CS|TAMS 0x000000008b600000, 0x000000008b600000| Complete 
| 183|0x000000008b700000, 0x000000008b700000, 0x000000008b800000|  0%| F|  |TAMS 0x000000008b700000, 0x000000008b700000| Untracked 
| 184|0x000000008b800000, 0x000000008b800000, 0x000000008b900000|  0%| F|  |TAMS 0x000000008b800000, 0x000000008b800000| Untracked 
| 185|0x000000008b900000, 0x000000008b900000, 0x000000008ba00000|  0%| F|  |TAMS 0x000000008b900000, 0x000000008b900000| Untracked 
| 186|0x000000008ba00000, 0x000000008ba00000, 0x000000008bb00000|  0%| F|  |TAMS 0x000000008ba00000, 0x000000008ba00000| Untracked 
| 187|0x000000008bb00000, 0x000000008bb00000, 0x000000008bc00000|  0%| F|  |TAMS 0x000000008bb00000, 0x000000008bb00000| Untracked 
| 188|0x000000008bc00000, 0x000000008bc00000, 0x000000008bd00000|  0%| F|  |TAMS 0x000000008bc00000, 0x000000008bc00000| Untracked 
| 189|0x000000008bd00000, 0x000000008bd00000, 0x000000008be00000|  0%| F|  |TAMS 0x000000008bd00000, 0x000000008bd00000| Untracked 
| 190|0x000000008be00000, 0x000000008be00000, 0x000000008bf00000|  0%| F|  |TAMS 0x000000008be00000, 0x000000008be00000| Untracked 
| 191|0x000000008bf00000, 0x000000008bf00000, 0x000000008c000000|  0%| F|  |TAMS 0x000000008bf00000, 0x000000008bf00000| Untracked 
| 192|0x000000008c000000, 0x000000008c000000, 0x000000008c100000|  0%| F|  |TAMS 0x000000008c000000, 0x000000008c000000| Untracked 
| 193|0x000000008c100000, 0x000000008c100000, 0x000000008c200000|  0%| F|  |TAMS 0x000000008c100000, 0x000000008c100000| Untracked 
| 194|0x000000008c200000, 0x000000008c200000, 0x000000008c300000|  0%| F|  |TAMS 0x000000008c200000, 0x000000008c200000| Untracked 
| 195|0x000000008c300000, 0x000000008c300000, 0x000000008c400000|  0%| F|  |TAMS 0x000000008c300000, 0x000000008c300000| Untracked 
| 196|0x000000008c400000, 0x000000008c400000, 0x000000008c500000|  0%| F|  |TAMS 0x000000008c400000, 0x000000008c400000| Untracked 
| 197|0x000000008c500000, 0x000000008c500000, 0x000000008c600000|  0%| F|  |TAMS 0x000000008c500000, 0x000000008c500000| Untracked 
| 198|0x000000008c600000, 0x000000008c600000, 0x000000008c700000|  0%| F|  |TAMS 0x000000008c600000, 0x000000008c600000| Untracked 
| 199|0x000000008c700000, 0x000000008c700000, 0x000000008c800000|  0%| F|  |TAMS 0x000000008c700000, 0x000000008c700000| Untracked 
| 200|0x000000008c800000, 0x000000008c800000, 0x000000008c900000|  0%| F|  |TAMS 0x000000008c800000, 0x000000008c800000| Untracked 
| 201|0x000000008c900000, 0x000000008c900000, 0x000000008ca00000|  0%| F|  |TAMS 0x000000008c900000, 0x000000008c900000| Untracked 
| 202|0x000000008ca00000, 0x000000008ca00000, 0x000000008cb00000|  0%| F|  |TAMS 0x000000008ca00000, 0x000000008ca00000| Untracked 
| 203|0x000000008cb00000, 0x000000008cb00000, 0x000000008cc00000|  0%| F|  |TAMS 0x000000008cb00000, 0x000000008cb00000| Untracked 
| 204|0x000000008cc00000, 0x000000008cc00000, 0x000000008cd00000|  0%| F|  |TAMS 0x000000008cc00000, 0x000000008cc00000| Untracked 
| 205|0x000000008cd00000, 0x000000008cd00000, 0x000000008ce00000|  0%| F|  |TAMS 0x000000008cd00000, 0x000000008cd00000| Untracked 
| 206|0x000000008ce00000, 0x000000008ce00000, 0x000000008cf00000|  0%| F|  |TAMS 0x000000008ce00000, 0x000000008ce00000| Untracked 
| 207|0x000000008cf00000, 0x000000008cf00000, 0x000000008d000000|  0%| F|  |TAMS 0x000000008cf00000, 0x000000008cf00000| Untracked 
| 208|0x000000008d000000, 0x000000008d000000, 0x000000008d100000|  0%| F|  |TAMS 0x000000008d000000, 0x000000008d000000| Untracked 
| 209|0x000000008d100000, 0x000000008d100000, 0x000000008d200000|  0%| F|  |TAMS 0x000000008d100000, 0x000000008d100000| Untracked 
| 210|0x000000008d200000, 0x000000008d200000, 0x000000008d300000|  0%| F|  |TAMS 0x000000008d200000, 0x000000008d200000| Untracked 
| 211|0x000000008d300000, 0x000000008d300000, 0x000000008d400000|  0%| F|  |TAMS 0x000000008d300000, 0x000000008d300000| Untracked 
| 212|0x000000008d400000, 0x000000008d400000, 0x000000008d500000|  0%| F|  |TAMS 0x000000008d400000, 0x000000008d400000| Untracked 
| 213|0x000000008d500000, 0x000000008d500000, 0x000000008d600000|  0%| F|  |TAMS 0x000000008d500000, 0x000000008d500000| Untracked 
| 214|0x000000008d600000, 0x000000008d600000, 0x000000008d700000|  0%| F|  |TAMS 0x000000008d600000, 0x000000008d600000| Untracked 
| 215|0x000000008d700000, 0x000000008d700000, 0x000000008d800000|  0%| F|  |TAMS 0x000000008d700000, 0x000000008d700000| Untracked 
| 216|0x000000008d800000, 0x000000008d800000, 0x000000008d900000|  0%| F|  |TAMS 0x000000008d800000, 0x000000008d800000| Untracked 
| 217|0x000000008d900000, 0x000000008d900000, 0x000000008da00000|  0%| F|  |TAMS 0x000000008d900000, 0x000000008d900000| Untracked 
| 218|0x000000008da00000, 0x000000008da00000, 0x000000008db00000|  0%| F|  |TAMS 0x000000008da00000, 0x000000008da00000| Untracked 
| 219|0x000000008db00000, 0x000000008db00000, 0x000000008dc00000|  0%| F|  |TAMS 0x000000008db00000, 0x000000008db00000| Untracked 
| 220|0x000000008dc00000, 0x000000008dc00000, 0x000000008dd00000|  0%| F|  |TAMS 0x000000008dc00000, 0x000000008dc00000| Untracked 
| 221|0x000000008dd00000, 0x000000008dd00000, 0x000000008de00000|  0%| F|  |TAMS 0x000000008dd00000, 0x000000008dd00000| Untracked 
| 222|0x000000008de00000, 0x000000008de00000, 0x000000008df00000|  0%| F|  |TAMS 0x000000008de00000, 0x000000008de00000| Untracked 
| 223|0x000000008df00000, 0x000000008dff7010, 0x000000008e000000| 96%| E|  |TAMS 0x000000008df00000, 0x000000008df00000| Complete 
| 224|0x000000008e000000, 0x000000008e100000, 0x000000008e100000|100%| E|CS|TAMS 0x000000008e000000, 0x000000008e000000| Complete 
| 225|0x000000008e100000, 0x000000008e200000, 0x000000008e200000|100%| E|CS|TAMS 0x000000008e100000, 0x000000008e100000| Complete 
| 226|0x000000008e200000, 0x000000008e300000, 0x000000008e300000|100%| E|CS|TAMS 0x000000008e200000, 0x000000008e200000| Complete 
| 227|0x000000008e300000, 0x000000008e400000, 0x000000008e400000|100%| E|CS|TAMS 0x000000008e300000, 0x000000008e300000| Complete 
| 228|0x000000008e400000, 0x000000008e500000, 0x000000008e500000|100%| E|CS|TAMS 0x000000008e400000, 0x000000008e400000| Complete 
| 229|0x000000008e500000, 0x000000008e600000, 0x000000008e600000|100%| E|CS|TAMS 0x000000008e500000, 0x000000008e500000| Complete 
| 230|0x000000008e600000, 0x000000008e700000, 0x000000008e700000|100%| E|CS|TAMS 0x000000008e600000, 0x000000008e600000| Complete 
| 231|0x000000008e700000, 0x000000008e800000, 0x000000008e800000|100%| E|CS|TAMS 0x000000008e700000, 0x000000008e700000| Complete 
| 232|0x000000008e800000, 0x000000008e900000, 0x000000008e900000|100%| E|CS|TAMS 0x000000008e800000, 0x000000008e800000| Complete 
| 233|0x000000008e900000, 0x000000008ea00000, 0x000000008ea00000|100%| E|CS|TAMS 0x000000008e900000, 0x000000008e900000| Complete 
| 234|0x000000008ea00000, 0x000000008eb00000, 0x000000008eb00000|100%| E|  |TAMS 0x000000008ea00000, 0x000000008ea00000| Complete 
| 235|0x000000008eb00000, 0x000000008ec00000, 0x000000008ec00000|100%| E|CS|TAMS 0x000000008eb00000, 0x000000008eb00000| Complete 
| 236|0x000000008ec00000, 0x000000008ed00000, 0x000000008ed00000|100%| E|CS|TAMS 0x000000008ec00000, 0x000000008ec00000| Complete 
| 237|0x000000008ed00000, 0x000000008ee00000, 0x000000008ee00000|100%| E|CS|TAMS 0x000000008ed00000, 0x000000008ed00000| Complete 
| 238|0x000000008ee00000, 0x000000008ef00000, 0x000000008ef00000|100%| E|CS|TAMS 0x000000008ee00000, 0x000000008ee00000| Complete 
| 239|0x000000008ef00000, 0x000000008f000000, 0x000000008f000000|100%| E|CS|TAMS 0x000000008ef00000, 0x000000008ef00000| Complete 
| 240|0x000000008f000000, 0x000000008f100000, 0x000000008f100000|100%| E|CS|TAMS 0x000000008f000000, 0x000000008f000000| Complete 
| 241|0x000000008f100000, 0x000000008f200000, 0x000000008f200000|100%| E|CS|TAMS 0x000000008f100000, 0x000000008f100000| Complete 
| 242|0x000000008f200000, 0x000000008f300000, 0x000000008f300000|100%| E|CS|TAMS 0x000000008f200000, 0x000000008f200000| Complete 
| 243|0x000000008f300000, 0x000000008f400000, 0x000000008f400000|100%| E|CS|TAMS 0x000000008f300000, 0x000000008f300000| Complete 
| 244|0x000000008f400000, 0x000000008f500000, 0x000000008f500000|100%| E|CS|TAMS 0x000000008f400000, 0x000000008f400000| Complete 
| 245|0x000000008f500000, 0x000000008f600000, 0x000000008f600000|100%| E|CS|TAMS 0x000000008f500000, 0x000000008f500000| Complete 
| 246|0x000000008f600000, 0x000000008f700000, 0x000000008f700000|100%| E|CS|TAMS 0x000000008f600000, 0x000000008f600000| Complete 
| 247|0x000000008f700000, 0x000000008f800000, 0x000000008f800000|100%| E|CS|TAMS 0x000000008f700000, 0x000000008f700000| Complete 
| 248|0x000000008f800000, 0x000000008f900000, 0x000000008f900000|100%| E|CS|TAMS 0x000000008f800000, 0x000000008f800000| Complete 
| 249|0x000000008f900000, 0x000000008f9ffff8, 0x000000008fa00000| 99%| E|CS|TAMS 0x000000008f900000, 0x000000008f900000| Complete 
| 250|0x000000008fa00000, 0x000000008fb00000, 0x000000008fb00000|100%| E|CS|TAMS 0x000000008fa00000, 0x000000008fa00000| Complete 
| 251|0x000000008fb00000, 0x000000008fc00000, 0x000000008fc00000|100%| E|CS|TAMS 0x000000008fb00000, 0x000000008fb00000| Complete 
| 252|0x000000008fc00000, 0x000000008fd00000, 0x000000008fd00000|100%| E|CS|TAMS 0x000000008fc00000, 0x000000008fc00000| Complete 
| 253|0x000000008fd00000, 0x000000008fe00000, 0x000000008fe00000|100%| E|CS|TAMS 0x000000008fd00000, 0x000000008fd00000| Complete 
| 254|0x000000008fe00000, 0x000000008ff00000, 0x000000008ff00000|100%| E|CS|TAMS 0x000000008fe00000, 0x000000008fe00000| Complete 
| 255|0x000000008ff00000, 0x0000000090000000, 0x0000000090000000|100%| E|CS|TAMS 0x000000008ff00000, 0x000000008ff00000| Complete 
| 256|0x0000000090000000, 0x0000000090100000, 0x0000000090100000|100%| E|CS|TAMS 0x0000000090000000, 0x0000000090000000| Complete 
| 257|0x0000000090100000, 0x0000000090200000, 0x0000000090200000|100%| E|CS|TAMS 0x0000000090100000, 0x0000000090100000| Complete 
| 258|0x0000000090200000, 0x0000000090300000, 0x0000000090300000|100%| E|CS|TAMS 0x0000000090200000, 0x0000000090200000| Complete 
| 259|0x0000000090300000, 0x0000000090400000, 0x0000000090400000|100%| E|CS|TAMS 0x0000000090300000, 0x0000000090300000| Complete 
| 260|0x0000000090400000, 0x0000000090500000, 0x0000000090500000|100%| E|CS|TAMS 0x0000000090400000, 0x0000000090400000| Complete 
| 261|0x0000000090500000, 0x0000000090600000, 0x0000000090600000|100%| E|CS|TAMS 0x0000000090500000, 0x0000000090500000| Complete 
| 262|0x0000000090600000, 0x0000000090700000, 0x0000000090700000|100%| E|CS|TAMS 0x0000000090600000, 0x0000000090600000| Complete 
| 263|0x0000000090700000, 0x0000000090800000, 0x0000000090800000|100%| E|CS|TAMS 0x0000000090700000, 0x0000000090700000| Complete 
| 264|0x0000000090800000, 0x0000000090900000, 0x0000000090900000|100%| E|CS|TAMS 0x0000000090800000, 0x0000000090800000| Complete 
| 265|0x0000000090900000, 0x0000000090a00000, 0x0000000090a00000|100%| E|CS|TAMS 0x0000000090900000, 0x0000000090900000| Complete 
| 266|0x0000000090a00000, 0x0000000090b00000, 0x0000000090b00000|100%| E|CS|TAMS 0x0000000090a00000, 0x0000000090a00000| Complete 
| 267|0x0000000090b00000, 0x0000000090c00000, 0x0000000090c00000|100%| E|CS|TAMS 0x0000000090b00000, 0x0000000090b00000| Complete 
| 268|0x0000000090c00000, 0x0000000090d00000, 0x0000000090d00000|100%| E|CS|TAMS 0x0000000090c00000, 0x0000000090c00000| Complete 
| 269|0x0000000090d00000, 0x0000000090e00000, 0x0000000090e00000|100%| E|CS|TAMS 0x0000000090d00000, 0x0000000090d00000| Complete 
| 270|0x0000000090e00000, 0x0000000090f00000, 0x0000000090f00000|100%| E|CS|TAMS 0x0000000090e00000, 0x0000000090e00000| Complete 
| 271|0x0000000090f00000, 0x0000000091000000, 0x0000000091000000|100%| E|CS|TAMS 0x0000000090f00000, 0x0000000090f00000| Complete 
| 272|0x0000000091000000, 0x0000000091100000, 0x0000000091100000|100%| E|CS|TAMS 0x0000000091000000, 0x0000000091000000| Complete 
| 273|0x0000000091100000, 0x0000000091200000, 0x0000000091200000|100%| E|CS|TAMS 0x0000000091100000, 0x0000000091100000| Complete 
| 274|0x0000000091200000, 0x0000000091300000, 0x0000000091300000|100%| E|CS|TAMS 0x0000000091200000, 0x0000000091200000| Complete 
| 275|0x0000000091300000, 0x0000000091400000, 0x0000000091400000|100%| E|CS|TAMS 0x0000000091300000, 0x0000000091300000| Complete 
| 276|0x0000000091400000, 0x0000000091500000, 0x0000000091500000|100%| E|CS|TAMS 0x0000000091400000, 0x0000000091400000| Complete 
| 277|0x0000000091500000, 0x0000000091600000, 0x0000000091600000|100%| E|CS|TAMS 0x0000000091500000, 0x0000000091500000| Complete 
| 278|0x0000000091600000, 0x0000000091700000, 0x0000000091700000|100%| E|CS|TAMS 0x0000000091600000, 0x0000000091600000| Complete 
| 279|0x0000000091700000, 0x0000000091800000, 0x0000000091800000|100%| E|CS|TAMS 0x0000000091700000, 0x0000000091700000| Complete 
| 280|0x0000000091800000, 0x0000000091900000, 0x0000000091900000|100%| E|CS|TAMS 0x0000000091800000, 0x0000000091800000| Complete 
| 281|0x0000000091900000, 0x0000000091a00000, 0x0000000091a00000|100%| E|CS|TAMS 0x0000000091900000, 0x0000000091900000| Complete 
| 282|0x0000000091a00000, 0x0000000091b00000, 0x0000000091b00000|100%| E|CS|TAMS 0x0000000091a00000, 0x0000000091a00000| Complete 
| 283|0x0000000091b00000, 0x0000000091c00000, 0x0000000091c00000|100%| E|CS|TAMS 0x0000000091b00000, 0x0000000091b00000| Complete 
| 284|0x0000000091c00000, 0x0000000091d00000, 0x0000000091d00000|100%| E|CS|TAMS 0x0000000091c00000, 0x0000000091c00000| Complete 
| 285|0x0000000091d00000, 0x0000000091e00000, 0x0000000091e00000|100%| E|CS|TAMS 0x0000000091d00000, 0x0000000091d00000| Complete 
| 286|0x0000000091e00000, 0x0000000091f00000, 0x0000000091f00000|100%| E|CS|TAMS 0x0000000091e00000, 0x0000000091e00000| Complete 
| 287|0x0000000091f00000, 0x0000000092000000, 0x0000000092000000|100%| E|CS|TAMS 0x0000000091f00000, 0x0000000091f00000| Complete 
| 288|0x0000000092000000, 0x0000000092100000, 0x0000000092100000|100%| E|CS|TAMS 0x0000000092000000, 0x0000000092000000| Complete 
| 289|0x0000000092100000, 0x0000000092200000, 0x0000000092200000|100%| E|CS|TAMS 0x0000000092100000, 0x0000000092100000| Complete 
| 290|0x0000000092200000, 0x0000000092300000, 0x0000000092300000|100%| E|CS|TAMS 0x0000000092200000, 0x0000000092200000| Complete 
| 291|0x0000000092300000, 0x0000000092400000, 0x0000000092400000|100%| E|CS|TAMS 0x0000000092300000, 0x0000000092300000| Complete 
| 292|0x0000000092400000, 0x0000000092500000, 0x0000000092500000|100%| E|CS|TAMS 0x0000000092400000, 0x0000000092400000| Complete 
| 293|0x0000000092500000, 0x0000000092600000, 0x0000000092600000|100%| E|CS|TAMS 0x0000000092500000, 0x0000000092500000| Complete 
| 294|0x0000000092600000, 0x0000000092700000, 0x0000000092700000|100%| E|CS|TAMS 0x0000000092600000, 0x0000000092600000| Complete 
| 295|0x0000000092700000, 0x0000000092800000, 0x0000000092800000|100%| E|CS|TAMS 0x0000000092700000, 0x0000000092700000| Complete 
| 296|0x0000000092800000, 0x0000000092900000, 0x0000000092900000|100%| E|CS|TAMS 0x0000000092800000, 0x0000000092800000| Complete 
| 297|0x0000000092900000, 0x0000000092a00000, 0x0000000092a00000|100%| E|CS|TAMS 0x0000000092900000, 0x0000000092900000| Complete 
| 298|0x0000000092a00000, 0x0000000092b00000, 0x0000000092b00000|100%| E|CS|TAMS 0x0000000092a00000, 0x0000000092a00000| Complete 
| 299|0x0000000092b00000, 0x0000000092c00000, 0x0000000092c00000|100%| E|CS|TAMS 0x0000000092b00000, 0x0000000092b00000| Complete 
| 300|0x0000000092c00000, 0x0000000092d00000, 0x0000000092d00000|100%| E|CS|TAMS 0x0000000092c00000, 0x0000000092c00000| Complete 
| 301|0x0000000092d00000, 0x0000000092e00000, 0x0000000092e00000|100%| E|CS|TAMS 0x0000000092d00000, 0x0000000092d00000| Complete 
| 302|0x0000000092e00000, 0x0000000092f00000, 0x0000000092f00000|100%| E|CS|TAMS 0x0000000092e00000, 0x0000000092e00000| Complete 
| 303|0x0000000092f00000, 0x0000000093000000, 0x0000000093000000|100%| E|CS|TAMS 0x0000000092f00000, 0x0000000092f00000| Complete 
| 304|0x0000000093000000, 0x0000000093100000, 0x0000000093100000|100%| E|CS|TAMS 0x0000000093000000, 0x0000000093000000| Complete 
| 305|0x0000000093100000, 0x0000000093200000, 0x0000000093200000|100%| E|CS|TAMS 0x0000000093100000, 0x0000000093100000| Complete 
| 306|0x0000000093200000, 0x0000000093300000, 0x0000000093300000|100%| E|CS|TAMS 0x0000000093200000, 0x0000000093200000| Complete 
| 307|0x0000000093300000, 0x0000000093400000, 0x0000000093400000|100%| E|CS|TAMS 0x0000000093300000, 0x0000000093300000| Complete 
| 308|0x0000000093400000, 0x0000000093500000, 0x0000000093500000|100%| E|CS|TAMS 0x0000000093400000, 0x0000000093400000| Complete 
| 309|0x0000000093500000, 0x0000000093600000, 0x0000000093600000|100%| E|CS|TAMS 0x0000000093500000, 0x0000000093500000| Complete 
| 310|0x0000000093600000, 0x0000000093700000, 0x0000000093700000|100%| E|CS|TAMS 0x0000000093600000, 0x0000000093600000| Complete 
| 311|0x0000000093700000, 0x0000000093800000, 0x0000000093800000|100%| E|CS|TAMS 0x0000000093700000, 0x0000000093700000| Complete 
| 312|0x0000000093800000, 0x0000000093900000, 0x0000000093900000|100%| E|CS|TAMS 0x0000000093800000, 0x0000000093800000| Complete 
| 313|0x0000000093900000, 0x0000000093a00000, 0x0000000093a00000|100%| E|CS|TAMS 0x0000000093900000, 0x0000000093900000| Complete 
| 314|0x0000000093a00000, 0x0000000093b00000, 0x0000000093b00000|100%| E|CS|TAMS 0x0000000093a00000, 0x0000000093a00000| Complete 
| 315|0x0000000093b00000, 0x0000000093c00000, 0x0000000093c00000|100%| E|CS|TAMS 0x0000000093b00000, 0x0000000093b00000| Complete 
| 316|0x0000000093c00000, 0x0000000093d00000, 0x0000000093d00000|100%| E|CS|TAMS 0x0000000093c00000, 0x0000000093c00000| Complete 
| 317|0x0000000093d00000, 0x0000000093e00000, 0x0000000093e00000|100%| E|CS|TAMS 0x0000000093d00000, 0x0000000093d00000| Complete 
| 318|0x0000000093e00000, 0x0000000093f00000, 0x0000000093f00000|100%| E|CS|TAMS 0x0000000093e00000, 0x0000000093e00000| Complete 
| 319|0x0000000093f00000, 0x0000000094000000, 0x0000000094000000|100%| E|CS|TAMS 0x0000000093f00000, 0x0000000093f00000| Complete 
| 320|0x0000000094000000, 0x0000000094100000, 0x0000000094100000|100%| E|CS|TAMS 0x0000000094000000, 0x0000000094000000| Complete 

Card table byte_map: [0x000001f079ee0000,0x000001f07a2e0000] _byte_map_base: 0x000001f079ae0000

Marking Bits (Prev, Next): (CMBitMap*) 0x000001f066d003f0, (CMBitMap*) 0x000001f066d003b8
 Prev Bits: [0x000001f07c6e0000, 0x000001f07e6e0000)
 Next Bits: [0x000001f07a6e0000, 0x000001f07c6e0000)

Polling page: 0x000001f064ae0000

Metaspace:

Usage:
  Non-class:     89.04 MB capacity,    87.32 MB ( 98%) used,     1.43 MB (  2%) free+waste,   296.69 KB ( <1%) overhead. 
      Class:     13.83 MB capacity,    12.85 MB ( 93%) used,   867.13 KB (  6%) free+waste,   133.81 KB ( <1%) overhead. 
       Both:    102.86 MB capacity,   100.17 MB ( 97%) used,     2.27 MB (  2%) free+waste,   430.50 KB ( <1%) overhead. 

Virtual space:
  Non-class space:       90.00 MB reserved,      89.20 MB (>99%) committed 
      Class space:        1.00 GB reserved,      14.00 MB (  1%) committed 
             Both:        1.09 GB reserved,     103.20 MB (  9%) committed 

Chunk freelists:
   Non-Class:  102.00 KB
       Class:  81.00 KB
        Both:  183.00 KB

MaxMetaspaceSize: 17179869184.00 GB
CompressedClassSpaceSize: 1.00 GB

CodeHeap 'non-profiled nmethods': size=120000Kb used=8907Kb max_used=8907Kb free=111093Kb
 bounds [0x000001f072280000, 0x000001f072b40000, 0x000001f0797b0000]
CodeHeap 'profiled nmethods': size=120000Kb used=29963Kb max_used=29963Kb free=90036Kb
 bounds [0x000001f06ad50000, 0x000001f06caa0000, 0x000001f072280000]
CodeHeap 'non-nmethods': size=5760Kb used=2332Kb max_used=2389Kb free=3427Kb
 bounds [0x000001f06a7b0000, 0x000001f06aa20000, 0x000001f06ad50000]
 total_blobs=14294 nmethods=13354 adapters=851
 compilation: enabled
              stopped_count=0, restarted_count=0
 full_count=0

Compilation events (20 events):
Event: 93.188 Thread 0x000001f07f9f7000 nmethod 13353 0x000001f072b2b210 code [0x000001f072b2b3c0, 0x000001f072b2b6f8]
Event: 93.188 Thread 0x000001f07f9f7000 13426       4       java.util.concurrent.locks.AbstractQueuedSynchronizer::acquireInterruptibly (28 bytes)
Event: 93.197 Thread 0x000001f005317000 nmethod 13417 0x000001f072b2ba90 code [0x000001f072b2bca0, 0x000001f072b2cec0]
Event: 93.197 Thread 0x000001f005317000 13354   !   4       com.google.common.collect.RegularImmutableSortedSet::indexOf (35 bytes)
Event: 93.201 Thread 0x000001f005317000 nmethod 13354 0x000001f072b2d490 code [0x000001f072b2d660, 0x000001f072b2da18]
Event: 93.201 Thread 0x000001f005317000 13427       4       com.google.common.collect.ImmutableMap$Builder::sortEntries (156 bytes)
Event: 93.202 Thread 0x000001f005317000 nmethod 13427 0x000001f072b2dd90 code [0x000001f072b2df20, 0x000001f072b2df98]
Event: 93.202 Thread 0x000001f005317000 13357       4       org.gradle.internal.snapshot.SingletonChildMap::withNode (11 bytes)
Event: 93.203 Thread 0x000001f005317000 nmethod 13357 0x000001f072b2e010 code [0x000001f072b2e1c0, 0x000001f072b2e2c8]
Event: 93.203 Thread 0x000001f005317000 13351       4       org.gradle.internal.execution.impl.DefaultInputFingerprinter$InputCollectingVisitor::visitInputFileProperty (48 bytes)
Event: 93.212 Thread 0x000001f07f9f7000 nmethod 13426 0x000001f072b2e490 code [0x000001f072b2e6a0, 0x000001f072b2f6e0]
Event: 93.212 Thread 0x000001f07f9f7000 13356       4       org.gradle.internal.vfs.impl.DefaultSnapshotHierarchy::getMetadata (37 bytes)
Event: 93.213 Thread 0x000001f07f9fa800 13431   !   3       sun.nio.ch.FileChannelImpl::size (239 bytes)
Event: 93.213 Thread 0x000001f005317000 nmethod 13351 0x000001f072b2fb90 code [0x000001f072b2fd80, 0x000001f072b30588]
Event: 93.213 Thread 0x000001f005317000 13430       4       com.google.common.collect.CompactHashMap$EntrySetView::size (8 bytes)
Event: 93.214 Thread 0x000001f005317000 nmethod 13430 0x000001f072b30e10 code [0x000001f072b30fa0, 0x000001f072b31018]
Event: 93.214 Thread 0x000001f005317000 13355       4       org.gradle.internal.snapshot.SnapshotHierarchy::getSnapshot (38 bytes)
Event: 93.214 Thread 0x000001f07f9fa800 nmethod 13431 0x000001f06ca90c10 code [0x000001f06ca90f00, 0x000001f06ca91f38]
Event: 93.214 Thread 0x000001f07f9fa800 13432       3       sun.nio.ch.FileDispatcherImpl::size (5 bytes)
Event: 93.214 Thread 0x000001f07f9fa800 nmethod 13432 0x000001f06ca92710 code [0x000001f06ca928c0, 0x000001f06ca929e8]

GC Heap History (20 events):
Event: 91.926 GC heap before
{Heap before GC invocations=27 (full 0):
 garbage-first heap   total 260096K, used 210863K [0x0000000080000000, 0x0000000100000000)
  region size 1024K, 84 young (86016K), 1 survivors (1024K)
 Metaspace       used 95159K, capacity 97653K, committed 98380K, reserved 1134592K
  class space    used 12258K, capacity 13181K, committed 13440K, reserved 1048576K
}
Event: 91.929 GC heap after
{Heap after GC invocations=28 (full 0):
 garbage-first heap   total 260096K, used 127775K [0x0000000080000000, 0x0000000100000000)
  region size 1024K, 2 young (2048K), 2 survivors (2048K)
 Metaspace       used 95159K, capacity 97653K, committed 98380K, reserved 1134592K
  class space    used 12258K, capacity 13181K, committed 13440K, reserved 1048576K
}
Event: 92.010 GC heap before
{Heap before GC invocations=28 (full 0):
 garbage-first heap   total 260096K, used 214815K [0x0000000080000000, 0x0000000100000000)
  region size 1024K, 87 young (89088K), 2 survivors (2048K)
 Metaspace       used 95174K, capacity 97653K, committed 98380K, reserved 1134592K
  class space    used 12258K, capacity 13181K, committed 13440K, reserved 1048576K
}
Event: 92.013 GC heap after
{Heap after GC invocations=29 (full 0):
 garbage-first heap   total 260096K, used 130097K [0x0000000080000000, 0x0000000100000000)
  region size 1024K, 5 young (5120K), 5 survivors (5120K)
 Metaspace       used 95174K, capacity 97653K, committed 98380K, reserved 1134592K
  class space    used 12258K, capacity 13181K, committed 13440K, reserved 1048576K
}
Event: 92.083 GC heap before
{Heap before GC invocations=30 (full 0):
 garbage-first heap   total 260096K, used 216113K [0x0000000080000000, 0x0000000100000000)
  region size 1024K, 89 young (91136K), 5 survivors (5120K)
 Metaspace       used 95180K, capacity 97719K, committed 98380K, reserved 1134592K
  class space    used 12258K, capacity 13181K, committed 13440K, reserved 1048576K
}
Event: 92.085 GC heap after
{Heap after GC invocations=31 (full 0):
 garbage-first heap   total 260096K, used 129773K [0x0000000080000000, 0x0000000100000000)
  region size 1024K, 4 young (4096K), 4 survivors (4096K)
 Metaspace       used 95180K, capacity 97719K, committed 98380K, reserved 1134592K
  class space    used 12258K, capacity 13181K, committed 13440K, reserved 1048576K
}
Event: 92.090 GC heap before
{Heap before GC invocations=31 (full 0):
 garbage-first heap   total 260096K, used 137965K [0x0000000080000000, 0x0000000100000000)
  region size 1024K, 12 young (12288K), 4 survivors (4096K)
 Metaspace       used 95183K, capacity 97719K, committed 98380K, reserved 1134592K
  class space    used 12258K, capacity 13181K, committed 13440K, reserved 1048576K
}
Event: 92.092 GC heap after
{Heap after GC invocations=32 (full 0):
 garbage-first heap   total 260096K, used 126166K [0x0000000080000000, 0x0000000100000000)
  region size 1024K, 1 young (1024K), 1 survivors (1024K)
 Metaspace       used 95183K, capacity 97719K, committed 98380K, reserved 1134592K
  class space    used 12258K, capacity 13181K, committed 13440K, reserved 1048576K
}
Event: 92.147 GC heap before
{Heap before GC invocations=32 (full 0):
 garbage-first heap   total 260096K, used 216278K [0x0000000080000000, 0x0000000100000000)
  region size 1024K, 90 young (92160K), 1 survivors (1024K)
 Metaspace       used 95197K, capacity 97719K, committed 98380K, reserved 1134592K
  class space    used 12258K, capacity 13181K, committed 13440K, reserved 1048576K
}
Event: 92.149 GC heap after
{Heap after GC invocations=33 (full 0):
 garbage-first heap   total 260096K, used 128160K [0x0000000080000000, 0x0000000100000000)
  region size 1024K, 3 young (3072K), 3 survivors (3072K)
 Metaspace       used 95197K, capacity 97719K, committed 98380K, reserved 1134592K
  class space    used 12258K, capacity 13181K, committed 13440K, reserved 1048576K
}
Event: 92.216 GC heap before
{Heap before GC invocations=33 (full 0):
 garbage-first heap   total 260096K, used 218272K [0x0000000080000000, 0x0000000100000000)
  region size 1024K, 92 young (94208K), 3 survivors (3072K)
 Metaspace       used 95201K, capacity 97719K, committed 98380K, reserved 1134592K
  class space    used 12258K, capacity 13181K, committed 13440K, reserved 1048576K
}
Event: 92.219 GC heap after
{Heap after GC invocations=34 (full 0):
 garbage-first heap   total 260096K, used 131638K [0x0000000080000000, 0x0000000100000000)
  region size 1024K, 6 young (6144K), 6 survivors (6144K)
 Metaspace       used 95201K, capacity 97719K, committed 98380K, reserved 1134592K
  class space    used 12258K, capacity 13181K, committed 13440K, reserved 1048576K
}
Event: 92.298 GC heap before
{Heap before GC invocations=35 (full 0):
 garbage-first heap   total 260096K, used 220726K [0x0000000080000000, 0x0000000100000000)
  region size 1024K, 93 young (95232K), 6 survivors (6144K)
 Metaspace       used 95202K, capacity 97719K, committed 98380K, reserved 1134592K
  class space    used 12258K, capacity 13181K, committed 13440K, reserved 1048576K
}
Event: 92.302 GC heap after
{Heap after GC invocations=36 (full 0):
 garbage-first heap   total 328704K, used 132075K [0x0000000080000000, 0x0000000100000000)
  region size 1024K, 7 young (7168K), 7 survivors (7168K)
 Metaspace       used 95202K, capacity 97719K, committed 98380K, reserved 1134592K
  class space    used 12258K, capacity 13181K, committed 13440K, reserved 1048576K
}
Event: 92.309 GC heap before
{Heap before GC invocations=36 (full 0):
 garbage-first heap   total 328704K, used 140267K [0x0000000080000000, 0x0000000100000000)
  region size 1024K, 16 young (16384K), 7 survivors (7168K)
 Metaspace       used 95203K, capacity 97719K, committed 98380K, reserved 1134592K
  class space    used 12258K, capacity 13181K, committed 13440K, reserved 1048576K
}
Event: 92.312 GC heap after
{Heap after GC invocations=37 (full 0):
 garbage-first heap   total 328704K, used 130081K [0x0000000080000000, 0x0000000100000000)
  region size 1024K, 2 young (2048K), 2 survivors (2048K)
 Metaspace       used 95203K, capacity 97719K, committed 98380K, reserved 1134592K
  class space    used 12258K, capacity 13181K, committed 13440K, reserved 1048576K
}
Event: 92.407 GC heap before
{Heap before GC invocations=37 (full 0):
 garbage-first heap   total 328704K, used 265249K [0x0000000080000000, 0x0000000100000000)
  region size 1024K, 134 young (137216K), 2 survivors (2048K)
 Metaspace       used 95204K, capacity 97719K, committed 98380K, reserved 1134592K
  class space    used 12258K, capacity 13181K, committed 13440K, reserved 1048576K
}
Event: 92.408 GC heap after
{Heap after GC invocations=38 (full 0):
 garbage-first heap   total 328704K, used 132464K [0x0000000080000000, 0x0000000100000000)
  region size 1024K, 4 young (4096K), 4 survivors (4096K)
 Metaspace       used 95204K, capacity 97719K, committed 98380K, reserved 1134592K
  class space    used 12258K, capacity 13181K, committed 13440K, reserved 1048576K
}
Event: 92.561 GC heap before
{Heap before GC invocations=38 (full 0):
 garbage-first heap   total 328704K, used 269680K [0x0000000080000000, 0x0000000100000000)
  region size 1024K, 138 young (141312K), 4 survivors (4096K)
 Metaspace       used 95250K, capacity 97725K, committed 98380K, reserved 1134592K
  class space    used 12266K, capacity 13183K, committed 13440K, reserved 1048576K
}
Event: 92.563 GC heap after
{Heap after GC invocations=39 (full 0):
 garbage-first heap   total 328704K, used 136990K [0x0000000080000000, 0x0000000100000000)
  region size 1024K, 9 young (9216K), 9 survivors (9216K)
 Metaspace       used 95250K, capacity 97725K, committed 98380K, reserved 1134592K
  class space    used 12266K, capacity 13183K, committed 13440K, reserved 1048576K
}

Deoptimization events (20 events):
Event: 93.142 Thread 0x000001f0055ca800 DEOPT PACKING pc=0x000001f072b20800 sp=0x000000c58ecfe690
Event: 93.142 Thread 0x000001f0055c4800 DEOPT PACKING pc=0x000001f072b20800 sp=0x000000c58eafe290
Event: 93.142 Thread 0x000001f0055bf000 Uncommon trap: reason=null_check action=make_not_entrant pc=0x000001f072b20800 method=org.gradle.tooling.internal.provider.runner.SubtreeFilteringBuildOperationListener.finished(Lorg/gradle/internal/operations/BuildOperationDescriptor;Lorg/gradle/internal
Event: 93.142 Thread 0x000001f0055c8000 DEOPT PACKING pc=0x000001f072b20800 sp=0x000000c58effe5d0
Event: 93.142 Thread 0x000001f0055bf000 DEOPT PACKING pc=0x000001f072b20800 sp=0x000000c58ebfe1c0
Event: 93.142 Thread 0x000001f0055c6000 Uncommon trap: reason=null_check action=make_not_entrant pc=0x000001f072b20800 method=org.gradle.tooling.internal.provider.runner.SubtreeFilteringBuildOperationListener.finished(Lorg/gradle/internal/operations/BuildOperationDescriptor;Lorg/gradle/internal
Event: 93.142 Thread 0x000001f0055c4800 DEOPT UNPACKING pc=0x000001f06a7b83af sp=0x000000c58eafe228 mode 2
Event: 93.142 Thread 0x000001f0055c6000 DEOPT PACKING pc=0x000001f072b20800 sp=0x000000c58eefe310
Event: 93.142 Thread 0x000001f0055c8000 DEOPT UNPACKING pc=0x000001f06a7b83af sp=0x000000c58effe568 mode 2
Event: 93.142 Thread 0x000001f0055bf000 DEOPT UNPACKING pc=0x000001f06a7b83af sp=0x000000c58ebfe158 mode 2
Event: 93.142 Thread 0x000001f0055c6000 DEOPT UNPACKING pc=0x000001f06a7b83af sp=0x000000c58eefe2a8 mode 2
Event: 93.142 Thread 0x000001f0055ca800 DEOPT UNPACKING pc=0x000001f06a7b83af sp=0x000000c58ecfe628 mode 2
Event: 93.163 Thread 0x000001f0055c4800 Uncommon trap: trap_request=0xfffffff4 fr.pc=0x000001f072b23f40 relative=0x0000000000000e40
Event: 93.163 Thread 0x000001f0055c4800 Uncommon trap: reason=null_check action=make_not_entrant pc=0x000001f072b23f40 method=org.gradle.tooling.internal.provider.runner.SubtreeFilteringBuildOperationListener.started(Lorg/gradle/internal/operations/BuildOperationDescriptor;Lorg/gradle/internal/
Event: 93.163 Thread 0x000001f0055c9800 Uncommon trap: trap_request=0xfffffff4 fr.pc=0x000001f072b23f40 relative=0x0000000000000e40
Event: 93.163 Thread 0x000001f0055c4800 DEOPT PACKING pc=0x000001f072b23f40 sp=0x000000c58eafe3b0
Event: 93.163 Thread 0x000001f0055c9800 Uncommon trap: reason=null_check action=make_not_entrant pc=0x000001f072b23f40 method=org.gradle.tooling.internal.provider.runner.SubtreeFilteringBuildOperationListener.started(Lorg/gradle/internal/operations/BuildOperationDescriptor;Lorg/gradle/internal/
Event: 93.163 Thread 0x000001f0055c9800 DEOPT PACKING pc=0x000001f072b23f40 sp=0x000000c58f0fe190
Event: 93.163 Thread 0x000001f0055c9800 DEOPT UNPACKING pc=0x000001f06a7b83af sp=0x000000c58f0fe150 mode 2
Event: 93.163 Thread 0x000001f0055c4800 DEOPT UNPACKING pc=0x000001f06a7b83af sp=0x000000c58eafe370 mode 2

Classes redefined (0 events):
No events

Internal exceptions (20 events):
Event: 92.882 Thread 0x000001f07fade800 Exception <a 'java/security/PrivilegedActionException'{0x00000000913c2968}> (0x00000000913c2968) thrown at [./src/hotspot/share/prims/jvm.cpp, line 1306]
Event: 92.882 Thread 0x000001f07fade800 Exception <a 'java/security/PrivilegedActionException'{0x00000000913c3980}> (0x00000000913c3980) thrown at [./src/hotspot/share/prims/jvm.cpp, line 1306]
Event: 92.882 Thread 0x000001f07fade800 Exception <a 'java/security/PrivilegedActionException'{0x00000000913c6168}> (0x00000000913c6168) thrown at [./src/hotspot/share/prims/jvm.cpp, line 1306]
Event: 92.882 Thread 0x000001f07fade800 Exception <a 'java/security/PrivilegedActionException'{0x00000000913c7180}> (0x00000000913c7180) thrown at [./src/hotspot/share/prims/jvm.cpp, line 1306]
Event: 92.882 Thread 0x000001f07fade800 Exception <a 'java/security/PrivilegedActionException'{0x00000000913c9c58}> (0x00000000913c9c58) thrown at [./src/hotspot/share/prims/jvm.cpp, line 1306]
Event: 92.882 Thread 0x000001f07fade800 Exception <a 'java/security/PrivilegedActionException'{0x00000000913cac70}> (0x00000000913cac70) thrown at [./src/hotspot/share/prims/jvm.cpp, line 1306]
Event: 93.078 Thread 0x000001f07fade800 Exception <a 'sun/nio/fs/WindowsException'{0x00000000900b2318}> (0x00000000900b2318) thrown at [./src/hotspot/share/prims/jni.cpp, line 615]
Event: 93.078 Thread 0x000001f07fade800 Exception <a 'sun/nio/fs/WindowsException'{0x00000000900b2420}> (0x00000000900b2420) thrown at [./src/hotspot/share/prims/jni.cpp, line 615]
Event: 93.079 Thread 0x000001f07fade800 Implicit null exception at 0x000001f07240d32c to 0x000001f07240d5b0
Event: 93.084 Thread 0x000001f07fade800 Implicit null exception at 0x000001f07242d51b to 0x000001f07242de7c
Event: 93.085 Thread 0x000001f07fade800 Exception <a 'java/lang/reflect/InvocationTargetException'{0x000000008ff05190}> (0x000000008ff05190) thrown at [./src/hotspot/share/runtime/reflection.cpp, line 1247]
Event: 93.096 Thread 0x000001f0088a3000 Exception <a 'java/lang/NoSuchMethodError'{0x000000008fd9ef00}: <clinit>> (0x000000008fd9ef00) thrown at [./src/hotspot/share/prims/jni.cpp, line 1362]
Event: 93.100 Thread 0x000001f0088a3000 Exception <a 'java/lang/NoSuchMethodError'{0x000000008fdb7eb0}: <clinit>> (0x000000008fdb7eb0) thrown at [./src/hotspot/share/prims/jni.cpp, line 1362]
Event: 93.142 Thread 0x000001f0055c8000 Implicit null exception at 0x000001f072b203d2 to 0x000001f072b207d8
Event: 93.142 Thread 0x000001f0055c6000 Implicit null exception at 0x000001f072b203d2 to 0x000001f072b207d8
Event: 93.142 Thread 0x000001f0055bf000 Implicit null exception at 0x000001f072b203d2 to 0x000001f072b207d8
Event: 93.142 Thread 0x000001f0055ca800 Implicit null exception at 0x000001f072b203d2 to 0x000001f072b207d8
Event: 93.142 Thread 0x000001f0055c4800 Implicit null exception at 0x000001f072b203d2 to 0x000001f072b207d8
Event: 93.163 Thread 0x000001f0055c4800 Implicit null exception at 0x000001f072b2331c to 0x000001f072b23f1c
Event: 93.163 Thread 0x000001f0055c9800 Implicit null exception at 0x000001f072b2331c to 0x000001f072b23f1c

Events (20 events):
Event: 93.096 Executing VM operation: RevokeBias done
Event: 93.096 Executing VM operation: RevokeBias
Event: 93.096 Executing VM operation: RevokeBias done
Event: 93.096 Executing VM operation: RevokeBias
Event: 93.096 Executing VM operation: RevokeBias done
Event: 93.096 Executing VM operation: RevokeBias
Event: 93.096 Executing VM operation: RevokeBias done
Event: 93.096 Executing VM operation: RevokeBias
Event: 93.096 Executing VM operation: RevokeBias done
Event: 93.096 Executing VM operation: RevokeBias
Event: 93.096 Executing VM operation: RevokeBias done
Event: 93.096 Executing VM operation: BulkRevokeBias
Event: 93.097 Executing VM operation: BulkRevokeBias done
Event: 93.102 Executing VM operation: RevokeBias
Event: 93.103 Executing VM operation: RevokeBias done
Event: 93.152 Executing VM operation: RevokeBias
Event: 93.152 Executing VM operation: RevokeBias done
Event: 93.214 Thread 0x000001f07f9fb800 flushing nmethod 0x000001f0722eb490
Event: 93.214 Thread 0x000001f07f9fb800 flushing nmethod 0x000001f0722ff190
Event: 93.214 Thread 0x000001f07f9fb800 flushing nmethod 0x000001f0723ce590


Dynamic libraries:
0x00007ff736ec0000 - 0x00007ff736eca000 	C:\Program Files\Android\Android Studio\jre\bin\java.exe
0x00007ff90c720000 - 0x00007ff90c927000 	C:\windows\SYSTEM32\ntdll.dll
0x00007ff90b640000 - 0x00007ff90b6fd000 	C:\windows\System32\KERNEL32.DLL
0x00007ff909c00000 - 0x00007ff909f74000 	C:\windows\System32\KERNELBASE.dll
0x00007ff909ff0000 - 0x00007ff90a101000 	C:\windows\System32\ucrtbase.dll
0x00007ff9018d0000 - 0x00007ff9018e7000 	C:\Program Files\Android\Android Studio\jre\bin\VCRUNTIME140.dll
0x00007ff8f71c0000 - 0x00007ff8f71d9000 	C:\Program Files\Android\Android Studio\jre\bin\jli.dll
0x00007ff90b420000 - 0x00007ff90b5cc000 	C:\windows\System32\USER32.dll
0x00007ff90a1b0000 - 0x00007ff90a1d6000 	C:\windows\System32\win32u.dll
0x00007ff90b7f0000 - 0x00007ff90b819000 	C:\windows\System32\GDI32.dll
0x00007ff90a490000 - 0x00007ff90a5a2000 	C:\windows\System32\gdi32full.dll
0x00007ff8ed3b0000 - 0x00007ff8ed655000 	C:\windows\WinSxS\amd64_microsoft.windows.common-controls_6595b64144ccf1df_6.0.22000.120_none_9d947278b86cc467\COMCTL32.dll
0x00007ff90a110000 - 0x00007ff90a1ad000 	C:\windows\System32\msvcp_win.dll
0x00007ff90c630000 - 0x00007ff90c6d3000 	C:\windows\System32\msvcrt.dll
0x00007ff90bbb0000 - 0x00007ff90bbe1000 	C:\windows\System32\IMM32.DLL
0x00007ff8d1a50000 - 0x00007ff8d1aed000 	C:\Program Files\Android\Android Studio\jre\bin\msvcp140.dll
0x00007ff87f8b0000 - 0x00007ff88037f000 	C:\Program Files\Android\Android Studio\jre\bin\server\jvm.dll
0x00007ff90a640000 - 0x00007ff90a6ec000 	C:\windows\System32\ADVAPI32.dll
0x00007ff90a6f0000 - 0x00007ff90a78d000 	C:\windows\System32\sechost.dll
0x00007ff90c360000 - 0x00007ff90c481000 	C:\windows\System32\RPCRT4.dll
0x00007ff90a630000 - 0x00007ff90a638000 	C:\windows\System32\PSAPI.DLL
0x00007ff900030000 - 0x00007ff900039000 	C:\windows\SYSTEM32\WSOCK32.dll
0x00007ff8f4e90000 - 0x00007ff8f4e9a000 	C:\windows\SYSTEM32\VERSION.dll
0x00007ff8f50d0000 - 0x00007ff8f5103000 	C:\windows\SYSTEM32\WINMM.dll
0x00007ff90b5d0000 - 0x00007ff90b63f000 	C:\windows\System32\WS2_32.dll
0x00007ff908e20000 - 0x00007ff908e38000 	C:\windows\SYSTEM32\kernel.appcore.dll
0x00007ff8fc790000 - 0x00007ff8fc7a1000 	C:\Program Files\Android\Android Studio\jre\bin\verify.dll
0x00007ff9075b0000 - 0x00007ff9077d1000 	C:\windows\SYSTEM32\DBGHELP.DLL
0x00007ff9015f0000 - 0x00007ff901621000 	C:\windows\SYSTEM32\dbgcore.DLL
0x00007ff90a1e0000 - 0x00007ff90a260000 	C:\windows\System32\bcryptPrimitives.dll
0x00007ff8ef6c0000 - 0x00007ff8ef6e9000 	C:\Program Files\Android\Android Studio\jre\bin\java.dll
0x00007ff8fe510000 - 0x00007ff8fe51b000 	C:\Program Files\Android\Android Studio\jre\bin\jimage.dll
0x00007ff8f5550000 - 0x00007ff8f5568000 	C:\Program Files\Android\Android Studio\jre\bin\zip.dll
0x00007ff90a790000 - 0x00007ff90af39000 	C:\windows\System32\SHELL32.dll
0x00007ff907dc0000 - 0x00007ff908622000 	C:\windows\SYSTEM32\windows.storage.dll
0x00007ff90bbf0000 - 0x00007ff90bf68000 	C:\windows\System32\combase.dll
0x00007ff907c50000 - 0x00007ff907db6000 	C:\windows\SYSTEM32\wintypes.dll
0x00007ff90b700000 - 0x00007ff90b7ea000 	C:\windows\System32\SHCORE.dll
0x00007ff90c140000 - 0x00007ff90c19d000 	C:\windows\System32\shlwapi.dll
0x00007ff909b30000 - 0x00007ff909b51000 	C:\windows\SYSTEM32\profapi.dll
0x00007ff8f5510000 - 0x00007ff8f552a000 	C:\Program Files\Android\Android Studio\jre\bin\net.dll
0x00007ff8ff700000 - 0x00007ff8ff80c000 	C:\windows\SYSTEM32\WINHTTP.dll
0x00007ff909230000 - 0x00007ff909297000 	C:\windows\system32\mswsock.dll
0x00007ff8f0320000 - 0x00007ff8f0334000 	C:\Program Files\Android\Android Studio\jre\bin\nio.dll
0x00007ff8ed020000 - 0x00007ff8ed047000 	C:\Users\CS_ra\.gradle\native\8bec1ad78214c89d9ad589b4d07fe93259594b29d510b10fafb7a158f7737e5d\windows-amd64\native-platform.dll
0x00007ff8bbb80000 - 0x00007ff8bbcbd000 	C:\Users\CS_ra\.gradle\native\53dbd7edfb1c66fb8903c78663c9afc45aea4f116125fa6feffd364cf09443e8\windows-amd64\native-platform-file-events.dll
0x00007ff8fe4f0000 - 0x00007ff8fe4fa000 	C:\Program Files\Android\Android Studio\jre\bin\management.dll
0x00007ff8fe350000 - 0x00007ff8fe35c000 	C:\Program Files\Android\Android Studio\jre\bin\management_ext.dll
0x00007ff909470000 - 0x00007ff909488000 	C:\windows\SYSTEM32\CRYPTSP.dll
0x00007ff908d80000 - 0x00007ff908db5000 	C:\windows\system32\rsaenh.dll
0x00007ff909320000 - 0x00007ff909349000 	C:\windows\SYSTEM32\USERENV.dll
0x00007ff9095f0000 - 0x00007ff909617000 	C:\windows\SYSTEM32\bcrypt.dll
0x00007ff909490000 - 0x00007ff90949c000 	C:\windows\SYSTEM32\CRYPTBASE.dll
0x00007ff9088e0000 - 0x00007ff90890d000 	C:\windows\SYSTEM32\IPHLPAPI.DLL
0x00007ff90bb10000 - 0x00007ff90bb19000 	C:\windows\System32\NSI.dll
0x00007ff8ff610000 - 0x00007ff8ff629000 	C:\windows\SYSTEM32\dhcpcsvc6.DLL
0x00007ff8ff9d0000 - 0x00007ff8ff9ee000 	C:\windows\SYSTEM32\dhcpcsvc.DLL
0x00007ff908910000 - 0x00007ff9089f7000 	C:\windows\SYSTEM32\DNSAPI.dll
0x00007ff8ee9b0000 - 0x00007ff8ee9d7000 	C:\Program Files\Android\Android Studio\jre\bin\sunec.dll
0x00007ff8ec500000 - 0x00007ff8ec51e000 	C:\Users\CS_ra\AppData\Local\Temp\native-platform2639144091886293704dir\native-platform.dll
0x00007ff8fc640000 - 0x00007ff8fc648000 	C:\Program Files\Android\Android Studio\jre\bin\rmi.dll
0x00007ff9035f0000 - 0x00007ff903624000 	C:\windows\SYSTEM32\ntmarta.dll

dbghelp: loaded successfully - version: 4.0.5 - missing functions: none
symbol engine: initialized successfully - sym options: 0x614 - pdb path: .;C:\Program Files\Android\Android Studio\jre\bin;C:\windows\SYSTEM32;C:\windows\WinSxS\amd64_microsoft.windows.common-controls_6595b64144ccf1df_6.0.22000.120_none_9d947278b86cc467;C:\Program Files\Android\Android Studio\jre\bin\server;C:\Users\CS_ra\.gradle\native\8bec1ad78214c89d9ad589b4d07fe93259594b29d510b10fafb7a158f7737e5d\windows-amd64;C:\Users\CS_ra\.gradle\native\53dbd7edfb1c66fb8903c78663c9afc45aea4f116125fa6feffd364cf09443e8\windows-amd64;C:\Users\CS_ra\AppData\Local\Temp\native-platform2639144091886293704dir

VM Arguments:
jvm_args: --add-opens=java.base/java.util=ALL-UNNAMED --add-opens=java.base/java.lang=ALL-UNNAMED --add-opens=java.base/java.lang.invoke=ALL-UNNAMED --add-opens=java.base/java.util=ALL-UNNAMED --add-opens=java.prefs/java.util.prefs=ALL-UNNAMED --add-opens=java.prefs/java.util.prefs=ALL-UNNAMED --add-opens=java.base/java.nio.charset=ALL-UNNAMED --add-opens=java.base/java.net=ALL-UNNAMED --add-opens=java.base/java.util.concurrent.atomic=ALL-UNNAMED -Xmx2048m -Dfile.encoding=UTF-8 -Duser.country=GB -Duser.language=en -Duser.variant 
java_command: org.gradle.launcher.daemon.bootstrap.GradleDaemon 7.0.2
java_class_path (initial): C:\Users\CS_ra\.gradle\wrapper\dists\gradle-7.0.2-bin\857tjihv64xamwrf0h14cai3r\gradle-7.0.2\lib\gradle-launcher-7.0.2.jar
Launcher Type: SUN_STANDARD

[Global flags]
     intx CICompilerCount                          = 4                                         {product} {ergonomic}
     uint ConcGCThreads                            = 2                                         {product} {ergonomic}
     uint G1ConcRefinementThreads                  = 8                                         {product} {ergonomic}
   size_t G1HeapRegionSize                         = 1048576                                   {product} {ergonomic}
    uintx GCDrainStackTargetSize                   = 64                                        {product} {ergonomic}
   size_t InitialHeapSize                          = 266338304                                 {product} {ergonomic}
   size_t MarkStackSize                            = 4194304                                   {product} {ergonomic}
   size_t MaxHeapSize                              = 2147483648                                {product} {command line}
   size_t MaxNewSize                               = 1287651328                                {product} {ergonomic}
   size_t MinHeapDeltaBytes                        = 1048576                                   {product} {ergonomic}
    uintx NonNMethodCodeHeapSize                   = 5836300                                {pd product} {ergonomic}
    uintx NonProfiledCodeHeapSize                  = 122910970                              {pd product} {ergonomic}
    uintx ProfiledCodeHeapSize                     = 122910970                              {pd product} {ergonomic}
    uintx ReservedCodeCacheSize                    = 251658240                              {pd product} {ergonomic}
     bool SegmentedCodeCache                       = true                                      {product} {ergonomic}
     bool UseCompressedClassPointers               = true                                 {lp64_product} {ergonomic}
     bool UseCompressedOops                        = true                                 {lp64_product} {ergonomic}
     bool UseG1GC                                  = true                                      {product} {ergonomic}
     bool UseLargePagesIndividualAllocation        = false                                  {pd product} {ergonomic}

Logging:
Log output configuration:
 #0: stdout all=warning uptime,level,tags
 #1: stderr all=off uptime,level,tags

Environment Variables:
PATH=C:\windows\system32;C:\windows;C:\windows\System32\Wbem;C:\windows\System32\WindowsPowerShell\v1.0\;C:\windows\System32\OpenSSH\;C:\Program Files (x86)\NVIDIA Corporation\PhysX\Common;C:\Program Files\NVIDIA Corporation\NVIDIA NvDLISR;C:\Program Files\Git\cmd;C:\Users\CS_ra\AppData\Local\Microsoft\WindowsApps;C:\Users\CS_ra\AppData\Local\gitkraken\bin
USERNAME=rnthuwayni
OS=Windows_NT
PROCESSOR_IDENTIFIER=Intel64 Family 6 Model 140 Stepping 1, GenuineIntel



---------------  S Y S T E M  ---------------

OS: Windows 10 , 64 bit Build 22000 (10.0.22000.120)
OS uptime: 47 days 13:50 hours

CPU:total 8 (initial active 8) (4 cores per cpu, 2 threads per core) family 6 model 140 stepping 1 microcode 0x86, cmov, cx8, fxsr, mmx, sse, sse2, sse3, ssse3, sse4.1, sse4.2, popcnt, avx, avx2, aes, clmul, erms, 3dnowpref, lzcnt, ht, tsc, tscinvbit, bmi1, bmi2, adx, evex, sha, fma

Memory: 4k page, system-wide physical 16149M (473M free)
TotalPageFile size 65301M (AvailPageFile size 0M)
current process WorkingSet (physical memory assigned to process): 628M, peak: 628M
current process commit charge ("private bytes"): 665M, peak: 666M

vm_info: OpenJDK 64-Bit Server VM (11.0.10+0-b96-7249189) for windows-amd64 JRE (11.0.10+0-b96-7249189), built on Mar 31 2021 21:44:00 by "builder" with MS VC++ 14.0 (VS2015)

END.
