#
# There is insufficient memory for the Java Runtime Environment to continue.
# Native memory allocation (mmap) failed to map 266338304 bytes for Failed to commit area from 0x0000000703a00000 to 0x0000000713800000 of length 266338304.
# Possible reasons:
#   The system is out of physical RAM or swap space
#   The process is running with CompressedOops enabled, and the Java Heap may be blocking the growth of the native heap
# Possible solutions:
#   Reduce memory load on the system
#   Increase physical memory or swap space
#   Check if swap backing store is full
#   Decrease Java heap size (-Xmx/-Xms)
#   Decrease number of Java threads
#   Decrease Java thread stack sizes (-Xss)
#   Set larger code cache with -XX:ReservedCodeCacheSize=
# This output file may be truncated or incomplete.
#
#  Out of Memory Error (./src/hotspot/os/windows/os_windows.cpp:3301), pid=49096, tid=952
#
# JRE version:  (11.0.10) (build )
# Java VM: OpenJDK 64-Bit Server VM (11.0.10+0-b96-7249189, mixed mode, sharing, tiered, compressed oops, g1 gc, windows-amd64)
# No core dump will be written. Minidumps are not enabled by default on client versions of Windows
#

---------------  S U M M A R Y ------------

Command Line: org.jetbrains.kotlin.cli.jvm.K2JVMCompiler @C:\Users\CS_ra\Downloads\Rightway\app\build\20211222_9942079956712245839.compiler.options

Host: 11th Gen Intel(R) Core(TM) i7-1165G7 @ 2.80GHz, 8 cores, 15G,  Windows 10 , 64 bit Build 22000 (10.0.22000.120)
Time: Wed Dec 22 20:27:17 2021 Arab Standard Time elapsed time: 0.013743 seconds (0d 0h 0m 0s)

---------------  T H R E A D  ---------------

Current thread (0x0000013feaabc800):  JavaThread "Unknown thread" [_thread_in_vm, id=952, stack(0x0000003db9e00000,0x0000003db9f00000)]

Stack: [0x0000003db9e00000,0x0000003db9f00000]
Native frames: (J=compiled Java code, j=interpreted, Vv=VM code, C=native code)
V  [jvm.dll+0x5ecfaa]
V  [jvm.dll+0x722bd5]
V  [jvm.dll+0x72412d]
V  [jvm.dll+0x7247e3]
V  [jvm.dll+0x242928]
V  [jvm.dll+0x5ea374]
V  [jvm.dll+0x5df425]
V  [jvm.dll+0x2fdebb]
V  [jvm.dll+0x2fde2a]
V  [jvm.dll+0x2fdd02]
V  [jvm.dll+0x302bf6]
V  [jvm.dll+0x34b2a3]
V  [jvm.dll+0x34b9a6]
V  [jvm.dll+0x34b3a3]
V  [jvm.dll+0x2d8888]
V  [jvm.dll+0x2d9a37]
V  [jvm.dll+0x701737]
V  [jvm.dll+0x702f2c]
V  [jvm.dll+0x3587d9]
V  [jvm.dll+0x6e4fae]
V  [jvm.dll+0x3c0be3]
V  [jvm.dll+0x3c2e91]
C  [jli.dll+0x5373]
C  [ucrtbase.dll+0x26c0c]
C  [KERNEL32.DLL+0x154e0]
C  [ntdll.dll+0x485b]


---------------  P R O C E S S  ---------------

Threads class SMR info:
_java_thread_list=0x0000013fea9223b0, length=0, elements={
}

Java Threads: ( => current thread )

Other Threads:
  0x0000013feaad3800 GCTaskThread "GC Thread#0" [stack: 0x0000003db9f00000,0x0000003dba000000] [id=22236]
  0x0000013feab2f800 ConcurrentGCThread "G1 Main Marker" [stack: 0x0000003dba000000,0x0000003dba100000] [id=63792]
  0x0000013feab31000 ConcurrentGCThread "G1 Conc#0" [stack: 0x0000003dba100000,0x0000003dba200000] [id=25072]

[error occurred during error reporting (printing all threads), id 0xc0000005, EXCEPTION_ACCESS_VIOLATION (0xc0000005) at pc=0x00007ff87fb99107]

VM state:not at safepoint (not fully initialized)

VM Mutex/Monitor currently owned by a thread:  ([mutex/lock_event])
[0x0000013feaab9930] Heap_lock - owner thread: 0x0000013feaabc800

Heap address: 0x0000000703a00000, size: 4038 MB, Compressed Oops mode: Non-zero based: 0x0000000703a00000
Narrow klass base: 0x0000000000000000, Narrow klass shift: 0

GC Heap History (0 events):
No events

Deoptimization events (0 events):
No events

Classes redefined (0 events):
No events

Internal exceptions (0 events):
No events

Events (1 events):
Event: 0.011 Loaded shared library C:\Program Files\Android\Android Studio\jre\bin\zip.dll


Dynamic libraries:
0x00007ff736ec0000 - 0x00007ff736eca000 	C:\Program Files\Android\Android Studio\jre\bin\java.exe
0x00007ff90c720000 - 0x00007ff90c927000 	C:\windows\SYSTEM32\ntdll.dll
0x00007ff90b640000 - 0x00007ff90b6fd000 	C:\windows\System32\KERNEL32.DLL
0x00007ff909c00000 - 0x00007ff909f74000 	C:\windows\System32\KERNELBASE.dll
0x00007ff909ff0000 - 0x00007ff90a101000 	C:\windows\System32\ucrtbase.dll
0x00007ff8ec500000 - 0x00007ff8ec519000 	C:\Program Files\Android\Android Studio\jre\bin\jli.dll
0x00007ff8ec200000 - 0x00007ff8ec217000 	C:\Program Files\Android\Android Studio\jre\bin\VCRUNTIME140.dll
0x00007ff90b420000 - 0x00007ff90b5cc000 	C:\windows\System32\USER32.dll
0x00007ff90a1b0000 - 0x00007ff90a1d6000 	C:\windows\System32\win32u.dll
0x00007ff90b7f0000 - 0x00007ff90b819000 	C:\windows\System32\GDI32.dll
0x00007ff90a490000 - 0x00007ff90a5a2000 	C:\windows\System32\gdi32full.dll
0x00007ff8ed3b0000 - 0x00007ff8ed655000 	C:\windows\WinSxS\amd64_microsoft.windows.common-controls_6595b64144ccf1df_6.0.22000.120_none_9d947278b86cc467\COMCTL32.dll
0x00007ff90a110000 - 0x00007ff90a1ad000 	C:\windows\System32\msvcp_win.dll
0x00007ff90c630000 - 0x00007ff90c6d3000 	C:\windows\System32\msvcrt.dll
0x00007ff90bbb0000 - 0x00007ff90bbe1000 	C:\windows\System32\IMM32.DLL
0x00007ff8c0890000 - 0x00007ff8c092d000 	C:\Program Files\Android\Android Studio\jre\bin\msvcp140.dll
0x00007ff87f8b0000 - 0x00007ff88037f000 	C:\Program Files\Android\Android Studio\jre\bin\server\jvm.dll
0x00007ff90a640000 - 0x00007ff90a6ec000 	C:\windows\System32\ADVAPI32.dll
0x00007ff90a6f0000 - 0x00007ff90a78d000 	C:\windows\System32\sechost.dll
0x00007ff90c360000 - 0x00007ff90c481000 	C:\windows\System32\RPCRT4.dll
0x00007ff90a630000 - 0x00007ff90a638000 	C:\windows\System32\PSAPI.DLL
0x00007ff900030000 - 0x00007ff900039000 	C:\windows\SYSTEM32\WSOCK32.dll
0x00007ff90b5d0000 - 0x00007ff90b63f000 	C:\windows\System32\WS2_32.dll
0x00007ff8f50d0000 - 0x00007ff8f5103000 	C:\windows\SYSTEM32\WINMM.dll
0x00007ff8f4e90000 - 0x00007ff8f4e9a000 	C:\windows\SYSTEM32\VERSION.dll
0x00007ff908e20000 - 0x00007ff908e38000 	C:\windows\SYSTEM32\kernel.appcore.dll
0x00007ff8fc790000 - 0x00007ff8fc7a1000 	C:\Program Files\Android\Android Studio\jre\bin\verify.dll
0x00007ff9075b0000 - 0x00007ff9077d1000 	C:\windows\SYSTEM32\DBGHELP.DLL
0x00007ff9015f0000 - 0x00007ff901621000 	C:\windows\SYSTEM32\dbgcore.DLL
0x00007ff90a1e0000 - 0x00007ff90a260000 	C:\windows\System32\bcryptPrimitives.dll
0x00007ff8ef6c0000 - 0x00007ff8ef6e9000 	C:\Program Files\Android\Android Studio\jre\bin\java.dll
0x00007ff8fe510000 - 0x00007ff8fe51b000 	C:\Program Files\Android\Android Studio\jre\bin\jimage.dll
0x00007ff8f5550000 - 0x00007ff8f5568000 	C:\Program Files\Android\Android Studio\jre\bin\zip.dll

dbghelp: loaded successfully - version: 4.0.5 - missing functions: none
symbol engine: initialized successfully - sym options: 0x614 - pdb path: .;C:\Program Files\Android\Android Studio\jre\bin;C:\windows\SYSTEM32;C:\windows\WinSxS\amd64_microsoft.windows.common-controls_6595b64144ccf1df_6.0.22000.120_none_9d947278b86cc467;C:\Program Files\Android\Android Studio\jre\bin\server

VM Arguments:
java_command: org.jetbrains.kotlin.cli.jvm.K2JVMCompiler @C:\Users\CS_ra\Downloads\Rightway\app\build\20211222_9942079956712245839.compiler.options
java_class_path (initial): C:\Users\CS_ra\.gradle\caches\modules-2\files-2.1\org.jetbrains.kotlin\kotlin-compiler-embeddable\1.5.20\1900e8b9aca0a9caffd45b99b36e3720a0a284f8\kotlin-compiler-embeddable-1.5.20.jar;C:\Users\CS_ra\.gradle\caches\modules-2\files-2.1\org.jetbrains.kotlin\kotlin-reflect\1.5.20\63810951f09a27f7827977f1bc21094042a915e\kotlin-reflect-1.5.20.jar;C:\Users\CS_ra\.gradle\caches\modules-2\files-2.1\org.jetbrains.kotlin\kotlin-stdlib\1.5.20\9de35cc611bcecec8edce1d56d8e659953806751\kotlin-stdlib-1.5.20.jar;C:\Users\CS_ra\.gradle\caches\modules-2\files-2.1\org.jetbrains.kotlin\kotlin-script-runtime\1.5.20\4381bb58d37b84d4d1afe55ec35542dd9b77e101\kotlin-script-runtime-1.5.20.jar;C:\Users\CS_ra\.gradle\caches\modules-2\files-2.1\org.jetbrains.kotlin\kotlin-daemon-embeddable\1.5.20\36c38cda019834dcd2959cc33a12768adcd94256\kotlin-daemon-embeddable-1.5.20.jar;C:\Users\CS_ra\.gradle\caches\modules-2\files-2.1\org.jetbrains.intellij.deps\trove4j\1.0.20181211\216c2e14b070f334479d800987affe4054cd563f\trove4j-1.0.20181211.jar;C:\Users\CS_ra\.gradle\caches\modules-2\files-2.1\org.jetbrains\annotations\13.0\919f0dfe192fb4e063e7dacadee7f8bb9a2672a9\annotations-13.0.jar;C:\Users\CS_ra\.gradle\caches\modules-2\files-2.1\org.jetbrains.kotlin\kotlin-stdlib-common\1.5.20\3d79dbd48bf605f4aac1e7028981a1953e245cbb\kotlin-stdlib-common-1.5.20.jar
Launcher Type: SUN_STANDARD

[Global flags]
     intx CICompilerCount                          = 4                                         {product} {ergonomic}
     uint ConcGCThreads                            = 2                                         {product} {ergonomic}
     uint G1ConcRefinementThreads                  = 8                                         {product} {ergonomic}
   size_t G1HeapRegionSize                         = 1048576                                   {product} {ergonomic}
    uintx GCDrainStackTargetSize                   = 64                                        {product} {ergonomic}
   size_t InitialHeapSize                          = 266338304                                 {product} {ergonomic}
   size_t MarkStackSize                            = 4194304                                   {product} {ergonomic}
   size_t MaxHeapSize                              = 4234149888                                {product} {ergonomic}
   size_t MinHeapDeltaBytes                        = 1048576                                   {product} {ergonomic}
    uintx NonNMethodCodeHeapSize                   = 5836300                                {pd product} {ergonomic}
    uintx NonProfiledCodeHeapSize                  = 122910970                              {pd product} {ergonomic}
    uintx ProfiledCodeHeapSize                     = 122910970                              {pd product} {ergonomic}
    uintx ReservedCodeCacheSize                    = 251658240                              {pd product} {ergonomic}
     bool SegmentedCodeCache                       = true                                      {product} {ergonomic}
     bool UseCompressedClassPointers               = true                                 {lp64_product} {ergonomic}
     bool UseCompressedOops                        = true                                 {lp64_product} {ergonomic}
     bool UseG1GC                                  = true                                      {product} {ergonomic}
     bool UseLargePagesIndividualAllocation        = false                                  {pd product} {ergonomic}

Logging:
Log output configuration:
 #0: stdout all=warning uptime,level,tags
 #1: stderr all=off uptime,level,tags

Environment Variables:
PATH=C:\windows\system32;C:\windows;C:\windows\System32\Wbem;C:\windows\System32\WindowsPowerShell\v1.0\;C:\windows\System32\OpenSSH\;C:\Program Files (x86)\NVIDIA Corporation\PhysX\Common;C:\Program Files\NVIDIA Corporation\NVIDIA NvDLISR;C:\Program Files\Git\cmd;C:\Users\CS_ra\AppData\Local\Microsoft\WindowsApps;C:\Users\CS_ra\AppData\Local\gitkraken\bin
USERNAME=rnthuwayni
OS=Windows_NT
PROCESSOR_IDENTIFIER=Intel64 Family 6 Model 140 Stepping 1, GenuineIntel



---------------  S Y S T E M  ---------------

OS: Windows 10 , 64 bit Build 22000 (10.0.22000.120)
OS uptime: 47 days 13:32 hours

CPU:total 8 (initial active 8) (4 cores per cpu, 2 threads per core) family 6 model 140 stepping 1 microcode 0x86, cmov, cx8, fxsr, mmx, sse, sse2, sse3, ssse3, sse4.1, sse4.2, popcnt, avx, avx2, aes, clmul, erms, 3dnowpref, lzcnt, ht, tsc, tscinvbit, bmi1, bmi2, adx, evex, sha, fma

Memory: 4k page, system-wide physical 16149M (434M free)
TotalPageFile size 65301M (AvailPageFile size 106M)
current process WorkingSet (physical memory assigned to process): 10M, peak: 10M
current process commit charge ("private bytes"): 60M, peak: 314M

vm_info: OpenJDK 64-Bit Server VM (11.0.10+0-b96-7249189) for windows-amd64 JRE (11.0.10+0-b96-7249189), built on Mar 31 2021 21:44:00 by "builder" with MS VC++ 14.0 (VS2015)

END.
