#
# There is insufficient memory for the Java Runtime Environment to continue.
# Native memory allocation (mmap) failed to map 158334976 bytes for Failed to commit area from 0x0000000093100000 to 0x000000009c800000 of length 158334976.
# Possible reasons:
#   The system is out of physical RAM or swap space
#   The process is running with CompressedOops enabled, and the Java Heap may be blocking the growth of the native heap
# Possible solutions:
#   Reduce memory load on the system
#   Increase physical memory or swap space
#   Check if swap backing store is full
#   Decrease Java heap size (-Xmx/-Xms)
#   Decrease number of Java threads
#   Decrease Java thread stack sizes (-Xss)
#   Set larger code cache with -XX:ReservedCodeCacheSize=
#   JVM is running with Unscaled Compressed Oops mode in which the Java heap is
#     placed in the first 4GB address space. The Java Heap base address is the
#     maximum limit for the native heap growth. Please use -XX:HeapBaseMinAddress
#     to set the Java Heap base and to place the Java Heap above 4GB virtual address.
# This output file may be truncated or incomplete.
#
#  Out of Memory Error (./src/hotspot/os/windows/os_windows.cpp:3301), pid=63396, tid=49624
#
# JRE version: OpenJDK Runtime Environment (11.0.10) (build 11.0.10+0-b96-7249189)
# Java VM: OpenJDK 64-Bit Server VM (11.0.10+0-b96-7249189, mixed mode, tiered, compressed oops, g1 gc, windows-amd64)
# No core dump will be written. Minidumps are not enabled by default on client versions of Windows
#

---------------  S U M M A R Y ------------

Command Line: --add-opens=java.base/java.util=ALL-UNNAMED --add-opens=java.base/java.lang=ALL-UNNAMED --add-opens=java.base/java.lang.invoke=ALL-UNNAMED --add-opens=java.base/java.util=ALL-UNNAMED --add-opens=java.prefs/java.util.prefs=ALL-UNNAMED --add-opens=java.prefs/java.util.prefs=ALL-UNNAMED --add-opens=java.base/java.nio.charset=ALL-UNNAMED --add-opens=java.base/java.net=ALL-UNNAMED --add-opens=java.base/java.util.concurrent.atomic=ALL-UNNAMED -Xmx2048m -Dfile.encoding=UTF-8 -Duser.country=GB -Duser.language=en -Duser.variant org.gradle.launcher.daemon.bootstrap.GradleDaemon 7.0.2

Host: 11th Gen Intel(R) Core(TM) i7-1165G7 @ 2.80GHz, 8 cores, 15G,  Windows 10 , 64 bit Build 22000 (10.0.22000.120)
Time: Wed Dec 22 20:56:29 2021 Arab Standard Time elapsed time: 29.360891 seconds (0d 0h 0m 29s)

---------------  T H R E A D  ---------------

Current thread (0x000001e99927c000):  VMThread "VM Thread" [stack: 0x000000a601e00000,0x000000a601f00000] [id=49624]

Stack: [0x000000a601e00000,0x000000a601f00000]
[error occurred during error reporting (printing stack bounds), id 0xc0000005, EXCEPTION_ACCESS_VIOLATION (0xc0000005) at pc=0x000001e983a110e7]

Native frames: (J=compiled Java code, j=interpreted, Vv=VM code, C=native code)
V  [jvm.dll+0x5ecfaa]
V  [jvm.dll+0x722bd5]
V  [jvm.dll+0x72412d]
V  [jvm.dll+0x724745]
V  [jvm.dll+0x7246fb]
V  [jvm.dll+0x5ec348]
V  [jvm.dll+0x5ecad8]
C  [ntdll.dll+0xa826f]
C  [ntdll.dll+0x359ca]
C  [ntdll.dll+0xa727e]
C  0x000001e983a110e7

VM_Operation (0x000000a6072fce90): G1CollectForAllocation, mode: safepoint, requested by thread 0x000001e9a19e8800


---------------  P R O C E S S  ---------------

Threads class SMR info:
_java_thread_list=0x000001e9a4f5ed70, length=87, elements={
0x000001e9fed7d800, 0x000001e99927e800, 0x000001e999ab2800, 0x000001e999b12800,
0x000001e999b13800, 0x000001e999b14800, 0x000001e999b17800, 0x000001e999b1b000,
0x000001e999b1e800, 0x000001e999c8f000, 0x000001e99bb84000, 0x000001e99bb85800,
0x000001e99bb89000, 0x000001e99bb86800, 0x000001e99bb88000, 0x000001e99c154800,
0x000001e99c151000, 0x000001e99c157800, 0x000001e99c155000, 0x000001e99c156000,
0x000001e99c15c800, 0x000001e99c15a000, 0x000001e99c159000, 0x000001e99c160000,
0x000001e99c15b800, 0x000001e99fd29800, 0x000001e99fd31800, 0x000001e99fd32800,
0x000001e99fd2e800, 0x000001e99fd2f800, 0x000001e99fd30000, 0x000001e9a2cfc000,
0x000001e9a2cfc800, 0x000001e9a2cfb000, 0x000001e9a2cfd800, 0x000001e9a2cf8800,
0x000001e9a2cff000, 0x000001e9a2cf9800, 0x000001e99bb87800, 0x000001e99bb89800,
0x000001e99bb85000, 0x000001e99bb8a800, 0x000001e99fd26800, 0x000001e99fd2a800,
0x000001e99d126000, 0x000001e99fd2b000, 0x000001e99fd28000, 0x000001e99fd27000,
0x000001e99fd2c000, 0x000001e99fd2d000, 0x000001e99d650000, 0x000001e99fd2d800,
0x000001e99fd28800, 0x000001e99fd35000, 0x000001e99fd31000, 0x000001e9a2cf6000,
0x000001e9a2cf4800, 0x000001e9a2cf1800, 0x000001e9a2cf7000, 0x000001e9a2cf5800,
0x000001e9a2cf8000, 0x000001e9a2cf2000, 0x000001e9a2d00000, 0x000001e9a2cfe800,
0x000001e9a2cfa800, 0x000001e99c157000, 0x000001e99c152000, 0x000001e99c158800,
0x000001e99c152800, 0x000001e99c153800, 0x000001e99c15e000, 0x000001e9a19e8800,
0x000001e9a19e9000, 0x000001e9a19e7000, 0x000001e9a19e6000, 0x000001e9a19e7800,
0x000001e9a19e3800, 0x000001e9a19ea000, 0x000001e9a19e4800, 0x000001e9a19eb000,
0x000001e9a19e5000, 0x000001e9a19ef000, 0x000001e9a19f1800, 0x000001e9a19ec800,
0x000001e9a19f0000, 0x000001e9a19ed800, 0x000001e9a19ee000
}

Java Threads: ( => current thread )
  0x000001e9fed7d800 JavaThread "main" [_thread_blocked, id=65480, stack(0x000000a601800000,0x000000a601900000)]
  0x000001e99927e800 JavaThread "Reference Handler" daemon [_thread_blocked, id=65880, stack(0x000000a601f00000,0x000000a602000000)]
  0x000001e999ab2800 JavaThread "Finalizer" daemon [_thread_blocked, id=61116, stack(0x000000a602000000,0x000000a602100000)]
  0x000001e999b12800 JavaThread "Signal Dispatcher" daemon [_thread_blocked, id=51392, stack(0x000000a602100000,0x000000a602200000)]
  0x000001e999b13800 JavaThread "Attach Listener" daemon [_thread_blocked, id=19704, stack(0x000000a602200000,0x000000a602300000)]
  0x000001e999b14800 JavaThread "Service Thread" daemon [_thread_blocked, id=16148, stack(0x000000a602300000,0x000000a602400000)]
  0x000001e999b17800 JavaThread "C2 CompilerThread0" daemon [_thread_in_native, id=28180, stack(0x000000a602400000,0x000000a602500000)]
  0x000001e999b1b000 JavaThread "C1 CompilerThread0" daemon [_thread_blocked, id=39200, stack(0x000000a602500000,0x000000a602600000)]
  0x000001e999b1e800 JavaThread "Sweeper thread" daemon [_thread_blocked, id=22332, stack(0x000000a602600000,0x000000a602700000)]
  0x000001e999c8f000 JavaThread "Common-Cleaner" daemon [_thread_blocked, id=40384, stack(0x000000a602700000,0x000000a602800000)]
  0x000001e99bb84000 JavaThread "Daemon health stats" [_thread_blocked, id=18228, stack(0x000000a603000000,0x000000a603100000)]
  0x000001e99bb85800 JavaThread "Incoming local TCP Connector on port 65276" [_thread_in_native, id=50712, stack(0x000000a602900000,0x000000a602a00000)]
  0x000001e99bb89000 JavaThread "Daemon periodic checks" [_thread_blocked, id=4824, stack(0x000000a602a00000,0x000000a602b00000)]
  0x000001e99bb86800 JavaThread "Daemon" [_thread_blocked, id=11840, stack(0x000000a603100000,0x000000a603200000)]
  0x000001e99bb88000 JavaThread "Daemon worker" [_thread_blocked, id=27928, stack(0x000000a603400000,0x000000a603500000)]
  0x000001e99c154800 JavaThread "Cache worker for file hash cache (C:\Users\CS_ra\.gradle\caches\7.0.2\fileHashes)" [_thread_blocked, id=14760, stack(0x000000a603900000,0x000000a603a00000)]
  0x000001e99c151000 JavaThread "File lock request listener" [_thread_in_native, id=7120, stack(0x000000a603a00000,0x000000a603b00000)]
  0x000001e99c157800 JavaThread "Cache worker for journal cache (C:\Users\CS_ra\.gradle\caches\journal-1)" [_thread_blocked, id=48388, stack(0x000000a603e00000,0x000000a603f00000)]
  0x000001e99c155000 JavaThread "File watcher server" daemon [_thread_blocked, id=28200, stack(0x000000a604000000,0x000000a604100000)]
  0x000001e99c156000 JavaThread "File watcher consumer" daemon [_thread_blocked, id=27316, stack(0x000000a604100000,0x000000a604200000)]
  0x000001e99c15c800 JavaThread "Cache worker for execution history cache (C:\Users\CS_ra\.gradle\caches\7.0.2\executionHistory)" [_thread_blocked, id=66172, stack(0x000000a604500000,0x000000a604600000)]
  0x000001e99c15a000 JavaThread "jar transforms" [_thread_blocked, id=39148, stack(0x000000a604700000,0x000000a604800000)]
  0x000001e99c159000 JavaThread "jar transforms Thread 2" [_thread_blocked, id=66268, stack(0x000000a604800000,0x000000a604900000)]
  0x000001e99c160000 JavaThread "Cache worker for file content cache (C:\Users\CS_ra\.gradle\caches\7.0.2\fileContent)" [_thread_blocked, id=12352, stack(0x000000a604900000,0x000000a604a00000)]
  0x000001e99c15b800 JavaThread "jar transforms Thread 3" [_thread_blocked, id=7452, stack(0x000000a604b00000,0x000000a604c00000)]
  0x000001e99fd29800 JavaThread "jar transforms Thread 4" [_thread_blocked, id=4384, stack(0x000000a605500000,0x000000a605600000)]
  0x000001e99fd31800 JavaThread "jar transforms Thread 5" [_thread_blocked, id=65676, stack(0x000000a605600000,0x000000a605700000)]
  0x000001e99fd32800 JavaThread "jar transforms Thread 6" [_thread_blocked, id=23244, stack(0x000000a605700000,0x000000a605800000)]
  0x000001e99fd2e800 JavaThread "jar transforms Thread 7" [_thread_blocked, id=65936, stack(0x000000a605800000,0x000000a605900000)]
  0x000001e99fd2f800 JavaThread "jar transforms Thread 8" [_thread_blocked, id=65460, stack(0x000000a605900000,0x000000a605a00000)]
  0x000001e99fd30000 JavaThread "Memory manager" [_thread_blocked, id=50184, stack(0x000000a605e00000,0x000000a605f00000)]
  0x000001e9a2cfc000 JavaThread "ForkJoinPool.commonPool-worker-3" daemon [_thread_blocked, id=45084, stack(0x000000a606900000,0x000000a606a00000)]
  0x000001e9a2cfc800 JavaThread "ForkJoinPool.commonPool-worker-5" daemon [_thread_blocked, id=15268, stack(0x000000a606a00000,0x000000a606b00000)]
  0x000001e9a2cfb000 JavaThread "ForkJoinPool.commonPool-worker-9" daemon [_thread_blocked, id=52016, stack(0x000000a606b00000,0x000000a606c00000)]
  0x000001e9a2cfd800 JavaThread "ForkJoinPool.commonPool-worker-7" daemon [_thread_blocked, id=64752, stack(0x000000a606c00000,0x000000a606d00000)]
  0x000001e9a2cf8800 JavaThread "ForkJoinPool.commonPool-worker-11" daemon [_thread_blocked, id=61764, stack(0x000000a606d00000,0x000000a606e00000)]
  0x000001e9a2cff000 JavaThread "ForkJoinPool.commonPool-worker-13" daemon [_thread_blocked, id=24548, stack(0x000000a606e00000,0x000000a606f00000)]
  0x000001e9a2cf9800 JavaThread "ForkJoinPool.commonPool-worker-15" daemon [_thread_blocked, id=65772, stack(0x000000a606f00000,0x000000a607000000)]
  0x000001e99bb87800 JavaThread "Handler for socket connection from /127.0.0.1:65276 to /127.0.0.1:65290" [_thread_in_native, id=6756, stack(0x000000a603200000,0x000000a603300000)]
  0x000001e99bb89800 JavaThread "Cancel handler" [_thread_blocked, id=18732, stack(0x000000a603300000,0x000000a603400000)]
  0x000001e99bb85000 JavaThread "Asynchronous log dispatcher for DefaultDaemonConnection: socket connection from /127.0.0.1:65276 to /127.0.0.1:65290" [_thread_blocked, id=29672, stack(0x000000a603500000,0x000000a603600000)]
  0x000001e99bb8a800 JavaThread "Stdin handler" [_thread_blocked, id=65260, stack(0x000000a603600000,0x000000a603700000)]
  0x000001e99fd26800 JavaThread "Daemon client event forwarder" [_thread_blocked, id=63088, stack(0x000000a603700000,0x000000a603800000)]
  0x000001e99fd2a800 JavaThread "Cache worker for file hash cache (C:\Users\CS_ra\Downloads\Rightway\.gradle\7.0.2\fileHashes)" [_thread_blocked, id=60104, stack(0x000000a603800000,0x000000a603900000)]
  0x000001e99d126000 JavaThread "C2 CompilerThread1" daemon [_thread_blocked, id=48392, stack(0x000000a603f00000,0x000000a604000000)]
  0x000001e99fd2b000 JavaThread "Cache worker for checksums cache (C:\Users\CS_ra\Downloads\Rightway\.gradle\checksums)" [_thread_blocked, id=35040, stack(0x000000a604200000,0x000000a604300000)]
  0x000001e99fd28000 JavaThread "Cache worker for cache directory md-supplier (C:\Users\CS_ra\.gradle\caches\7.0.2\md-supplier)" [_thread_blocked, id=43612, stack(0x000000a604300000,0x000000a604400000)]
  0x000001e99fd27000 JavaThread "Cache worker for cache directory md-rule (C:\Users\CS_ra\.gradle\caches\7.0.2\md-rule)" [_thread_blocked, id=64632, stack(0x000000a604400000,0x000000a604500000)]
  0x000001e99fd2c000 JavaThread "Cache worker for dependencies-accessors (C:\Users\CS_ra\Downloads\Rightway\.gradle\7.0.2\dependencies-accessors)" [_thread_blocked, id=39844, stack(0x000000a604600000,0x000000a604700000)]
  0x000001e99fd2d000 JavaThread "Cache worker for Build Output Cleanup Cache (C:\Users\CS_ra\Downloads\Rightway\.gradle\buildOutputCleanup)" [_thread_blocked, id=66012, stack(0x000000a604a00000,0x000000a604b00000)]
  0x000001e99d650000 JavaThread "C2 CompilerThread2" daemon [_thread_blocked, id=62248, stack(0x000000a604c00000,0x000000a604d00000)]
  0x000001e99fd2d800 JavaThread "Build operations" [_thread_blocked, id=65300, stack(0x000000a604d00000,0x000000a604e00000)]
  0x000001e99fd28800 JavaThread "Build operations Thread 2" [_thread_blocked, id=10508, stack(0x000000a604e00000,0x000000a604f00000)]
  0x000001e99fd35000 JavaThread "Build operations Thread 3" [_thread_blocked, id=5372, stack(0x000000a604f00000,0x000000a605000000)]
  0x000001e99fd31000 JavaThread "Build operations Thread 4" [_thread_blocked, id=54676, stack(0x000000a605000000,0x000000a605100000)]
  0x000001e9a2cf6000 JavaThread "Build operations Thread 5" [_thread_blocked, id=42116, stack(0x000000a605100000,0x000000a605200000)]
  0x000001e9a2cf4800 JavaThread "Build operations Thread 6" [_thread_blocked, id=23556, stack(0x000000a605200000,0x000000a605300000)]
  0x000001e9a2cf1800 JavaThread "Build operations Thread 7" [_thread_blocked, id=62840, stack(0x000000a605300000,0x000000a605400000)]
  0x000001e9a2cf7000 JavaThread "Build operations Thread 8" [_thread_blocked, id=56360, stack(0x000000a605400000,0x000000a605500000)]
  0x000001e9a2cf5800 JavaThread "build event listener" [_thread_blocked, id=952, stack(0x000000a605f00000,0x000000a606000000)]
  0x000001e9a2cf8000 JavaThread "Execution worker for ':'" [_thread_blocked, id=38900, stack(0x000000a606000000,0x000000a606100000)]
  0x000001e9a2cf2000 JavaThread "Execution worker for ':' Thread 2" [_thread_blocked, id=65368, stack(0x000000a606100000,0x000000a606200000)]
  0x000001e9a2d00000 JavaThread "Execution worker for ':' Thread 3" [_thread_blocked, id=66196, stack(0x000000a606200000,0x000000a606300000)]
  0x000001e9a2cfe800 JavaThread "Execution worker for ':' Thread 4" [_thread_blocked, id=42876, stack(0x000000a606300000,0x000000a606400000)]
  0x000001e9a2cfa800 JavaThread "Execution worker for ':' Thread 5" [_thread_blocked, id=9516, stack(0x000000a606400000,0x000000a606500000)]
  0x000001e99c157000 JavaThread "Execution worker for ':' Thread 6" [_thread_blocked, id=7364, stack(0x000000a606500000,0x000000a606600000)]
  0x000001e99c152000 JavaThread "Execution worker for ':' Thread 7" [_thread_blocked, id=64308, stack(0x000000a606600000,0x000000a606700000)]
  0x000001e99c158800 JavaThread "Cache worker for execution history cache (C:\Users\CS_ra\Downloads\Rightway\.gradle\7.0.2\executionHistory)" [_thread_blocked, id=26164, stack(0x000000a606700000,0x000000a606800000)]
  0x000001e99c152800 JavaThread "WorkerExecutor Queue" [_thread_blocked, id=66308, stack(0x000000a606800000,0x000000a606900000)]
  0x000001e99c153800 JavaThread "WorkerExecutor Queue Thread 2" [_thread_blocked, id=52552, stack(0x000000a607000000,0x000000a607100000)]
  0x000001e99c15e000 JavaThread "WorkerExecutor Queue Thread 3" [_thread_blocked, id=54780, stack(0x000000a607100000,0x000000a607200000)]
  0x000001e9a19e8800 JavaThread "WorkerExecutor Queue Thread 4" [_thread_blocked, id=56440, stack(0x000000a607200000,0x000000a607300000)]
  0x000001e9a19e9000 JavaThread "WorkerExecutor Queue Thread 5" [_thread_blocked, id=32668, stack(0x000000a607300000,0x000000a607400000)]
  0x000001e9a19e7000 JavaThread "WorkerExecutor Queue Thread 6" [_thread_blocked, id=17932, stack(0x000000a607400000,0x000000a607500000)]
  0x000001e9a19e6000 JavaThread "WorkerExecutor Queue Thread 7" [_thread_blocked, id=10052, stack(0x000000a607500000,0x000000a607600000)]
  0x000001e9a19e7800 JavaThread "WorkerExecutor Queue Thread 8" [_thread_blocked, id=50508, stack(0x000000a607600000,0x000000a607700000)]
  0x000001e9a19e3800 JavaThread "pool-7-thread-1" [_thread_blocked, id=62516, stack(0x000000a607700000,0x000000a607800000)]
  0x000001e9a19ea000 JavaThread "stderr" [_thread_in_native, id=59612, stack(0x000000a607800000,0x000000a607900000)]
  0x000001e9a19e4800 JavaThread "stdout" [_thread_in_native, id=56700, stack(0x000000a607900000,0x000000a607a00000)]
  0x000001e9a19eb000 JavaThread "ForkJoinPool-1-worker-3" daemon [_thread_blocked, id=42360, stack(0x000000a607a00000,0x000000a607b00000)]
  0x000001e9a19e5000 JavaThread "ForkJoinPool-1-worker-5" daemon [_thread_blocked, id=45180, stack(0x000000a607b00000,0x000000a607c00000)]
  0x000001e9a19ef000 JavaThread "ForkJoinPool-1-worker-7" daemon [_thread_blocked, id=40616, stack(0x000000a607c00000,0x000000a607d00000)]
  0x000001e9a19f1800 JavaThread "ForkJoinPool-1-worker-9" daemon [_thread_blocked, id=2448, stack(0x000000a607d00000,0x000000a607e00000)]
  0x000001e9a19ec800 JavaThread "ForkJoinPool-1-worker-11" daemon [_thread_blocked, id=45320, stack(0x000000a607e00000,0x000000a607f00000)]
  0x000001e9a19f0000 JavaThread "ForkJoinPool-1-worker-13" daemon [_thread_blocked, id=47028, stack(0x000000a607f00000,0x000000a608000000)]
  0x000001e9a19ed800 JavaThread "ForkJoinPool-1-worker-15" daemon [_thread_blocked, id=11268, stack(0x000000a608000000,0x000000a608100000)]
  0x000001e9a19ee000 JavaThread "ForkJoinPool-1-worker-1" daemon [_thread_blocked, id=48784, stack(0x000000a608100000,0x000000a608200000)]

Other Threads:
=>0x000001e99927c000 VMThread "VM Thread" [stack: 0x000000a601e00000,0x000000a601f00000] [id=49624]
  0x000001e999c93000 WatcherThread [stack: 0x000000a602800000,0x000000a602900000] [id=59260]
  0x000001e9fed94800 GCTaskThread "GC Thread#0" [stack: 0x000000a601900000,0x000000a601a00000] [id=12704]
  0x000001e99ac3d000 GCTaskThread "GC Thread#1" [stack: 0x000000a602b00000,0x000000a602c00000] [id=65828]
  0x000001e99a016800 GCTaskThread "GC Thread#2" [stack: 0x000000a602c00000,0x000000a602d00000] [id=65516]
  0x000001e99a0e8000 GCTaskThread "GC Thread#3" [stack: 0x000000a602d00000,0x000000a602e00000] [id=66472]
  0x000001e99a402800 GCTaskThread "GC Thread#4" [stack: 0x000000a602e00000,0x000000a602f00000] [id=14540]
  0x000001e99a5a7000 GCTaskThread "GC Thread#5" [stack: 0x000000a602f00000,0x000000a603000000] [id=34380]
  0x000001e99b051000 GCTaskThread "GC Thread#6" [stack: 0x000000a603b00000,0x000000a603c00000] [id=13912]
  0x000001e99ccca800 GCTaskThread "GC Thread#7" [stack: 0x000000a603c00000,0x000000a603d00000] [id=45664]
  0x000001e9fedc8800 ConcurrentGCThread "G1 Main Marker" [stack: 0x000000a601a00000,0x000000a601b00000] [id=65008]
  0x000001e9fedc9800 ConcurrentGCThread "G1 Conc#0" [stack: 0x000000a601b00000,0x000000a601c00000] [id=34320]
  0x000001e99c6e9000 ConcurrentGCThread "G1 Conc#1" [stack: 0x000000a603d00000,0x000000a603e00000] [id=25628]
  0x000001e9fee5e800 ConcurrentGCThread "G1 Refine#0" [stack: 0x000000a601c00000,0x000000a601d00000] [id=26152]
  0x000001e9a11b1800 ConcurrentGCThread "G1 Refine#1" [stack: 0x000000a605a00000,0x000000a605b00000] [id=3400]
  0x000001e9a108c800 ConcurrentGCThread "G1 Refine#2" [stack: 0x000000a605b00000,0x000000a605c00000] [id=48288]
  0x000001e9a12de000 ConcurrentGCThread "G1 Refine#3" [stack: 0x000000a605c00000,0x000000a605d00000] [id=50840]
  0x000001e9a12de800 ConcurrentGCThread "G1 Refine#4" [stack: 0x000000a605d00000,0x000000a605e00000] [id=60720]
  0x000001e9a68f3000 ConcurrentGCThread "G1 Refine#5" [stack: 0x000000a608200000,0x000000a608300000] [id=43824]
  0x000001e9990fb000 ConcurrentGCThread "G1 Young RemSet Sampling" [stack: 0x000000a601d00000,0x000000a601e00000] [id=61852]

Threads with active compile tasks:
C2 CompilerThread0  29371 17423 %     4       com.android.tools.r8.internal.ek::a @ 31 (3950 bytes)
C1 CompilerThread0  29371 17617       2       com.android.ide.common.symbols.SymbolIo$SymbolData::<init> (47 bytes)
C2 CompilerThread1  29371 17442       4       com.android.tools.r8.internal.ek::a (203 bytes)
C2 CompilerThread2  29371 17528   !   4       java.io.BufferedReader::readLine (304 bytes)

VM state:at safepoint (normal execution)

VM Mutex/Monitor currently owned by a thread:  ([mutex/lock_event])
[0x000001e9fed7ad30] Threads_lock - owner thread: 0x000001e99927c000
[0x000001e9fed7ab80] Heap_lock - owner thread: 0x000001e9a19e8800

Heap address: 0x0000000080000000, size: 2048 MB, Compressed Oops mode: 32-bit
Narrow klass base: 0x0000000000000000, Narrow klass shift: 3
Compressed class space size: 1073741824 Address: 0x0000000100000000

Heap:
 garbage-first heap   total 466944K, used 238497K [0x0000000080000000, 0x0000000100000000)
  region size 1024K, 2 young (2048K), 2 survivors (2048K)
 Metaspace       used 107127K, capacity 109975K, committed 110156K, reserved 1144832K
  class space    used 13815K, capacity 14867K, committed 14924K, reserved 1048576K
Heap Regions: E=young(eden), S=young(survivor), O=old, HS=humongous(starts), HC=humongous(continues), CS=collection set, F=free, A=archive, TAMS=top-at-mark-start (previous, next)
|   0|0x0000000080000000, 0x0000000080100000, 0x0000000080100000|100%| O|  |TAMS 0x0000000080100000, 0x0000000080000000| Untracked 
|   1|0x0000000080100000, 0x0000000080200000, 0x0000000080200000|100%| O|  |TAMS 0x0000000080200000, 0x0000000080100000| Untracked 
|   2|0x0000000080200000, 0x0000000080300000, 0x0000000080300000|100%| O|  |TAMS 0x0000000080300000, 0x0000000080200000| Untracked 
|   3|0x0000000080300000, 0x0000000080400000, 0x0000000080400000|100%|HS|  |TAMS 0x0000000080400000, 0x0000000080300000| Complete 
|   4|0x0000000080400000, 0x0000000080500000, 0x0000000080500000|100%|HC|  |TAMS 0x0000000080500000, 0x0000000080400000| Complete 
|   5|0x0000000080500000, 0x0000000080600000, 0x0000000080600000|100%|HC|  |TAMS 0x0000000080600000, 0x0000000080500000| Complete 
|   6|0x0000000080600000, 0x0000000080700000, 0x0000000080700000|100%| O|  |TAMS 0x0000000080700000, 0x0000000080600000| Untracked 
|   7|0x0000000080700000, 0x0000000080800000, 0x0000000080800000|100%| O|  |TAMS 0x0000000080800000, 0x0000000080700000| Untracked 
|   8|0x0000000080800000, 0x0000000080900000, 0x0000000080900000|100%| O|  |TAMS 0x0000000080900000, 0x0000000080800000| Untracked 
|   9|0x0000000080900000, 0x0000000080a00000, 0x0000000080a00000|100%| O|  |TAMS 0x0000000080a00000, 0x0000000080900000| Untracked 
|  10|0x0000000080a00000, 0x0000000080b00000, 0x0000000080b00000|100%| O|  |TAMS 0x0000000080b00000, 0x0000000080a00000| Untracked 
|  11|0x0000000080b00000, 0x0000000080c00000, 0x0000000080c00000|100%| O|  |TAMS 0x0000000080c00000, 0x0000000080b00000| Untracked 
|  12|0x0000000080c00000, 0x0000000080d00000, 0x0000000080d00000|100%| O|  |TAMS 0x0000000080d00000, 0x0000000080c00000| Untracked 
|  13|0x0000000080d00000, 0x0000000080e00000, 0x0000000080e00000|100%| O|  |TAMS 0x0000000080e00000, 0x0000000080d00000| Untracked 
|  14|0x0000000080e00000, 0x0000000080f00000, 0x0000000080f00000|100%| O|  |TAMS 0x0000000080f00000, 0x0000000080e00000| Untracked 
|  15|0x0000000080f00000, 0x0000000081000000, 0x0000000081000000|100%| O|  |TAMS 0x0000000081000000, 0x0000000080f00000| Untracked 
|  16|0x0000000081000000, 0x0000000081100000, 0x0000000081100000|100%|HS|  |TAMS 0x0000000081100000, 0x0000000081000000| Complete 
|  17|0x0000000081100000, 0x0000000081200000, 0x0000000081200000|100%|HS|  |TAMS 0x0000000081200000, 0x0000000081100000| Complete 
|  18|0x0000000081200000, 0x0000000081300000, 0x0000000081300000|100%|HS|  |TAMS 0x0000000081300000, 0x0000000081200000| Complete 
|  19|0x0000000081300000, 0x0000000081400000, 0x0000000081400000|100%|HS|  |TAMS 0x0000000081400000, 0x0000000081300000| Complete 
|  20|0x0000000081400000, 0x0000000081500000, 0x0000000081500000|100%|HC|  |TAMS 0x0000000081500000, 0x0000000081400000| Complete 
|  21|0x0000000081500000, 0x0000000081600000, 0x0000000081600000|100%|HC|  |TAMS 0x0000000081600000, 0x0000000081500000| Complete 
|  22|0x0000000081600000, 0x0000000081700000, 0x0000000081700000|100%|HS|  |TAMS 0x0000000081700000, 0x0000000081600000| Complete 
|  23|0x0000000081700000, 0x0000000081800000, 0x0000000081800000|100%|HC|  |TAMS 0x0000000081800000, 0x0000000081700000| Complete 
|  24|0x0000000081800000, 0x0000000081900000, 0x0000000081900000|100%| O|  |TAMS 0x0000000081900000, 0x0000000081800000| Untracked 
|  25|0x0000000081900000, 0x0000000081a00000, 0x0000000081a00000|100%| O|  |TAMS 0x0000000081a00000, 0x0000000081900000| Untracked 
|  26|0x0000000081a00000, 0x0000000081b00000, 0x0000000081b00000|100%| O|  |TAMS 0x0000000081b00000, 0x0000000081a00000| Untracked 
|  27|0x0000000081b00000, 0x0000000081c00000, 0x0000000081c00000|100%| O|  |TAMS 0x0000000081c00000, 0x0000000081b00000| Untracked 
|  28|0x0000000081c00000, 0x0000000081d00000, 0x0000000081d00000|100%|HS|  |TAMS 0x0000000081d00000, 0x0000000081c00000| Complete 
|  29|0x0000000081d00000, 0x0000000081e00000, 0x0000000081e00000|100%| O|  |TAMS 0x0000000081e00000, 0x0000000081d00000| Complete 
|  30|0x0000000081e00000, 0x0000000081e00000, 0x0000000081f00000|  0%| F|  |TAMS 0x0000000081e00000, 0x0000000081e00000| Untracked 
|  31|0x0000000081f00000, 0x0000000082000000, 0x0000000082000000|100%| O|  |TAMS 0x0000000082000000, 0x0000000081f00000| Untracked 
|  32|0x0000000082000000, 0x0000000082100000, 0x0000000082100000|100%| O|  |TAMS 0x0000000082100000, 0x0000000082000000| Untracked 
|  33|0x0000000082100000, 0x0000000082200000, 0x0000000082200000|100%| O|  |TAMS 0x0000000082200000, 0x0000000082100000| Untracked 
|  34|0x0000000082200000, 0x0000000082300000, 0x0000000082300000|100%| O|  |TAMS 0x0000000082300000, 0x0000000082200000| Untracked 
|  35|0x0000000082300000, 0x0000000082400000, 0x0000000082400000|100%| O|  |TAMS 0x0000000082400000, 0x0000000082300000| Untracked 
|  36|0x0000000082400000, 0x0000000082500000, 0x0000000082500000|100%| O|  |TAMS 0x0000000082500000, 0x0000000082400000| Untracked 
|  37|0x0000000082500000, 0x0000000082600000, 0x0000000082600000|100%| O|  |TAMS 0x0000000082600000, 0x0000000082500000| Untracked 
|  38|0x0000000082600000, 0x0000000082700000, 0x0000000082700000|100%| O|  |TAMS 0x0000000082700000, 0x0000000082600000| Untracked 
|  39|0x0000000082700000, 0x0000000082800000, 0x0000000082800000|100%| O|  |TAMS 0x0000000082800000, 0x0000000082700000| Untracked 
|  40|0x0000000082800000, 0x0000000082900000, 0x0000000082900000|100%| O|  |TAMS 0x0000000082900000, 0x0000000082800000| Untracked 
|  41|0x0000000082900000, 0x0000000082a00000, 0x0000000082a00000|100%| O|  |TAMS 0x0000000082a00000, 0x0000000082900000| Complete 
|  42|0x0000000082a00000, 0x0000000082a00000, 0x0000000082b00000|  0%| F|  |TAMS 0x0000000082a00000, 0x0000000082a00000| Untracked 
|  43|0x0000000082b00000, 0x0000000082c00000, 0x0000000082c00000|100%| O|  |TAMS 0x0000000082c00000, 0x0000000082b00000| Complete 
|  44|0x0000000082c00000, 0x0000000082d00000, 0x0000000082d00000|100%| O|  |TAMS 0x0000000082d00000, 0x0000000082c00000| Complete 
|  45|0x0000000082d00000, 0x0000000082e00000, 0x0000000082e00000|100%| O|  |TAMS 0x0000000082e00000, 0x0000000082d00000| Complete 
|  46|0x0000000082e00000, 0x0000000082f00000, 0x0000000082f00000|100%| O|  |TAMS 0x0000000082f00000, 0x0000000082e00000| Untracked 
|  47|0x0000000082f00000, 0x0000000083000000, 0x0000000083000000|100%|HS|  |TAMS 0x0000000083000000, 0x0000000082f00000| Complete 
|  48|0x0000000083000000, 0x0000000083100000, 0x0000000083100000|100%| O|  |TAMS 0x0000000083100000, 0x0000000083000000| Complete 
|  49|0x0000000083100000, 0x0000000083200000, 0x0000000083200000|100%| O|  |TAMS 0x0000000083200000, 0x0000000083100000| Complete 
|  50|0x0000000083200000, 0x0000000083300000, 0x0000000083300000|100%| O|  |TAMS 0x0000000083300000, 0x0000000083200000| Untracked 
|  51|0x0000000083300000, 0x0000000083400000, 0x0000000083400000|100%| O|  |TAMS 0x0000000083400000, 0x0000000083300000| Untracked 
|  52|0x0000000083400000, 0x0000000083500000, 0x0000000083500000|100%| O|  |TAMS 0x0000000083500000, 0x0000000083400000| Untracked 
|  53|0x0000000083500000, 0x0000000083600000, 0x0000000083600000|100%| O|  |TAMS 0x0000000083600000, 0x0000000083500000| Complete 
|  54|0x0000000083600000, 0x0000000083700000, 0x0000000083700000|100%| O|  |TAMS 0x0000000083700000, 0x0000000083600000| Untracked 
|  55|0x0000000083700000, 0x0000000083800000, 0x0000000083800000|100%| O|  |TAMS 0x0000000083800000, 0x0000000083700000| Untracked 
|  56|0x0000000083800000, 0x0000000083900000, 0x0000000083900000|100%| O|  |TAMS 0x0000000083900000, 0x0000000083800000| Complete 
|  57|0x0000000083900000, 0x0000000083a00000, 0x0000000083a00000|100%| O|  |TAMS 0x0000000083a00000, 0x0000000083900000| Untracked 
|  58|0x0000000083a00000, 0x0000000083b00000, 0x0000000083b00000|100%| O|  |TAMS 0x0000000083b00000, 0x0000000083a00000| Untracked 
|  59|0x0000000083b00000, 0x0000000083c00000, 0x0000000083c00000|100%| O|  |TAMS 0x0000000083c00000, 0x0000000083b00000| Untracked 
|  60|0x0000000083c00000, 0x0000000083d00000, 0x0000000083d00000|100%|HS|  |TAMS 0x0000000083c00000, 0x0000000083c00000| Complete 
|  61|0x0000000083d00000, 0x0000000083e00000, 0x0000000083e00000|100%| O|  |TAMS 0x0000000083e00000, 0x0000000083d00000| Complete 
|  62|0x0000000083e00000, 0x0000000083f00000, 0x0000000083f00000|100%| O|  |TAMS 0x0000000083f00000, 0x0000000083e00000| Complete 
|  63|0x0000000083f00000, 0x0000000084000000, 0x0000000084000000|100%| O|  |TAMS 0x0000000084000000, 0x0000000083f00000| Untracked 
|  64|0x0000000084000000, 0x0000000084000000, 0x0000000084100000|  0%| F|  |TAMS 0x0000000084000000, 0x0000000084000000| Untracked 
|  65|0x0000000084100000, 0x0000000084200000, 0x0000000084200000|100%| O|  |TAMS 0x0000000084200000, 0x0000000084100000| Complete 
|  66|0x0000000084200000, 0x0000000084300000, 0x0000000084300000|100%| O|  |TAMS 0x0000000084300000, 0x0000000084200000| Complete 
|  67|0x0000000084300000, 0x0000000084400000, 0x0000000084400000|100%| O|  |TAMS 0x0000000084400000, 0x0000000084300000| Complete 
|  68|0x0000000084400000, 0x0000000084500000, 0x0000000084500000|100%| O|  |TAMS 0x0000000084500000, 0x0000000084400000| Complete 
|  69|0x0000000084500000, 0x0000000084600000, 0x0000000084600000|100%| O|  |TAMS 0x0000000084600000, 0x0000000084500000| Complete 
|  70|0x0000000084600000, 0x0000000084700000, 0x0000000084700000|100%|HS|  |TAMS 0x0000000084600000, 0x0000000084600000| Complete 
|  71|0x0000000084700000, 0x0000000084800000, 0x0000000084800000|100%| O|  |TAMS 0x0000000084800000, 0x0000000084700000| Complete 
|  72|0x0000000084800000, 0x0000000084900000, 0x0000000084900000|100%| O|  |TAMS 0x0000000084900000, 0x0000000084800000| Untracked 
|  73|0x0000000084900000, 0x0000000084a00000, 0x0000000084a00000|100%|HS|  |TAMS 0x0000000084a00000, 0x0000000084900000| Complete 
|  74|0x0000000084a00000, 0x0000000084b00000, 0x0000000084b00000|100%|HC|  |TAMS 0x0000000084b00000, 0x0000000084a00000| Complete 
|  75|0x0000000084b00000, 0x0000000084c00000, 0x0000000084c00000|100%| O|  |TAMS 0x0000000084c00000, 0x0000000084b00000| Untracked 
|  76|0x0000000084c00000, 0x0000000084d00000, 0x0000000084d00000|100%| O|  |TAMS 0x0000000084d00000, 0x0000000084c00000| Complete 
|  77|0x0000000084d00000, 0x0000000084e00000, 0x0000000084e00000|100%| O|  |TAMS 0x0000000084e00000, 0x0000000084d00000| Complete 
|  78|0x0000000084e00000, 0x0000000084f00000, 0x0000000084f00000|100%| O|  |TAMS 0x0000000084f00000, 0x0000000084e00000| Complete 
|  79|0x0000000084f00000, 0x0000000085000000, 0x0000000085000000|100%| O|  |TAMS 0x0000000085000000, 0x0000000084f00000| Untracked 
|  80|0x0000000085000000, 0x0000000085000000, 0x0000000085100000|  0%| F|  |TAMS 0x0000000085000000, 0x0000000085000000| Untracked 
|  81|0x0000000085100000, 0x0000000085200000, 0x0000000085200000|100%|HS|  |TAMS 0x0000000085100000, 0x0000000085100000| Complete 
|  82|0x0000000085200000, 0x0000000085300000, 0x0000000085300000|100%|HC|  |TAMS 0x0000000085200000, 0x0000000085200000| Complete 
|  83|0x0000000085300000, 0x0000000085400000, 0x0000000085400000|100%| O|  |TAMS 0x0000000085400000, 0x0000000085300000| Untracked 
|  84|0x0000000085400000, 0x0000000085500000, 0x0000000085500000|100%|HS|  |TAMS 0x0000000085400000, 0x0000000085400000| Complete 
|  85|0x0000000085500000, 0x0000000085600000, 0x0000000085600000|100%|HS|  |TAMS 0x0000000085600000, 0x0000000085500000| Complete 
|  86|0x0000000085600000, 0x0000000085700000, 0x0000000085700000|100%|HC|  |TAMS 0x0000000085700000, 0x0000000085600000| Complete 
|  87|0x0000000085700000, 0x0000000085800000, 0x0000000085800000|100%|HS|  |TAMS 0x0000000085800000, 0x0000000085700000| Complete 
|  88|0x0000000085800000, 0x0000000085900000, 0x0000000085900000|100%|HS|  |TAMS 0x0000000085900000, 0x0000000085800000| Complete 
|  89|0x0000000085900000, 0x0000000085a00000, 0x0000000085a00000|100%|HS|  |TAMS 0x0000000085a00000, 0x0000000085900000| Complete 
|  90|0x0000000085a00000, 0x0000000085b00000, 0x0000000085b00000|100%|HS|  |TAMS 0x0000000085b00000, 0x0000000085a00000| Complete 
|  91|0x0000000085b00000, 0x0000000085c00000, 0x0000000085c00000|100%|HS|  |TAMS 0x0000000085c00000, 0x0000000085b00000| Complete 
|  92|0x0000000085c00000, 0x0000000085d00000, 0x0000000085d00000|100%|HC|  |TAMS 0x0000000085d00000, 0x0000000085c00000| Complete 
|  93|0x0000000085d00000, 0x0000000085e00000, 0x0000000085e00000|100%|HS|  |TAMS 0x0000000085e00000, 0x0000000085d00000| Complete 
|  94|0x0000000085e00000, 0x0000000085f00000, 0x0000000085f00000|100%|HC|  |TAMS 0x0000000085f00000, 0x0000000085e00000| Complete 
|  95|0x0000000085f00000, 0x0000000086000000, 0x0000000086000000|100%|HC|  |TAMS 0x0000000086000000, 0x0000000085f00000| Complete 
|  96|0x0000000086000000, 0x0000000086100000, 0x0000000086100000|100%| O|  |TAMS 0x0000000086100000, 0x0000000086000000| Complete 
|  97|0x0000000086100000, 0x0000000086200000, 0x0000000086200000|100%| O|  |TAMS 0x0000000086200000, 0x0000000086100000| Complete 
|  98|0x0000000086200000, 0x0000000086300000, 0x0000000086300000|100%| O|  |TAMS 0x0000000086300000, 0x0000000086200000| Untracked 
|  99|0x0000000086300000, 0x0000000086400000, 0x0000000086400000|100%|HS|  |TAMS 0x0000000086400000, 0x0000000086300000| Complete 
| 100|0x0000000086400000, 0x0000000086500000, 0x0000000086500000|100%| O|  |TAMS 0x0000000086500000, 0x0000000086400000| Complete 
| 101|0x0000000086500000, 0x0000000086600000, 0x0000000086600000|100%| O|  |TAMS 0x0000000086600000, 0x0000000086500000| Complete 
| 102|0x0000000086600000, 0x0000000086700000, 0x0000000086700000|100%| O|  |TAMS 0x0000000086700000, 0x0000000086600000| Complete 
| 103|0x0000000086700000, 0x0000000086800000, 0x0000000086800000|100%| O|  |TAMS 0x0000000086800000, 0x0000000086700000| Untracked 
| 104|0x0000000086800000, 0x0000000086800000, 0x0000000086900000|  0%| F|  |TAMS 0x0000000086800000, 0x0000000086800000| Untracked 
| 105|0x0000000086900000, 0x0000000086a00000, 0x0000000086a00000|100%| O|  |TAMS 0x0000000086a00000, 0x0000000086900000| Untracked 
| 106|0x0000000086a00000, 0x0000000086b00000, 0x0000000086b00000|100%|HS|  |TAMS 0x0000000086a00000, 0x0000000086a00000| Complete 
| 107|0x0000000086b00000, 0x0000000086c00000, 0x0000000086c00000|100%| O|  |TAMS 0x0000000086c00000, 0x0000000086b00000| Untracked 
| 108|0x0000000086c00000, 0x0000000086d00000, 0x0000000086d00000|100%|HS|  |TAMS 0x0000000086d00000, 0x0000000086c00000| Complete 
| 109|0x0000000086d00000, 0x0000000086e00000, 0x0000000086e00000|100%| O|  |TAMS 0x0000000086e00000, 0x0000000086d00000| Complete 
| 110|0x0000000086e00000, 0x0000000086f00000, 0x0000000086f00000|100%|HS|  |TAMS 0x0000000086e00000, 0x0000000086e00000| Complete 
| 111|0x0000000086f00000, 0x0000000087000000, 0x0000000087000000|100%|HC|  |TAMS 0x0000000086f00000, 0x0000000086f00000| Complete 
| 112|0x0000000087000000, 0x0000000087100000, 0x0000000087100000|100%| O|  |TAMS 0x0000000087000000, 0x0000000087000000| Untracked 
| 113|0x0000000087100000, 0x0000000087200000, 0x0000000087200000|100%| O|  |TAMS 0x0000000087100000, 0x0000000087100000| Untracked 
| 114|0x0000000087200000, 0x0000000087300000, 0x0000000087300000|100%| O|  |TAMS 0x0000000087300000, 0x0000000087200000| Complete 
| 115|0x0000000087300000, 0x0000000087400000, 0x0000000087400000|100%| O|  |TAMS 0x0000000087400000, 0x0000000087300000| Untracked 
| 116|0x0000000087400000, 0x0000000087500000, 0x0000000087500000|100%| O|  |TAMS 0x0000000087500000, 0x0000000087400000| Untracked 
| 117|0x0000000087500000, 0x0000000087600000, 0x0000000087600000|100%| O|  |TAMS 0x0000000087600000, 0x0000000087500000| Complete 
| 118|0x0000000087600000, 0x0000000087700000, 0x0000000087700000|100%| O|  |TAMS 0x0000000087700000, 0x0000000087600000| Untracked 
| 119|0x0000000087700000, 0x0000000087800000, 0x0000000087800000|100%| O|  |TAMS 0x0000000087700000, 0x0000000087700000| Untracked 
| 120|0x0000000087800000, 0x0000000087800000, 0x0000000087900000|  0%| F|  |TAMS 0x0000000087800000, 0x0000000087800000| Untracked 
| 121|0x0000000087900000, 0x0000000087a00000, 0x0000000087a00000|100%|HS|  |TAMS 0x0000000087a00000, 0x0000000087900000| Complete 
| 122|0x0000000087a00000, 0x0000000087b00000, 0x0000000087b00000|100%|HC|  |TAMS 0x0000000087b00000, 0x0000000087a00000| Complete 
| 123|0x0000000087b00000, 0x0000000087c00000, 0x0000000087c00000|100%| O|  |TAMS 0x0000000087c00000, 0x0000000087b00000| Untracked 
| 124|0x0000000087c00000, 0x0000000087d00000, 0x0000000087d00000|100%| O|  |TAMS 0x0000000087c00000, 0x0000000087c00000| Untracked 
| 125|0x0000000087d00000, 0x0000000087e00000, 0x0000000087e00000|100%| O|  |TAMS 0x0000000087e00000, 0x0000000087d00000| Untracked 
| 126|0x0000000087e00000, 0x0000000087f00000, 0x0000000087f00000|100%| O|  |TAMS 0x0000000087f00000, 0x0000000087e00000| Untracked 
| 127|0x0000000087f00000, 0x0000000088000000, 0x0000000088000000|100%| O|  |TAMS 0x0000000088000000, 0x0000000087f00000| Untracked 
| 128|0x0000000088000000, 0x0000000088100000, 0x0000000088100000|100%|HS|  |TAMS 0x0000000088100000, 0x0000000088000000| Complete 
| 129|0x0000000088100000, 0x0000000088200000, 0x0000000088200000|100%|HC|  |TAMS 0x0000000088200000, 0x0000000088100000| Complete 
| 130|0x0000000088200000, 0x0000000088300000, 0x0000000088300000|100%| O|  |TAMS 0x0000000088300000, 0x0000000088200000| Untracked 
| 131|0x0000000088300000, 0x0000000088400000, 0x0000000088400000|100%| O|  |TAMS 0x0000000088400000, 0x0000000088300000| Complete 
| 132|0x0000000088400000, 0x0000000088500000, 0x0000000088500000|100%| O|  |TAMS 0x0000000088500000, 0x0000000088400000| Untracked 
| 133|0x0000000088500000, 0x0000000088600000, 0x0000000088600000|100%| O|  |TAMS 0x0000000088600000, 0x0000000088500000| Complete 
| 134|0x0000000088600000, 0x0000000088700000, 0x0000000088700000|100%| O|  |TAMS 0x0000000088700000, 0x0000000088600000| Untracked 
| 135|0x0000000088700000, 0x0000000088800000, 0x0000000088800000|100%| O|  |TAMS 0x0000000088800000, 0x0000000088700000| Untracked 
| 136|0x0000000088800000, 0x0000000088900000, 0x0000000088900000|100%|HS|  |TAMS 0x0000000088900000, 0x0000000088800000| Complete 
| 137|0x0000000088900000, 0x0000000088a00000, 0x0000000088a00000|100%| O|  |TAMS 0x0000000088a00000, 0x0000000088900000| Untracked 
| 138|0x0000000088a00000, 0x0000000088b00000, 0x0000000088b00000|100%| O|  |TAMS 0x0000000088b00000, 0x0000000088a00000| Untracked 
| 139|0x0000000088b00000, 0x0000000088c00000, 0x0000000088c00000|100%| O|  |TAMS 0x0000000088c00000, 0x0000000088b00000| Untracked 
| 140|0x0000000088c00000, 0x0000000088d00000, 0x0000000088d00000|100%| O|  |TAMS 0x0000000088d00000, 0x0000000088c00000| Untracked 
| 141|0x0000000088d00000, 0x0000000088e00000, 0x0000000088e00000|100%| O|  |TAMS 0x0000000088e00000, 0x0000000088d00000| Untracked 
| 142|0x0000000088e00000, 0x0000000088f00000, 0x0000000088f00000|100%| O|  |TAMS 0x0000000088f00000, 0x0000000088e00000| Untracked 
| 143|0x0000000088f00000, 0x0000000089000000, 0x0000000089000000|100%| O|  |TAMS 0x0000000088f00000, 0x0000000088f00000| Untracked 
| 144|0x0000000089000000, 0x0000000089100000, 0x0000000089100000|100%| O|  |TAMS 0x0000000089000000, 0x0000000089000000| Untracked 
| 145|0x0000000089100000, 0x0000000089200000, 0x0000000089200000|100%| O|  |TAMS 0x0000000089100000, 0x0000000089100000| Untracked 
| 146|0x0000000089200000, 0x0000000089300000, 0x0000000089300000|100%| O|  |TAMS 0x0000000089200000, 0x0000000089200000| Untracked 
| 147|0x0000000089300000, 0x0000000089400000, 0x0000000089400000|100%| O|  |TAMS 0x0000000089400000, 0x0000000089300000| Complete 
| 148|0x0000000089400000, 0x0000000089500000, 0x0000000089500000|100%| O|  |TAMS 0x0000000089500000, 0x0000000089400000| Complete 
| 149|0x0000000089500000, 0x0000000089600000, 0x0000000089600000|100%| O|  |TAMS 0x0000000089600000, 0x0000000089500000| Complete 
| 150|0x0000000089600000, 0x0000000089700000, 0x0000000089700000|100%| O|  |TAMS 0x0000000089700000, 0x0000000089600000| Untracked 
| 151|0x0000000089700000, 0x0000000089800000, 0x0000000089800000|100%| O|  |TAMS 0x0000000089800000, 0x0000000089700000| Untracked 
| 152|0x0000000089800000, 0x0000000089900000, 0x0000000089900000|100%| O|  |TAMS 0x0000000089900000, 0x0000000089800000| Untracked 
| 153|0x0000000089900000, 0x0000000089a00000, 0x0000000089a00000|100%| O|  |TAMS 0x0000000089a00000, 0x0000000089900000| Complete 
| 154|0x0000000089a00000, 0x0000000089b00000, 0x0000000089b00000|100%| O|  |TAMS 0x0000000089b00000, 0x0000000089a00000| Untracked 
| 155|0x0000000089b00000, 0x0000000089c00000, 0x0000000089c00000|100%| O|  |TAMS 0x0000000089c00000, 0x0000000089b00000| Untracked 
| 156|0x0000000089c00000, 0x0000000089d00000, 0x0000000089d00000|100%| O|  |TAMS 0x0000000089d00000, 0x0000000089c00000| Untracked 
| 157|0x0000000089d00000, 0x0000000089e00000, 0x0000000089e00000|100%| O|  |TAMS 0x0000000089e00000, 0x0000000089d00000| Complete 
| 158|0x0000000089e00000, 0x0000000089f00000, 0x0000000089f00000|100%| O|  |TAMS 0x0000000089f00000, 0x0000000089e00000| Untracked 
| 159|0x0000000089f00000, 0x000000008a000000, 0x000000008a000000|100%| O|  |TAMS 0x000000008a000000, 0x0000000089f00000| Untracked 
| 160|0x000000008a000000, 0x000000008a100000, 0x000000008a100000|100%| O|  |TAMS 0x000000008a100000, 0x000000008a000000| Untracked 
| 161|0x000000008a100000, 0x000000008a200000, 0x000000008a200000|100%| O|  |TAMS 0x000000008a200000, 0x000000008a100000| Untracked 
| 162|0x000000008a200000, 0x000000008a300000, 0x000000008a300000|100%| O|  |TAMS 0x000000008a300000, 0x000000008a200000| Untracked 
| 163|0x000000008a300000, 0x000000008a400000, 0x000000008a400000|100%| O|  |TAMS 0x000000008a400000, 0x000000008a300000| Untracked 
| 164|0x000000008a400000, 0x000000008a500000, 0x000000008a500000|100%| O|  |TAMS 0x000000008a500000, 0x000000008a400000| Untracked 
| 165|0x000000008a500000, 0x000000008a600000, 0x000000008a600000|100%| O|  |TAMS 0x000000008a600000, 0x000000008a500000| Untracked 
| 166|0x000000008a600000, 0x000000008a700000, 0x000000008a700000|100%| O|  |TAMS 0x000000008a700000, 0x000000008a600000| Untracked 
| 167|0x000000008a700000, 0x000000008a800000, 0x000000008a800000|100%| O|  |TAMS 0x000000008a800000, 0x000000008a700000| Untracked 
| 168|0x000000008a800000, 0x000000008a900000, 0x000000008a900000|100%| O|  |TAMS 0x000000008a900000, 0x000000008a800000| Untracked 
| 169|0x000000008a900000, 0x000000008aa00000, 0x000000008aa00000|100%| O|  |TAMS 0x000000008aa00000, 0x000000008a900000| Untracked 
| 170|0x000000008aa00000, 0x000000008ab00000, 0x000000008ab00000|100%| O|  |TAMS 0x000000008ab00000, 0x000000008aa00000| Untracked 
| 171|0x000000008ab00000, 0x000000008ac00000, 0x000000008ac00000|100%| O|  |TAMS 0x000000008ac00000, 0x000000008ab00000| Untracked 
| 172|0x000000008ac00000, 0x000000008ad00000, 0x000000008ad00000|100%| O|  |TAMS 0x000000008ad00000, 0x000000008ac00000| Untracked 
| 173|0x000000008ad00000, 0x000000008ae00000, 0x000000008ae00000|100%| O|  |TAMS 0x000000008ae00000, 0x000000008ad00000| Untracked 
| 174|0x000000008ae00000, 0x000000008af00000, 0x000000008af00000|100%| O|  |TAMS 0x000000008af00000, 0x000000008ae00000| Complete 
| 175|0x000000008af00000, 0x000000008b000000, 0x000000008b000000|100%| O|  |TAMS 0x000000008b000000, 0x000000008af00000| Complete 
| 176|0x000000008b000000, 0x000000008b100000, 0x000000008b100000|100%| O|  |TAMS 0x000000008b000000, 0x000000008b000000| Untracked 
| 177|0x000000008b100000, 0x000000008b100000, 0x000000008b200000|  0%| F|  |TAMS 0x000000008b100000, 0x000000008b100000| Untracked 
| 178|0x000000008b200000, 0x000000008b300000, 0x000000008b300000|100%| O|  |TAMS 0x000000008b200000, 0x000000008b200000| Untracked 
| 179|0x000000008b300000, 0x000000008b400000, 0x000000008b400000|100%| O|  |TAMS 0x000000008b400000, 0x000000008b300000| Complete 
| 180|0x000000008b400000, 0x000000008b500000, 0x000000008b500000|100%| O|  |TAMS 0x000000008b500000, 0x000000008b400000| Complete 
| 181|0x000000008b500000, 0x000000008b600000, 0x000000008b600000|100%| O|  |TAMS 0x000000008b500000, 0x000000008b500000| Untracked 
| 182|0x000000008b600000, 0x000000008b700000, 0x000000008b700000|100%| O|  |TAMS 0x000000008b700000, 0x000000008b600000| Complete 
| 183|0x000000008b700000, 0x000000008b800000, 0x000000008b800000|100%| O|  |TAMS 0x000000008b800000, 0x000000008b700000| Untracked 
| 184|0x000000008b800000, 0x000000008b900000, 0x000000008b900000|100%| O|  |TAMS 0x000000008b900000, 0x000000008b800000| Untracked 
| 185|0x000000008b900000, 0x000000008ba00000, 0x000000008ba00000|100%| O|  |TAMS 0x000000008ba00000, 0x000000008b900000| Untracked 
| 186|0x000000008ba00000, 0x000000008bb00000, 0x000000008bb00000|100%| O|  |TAMS 0x000000008bb00000, 0x000000008ba00000| Untracked 
| 187|0x000000008bb00000, 0x000000008bc00000, 0x000000008bc00000|100%| O|  |TAMS 0x000000008bc00000, 0x000000008bb00000| Untracked 
| 188|0x000000008bc00000, 0x000000008bd00000, 0x000000008bd00000|100%| O|  |TAMS 0x000000008bd00000, 0x000000008bc00000| Untracked 
| 189|0x000000008bd00000, 0x000000008be00000, 0x000000008be00000|100%| O|  |TAMS 0x000000008be00000, 0x000000008bd00000| Complete 
| 190|0x000000008be00000, 0x000000008bf00000, 0x000000008bf00000|100%| O|  |TAMS 0x000000008bf00000, 0x000000008be00000| Untracked 
| 191|0x000000008bf00000, 0x000000008c000000, 0x000000008c000000|100%| O|  |TAMS 0x000000008c000000, 0x000000008bf00000| Untracked 
| 192|0x000000008c000000, 0x000000008c100000, 0x000000008c100000|100%| O|  |TAMS 0x000000008c100000, 0x000000008c000000| Complete 
| 193|0x000000008c100000, 0x000000008c200000, 0x000000008c200000|100%| O|  |TAMS 0x000000008c200000, 0x000000008c100000| Complete 
| 194|0x000000008c200000, 0x000000008c300000, 0x000000008c300000|100%| O|  |TAMS 0x000000008c200000, 0x000000008c200000| Untracked 
| 195|0x000000008c300000, 0x000000008c400000, 0x000000008c400000|100%| O|  |TAMS 0x000000008c400000, 0x000000008c300000| Complete 
| 196|0x000000008c400000, 0x000000008c500000, 0x000000008c500000|100%| O|  |TAMS 0x000000008c500000, 0x000000008c400000| Untracked 
| 197|0x000000008c500000, 0x000000008c5e8600, 0x000000008c600000| 90%| O|  |TAMS 0x000000008c500000, 0x000000008c500000| Untracked 
| 198|0x000000008c600000, 0x000000008c700000, 0x000000008c700000|100%| O|  |TAMS 0x000000008c700000, 0x000000008c600000| Untracked 
| 199|0x000000008c700000, 0x000000008c800000, 0x000000008c800000|100%| O|  |TAMS 0x000000008c800000, 0x000000008c700000| Complete 
| 200|0x000000008c800000, 0x000000008c900000, 0x000000008c900000|100%| O|  |TAMS 0x000000008c900000, 0x000000008c800000| Untracked 
| 201|0x000000008c900000, 0x000000008ca00000, 0x000000008ca00000|100%| O|  |TAMS 0x000000008ca00000, 0x000000008c900000| Complete 
| 202|0x000000008ca00000, 0x000000008cb00000, 0x000000008cb00000|100%| O|  |TAMS 0x000000008cb00000, 0x000000008ca00000| Untracked 
| 203|0x000000008cb00000, 0x000000008cc00000, 0x000000008cc00000|100%| O|  |TAMS 0x000000008cc00000, 0x000000008cb00000| Complete 
| 204|0x000000008cc00000, 0x000000008cd00000, 0x000000008cd00000|100%| O|  |TAMS 0x000000008cd00000, 0x000000008cc00000| Untracked 
| 205|0x000000008cd00000, 0x000000008cd00000, 0x000000008ce00000|  0%| F|  |TAMS 0x000000008cd00000, 0x000000008cd00000| Untracked 
| 206|0x000000008ce00000, 0x000000008cf00000, 0x000000008cf00000|100%| O|  |TAMS 0x000000008cf00000, 0x000000008ce00000| Untracked 
| 207|0x000000008cf00000, 0x000000008cf00000, 0x000000008d000000|  0%| F|  |TAMS 0x000000008cf00000, 0x000000008cf00000| Untracked 
| 208|0x000000008d000000, 0x000000008d100000, 0x000000008d100000|100%| O|  |TAMS 0x000000008d100000, 0x000000008d000000| Complete 
| 209|0x000000008d100000, 0x000000008d200000, 0x000000008d200000|100%| O|  |TAMS 0x000000008d200000, 0x000000008d100000| Complete 
| 210|0x000000008d200000, 0x000000008d200000, 0x000000008d300000|  0%| F|  |TAMS 0x000000008d200000, 0x000000008d200000| Untracked 
| 211|0x000000008d300000, 0x000000008d400000, 0x000000008d400000|100%| O|  |TAMS 0x000000008d400000, 0x000000008d300000| Untracked 
| 212|0x000000008d400000, 0x000000008d500000, 0x000000008d500000|100%| O|  |TAMS 0x000000008d500000, 0x000000008d400000| Untracked 
| 213|0x000000008d500000, 0x000000008d600000, 0x000000008d600000|100%| O|  |TAMS 0x000000008d600000, 0x000000008d500000| Untracked 
| 214|0x000000008d600000, 0x000000008d700000, 0x000000008d700000|100%| O|  |TAMS 0x000000008d700000, 0x000000008d600000| Complete 
| 215|0x000000008d700000, 0x000000008d800000, 0x000000008d800000|100%| O|  |TAMS 0x000000008d800000, 0x000000008d700000| Untracked 
| 216|0x000000008d800000, 0x000000008d900000, 0x000000008d900000|100%| O|  |TAMS 0x000000008d900000, 0x000000008d800000| Complete 
| 217|0x000000008d900000, 0x000000008da00000, 0x000000008da00000|100%| O|  |TAMS 0x000000008da00000, 0x000000008d900000| Complete 
| 218|0x000000008da00000, 0x000000008db00000, 0x000000008db00000|100%| O|  |TAMS 0x000000008db00000, 0x000000008da00000| Untracked 
| 219|0x000000008db00000, 0x000000008db00000, 0x000000008dc00000|  0%| F|  |TAMS 0x000000008db00000, 0x000000008db00000| Untracked 
| 220|0x000000008dc00000, 0x000000008dc00000, 0x000000008dd00000|  0%| F|  |TAMS 0x000000008dc00000, 0x000000008dc00000| Untracked 
| 221|0x000000008dd00000, 0x000000008dd00000, 0x000000008de00000|  0%| F|  |TAMS 0x000000008dd00000, 0x000000008dd00000| Untracked 
| 222|0x000000008de00000, 0x000000008df00000, 0x000000008df00000|100%| O|  |TAMS 0x000000008df00000, 0x000000008de00000| Complete 
| 223|0x000000008df00000, 0x000000008df00000, 0x000000008e000000|  0%| F|  |TAMS 0x000000008df00000, 0x000000008df00000| Untracked 
| 224|0x000000008e000000, 0x000000008e100000, 0x000000008e100000|100%| O|  |TAMS 0x000000008e100000, 0x000000008e000000| Complete 
| 225|0x000000008e100000, 0x000000008e200000, 0x000000008e200000|100%| O|  |TAMS 0x000000008e200000, 0x000000008e100000| Complete 
| 226|0x000000008e200000, 0x000000008e300000, 0x000000008e300000|100%| O|  |TAMS 0x000000008e300000, 0x000000008e200000| Complete 
| 227|0x000000008e300000, 0x000000008e300000, 0x000000008e400000|  0%| F|  |TAMS 0x000000008e300000, 0x000000008e300000| Untracked 
| 228|0x000000008e400000, 0x000000008e500000, 0x000000008e500000|100%| O|  |TAMS 0x000000008e500000, 0x000000008e400000| Untracked 
| 229|0x000000008e500000, 0x000000008e600000, 0x000000008e600000|100%| O|  |TAMS 0x000000008e600000, 0x000000008e500000| Untracked 
| 230|0x000000008e600000, 0x000000008e700000, 0x000000008e700000|100%| O|  |TAMS 0x000000008e700000, 0x000000008e600000| Untracked 
| 231|0x000000008e700000, 0x000000008e800000, 0x000000008e800000|100%| O|  |TAMS 0x000000008e800000, 0x000000008e700000| Complete 
| 232|0x000000008e800000, 0x000000008e800000, 0x000000008e900000|  0%| F|  |TAMS 0x000000008e800000, 0x000000008e800000| Untracked 
| 233|0x000000008e900000, 0x000000008e900000, 0x000000008ea00000|  0%| F|  |TAMS 0x000000008e900000, 0x000000008e900000| Untracked 
| 234|0x000000008ea00000, 0x000000008eb00000, 0x000000008eb00000|100%| O|  |TAMS 0x000000008eb00000, 0x000000008ea00000| Untracked 
| 235|0x000000008eb00000, 0x000000008ec00000, 0x000000008ec00000|100%| O|  |TAMS 0x000000008ec00000, 0x000000008eb00000| Complete 
| 236|0x000000008ec00000, 0x000000008ed00000, 0x000000008ed00000|100%| O|  |TAMS 0x000000008ed00000, 0x000000008ec00000| Untracked 
| 237|0x000000008ed00000, 0x000000008ee00000, 0x000000008ee00000|100%| O|  |TAMS 0x000000008ee00000, 0x000000008ed00000| Untracked 
| 238|0x000000008ee00000, 0x000000008ef00000, 0x000000008ef00000|100%| O|  |TAMS 0x000000008ef00000, 0x000000008ee00000| Untracked 
| 239|0x000000008ef00000, 0x000000008f000000, 0x000000008f000000|100%| O|  |TAMS 0x000000008f000000, 0x000000008ef00000| Untracked 
| 240|0x000000008f000000, 0x000000008f100000, 0x000000008f100000|100%| O|  |TAMS 0x000000008f100000, 0x000000008f000000| Untracked 
| 241|0x000000008f100000, 0x000000008f200000, 0x000000008f200000|100%| O|  |TAMS 0x000000008f200000, 0x000000008f100000| Untracked 
| 242|0x000000008f200000, 0x000000008f300000, 0x000000008f300000|100%| O|  |TAMS 0x000000008f300000, 0x000000008f200000| Untracked 
| 243|0x000000008f300000, 0x000000008f400000, 0x000000008f400000|100%| O|  |TAMS 0x000000008f400000, 0x000000008f300000| Untracked 
| 244|0x000000008f400000, 0x000000008f500000, 0x000000008f500000|100%| O|  |TAMS 0x000000008f500000, 0x000000008f400000| Untracked 
| 245|0x000000008f500000, 0x000000008f600000, 0x000000008f600000|100%| O|  |TAMS 0x000000008f600000, 0x000000008f500000| Untracked 
| 246|0x000000008f600000, 0x000000008f700000, 0x000000008f700000|100%| O|  |TAMS 0x000000008f700000, 0x000000008f600000| Untracked 
| 247|0x000000008f700000, 0x000000008f800000, 0x000000008f800000|100%| O|  |TAMS 0x000000008f76ae00, 0x000000008f700000| Untracked 
| 248|0x000000008f800000, 0x000000008f800000, 0x000000008f900000|  0%| F|  |TAMS 0x000000008f800000, 0x000000008f800000| Untracked 
| 249|0x000000008f900000, 0x000000008f900000, 0x000000008fa00000|  0%| F|  |TAMS 0x000000008f900000, 0x000000008f900000| Untracked 
| 250|0x000000008fa00000, 0x000000008fa00000, 0x000000008fb00000|  0%| F|  |TAMS 0x000000008fa00000, 0x000000008fa00000| Untracked 
| 251|0x000000008fb00000, 0x000000008fb00000, 0x000000008fc00000|  0%| F|  |TAMS 0x000000008fb00000, 0x000000008fb00000| Untracked 
| 252|0x000000008fc00000, 0x000000008fc00000, 0x000000008fd00000|  0%| F|  |TAMS 0x000000008fc00000, 0x000000008fc00000| Untracked 
| 253|0x000000008fd00000, 0x000000008fd00000, 0x000000008fe00000|  0%| F|  |TAMS 0x000000008fd00000, 0x000000008fd00000| Untracked 
| 254|0x000000008fe00000, 0x000000008fe00000, 0x000000008ff00000|  0%| F|  |TAMS 0x000000008fe00000, 0x000000008fe00000| Untracked 
| 255|0x000000008ff00000, 0x000000008ff00000, 0x0000000090000000|  0%| F|  |TAMS 0x000000008ff00000, 0x000000008ff00000| Untracked 
| 256|0x0000000090000000, 0x0000000090000000, 0x0000000090100000|  0%| F|  |TAMS 0x0000000090000000, 0x0000000090000000| Untracked 
| 257|0x0000000090100000, 0x0000000090100000, 0x0000000090200000|  0%| F|  |TAMS 0x0000000090100000, 0x0000000090100000| Untracked 
| 258|0x0000000090200000, 0x0000000090200000, 0x0000000090300000|  0%| F|  |TAMS 0x0000000090200000, 0x0000000090200000| Untracked 
| 259|0x0000000090300000, 0x0000000090300000, 0x0000000090400000|  0%| F|  |TAMS 0x0000000090300000, 0x0000000090300000| Untracked 
| 260|0x0000000090400000, 0x0000000090400000, 0x0000000090500000|  0%| F|  |TAMS 0x0000000090400000, 0x0000000090400000| Untracked 
| 261|0x0000000090500000, 0x0000000090500000, 0x0000000090600000|  0%| F|  |TAMS 0x0000000090500000, 0x0000000090500000| Untracked 
| 262|0x0000000090600000, 0x0000000090600000, 0x0000000090700000|  0%| F|  |TAMS 0x0000000090600000, 0x0000000090600000| Untracked 
| 263|0x0000000090700000, 0x0000000090700000, 0x0000000090800000|  0%| F|  |TAMS 0x0000000090700000, 0x0000000090700000| Untracked 
| 264|0x0000000090800000, 0x0000000090800000, 0x0000000090900000|  0%| F|  |TAMS 0x0000000090800000, 0x0000000090800000| Untracked 
| 265|0x0000000090900000, 0x0000000090900000, 0x0000000090a00000|  0%| F|  |TAMS 0x0000000090900000, 0x0000000090900000| Untracked 
| 266|0x0000000090a00000, 0x0000000090a00000, 0x0000000090b00000|  0%| F|  |TAMS 0x0000000090a00000, 0x0000000090a00000| Untracked 
| 267|0x0000000090b00000, 0x0000000090b00000, 0x0000000090c00000|  0%| F|  |TAMS 0x0000000090b00000, 0x0000000090b00000| Untracked 
| 268|0x0000000090c00000, 0x0000000090c00000, 0x0000000090d00000|  0%| F|  |TAMS 0x0000000090c00000, 0x0000000090c00000| Untracked 
| 269|0x0000000090d00000, 0x0000000090d00000, 0x0000000090e00000|  0%| F|  |TAMS 0x0000000090d00000, 0x0000000090d00000| Untracked 
| 270|0x0000000090e00000, 0x0000000090e00000, 0x0000000090f00000|  0%| F|  |TAMS 0x0000000090e00000, 0x0000000090e00000| Untracked 
| 271|0x0000000090f00000, 0x0000000090f00000, 0x0000000091000000|  0%| F|  |TAMS 0x0000000090f00000, 0x0000000090f00000| Untracked 
| 272|0x0000000091000000, 0x0000000091000000, 0x0000000091100000|  0%| F|  |TAMS 0x0000000091000000, 0x0000000091000000| Untracked 
| 273|0x0000000091100000, 0x0000000091100000, 0x0000000091200000|  0%| F|  |TAMS 0x0000000091100000, 0x0000000091100000| Untracked 
| 274|0x0000000091200000, 0x0000000091200000, 0x0000000091300000|  0%| F|  |TAMS 0x0000000091200000, 0x0000000091200000| Untracked 
| 275|0x0000000091300000, 0x0000000091300000, 0x0000000091400000|  0%| F|  |TAMS 0x0000000091300000, 0x0000000091300000| Untracked 
| 276|0x0000000091400000, 0x0000000091400000, 0x0000000091500000|  0%| F|  |TAMS 0x0000000091400000, 0x0000000091400000| Untracked 
| 277|0x0000000091500000, 0x0000000091500000, 0x0000000091600000|  0%| F|  |TAMS 0x0000000091500000, 0x0000000091500000| Untracked 
| 278|0x0000000091600000, 0x0000000091600000, 0x0000000091700000|  0%| F|  |TAMS 0x0000000091600000, 0x0000000091600000| Untracked 
| 279|0x0000000091700000, 0x0000000091700000, 0x0000000091800000|  0%| F|  |TAMS 0x0000000091700000, 0x0000000091700000| Untracked 
| 280|0x0000000091800000, 0x0000000091800000, 0x0000000091900000|  0%| F|  |TAMS 0x0000000091800000, 0x0000000091800000| Untracked 
| 281|0x0000000091900000, 0x0000000091900000, 0x0000000091a00000|  0%| F|  |TAMS 0x0000000091900000, 0x0000000091900000| Untracked 
| 282|0x0000000091a00000, 0x0000000091a00000, 0x0000000091b00000|  0%| F|  |TAMS 0x0000000091a00000, 0x0000000091a00000| Untracked 
| 283|0x0000000091b00000, 0x0000000091b00000, 0x0000000091c00000|  0%| F|  |TAMS 0x0000000091b00000, 0x0000000091b00000| Untracked 
| 284|0x0000000091c00000, 0x0000000091c00000, 0x0000000091d00000|  0%| F|  |TAMS 0x0000000091c00000, 0x0000000091c00000| Untracked 
| 285|0x0000000091d00000, 0x0000000091d00000, 0x0000000091e00000|  0%| F|  |TAMS 0x0000000091d00000, 0x0000000091d00000| Untracked 
| 286|0x0000000091e00000, 0x0000000091e00000, 0x0000000091f00000|  0%| F|  |TAMS 0x0000000091e00000, 0x0000000091e00000| Untracked 
| 287|0x0000000091f00000, 0x0000000091f00000, 0x0000000092000000|  0%| F|  |TAMS 0x0000000091f00000, 0x0000000091f00000| Untracked 
| 288|0x0000000092000000, 0x0000000092000000, 0x0000000092100000|  0%| F|  |TAMS 0x0000000092000000, 0x0000000092000000| Untracked 
| 289|0x0000000092100000, 0x0000000092100000, 0x0000000092200000|  0%| F|  |TAMS 0x0000000092100000, 0x0000000092100000| Untracked 
| 290|0x0000000092200000, 0x0000000092200000, 0x0000000092300000|  0%| F|  |TAMS 0x0000000092200000, 0x0000000092200000| Untracked 
| 291|0x0000000092300000, 0x0000000092300000, 0x0000000092400000|  0%| F|  |TAMS 0x0000000092300000, 0x0000000092300000| Untracked 
| 292|0x0000000092400000, 0x0000000092400000, 0x0000000092500000|  0%| F|  |TAMS 0x0000000092400000, 0x0000000092400000| Untracked 
| 293|0x0000000092500000, 0x0000000092600000, 0x0000000092600000|100%| S|CS|TAMS 0x0000000092500000, 0x0000000092500000| Complete 
| 294|0x0000000092600000, 0x0000000092700000, 0x0000000092700000|100%| S|CS|TAMS 0x0000000092600000, 0x0000000092600000| Complete 
| 295|0x0000000092700000, 0x0000000092700000, 0x0000000092800000|  0%| F|  |TAMS 0x0000000092700000, 0x0000000092700000| Untracked 
| 296|0x0000000092800000, 0x0000000092800000, 0x0000000092900000|  0%| F|  |TAMS 0x0000000092800000, 0x0000000092800000| Untracked 
| 297|0x0000000092900000, 0x0000000092900000, 0x0000000092a00000|  0%| F|  |TAMS 0x0000000092900000, 0x0000000092900000| Untracked 
| 298|0x0000000092a00000, 0x0000000092a00000, 0x0000000092b00000|  0%| F|  |TAMS 0x0000000092a00000, 0x0000000092a00000| Untracked 
| 299|0x0000000092b00000, 0x0000000092b00000, 0x0000000092c00000|  0%| F|  |TAMS 0x0000000092b00000, 0x0000000092b00000| Untracked 
| 300|0x0000000092c00000, 0x0000000092c00000, 0x0000000092d00000|  0%| F|  |TAMS 0x0000000092c00000, 0x0000000092c00000| Untracked 
| 301|0x0000000092d00000, 0x0000000092d00000, 0x0000000092e00000|  0%| F|  |TAMS 0x0000000092d00000, 0x0000000092d00000| Untracked 
| 302|0x0000000092e00000, 0x0000000092e00000, 0x0000000092f00000|  0%| F|  |TAMS 0x0000000092e00000, 0x0000000092e00000| Untracked 
| 303|0x0000000092f00000, 0x0000000092f00000, 0x0000000093000000|  0%| F|  |TAMS 0x0000000092f00000, 0x0000000092f00000| Untracked 
| 304|0x0000000093000000, 0x0000000093000000, 0x0000000093100000|  0%| F|  |TAMS 0x0000000093000000, 0x0000000093000000| Untracked 

Card table byte_map: [0x000001e9ff590000,0x000001e9ff990000] _byte_map_base: 0x000001e9ff190000

Marking Bits (Prev, Next): (CMBitMap*) 0x000001e9fedbf900, (CMBitMap*) 0x000001e9fedbf8c8
 Prev Bits: [0x000001e994a10000, 0x000001e996a10000)
 Next Bits: [0x000001e992a10000, 0x000001e994a10000)

Polling page: 0x000001e9fe560000

Metaspace:

Usage:
  Non-class:     92.88 MB capacity,    91.12 MB ( 98%) used,     1.42 MB (  2%) free+waste,   346.44 KB ( <1%) overhead. 
      Class:     14.52 MB capacity,    13.49 MB ( 93%) used,   899.63 KB (  6%) free+waste,   151.50 KB (  1%) overhead. 
       Both:    107.40 MB capacity,   104.62 MB ( 97%) used,     2.29 MB (  2%) free+waste,   497.94 KB ( <1%) overhead. 

Virtual space:
  Non-class space:       94.00 MB reserved,      93.00 MB ( 99%) committed 
      Class space:        1.00 GB reserved,      14.57 MB (  1%) committed 
             Both:        1.09 GB reserved,     107.57 MB ( 10%) committed 

Chunk freelists:
   Non-Class:  60.00 KB
       Class:  13.00 KB
        Both:  73.00 KB

MaxMetaspaceSize: 17179869184.00 GB
CompressedClassSpaceSize: 1.00 GB

CodeHeap 'non-profiled nmethods': size=120000Kb used=11246Kb max_used=11246Kb free=108753Kb
 bounds [0x000001e98b4e0000, 0x000001e98bfe0000, 0x000001e992a10000]
CodeHeap 'profiled nmethods': size=120000Kb used=35106Kb max_used=35106Kb free=84893Kb
 bounds [0x000001e983fb0000, 0x000001e986200000, 0x000001e98b4e0000]
CodeHeap 'non-nmethods': size=5760Kb used=2343Kb max_used=2387Kb free=3416Kb
 bounds [0x000001e983a10000, 0x000001e983c80000, 0x000001e983fb0000]
 total_blobs=18221 nmethods=17275 adapters=857
 compilation: enabled
              stopped_count=0, restarted_count=0
 full_count=0

Compilation events (20 events):
Event: 29.339 Thread 0x000001e999b1b000 nmethod 17604 0x000001e9861f3390 code [0x000001e9861f3580, 0x000001e9861f3878]
Event: 29.339 Thread 0x000001e999b1b000 17605       2       com.android.ide.common.symbols.Symbol$BasicAttributeSymbol::getCanonicalName (5 bytes)
Event: 29.339 Thread 0x000001e999b1b000 nmethod 17605 0x000001e9861f3a90 code [0x000001e9861f3c40, 0x000001e9861f3d38]
Event: 29.339 Thread 0x000001e999b1b000 17606       2       com.android.ide.common.symbols.Symbol$BasicAttributeSymbol::equals (39 bytes)
Event: 29.339 Thread 0x000001e999b1b000 nmethod 17606 0x000001e9861f3e10 code [0x000001e9861f3fe0, 0x000001e9861f4208]
Event: 29.341 Thread 0x000001e999b1b000 17608       2       com.android.ide.common.symbols.Symbol$StyleableSymbol::<init> (6 bytes)
Event: 29.341 Thread 0x000001e999b1b000 nmethod 17608 0x000001e9861f4310 code [0x000001e9861f44c0, 0x000001e9861f45b8]
Event: 29.341 Thread 0x000001e999b1b000 17609       2       com.android.ide.common.symbols.Symbol$Companion::styleableSymbol (87 bytes)
Event: 29.341 Thread 0x000001e99d650000 

Event: 29.341 Thread 0x000001e99d650000 17528   !   4       java.io.BufferedReader::readLine (304 bytes)
Event: 29.342 Thread 0x000001e999b1b000 nmethod 17609 0x000001e9861f4690 code [0x000001e9861f4a60, 0x000001e9861f58e8]
Event: 29.342 Thread 0x000001e999b1b000 17610       2       com.android.ide.common.symbols.Symbol$BasicStyleableSymbol::hashCode (23 bytes)
Event: 29.342 Thread 0x000001e999b1b000 nmethod 17610 0x000001e9861f6210 code [0x000001e9861f63e0, 0x000001e9861f6538]
Event: 29.346 Thread 0x000001e999b1b000 17613       2       javax.management.ObjectName::getDomainLength (8 bytes)
Event: 29.346 Thread 0x000001e999b1b000 nmethod 17613 0x000001e9861f6690 code [0x000001e9861f6840, 0x000001e9861f6938]
Event: 29.347 Thread 0x000001e999b1b000 17614 %     3       com.android.tools.r8.internal.Vt::g @ 112 (323 bytes)
Event: 29.347 Thread 0x000001e999b1b000 nmethod 17614% 0x000001e9861f6a10 code [0x000001e9861f6ce0, 0x000001e9861f7f98]
Event: 29.349 Thread 0x000001e999b1b000 17616       2       com.android.ide.common.symbols.Symbol$BasicStyleableSymbol::getCanonicalName (5 bytes)
Event: 29.349 Thread 0x000001e999b1b000 nmethod 17616 0x000001e9861f8710 code [0x000001e9861f88c0, 0x000001e9861f89b8]
Event: 29.349 Thread 0x000001e999b1b000 17617       2       com.android.ide.common.symbols.SymbolIo$SymbolData::<init> (47 bytes)

GC Heap History (20 events):
Event: 27.562 GC heap after
{Heap after GC invocations=31 (full 0):
 garbage-first heap   total 312320K, used 223232K [0x0000000080000000, 0x0000000100000000)
  region size 1024K, 6 young (6144K), 6 survivors (6144K)
 Metaspace       used 102800K, capacity 105371K, committed 105676K, reserved 1140736K
  class space    used 13266K, capacity 14207K, committed 14284K, reserved 1048576K
}
Event: 27.794 GC heap before
{Heap before GC invocations=31 (full 0):
 garbage-first heap   total 312320K, used 250880K [0x0000000080000000, 0x0000000100000000)
  region size 1024K, 34 young (34816K), 6 survivors (6144K)
 Metaspace       used 104521K, capacity 107044K, committed 107212K, reserved 1142784K
  class space    used 13499K, capacity 14432K, committed 14540K, reserved 1048576K
}
Event: 27.806 GC heap after
{Heap after GC invocations=32 (full 0):
 garbage-first heap   total 312320K, used 232448K [0x0000000080000000, 0x0000000100000000)
  region size 1024K, 5 young (5120K), 5 survivors (5120K)
 Metaspace       used 104521K, capacity 107044K, committed 107212K, reserved 1142784K
  class space    used 13499K, capacity 14432K, committed 14540K, reserved 1048576K
}
Event: 27.970 GC heap before
{Heap before GC invocations=33 (full 0):
 garbage-first heap   total 312320K, used 256000K [0x0000000080000000, 0x0000000100000000)
  region size 1024K, 29 young (29696K), 5 survivors (5120K)
 Metaspace       used 105072K, capacity 107771K, committed 107852K, reserved 1142784K
  class space    used 13594K, capacity 14609K, committed 14668K, reserved 1048576K
}
Event: 27.979 GC heap after
{Heap after GC invocations=34 (full 0):
 garbage-first heap   total 312320K, used 237092K [0x0000000080000000, 0x0000000100000000)
  region size 1024K, 4 young (4096K), 4 survivors (4096K)
 Metaspace       used 105072K, capacity 107771K, committed 107852K, reserved 1142784K
  class space    used 13594K, capacity 14609K, committed 14668K, reserved 1048576K
}
Event: 28.023 GC heap before
{Heap before GC invocations=34 (full 0):
 garbage-first heap   total 312320K, used 248356K [0x0000000080000000, 0x0000000100000000)
  region size 1024K, 15 young (15360K), 4 survivors (4096K)
 Metaspace       used 105078K, capacity 107775K, committed 107852K, reserved 1142784K
  class space    used 13594K, capacity 14609K, committed 14668K, reserved 1048576K
}
Event: 28.030 GC heap after
{Heap after GC invocations=35 (full 0):
 garbage-first heap   total 312320K, used 234673K [0x0000000080000000, 0x0000000100000000)
  region size 1024K, 2 young (2048K), 2 survivors (2048K)
 Metaspace       used 105078K, capacity 107775K, committed 107852K, reserved 1142784K
  class space    used 13594K, capacity 14609K, committed 14668K, reserved 1048576K
}
Event: 28.125 GC heap before
{Heap before GC invocations=35 (full 0):
 garbage-first heap   total 312320K, used 258225K [0x0000000080000000, 0x0000000100000000)
  region size 1024K, 26 young (26624K), 2 survivors (2048K)
 Metaspace       used 105342K, capacity 108096K, committed 108236K, reserved 1142784K
  class space    used 13630K, capacity 14671K, committed 14796K, reserved 1048576K
}
Event: 28.130 GC heap after
{Heap after GC invocations=36 (full 0):
 garbage-first heap   total 312320K, used 237702K [0x0000000080000000, 0x0000000100000000)
  region size 1024K, 4 young (4096K), 4 survivors (4096K)
 Metaspace       used 105342K, capacity 108096K, committed 108236K, reserved 1142784K
  class space    used 13630K, capacity 14671K, committed 14796K, reserved 1048576K
}
Event: 28.340 GC heap before
{Heap before GC invocations=36 (full 0):
 garbage-first heap   total 312320K, used 251014K [0x0000000080000000, 0x0000000100000000)
  region size 1024K, 28 young (28672K), 4 survivors (4096K)
 Metaspace       used 105604K, capacity 108385K, committed 108748K, reserved 1142784K
  class space    used 13651K, capacity 14676K, committed 14796K, reserved 1048576K
}
Event: 28.345 GC heap after
{Heap after GC invocations=37 (full 0):
 garbage-first heap   total 312320K, used 229535K [0x0000000080000000, 0x0000000100000000)
  region size 1024K, 3 young (3072K), 3 survivors (3072K)
 Metaspace       used 105604K, capacity 108385K, committed 108748K, reserved 1142784K
  class space    used 13651K, capacity 14676K, committed 14796K, reserved 1048576K
}
Event: 28.589 GC heap before
{Heap before GC invocations=38 (full 0):
 garbage-first heap   total 312320K, used 263327K [0x0000000080000000, 0x0000000100000000)
  region size 1024K, 31 young (31744K), 3 survivors (3072K)
 Metaspace       used 105610K, capacity 108385K, committed 108748K, reserved 1142784K
  class space    used 13651K, capacity 14676K, committed 14796K, reserved 1048576K
}
Event: 28.598 GC heap after
{Heap after GC invocations=39 (full 0):
 garbage-first heap   total 312320K, used 238297K [0x0000000080000000, 0x0000000100000000)
  region size 1024K, 4 young (4096K), 4 survivors (4096K)
 Metaspace       used 105610K, capacity 108385K, committed 108748K, reserved 1142784K
  class space    used 13651K, capacity 14676K, committed 14796K, reserved 1048576K
}
Event: 28.674 GC heap before
{Heap before GC invocations=39 (full 0):
 garbage-first heap   total 312320K, used 248537K [0x0000000080000000, 0x0000000100000000)
  region size 1024K, 15 young (15360K), 4 survivors (4096K)
 Metaspace       used 105699K, capacity 108456K, committed 108748K, reserved 1142784K
  class space    used 13659K, capacity 14678K, committed 14796K, reserved 1048576K
}
Event: 28.695 GC heap after
{Heap after GC invocations=40 (full 0):
 garbage-first heap   total 312320K, used 224683K [0x0000000080000000, 0x0000000100000000)
  region size 1024K, 2 young (2048K), 2 survivors (2048K)
 Metaspace       used 105699K, capacity 108456K, committed 108748K, reserved 1142784K
  class space    used 13659K, capacity 14678K, committed 14796K, reserved 1048576K
}
Event: 28.947 GC heap before
{Heap before GC invocations=40 (full 0):
 garbage-first heap   total 312320K, used 262571K [0x0000000080000000, 0x0000000100000000)
  region size 1024K, 33 young (33792K), 2 survivors (2048K)
 Metaspace       used 106428K, capacity 109235K, committed 109260K, reserved 1144832K
  class space    used 13742K, capacity 14793K, committed 14796K, reserved 1048576K
}
Event: 28.953 GC heap after
{Heap after GC invocations=41 (full 0):
 garbage-first heap   total 312320K, used 229393K [0x0000000080000000, 0x0000000100000000)
  region size 1024K, 3 young (3072K), 3 survivors (3072K)
 Metaspace       used 106428K, capacity 109235K, committed 109260K, reserved 1144832K
  class space    used 13742K, capacity 14793K, committed 14796K, reserved 1048576K
}
Event: 29.317 GC heap before
{Heap before GC invocations=42 (full 0):
 garbage-first heap   total 312320K, used 266257K [0x0000000080000000, 0x0000000100000000)
  region size 1024K, 34 young (34816K), 3 survivors (3072K)
 Metaspace       used 107077K, capacity 109908K, committed 110156K, reserved 1144832K
  class space    used 13810K, capacity 14866K, committed 14924K, reserved 1048576K
}
Event: 29.322 GC heap after
{Heap after GC invocations=43 (full 0):
 garbage-first heap   total 312320K, used 240515K [0x0000000080000000, 0x0000000100000000)
  region size 1024K, 5 young (5120K), 5 survivors (5120K)
 Metaspace       used 107077K, capacity 109908K, committed 110156K, reserved 1144832K
  class space    used 13810K, capacity 14866K, committed 14924K, reserved 1048576K
}
Event: 29.349 GC heap before
{Heap before GC invocations=43 (full 0):
 garbage-first heap   total 312320K, used 249731K [0x0000000080000000, 0x0000000100000000)
  region size 1024K, 15 young (15360K), 5 survivors (5120K)
 Metaspace       used 107127K, capacity 109975K, committed 110156K, reserved 1144832K
  class space    used 13815K, capacity 14867K, committed 14924K, reserved 1048576K
}

Deoptimization events (20 events):
Event: 29.278 Thread 0x000001e9a19f0000 Uncommon trap: trap_request=0xffffffde fr.pc=0x000001e98bfb0870 relative=0x0000000000000710
Event: 29.278 Thread 0x000001e9a19f0000 Uncommon trap: reason=class_check action=maybe_recompile pc=0x000001e98bfb0870 method=com.android.tools.r8.graph.P.a(Lcom/android/tools/r8/dex/w;Lcom/android/tools/r8/internal/zr;)V @ 2 c2
Event: 29.278 Thread 0x000001e9a19f0000 DEOPT PACKING pc=0x000001e98bfb0870 sp=0x000000a607ffe850
Event: 29.278 Thread 0x000001e9a19f0000 DEOPT UNPACKING pc=0x000001e983a183af sp=0x000000a607ffe6d8 mode 2
Event: 29.278 Thread 0x000001e9a19f0000 Uncommon trap: trap_request=0xffffffde fr.pc=0x000001e98bfb0870 relative=0x0000000000000710
Event: 29.278 Thread 0x000001e9a19f0000 Uncommon trap: reason=class_check action=maybe_recompile pc=0x000001e98bfb0870 method=com.android.tools.r8.graph.P.a(Lcom/android/tools/r8/dex/w;Lcom/android/tools/r8/internal/zr;)V @ 2 c2
Event: 29.278 Thread 0x000001e9a19f0000 DEOPT PACKING pc=0x000001e98bfb0870 sp=0x000000a607ffe850
Event: 29.278 Thread 0x000001e9a19f0000 DEOPT UNPACKING pc=0x000001e983a183af sp=0x000000a607ffe6d8 mode 2
Event: 29.278 Thread 0x000001e9a19f0000 Uncommon trap: trap_request=0xffffffde fr.pc=0x000001e98bfb5638 relative=0x00000000000006d8
Event: 29.278 Thread 0x000001e9a19f0000 Uncommon trap: reason=class_check action=maybe_recompile pc=0x000001e98bfb5638 method=com.android.tools.r8.graph.P.a(Lcom/android/tools/r8/dex/w;Lcom/android/tools/r8/internal/zr;)V @ 2 c2
Event: 29.278 Thread 0x000001e9a19f0000 DEOPT PACKING pc=0x000001e98bfb5638 sp=0x000000a607ffe7c0
Event: 29.279 Thread 0x000001e9a19f0000 DEOPT UNPACKING pc=0x000001e983a183af sp=0x000000a607ffe6c0 mode 2
Event: 29.279 Thread 0x000001e9a19f0000 Uncommon trap: trap_request=0xffffff4d fr.pc=0x000001e98bf9588c relative=0x000000000000042c
Event: 29.279 Thread 0x000001e9a19f0000 Uncommon trap: reason=unstable_if action=reinterpret pc=0x000001e98bf9588c method=com.android.tools.r8.internal.Nz.a(Ljava/lang/Object;I)I @ 224 c2
Event: 29.279 Thread 0x000001e9a19f0000 DEOPT PACKING pc=0x000001e98bf9588c sp=0x000000a607ffe600
Event: 29.279 Thread 0x000001e9a19f0000 DEOPT UNPACKING pc=0x000001e983a183af sp=0x000000a607ffe5b8 mode 2
Event: 29.312 Thread 0x000001e9a19e8800 Uncommon trap: trap_request=0xffffff4d fr.pc=0x000001e98bc17b28 relative=0x00000000000021c8
Event: 29.312 Thread 0x000001e9a19e8800 Uncommon trap: reason=unstable_if action=reinterpret pc=0x000001e98bc17b28 method=java.lang.String.split(Ljava/lang/String;I)[Ljava/lang/String; @ 256 c2
Event: 29.312 Thread 0x000001e9a19e8800 DEOPT PACKING pc=0x000001e98bc17b28 sp=0x000000a6072fd780
Event: 29.312 Thread 0x000001e9a19e8800 DEOPT UNPACKING pc=0x000001e983a183af sp=0x000000a6072fd788 mode 2

Classes redefined (0 events):
No events

Internal exceptions (20 events):
Event: 27.229 Thread 0x000001e9a19f0000 Exception <a 'java/lang/NoSuchMethodError'{0x0000000091e61758}: 'java.lang.Object java.lang.invoke.DirectMethodHandle$Holder.newInvokeSpecial(java.lang.Object, int)'> (0x0000000091e61758) thrown at [./src/hotspot/share/interpreter/linkResolver.cpp, line 773]
Event: 27.229 Thread 0x000001e9a19ef000 Exception <a 'java/lang/NoSuchMethodError'{0x0000000091e570f8}: 'java.lang.Object java.lang.invoke.DirectMethodHandle$Holder.newInvokeSpecial(java.lang.Object, int)'> (0x0000000091e570f8) thrown at [./src/hotspot/share/interpreter/linkResolver.cpp, line 773]
Event: 27.269 Thread 0x000001e9a19ef000 Exception <a 'java/lang/IncompatibleClassChangeError'{0x0000000091be1f08}: Found class java.lang.Object, but interface was expected> (0x0000000091be1f08) thrown at [./src/hotspot/share/interpreter/linkResolver.cpp, line 839]
Event: 27.269 Thread 0x000001e9a19ee000 Exception <a 'java/lang/IncompatibleClassChangeError'{0x0000000091eaf200}: Found class java.lang.Object, but interface was expected> (0x0000000091eaf200) thrown at [./src/hotspot/share/interpreter/linkResolver.cpp, line 839]
Event: 27.269 Thread 0x000001e9a19f1800 Exception <a 'java/lang/IncompatibleClassChangeError'{0x0000000091bd9a58}: Found class java.lang.Object, but interface was expected> (0x0000000091bd9a58) thrown at [./src/hotspot/share/interpreter/linkResolver.cpp, line 839]
Event: 27.269 Thread 0x000001e9a19eb000 Exception <a 'java/lang/IncompatibleClassChangeError'{0x0000000091bbdd48}: Found class java.lang.Object, but interface was expected> (0x0000000091bbdd48) thrown at [./src/hotspot/share/interpreter/linkResolver.cpp, line 839]
Event: 27.269 Thread 0x000001e9a19f0000 Exception <a 'java/lang/IncompatibleClassChangeError'{0x0000000091e87920}: Found class java.lang.Object, but interface was expected> (0x0000000091e87920) thrown at [./src/hotspot/share/interpreter/linkResolver.cpp, line 839]
Event: 27.269 Thread 0x000001e9a19ef000 Exception <a 'java/lang/IncompatibleClassChangeError'{0x0000000091be93a0}: Found class java.lang.Object, but interface was expected> (0x0000000091be93a0) thrown at [./src/hotspot/share/interpreter/linkResolver.cpp, line 839]
Event: 27.629 Thread 0x000001e9a19e9000 Exception <a 'java/lang/NoSuchMethodError'{0x0000000092570628}: 'int java.lang.invoke.DirectMethodHandle$Holder.invokeVirtual(java.lang.Object, java.lang.Object, java.lang.Object, java.lang.Object)'> (0x0000000092570628) thrown at [./src/hotspot/share/interpreter/linkResolver.cpp, line 773]
Event: 27.656 Thread 0x000001e9a19e9000 Exception <a 'java/lang/IncompatibleClassChangeError'{0x0000000092315530}: Found class java.lang.Object, but interface was expected> (0x0000000092315530) thrown at [./src/hotspot/share/interpreter/linkResolver.cpp, line 839]
Event: 27.871 Thread 0x000001e9a19e9000 Implicit null exception at 0x000001e98be29422 to 0x000001e98be29d70
Event: 27.893 Thread 0x000001e9a19e9000 Exception <a 'java/lang/NoSuchMethodError'{0x000000009236c2b0}: 'java.lang.Object java.lang.invoke.Invokers$Holder.linkToTargetMethod(java.lang.Object, int, java.lang.Object, java.lang.Object, java.lang.Object, java.lang.Object)'> (0x000000009236c2b0) thrown at [./src/hotspot/share/interpreter/linkResolver.cpp, line 773]
Event: 27.893 Thread 0x000001e9a19e9000 Exception <a 'java/lang/NoSuchMethodError'{0x000000009236ff68}: 'void java.lang.invoke.DirectMethodHandle$Holder.invokeSpecial(java.lang.Object, java.lang.Object, java.lang.Object, java.lang.Object, java.lang.Object, java.lang.Object, java.lang.Object, java.lang.Object, java.lang.Object)'> (0x000000009236ff68) thrown at [./src/hotspot/share/interpreter/linkResolver.cpp, line 773]
Event: 27.893 Thread 0x000001e9a19e9000 Exception <a 'java/lang/NoSuchMethodError'{0x0000000092379160}: 'java.lang.Object java.lang.invoke.Invokers$Holder.linkToTargetMethod(java.lang.Object, java.lang.Object, java.lang.Object, java.lang.Object, java.lang.Object, java.lang.Object, java.lang.Object)'> (0x0000000092379160) thrown at [./src/hotspot/share/interpreter/linkResolver.cpp, line 773]
Event: 27.897 Thread 0x000001e9a19e9000 Exception <a 'java/lang/IncompatibleClassChangeError'{0x000000009239fa70}: Found class java.lang.Object, but interface was expected> (0x000000009239fa70) thrown at [./src/hotspot/share/interpreter/linkResolver.cpp, line 839]
Event: 27.920 Thread 0x000001e9a19e9000 Exception <a 'java/lang/NoSuchMethodError'{0x00000000922fca90}: 'void java.lang.invoke.DirectMethodHandle$Holder.invokeStatic(java.lang.Object, java.lang.Object, java.lang.Object, java.lang.Object, java.lang.Object, java.lang.Object, java.lang.Object, java.lang.Object)'> (0x00000000922fca90) thrown at [./src/hotspot/share/interpreter/linkResolver.cpp, line 773]
Event: 28.702 Thread 0x000001e9a19e9000 Exception <a 'java/lang/IncompatibleClassChangeError'{0x0000000092e9f300}: Found class java.lang.Object, but interface was expected> (0x0000000092e9f300) thrown at [./src/hotspot/share/interpreter/linkResolver.cpp, line 839]
Event: 28.843 Thread 0x000001e9a19eb000 Implicit null exception at 0x000001e98bf7fec4 to 0x000001e98bf808d8
Event: 28.853 Thread 0x000001e9a19eb000 Exception <a 'java/lang/NoSuchMethodError'{0x0000000091d54e30}: 'void java.lang.invoke.DirectMethodHandle$Holder.invokeVirtual(java.lang.Object, java.lang.Object, int)'> (0x0000000091d54e30) thrown at [./src/hotspot/share/interpreter/linkResolver.cpp, line 773]
Event: 28.910 Thread 0x000001e9a19eb000 Exception <a 'sun/nio/fs/WindowsException'{0x0000000091712ad8}> (0x0000000091712ad8) thrown at [./src/hotspot/share/prims/jni.cpp, line 615]

Events (20 events):
Event: 29.310 loading class com/google/common/collect/DenseImmutableTable done
Event: 29.311 loading class com/google/common/collect/RegularImmutableTable$CellSet
Event: 29.311 loading class com/google/common/collect/RegularImmutableTable$CellSet done
Event: 29.317 Executing VM operation: G1CollectForAllocation
Event: 29.322 Executing VM operation: G1CollectForAllocation done
Event: 29.324 loading class com/android/build/gradle/internal/services/SymbolTableBuildService$FileCacheKey
Event: 29.324 loading class com/android/build/gradle/internal/services/SymbolTableBuildService$FileCacheKey done
Event: 29.325 loading class com/google/common/cache/LocalCache$Values
Event: 29.325 loading class com/google/common/cache/LocalCache$Values done
Event: 29.326 loading class com/google/common/cache/LocalCache$ValueIterator
Event: 29.326 loading class com/google/common/cache/LocalCache$ValueIterator done
Event: 29.326 loading class com/google/common/cache/LocalCache$HashIterator
Event: 29.326 loading class com/google/common/cache/LocalCache$HashIterator done
Event: 29.327 loading class com/android/ide/common/symbols/Symbol$BasicNormalSymbol
Event: 29.327 loading class com/android/ide/common/symbols/Symbol$BasicNormalSymbol done
Event: 29.327 loading class com/android/ide/common/symbols/Symbol$BasicAttributeSymbol
Event: 29.327 loading class com/android/ide/common/symbols/Symbol$BasicAttributeSymbol done
Event: 29.332 loading class com/google/common/cache/LocalCache$SoftValueReference
Event: 29.332 loading class com/google/common/cache/LocalCache$SoftValueReference done
Event: 29.349 Executing VM operation: G1CollectForAllocation


Dynamic libraries:
0x00007ff736ec0000 - 0x00007ff736eca000 	C:\Program Files\Android\Android Studio\jre\bin\java.exe
0x00007ff90c720000 - 0x00007ff90c927000 	C:\windows\SYSTEM32\ntdll.dll
0x00007ff90b640000 - 0x00007ff90b6fd000 	C:\windows\System32\KERNEL32.DLL
0x00007ff909c00000 - 0x00007ff909f74000 	C:\windows\System32\KERNELBASE.dll
0x00007ff909ff0000 - 0x00007ff90a101000 	C:\windows\System32\ucrtbase.dll
0x00007ff9018d0000 - 0x00007ff9018e7000 	C:\Program Files\Android\Android Studio\jre\bin\VCRUNTIME140.dll
0x00007ff8f71c0000 - 0x00007ff8f71d9000 	C:\Program Files\Android\Android Studio\jre\bin\jli.dll
0x00007ff90b420000 - 0x00007ff90b5cc000 	C:\windows\System32\USER32.dll
0x00007ff90a1b0000 - 0x00007ff90a1d6000 	C:\windows\System32\win32u.dll
0x00007ff90b7f0000 - 0x00007ff90b819000 	C:\windows\System32\GDI32.dll
0x00007ff90a490000 - 0x00007ff90a5a2000 	C:\windows\System32\gdi32full.dll
0x00007ff90a110000 - 0x00007ff90a1ad000 	C:\windows\System32\msvcp_win.dll
0x00007ff8ed3b0000 - 0x00007ff8ed655000 	C:\windows\WinSxS\amd64_microsoft.windows.common-controls_6595b64144ccf1df_6.0.22000.120_none_9d947278b86cc467\COMCTL32.dll
0x00007ff90c630000 - 0x00007ff90c6d3000 	C:\windows\System32\msvcrt.dll
0x00007ff90bbb0000 - 0x00007ff90bbe1000 	C:\windows\System32\IMM32.DLL
0x00007ff8d1a50000 - 0x00007ff8d1aed000 	C:\Program Files\Android\Android Studio\jre\bin\msvcp140.dll
0x00007ff87f8b0000 - 0x00007ff88037f000 	C:\Program Files\Android\Android Studio\jre\bin\server\jvm.dll
0x00007ff90a640000 - 0x00007ff90a6ec000 	C:\windows\System32\ADVAPI32.dll
0x00007ff90a6f0000 - 0x00007ff90a78d000 	C:\windows\System32\sechost.dll
0x00007ff90c360000 - 0x00007ff90c481000 	C:\windows\System32\RPCRT4.dll
0x00007ff90a630000 - 0x00007ff90a638000 	C:\windows\System32\PSAPI.DLL
0x00007ff8f50d0000 - 0x00007ff8f5103000 	C:\windows\SYSTEM32\WINMM.dll
0x00007ff900030000 - 0x00007ff900039000 	C:\windows\SYSTEM32\WSOCK32.dll
0x00007ff8f4e90000 - 0x00007ff8f4e9a000 	C:\windows\SYSTEM32\VERSION.dll
0x00007ff90b5d0000 - 0x00007ff90b63f000 	C:\windows\System32\WS2_32.dll
0x00007ff908e20000 - 0x00007ff908e38000 	C:\windows\SYSTEM32\kernel.appcore.dll
0x00007ff8fc790000 - 0x00007ff8fc7a1000 	C:\Program Files\Android\Android Studio\jre\bin\verify.dll
0x00007ff9075b0000 - 0x00007ff9077d1000 	C:\windows\SYSTEM32\DBGHELP.DLL
0x00007ff9015f0000 - 0x00007ff901621000 	C:\windows\SYSTEM32\dbgcore.DLL
0x00007ff90a1e0000 - 0x00007ff90a260000 	C:\windows\System32\bcryptPrimitives.dll
0x00007ff8ef6c0000 - 0x00007ff8ef6e9000 	C:\Program Files\Android\Android Studio\jre\bin\java.dll
0x00007ff8fe510000 - 0x00007ff8fe51b000 	C:\Program Files\Android\Android Studio\jre\bin\jimage.dll
0x00007ff8f5550000 - 0x00007ff8f5568000 	C:\Program Files\Android\Android Studio\jre\bin\zip.dll
0x00007ff90a790000 - 0x00007ff90af39000 	C:\windows\System32\SHELL32.dll
0x00007ff907dc0000 - 0x00007ff908622000 	C:\windows\SYSTEM32\windows.storage.dll
0x00007ff90bbf0000 - 0x00007ff90bf68000 	C:\windows\System32\combase.dll
0x00007ff907c50000 - 0x00007ff907db6000 	C:\windows\SYSTEM32\wintypes.dll
0x00007ff90b700000 - 0x00007ff90b7ea000 	C:\windows\System32\SHCORE.dll
0x00007ff90c140000 - 0x00007ff90c19d000 	C:\windows\System32\shlwapi.dll
0x00007ff909b30000 - 0x00007ff909b51000 	C:\windows\SYSTEM32\profapi.dll
0x00007ff8f5510000 - 0x00007ff8f552a000 	C:\Program Files\Android\Android Studio\jre\bin\net.dll
0x00007ff8ff700000 - 0x00007ff8ff80c000 	C:\windows\SYSTEM32\WINHTTP.dll
0x00007ff909230000 - 0x00007ff909297000 	C:\windows\system32\mswsock.dll
0x00007ff8f0320000 - 0x00007ff8f0334000 	C:\Program Files\Android\Android Studio\jre\bin\nio.dll
0x00007ff8ed020000 - 0x00007ff8ed047000 	C:\Users\CS_ra\.gradle\native\8bec1ad78214c89d9ad589b4d07fe93259594b29d510b10fafb7a158f7737e5d\windows-amd64\native-platform.dll
0x00007ff8bbb80000 - 0x00007ff8bbcbd000 	C:\Users\CS_ra\.gradle\native\53dbd7edfb1c66fb8903c78663c9afc45aea4f116125fa6feffd364cf09443e8\windows-amd64\native-platform-file-events.dll
0x00007ff8fe4f0000 - 0x00007ff8fe4fa000 	C:\Program Files\Android\Android Studio\jre\bin\management.dll
0x00007ff8fe350000 - 0x00007ff8fe35c000 	C:\Program Files\Android\Android Studio\jre\bin\management_ext.dll
0x00007ff909470000 - 0x00007ff909488000 	C:\windows\SYSTEM32\CRYPTSP.dll
0x00007ff908d80000 - 0x00007ff908db5000 	C:\windows\system32\rsaenh.dll
0x00007ff909320000 - 0x00007ff909349000 	C:\windows\SYSTEM32\USERENV.dll
0x00007ff9095f0000 - 0x00007ff909617000 	C:\windows\SYSTEM32\bcrypt.dll
0x00007ff909490000 - 0x00007ff90949c000 	C:\windows\SYSTEM32\CRYPTBASE.dll
0x00007ff9088e0000 - 0x00007ff90890d000 	C:\windows\SYSTEM32\IPHLPAPI.DLL
0x00007ff90bb10000 - 0x00007ff90bb19000 	C:\windows\System32\NSI.dll
0x00007ff8ff610000 - 0x00007ff8ff629000 	C:\windows\SYSTEM32\dhcpcsvc6.DLL
0x00007ff8ff9d0000 - 0x00007ff8ff9ee000 	C:\windows\SYSTEM32\dhcpcsvc.DLL
0x00007ff908910000 - 0x00007ff9089f7000 	C:\windows\SYSTEM32\DNSAPI.dll
0x00007ff8ee9b0000 - 0x00007ff8ee9d7000 	C:\Program Files\Android\Android Studio\jre\bin\sunec.dll

dbghelp: loaded successfully - version: 4.0.5 - missing functions: none
symbol engine: initialized successfully - sym options: 0x614 - pdb path: .;C:\Program Files\Android\Android Studio\jre\bin;C:\windows\SYSTEM32;C:\windows\WinSxS\amd64_microsoft.windows.common-controls_6595b64144ccf1df_6.0.22000.120_none_9d947278b86cc467;C:\Program Files\Android\Android Studio\jre\bin\server;C:\Users\CS_ra\.gradle\native\8bec1ad78214c89d9ad589b4d07fe93259594b29d510b10fafb7a158f7737e5d\windows-amd64;C:\Users\CS_ra\.gradle\native\53dbd7edfb1c66fb8903c78663c9afc45aea4f116125fa6feffd364cf09443e8\windows-amd64

VM Arguments:
jvm_args: --add-opens=java.base/java.util=ALL-UNNAMED --add-opens=java.base/java.lang=ALL-UNNAMED --add-opens=java.base/java.lang.invoke=ALL-UNNAMED --add-opens=java.base/java.util=ALL-UNNAMED --add-opens=java.prefs/java.util.prefs=ALL-UNNAMED --add-opens=java.prefs/java.util.prefs=ALL-UNNAMED --add-opens=java.base/java.nio.charset=ALL-UNNAMED --add-opens=java.base/java.net=ALL-UNNAMED --add-opens=java.base/java.util.concurrent.atomic=ALL-UNNAMED -Xmx2048m -Dfile.encoding=UTF-8 -Duser.country=GB -Duser.language=en -Duser.variant 
java_command: org.gradle.launcher.daemon.bootstrap.GradleDaemon 7.0.2
java_class_path (initial): C:\Users\CS_ra\.gradle\wrapper\dists\gradle-7.0.2-bin\857tjihv64xamwrf0h14cai3r\gradle-7.0.2\lib\gradle-launcher-7.0.2.jar
Launcher Type: SUN_STANDARD

[Global flags]
     intx CICompilerCount                          = 4                                         {product} {ergonomic}
     uint ConcGCThreads                            = 2                                         {product} {ergonomic}
     uint G1ConcRefinementThreads                  = 8                                         {product} {ergonomic}
   size_t G1HeapRegionSize                         = 1048576                                   {product} {ergonomic}
    uintx GCDrainStackTargetSize                   = 64                                        {product} {ergonomic}
   size_t InitialHeapSize                          = 266338304                                 {product} {ergonomic}
   size_t MarkStackSize                            = 4194304                                   {product} {ergonomic}
   size_t MaxHeapSize                              = 2147483648                                {product} {command line}
   size_t MaxNewSize                               = 1287651328                                {product} {ergonomic}
   size_t MinHeapDeltaBytes                        = 1048576                                   {product} {ergonomic}
    uintx NonNMethodCodeHeapSize                   = 5836300                                {pd product} {ergonomic}
    uintx NonProfiledCodeHeapSize                  = 122910970                              {pd product} {ergonomic}
    uintx ProfiledCodeHeapSize                     = 122910970                              {pd product} {ergonomic}
    uintx ReservedCodeCacheSize                    = 251658240                              {pd product} {ergonomic}
     bool SegmentedCodeCache                       = true                                      {product} {ergonomic}
     bool UseCompressedClassPointers               = true                                 {lp64_product} {ergonomic}
     bool UseCompressedOops                        = true                                 {lp64_product} {ergonomic}
     bool UseG1GC                                  = true                                      {product} {ergonomic}
     bool UseLargePagesIndividualAllocation        = false                                  {pd product} {ergonomic}

Logging:
Log output configuration:
 #0: stdout all=warning uptime,level,tags
 #1: stderr all=off uptime,level,tags

Environment Variables:
PATH=C:\windows\system32;C:\windows;C:\windows\System32\Wbem;C:\windows\System32\WindowsPowerShell\v1.0\;C:\windows\System32\OpenSSH\;C:\Program Files (x86)\NVIDIA Corporation\PhysX\Common;C:\Program Files\NVIDIA Corporation\NVIDIA NvDLISR;C:\Program Files\Git\cmd;C:\Users\CS_ra\AppData\Local\Microsoft\WindowsApps;C:\Users\CS_ra\AppData\Local\gitkraken\bin
USERNAME=rnthuwayni
OS=Windows_NT
PROCESSOR_IDENTIFIER=Intel64 Family 6 Model 140 Stepping 1, GenuineIntel



---------------  S Y S T E M  ---------------

OS: Windows 10 , 64 bit Build 22000 (10.0.22000.120)
OS uptime: 47 days 14:01 hours

CPU:total 8 (initial active 8) (4 cores per cpu, 2 threads per core) family 6 model 140 stepping 1 microcode 0x86, cmov, cx8, fxsr, mmx, sse, sse2, sse3, ssse3, sse4.1, sse4.2, popcnt, avx, avx2, aes, clmul, erms, 3dnowpref, lzcnt, ht, tsc, tscinvbit, bmi1, bmi2, adx, evex, sha, fma

Memory: 4k page, system-wide physical 16149M (515M free)
TotalPageFile size 65301M (AvailPageFile size 140M)
current process WorkingSet (physical memory assigned to process): 659M, peak: 662M
current process commit charge ("private bytes"): 695M, peak: 846M

vm_info: OpenJDK 64-Bit Server VM (11.0.10+0-b96-7249189) for windows-amd64 JRE (11.0.10+0-b96-7249189), built on Mar 31 2021 21:44:00 by "builder" with MS VC++ 14.0 (VS2015)

END.
