#
# There is insufficient memory for the Java Runtime Environment to continue.
# Native memory allocation (mmap) failed to map 155189248 bytes for Failed to commit area from 0x0000000093100000 to 0x000000009c500000 of length 155189248.
# Possible reasons:
#   The system is out of physical RAM or swap space
#   The process is running with CompressedOops enabled, and the Java Heap may be blocking the growth of the native heap
# Possible solutions:
#   Reduce memory load on the system
#   Increase physical memory or swap space
#   Check if swap backing store is full
#   Decrease Java heap size (-Xmx/-Xms)
#   Decrease number of Java threads
#   Decrease Java thread stack sizes (-Xss)
#   Set larger code cache with -XX:ReservedCodeCacheSize=
#   JVM is running with Unscaled Compressed Oops mode in which the Java heap is
#     placed in the first 4GB address space. The Java Heap base address is the
#     maximum limit for the native heap growth. Please use -XX:HeapBaseMinAddress
#     to set the Java Heap base and to place the Java Heap above 4GB virtual address.
# This output file may be truncated or incomplete.
#
#  Out of Memory Error (./src/hotspot/os/windows/os_windows.cpp:3301), pid=9432, tid=26704
#
# JRE version: OpenJDK Runtime Environment (11.0.10) (build 11.0.10+0-b96-7249189)
# Java VM: OpenJDK 64-Bit Server VM (11.0.10+0-b96-7249189, mixed mode, tiered, compressed oops, g1 gc, windows-amd64)
# No core dump will be written. Minidumps are not enabled by default on client versions of Windows
#

---------------  S U M M A R Y ------------

Command Line: --add-opens=java.base/java.util=ALL-UNNAMED --add-opens=java.base/java.lang=ALL-UNNAMED --add-opens=java.base/java.lang.invoke=ALL-UNNAMED --add-opens=java.base/java.util=ALL-UNNAMED --add-opens=java.prefs/java.util.prefs=ALL-UNNAMED --add-opens=java.prefs/java.util.prefs=ALL-UNNAMED --add-opens=java.base/java.nio.charset=ALL-UNNAMED --add-opens=java.base/java.net=ALL-UNNAMED --add-opens=java.base/java.util.concurrent.atomic=ALL-UNNAMED -Xmx2048m -Dfile.encoding=UTF-8 -Duser.country=GB -Duser.language=en -Duser.variant org.gradle.launcher.daemon.bootstrap.GradleDaemon 7.0.2

Host: 11th Gen Intel(R) Core(TM) i7-1165G7 @ 2.80GHz, 8 cores, 15G,  Windows 10 , 64 bit Build 22000 (10.0.22000.120)
Time: Wed Dec 22 20:59:50 2021 Arab Standard Time elapsed time: 21.126946 seconds (0d 0h 0m 21s)

---------------  T H R E A D  ---------------

Current thread (0x00000198b4218000):  VMThread "VM Thread" [stack: 0x00000030fb700000,0x00000030fb800000] [id=26704]

Stack: [0x00000030fb700000,0x00000030fb800000]
[error occurred during error reporting (printing stack bounds), id 0xc0000005, EXCEPTION_ACCESS_VIOLATION (0xc0000005) at pc=0x000001989d0310e7]

Native frames: (J=compiled Java code, j=interpreted, Vv=VM code, C=native code)
V  [jvm.dll+0x5ecfaa]
V  [jvm.dll+0x722bd5]
V  [jvm.dll+0x72412d]
V  [jvm.dll+0x724745]
V  [jvm.dll+0x7246fb]
V  [jvm.dll+0x5ec348]
V  [jvm.dll+0x5ecad8]
C  [ntdll.dll+0xa826f]
C  [ntdll.dll+0x359ca]
C  [ntdll.dll+0xa727e]
C  0x000001989d0310e7

VM_Operation (0x00000030feef5f00): G1CollectForAllocation, mode: safepoint, requested by thread 0x00000198b7e21000


---------------  P R O C E S S  ---------------

Threads class SMR info:
_java_thread_list=0x00000198c0e74200, length=69, elements={
0x000001989953c800, 0x00000198b421f800, 0x00000198b4221000, 0x00000198b4281800,
0x00000198b4282800, 0x00000198b4283800, 0x00000198b4287800, 0x00000198b428b800,
0x00000198b4296800, 0x00000198b43f6000, 0x00000198b650f800, 0x00000198b4ec2800,
0x00000198b68be000, 0x00000198b61a6800, 0x00000198b650e800, 0x00000198b6959800,
0x00000198b6957000, 0x00000198b6957800, 0x00000198b695b000, 0x00000198b6955800,
0x00000198b695c000, 0x00000198b819a000, 0x00000198b819b000, 0x00000198b8198800,
0x00000198b8195800, 0x00000198b819c000, 0x00000198b8199800, 0x00000198b8196000,
0x00000198b8197800, 0x00000198b819e800, 0x00000198b7e1d000, 0x00000198b7e1c000,
0x00000198b7e19000, 0x00000198b7e1b800, 0x00000198b7e17800, 0x00000198b7e1e000,
0x00000198b7e1e800, 0x00000198b7e1f800, 0x00000198b73bc800, 0x00000198b7e19800,
0x00000198b7e20800, 0x00000198b7e1a800, 0x00000198b7e25000, 0x00000198ba5d6800,
0x00000198b7e22800, 0x00000198b7e26000, 0x00000198b7e21000, 0x00000198b7e23800,
0x00000198b7e24800, 0x00000198b7e22000, 0x00000198b819c800, 0x00000198b8197000,
0x00000198b81a1800, 0x00000198b819d800, 0x00000198b81a2800, 0x00000198b819f000,
0x00000198b81a4000, 0x00000198b81a0000, 0x00000198b695a000, 0x00000198b6958800,
0x00000198b6956000, 0x00000198c038c800, 0x00000198c038e800, 0x00000198c038d800,
0x00000198c0390000, 0x00000198c038c000, 0x00000198c0392800, 0x00000198c038f000,
0x00000198c0391000
}

Java Threads: ( => current thread )
  0x000001989953c800 JavaThread "main" [_thread_blocked, id=21912, stack(0x00000030fb100000,0x00000030fb200000)]
  0x00000198b421f800 JavaThread "Reference Handler" daemon [_thread_blocked, id=55848, stack(0x00000030fb800000,0x00000030fb900000)]
  0x00000198b4221000 JavaThread "Finalizer" daemon [_thread_blocked, id=66468, stack(0x00000030fb900000,0x00000030fba00000)]
  0x00000198b4281800 JavaThread "Signal Dispatcher" daemon [_thread_blocked, id=57672, stack(0x00000030fba00000,0x00000030fbb00000)]
  0x00000198b4282800 JavaThread "Attach Listener" daemon [_thread_blocked, id=65548, stack(0x00000030fbb00000,0x00000030fbc00000)]
  0x00000198b4283800 JavaThread "Service Thread" daemon [_thread_blocked, id=7312, stack(0x00000030fbc00000,0x00000030fbd00000)]
  0x00000198b4287800 JavaThread "C2 CompilerThread0" daemon [_thread_blocked, id=64572, stack(0x00000030fbd00000,0x00000030fbe00000)]
  0x00000198b428b800 JavaThread "C1 CompilerThread0" daemon [_thread_blocked, id=49480, stack(0x00000030fbe00000,0x00000030fbf00000)]
  0x00000198b4296800 JavaThread "Sweeper thread" daemon [_thread_blocked, id=17104, stack(0x00000030fbf00000,0x00000030fc000000)]
  0x00000198b43f6000 JavaThread "Common-Cleaner" daemon [_thread_blocked, id=28304, stack(0x00000030fc000000,0x00000030fc100000)]
  0x00000198b650f800 JavaThread "Daemon health stats" [_thread_blocked, id=54924, stack(0x00000030fc900000,0x00000030fca00000)]
  0x00000198b4ec2800 JavaThread "Incoming local TCP Connector on port 59741" [_thread_in_native, id=30568, stack(0x00000030fc300000,0x00000030fc400000)]
  0x00000198b68be000 JavaThread "Daemon periodic checks" [_thread_blocked, id=49004, stack(0x00000030fca00000,0x00000030fcb00000)]
  0x00000198b61a6800 JavaThread "Daemon" [_thread_blocked, id=27440, stack(0x00000030fcb00000,0x00000030fcc00000)]
  0x00000198b650e800 JavaThread "Daemon worker" [_thread_blocked, id=46928, stack(0x00000030fce00000,0x00000030fcf00000)]
  0x00000198b6959800 JavaThread "Cache worker for file hash cache (C:\Users\CS_ra\.gradle\caches\7.0.2\fileHashes)" [_thread_blocked, id=25152, stack(0x00000030fd200000,0x00000030fd300000)]
  0x00000198b6957000 JavaThread "File lock request listener" [_thread_in_native, id=3828, stack(0x00000030fd300000,0x00000030fd400000)]
  0x00000198b6957800 JavaThread "Cache worker for journal cache (C:\Users\CS_ra\.gradle\caches\journal-1)" [_thread_blocked, id=34344, stack(0x00000030fd800000,0x00000030fd900000)]
  0x00000198b695b000 JavaThread "File watcher server" daemon [_thread_blocked, id=12188, stack(0x00000030fda00000,0x00000030fdb00000)]
  0x00000198b6955800 JavaThread "File watcher consumer" daemon [_thread_blocked, id=13704, stack(0x00000030fdb00000,0x00000030fdc00000)]
  0x00000198b695c000 JavaThread "jar transforms" [_thread_blocked, id=19612, stack(0x00000030fdc00000,0x00000030fdd00000)]
  0x00000198b819a000 JavaThread "jar transforms Thread 2" [_thread_blocked, id=36748, stack(0x00000030fdd00000,0x00000030fde00000)]
  0x00000198b819b000 JavaThread "jar transforms Thread 3" [_thread_blocked, id=48852, stack(0x00000030fde00000,0x00000030fdf00000)]
  0x00000198b8198800 JavaThread "jar transforms Thread 4" [_thread_blocked, id=6844, stack(0x00000030fdf00000,0x00000030fe000000)]
  0x00000198b8195800 JavaThread "jar transforms Thread 5" [_thread_blocked, id=26440, stack(0x00000030fe000000,0x00000030fe100000)]
  0x00000198b819c000 JavaThread "jar transforms Thread 6" [_thread_blocked, id=48816, stack(0x00000030fe200000,0x00000030fe300000)]
  0x00000198b8199800 JavaThread "jar transforms Thread 7" [_thread_blocked, id=29980, stack(0x00000030fe300000,0x00000030fe400000)]
  0x00000198b8196000 JavaThread "jar transforms Thread 8" [_thread_blocked, id=52752, stack(0x00000030fe400000,0x00000030fe500000)]
  0x00000198b8197800 JavaThread "Cache worker for execution history cache (C:\Users\CS_ra\.gradle\caches\7.0.2\executionHistory)" [_thread_blocked, id=10896, stack(0x00000030fe800000,0x00000030fe900000)]
  0x00000198b819e800 JavaThread "Cache worker for file content cache (C:\Users\CS_ra\.gradle\caches\7.0.2\fileContent)" [_thread_blocked, id=63576, stack(0x00000030fe900000,0x00000030fea00000)]
  0x00000198b7e1d000 JavaThread "Memory manager" [_thread_blocked, id=26368, stack(0x00000030ff400000,0x00000030ff500000)]
  0x00000198b7e1c000 JavaThread "Handler for socket connection from /127.0.0.1:59741 to /127.0.0.1:59750" [_thread_in_native, id=34844, stack(0x00000030fc200000,0x00000030fc300000)]
  0x00000198b7e19000 JavaThread "Cancel handler" [_thread_blocked, id=4700, stack(0x00000030fcc00000,0x00000030fcd00000)]
  0x00000198b7e1b800 JavaThread "Asynchronous log dispatcher for DefaultDaemonConnection: socket connection from /127.0.0.1:59741 to /127.0.0.1:59750" [_thread_blocked, id=58776, stack(0x00000030fcd00000,0x00000030fce00000)]
  0x00000198b7e17800 JavaThread "Stdin handler" [_thread_blocked, id=31352, stack(0x00000030fcf00000,0x00000030fd000000)]
  0x00000198b7e1e000 JavaThread "Daemon client event forwarder" [_thread_blocked, id=48264, stack(0x00000030fd000000,0x00000030fd100000)]
  0x00000198b7e1e800 JavaThread "Cache worker for file hash cache (C:\Users\CS_ra\Downloads\Rightway\.gradle\7.0.2\fileHashes)" [_thread_blocked, id=44256, stack(0x00000030fd100000,0x00000030fd200000)]
  0x00000198b7e1f800 JavaThread "Cache worker for checksums cache (C:\Users\CS_ra\Downloads\Rightway\.gradle\checksums)" [_thread_blocked, id=3344, stack(0x00000030fd900000,0x00000030fda00000)]
  0x00000198b73bc800 JavaThread "C2 CompilerThread1" daemon [_thread_blocked, id=61520, stack(0x00000030fe100000,0x00000030fe200000)]
  0x00000198b7e19800 JavaThread "Cache worker for cache directory md-supplier (C:\Users\CS_ra\.gradle\caches\7.0.2\md-supplier)" [_thread_blocked, id=4860, stack(0x00000030fe500000,0x00000030fe600000)]
  0x00000198b7e20800 JavaThread "Cache worker for cache directory md-rule (C:\Users\CS_ra\.gradle\caches\7.0.2\md-rule)" [_thread_blocked, id=18420, stack(0x00000030fe600000,0x00000030fe700000)]
  0x00000198b7e1a800 JavaThread "Cache worker for dependencies-accessors (C:\Users\CS_ra\Downloads\Rightway\.gradle\7.0.2\dependencies-accessors)" [_thread_blocked, id=10416, stack(0x00000030fe700000,0x00000030fe800000)]
  0x00000198b7e25000 JavaThread "Cache worker for Build Output Cleanup Cache (C:\Users\CS_ra\Downloads\Rightway\.gradle\buildOutputCleanup)" [_thread_blocked, id=39548, stack(0x00000030fea00000,0x00000030feb00000)]
  0x00000198ba5d6800 JavaThread "C2 CompilerThread2" daemon [_thread_in_native, id=38760, stack(0x00000030feb00000,0x00000030fec00000)]
  0x00000198b7e22800 JavaThread "Build operations" [_thread_blocked, id=22556, stack(0x00000030fec00000,0x00000030fed00000)]
  0x00000198b7e26000 JavaThread "Build operations Thread 2" [_thread_blocked, id=23680, stack(0x00000030fed00000,0x00000030fee00000)]
  0x00000198b7e21000 JavaThread "Build operations Thread 3" [_thread_blocked, id=36312, stack(0x00000030fee00000,0x00000030fef00000)]
  0x00000198b7e23800 JavaThread "Build operations Thread 4" [_thread_blocked, id=16768, stack(0x00000030fef00000,0x00000030ff000000)]
  0x00000198b7e24800 JavaThread "Build operations Thread 5" [_thread_blocked, id=20424, stack(0x00000030ff000000,0x00000030ff100000)]
  0x00000198b7e22000 JavaThread "Build operations Thread 6" [_thread_blocked, id=37380, stack(0x00000030ff100000,0x00000030ff200000)]
  0x00000198b819c800 JavaThread "Build operations Thread 7" [_thread_blocked, id=6544, stack(0x00000030ff200000,0x00000030ff300000)]
  0x00000198b8197000 JavaThread "Build operations Thread 8" [_thread_blocked, id=13176, stack(0x00000030ff300000,0x00000030ff400000)]
  0x00000198b81a1800 JavaThread "build event listener" [_thread_blocked, id=60432, stack(0x00000030ff500000,0x00000030ff600000)]
  0x00000198b819d800 JavaThread "Execution worker for ':'" [_thread_blocked, id=25792, stack(0x00000030ff600000,0x00000030ff700000)]
  0x00000198b81a2800 JavaThread "Execution worker for ':' Thread 2" [_thread_blocked, id=29028, stack(0x00000030ff700000,0x00000030ff800000)]
  0x00000198b819f000 JavaThread "Execution worker for ':' Thread 3" [_thread_blocked, id=17148, stack(0x00000030ff800000,0x00000030ff900000)]
  0x00000198b81a4000 JavaThread "Execution worker for ':' Thread 4" [_thread_blocked, id=57896, stack(0x00000030ff900000,0x00000030ffa00000)]
  0x00000198b81a0000 JavaThread "Execution worker for ':' Thread 5" [_thread_blocked, id=61812, stack(0x00000030ffa00000,0x00000030ffb00000)]
  0x00000198b695a000 JavaThread "Execution worker for ':' Thread 6" [_thread_blocked, id=36068, stack(0x00000030ffb00000,0x00000030ffc00000)]
  0x00000198b6958800 JavaThread "Execution worker for ':' Thread 7" [_thread_blocked, id=64400, stack(0x00000030ffc00000,0x00000030ffd00000)]
  0x00000198b6956000 JavaThread "Cache worker for execution history cache (C:\Users\CS_ra\Downloads\Rightway\.gradle\7.0.2\executionHistory)" [_thread_blocked, id=50068, stack(0x00000030ffd00000,0x00000030ffe00000)]
  0x00000198c038c800 JavaThread "WorkerExecutor Queue" [_thread_blocked, id=21772, stack(0x0000003080100000,0x0000003080200000)]
  0x00000198c038e800 JavaThread "WorkerExecutor Queue Thread 2" [_thread_blocked, id=23344, stack(0x0000003080200000,0x0000003080300000)]
  0x00000198c038d800 JavaThread "WorkerExecutor Queue Thread 3" [_thread_blocked, id=8464, stack(0x0000003080300000,0x0000003080400000)]
  0x00000198c0390000 JavaThread "WorkerExecutor Queue Thread 4" [_thread_blocked, id=35860, stack(0x0000003080400000,0x0000003080500000)]
  0x00000198c038c000 JavaThread "WorkerExecutor Queue Thread 5" [_thread_blocked, id=8604, stack(0x0000003080500000,0x0000003080600000)]
  0x00000198c0392800 JavaThread "WorkerExecutor Queue Thread 6" [_thread_blocked, id=50920, stack(0x0000003080600000,0x0000003080700000)]
  0x00000198c038f000 JavaThread "WorkerExecutor Queue Thread 7" [_thread_blocked, id=17480, stack(0x0000003080700000,0x0000003080800000)]
  0x00000198c0391000 JavaThread "WorkerExecutor Queue Thread 8" [_thread_blocked, id=64284, stack(0x0000003080800000,0x0000003080900000)]

Other Threads:
=>0x00000198b4218000 VMThread "VM Thread" [stack: 0x00000030fb700000,0x00000030fb800000] [id=26704]
  0x00000198b4419800 WatcherThread [stack: 0x00000030fc100000,0x00000030fc200000] [id=13572]
  0x0000019899555800 GCTaskThread "GC Thread#0" [stack: 0x00000030fb200000,0x00000030fb300000] [id=66432]
  0x00000198b52d0800 GCTaskThread "GC Thread#1" [stack: 0x00000030fc400000,0x00000030fc500000] [id=59756]
  0x00000198b4b40000 GCTaskThread "GC Thread#2" [stack: 0x00000030fc500000,0x00000030fc600000] [id=45516]
  0x00000198b47e1800 GCTaskThread "GC Thread#3" [stack: 0x00000030fc600000,0x00000030fc700000] [id=54596]
  0x00000198b4ee7000 GCTaskThread "GC Thread#4" [stack: 0x00000030fc700000,0x00000030fc800000] [id=2636]
  0x00000198b488b000 GCTaskThread "GC Thread#5" [stack: 0x00000030fc800000,0x00000030fc900000] [id=10572]
  0x00000198b745c800 GCTaskThread "GC Thread#6" [stack: 0x00000030fd400000,0x00000030fd500000] [id=24376]
  0x00000198b6e8b800 GCTaskThread "GC Thread#7" [stack: 0x00000030fd500000,0x00000030fd600000] [id=63408]
  0x0000019899587800 ConcurrentGCThread "G1 Main Marker" [stack: 0x00000030fb300000,0x00000030fb400000] [id=31664]
  0x0000019899589000 ConcurrentGCThread "G1 Conc#0" [stack: 0x00000030fb400000,0x00000030fb500000] [id=65780]
  0x00000198b5c71000 ConcurrentGCThread "G1 Conc#1" [stack: 0x00000030fd600000,0x00000030fd700000] [id=12204]
  0x000001989961e000 ConcurrentGCThread "G1 Refine#0" [stack: 0x00000030fb500000,0x00000030fb600000] [id=52460]
  0x00000198b5c79800 ConcurrentGCThread "G1 Refine#1" [stack: 0x00000030fd700000,0x00000030fd800000] [id=16876]
  0x00000198b81f2000 ConcurrentGCThread "G1 Refine#2" [stack: 0x00000030ffe00000,0x00000030fff00000] [id=14584]
  0x00000198bb2f9000 ConcurrentGCThread "G1 Refine#3" [stack: 0x00000030fff00000,0x0000003100000000] [id=56708]
  0x00000198bb2fa800 ConcurrentGCThread "G1 Refine#4" [stack: 0x0000003080000000,0x0000003080100000] [id=14280]
  0x00000198b386a800 ConcurrentGCThread "G1 Young RemSet Sampling" [stack: 0x00000030fb600000,0x00000030fb700000] [id=14772]

Threads with active compile tasks:
C2 CompilerThread0  21133 18935       4       com.android.tools.r8.internal.E9::e (297 bytes)
C1 CompilerThread0  21133 18967 %     3       com.android.tools.r8.internal.U6::a @ 1682 (6044 bytes)
C2 CompilerThread1  21133 18924  s!   4       jdk.internal.loader.URLClassPath::getLoader (194 bytes)
C2 CompilerThread2  21133 18245       4       org.gradle.api.internal.artifacts.result.DefaultResolutionResult::eachElement (92 bytes)

VM state:at safepoint (normal execution)

VM Mutex/Monitor currently owned by a thread:  ([mutex/lock_event])
[0x0000019899538f50] Threads_lock - owner thread: 0x00000198b4218000
[0x0000019899538140] Heap_lock - owner thread: 0x00000198b7e21000

Heap address: 0x0000000080000000, size: 2048 MB, Compressed Oops mode: 32-bit
Narrow klass base: 0x0000000000000000, Narrow klass shift: 3
Compressed class space size: 1073741824 Address: 0x0000000100000000

Heap:
 garbage-first heap   total 463872K, used 214914K [0x0000000080000000, 0x0000000100000000)
  region size 1024K, 8 young (8192K), 8 survivors (8192K)
 Metaspace       used 128395K, capacity 131884K, committed 132044K, reserved 1163264K
  class space    used 16215K, capacity 17517K, committed 17612K, reserved 1048576K
Heap Regions: E=young(eden), S=young(survivor), O=old, HS=humongous(starts), HC=humongous(continues), CS=collection set, F=free, A=archive, TAMS=top-at-mark-start (previous, next)
|   0|0x0000000080000000, 0x0000000080100000, 0x0000000080100000|100%| O|  |TAMS 0x0000000080100000, 0x0000000080100000| Untracked 
|   1|0x0000000080100000, 0x0000000080200000, 0x0000000080200000|100%| O|  |TAMS 0x0000000080200000, 0x0000000080200000| Untracked 
|   2|0x0000000080200000, 0x0000000080300000, 0x0000000080300000|100%| O|  |TAMS 0x0000000080300000, 0x0000000080300000| Untracked 
|   3|0x0000000080300000, 0x0000000080400000, 0x0000000080400000|100%|HS|  |TAMS 0x0000000080400000, 0x0000000080400000| Complete 
|   4|0x0000000080400000, 0x0000000080500000, 0x0000000080500000|100%|HC|  |TAMS 0x0000000080500000, 0x0000000080500000| Complete 
|   5|0x0000000080500000, 0x0000000080600000, 0x0000000080600000|100%|HC|  |TAMS 0x0000000080600000, 0x0000000080600000| Complete 
|   6|0x0000000080600000, 0x0000000080700000, 0x0000000080700000|100%| O|  |TAMS 0x0000000080700000, 0x0000000080700000| Untracked 
|   7|0x0000000080700000, 0x0000000080800000, 0x0000000080800000|100%| O|  |TAMS 0x0000000080800000, 0x0000000080800000| Untracked 
|   8|0x0000000080800000, 0x0000000080900000, 0x0000000080900000|100%| O|  |TAMS 0x0000000080900000, 0x0000000080900000| Untracked 
|   9|0x0000000080900000, 0x0000000080a00000, 0x0000000080a00000|100%| O|  |TAMS 0x0000000080a00000, 0x0000000080a00000| Untracked 
|  10|0x0000000080a00000, 0x0000000080b00000, 0x0000000080b00000|100%| O|  |TAMS 0x0000000080b00000, 0x0000000080b00000| Untracked 
|  11|0x0000000080b00000, 0x0000000080c00000, 0x0000000080c00000|100%| O|  |TAMS 0x0000000080c00000, 0x0000000080c00000| Untracked 
|  12|0x0000000080c00000, 0x0000000080d00000, 0x0000000080d00000|100%| O|  |TAMS 0x0000000080c00000, 0x0000000080d00000| Untracked 
|  13|0x0000000080d00000, 0x0000000080e00000, 0x0000000080e00000|100%| O|  |TAMS 0x0000000080e00000, 0x0000000080e00000| Untracked 
|  14|0x0000000080e00000, 0x0000000080f00000, 0x0000000080f00000|100%| O|  |TAMS 0x0000000080f00000, 0x0000000080f00000| Untracked 
|  15|0x0000000080f00000, 0x0000000081000000, 0x0000000081000000|100%| O|  |TAMS 0x0000000081000000, 0x0000000081000000| Untracked 
|  16|0x0000000081000000, 0x0000000081100000, 0x0000000081100000|100%| O|  |TAMS 0x0000000081000000, 0x0000000081100000| Untracked 
|  17|0x0000000081100000, 0x0000000081200000, 0x0000000081200000|100%|HS|  |TAMS 0x0000000081200000, 0x0000000081200000| Complete 
|  18|0x0000000081200000, 0x0000000081300000, 0x0000000081300000|100%|HC|  |TAMS 0x0000000081300000, 0x0000000081300000| Complete 
|  19|0x0000000081300000, 0x0000000081400000, 0x0000000081400000|100%|HS|  |TAMS 0x0000000081400000, 0x0000000081400000| Complete 
|  20|0x0000000081400000, 0x0000000081500000, 0x0000000081500000|100%|HC|  |TAMS 0x0000000081500000, 0x0000000081500000| Complete 
|  21|0x0000000081500000, 0x0000000081600000, 0x0000000081600000|100%|HC|  |TAMS 0x0000000081600000, 0x0000000081600000| Complete 
|  22|0x0000000081600000, 0x0000000081700000, 0x0000000081700000|100%|HS|  |TAMS 0x0000000081700000, 0x0000000081700000| Complete 
|  23|0x0000000081700000, 0x0000000081800000, 0x0000000081800000|100%|HC|  |TAMS 0x0000000081800000, 0x0000000081800000| Complete 
|  24|0x0000000081800000, 0x0000000081900000, 0x0000000081900000|100%|HC|  |TAMS 0x0000000081900000, 0x0000000081900000| Complete 
|  25|0x0000000081900000, 0x0000000081a00000, 0x0000000081a00000|100%|HC|  |TAMS 0x0000000081a00000, 0x0000000081a00000| Complete 
|  26|0x0000000081a00000, 0x0000000081b00000, 0x0000000081b00000|100%|HC|  |TAMS 0x0000000081b00000, 0x0000000081b00000| Complete 
|  27|0x0000000081b00000, 0x0000000081c00000, 0x0000000081c00000|100%|HS|  |TAMS 0x0000000081c00000, 0x0000000081c00000| Complete 
|  28|0x0000000081c00000, 0x0000000081d00000, 0x0000000081d00000|100%|HS|  |TAMS 0x0000000081d00000, 0x0000000081d00000| Complete 
|  29|0x0000000081d00000, 0x0000000081e00000, 0x0000000081e00000|100%|HS|  |TAMS 0x0000000081e00000, 0x0000000081e00000| Complete 
|  30|0x0000000081e00000, 0x0000000081f00000, 0x0000000081f00000|100%|HS|  |TAMS 0x0000000081f00000, 0x0000000081f00000| Complete 
|  31|0x0000000081f00000, 0x0000000082000000, 0x0000000082000000|100%|HC|  |TAMS 0x0000000082000000, 0x0000000082000000| Complete 
|  32|0x0000000082000000, 0x0000000082100000, 0x0000000082100000|100%|HC|  |TAMS 0x0000000082100000, 0x0000000082100000| Complete 
|  33|0x0000000082100000, 0x0000000082200000, 0x0000000082200000|100%|HC|  |TAMS 0x0000000082200000, 0x0000000082200000| Complete 
|  34|0x0000000082200000, 0x0000000082300000, 0x0000000082300000|100%|HC|  |TAMS 0x0000000082300000, 0x0000000082300000| Complete 
|  35|0x0000000082300000, 0x0000000082400000, 0x0000000082400000|100%|HS|  |TAMS 0x0000000082400000, 0x0000000082400000| Complete 
|  36|0x0000000082400000, 0x0000000082500000, 0x0000000082500000|100%|HC|  |TAMS 0x0000000082500000, 0x0000000082500000| Complete 
|  37|0x0000000082500000, 0x0000000082600000, 0x0000000082600000|100%|HC|  |TAMS 0x0000000082600000, 0x0000000082600000| Complete 
|  38|0x0000000082600000, 0x0000000082700000, 0x0000000082700000|100%| O|  |TAMS 0x0000000082700000, 0x0000000082700000| Untracked 
|  39|0x0000000082700000, 0x0000000082800000, 0x0000000082800000|100%| O|  |TAMS 0x0000000082800000, 0x0000000082800000| Untracked 
|  40|0x0000000082800000, 0x0000000082900000, 0x0000000082900000|100%|HS|  |TAMS 0x0000000082900000, 0x0000000082900000| Complete 
|  41|0x0000000082900000, 0x0000000082a00000, 0x0000000082a00000|100%|HC|  |TAMS 0x0000000082a00000, 0x0000000082a00000| Complete 
|  42|0x0000000082a00000, 0x0000000082b00000, 0x0000000082b00000|100%|HC|  |TAMS 0x0000000082b00000, 0x0000000082b00000| Complete 
|  43|0x0000000082b00000, 0x0000000082c00000, 0x0000000082c00000|100%|HS|  |TAMS 0x0000000082c00000, 0x0000000082c00000| Complete 
|  44|0x0000000082c00000, 0x0000000082d00000, 0x0000000082d00000|100%|HC|  |TAMS 0x0000000082d00000, 0x0000000082d00000| Complete 
|  45|0x0000000082d00000, 0x0000000082e00000, 0x0000000082e00000|100%| O|  |TAMS 0x0000000082e00000, 0x0000000082e00000| Untracked 
|  46|0x0000000082e00000, 0x0000000082f00000, 0x0000000082f00000|100%| O|  |TAMS 0x0000000082f00000, 0x0000000082f00000| Untracked 
|  47|0x0000000082f00000, 0x0000000083000000, 0x0000000083000000|100%| O|  |TAMS 0x0000000083000000, 0x0000000083000000| Untracked 
|  48|0x0000000083000000, 0x0000000083100000, 0x0000000083100000|100%| O|  |TAMS 0x0000000083100000, 0x0000000083100000| Untracked 
|  49|0x0000000083100000, 0x0000000083200000, 0x0000000083200000|100%| O|  |TAMS 0x0000000083200000, 0x0000000083200000| Untracked 
|  50|0x0000000083200000, 0x0000000083300000, 0x0000000083300000|100%| O|  |TAMS 0x0000000083300000, 0x0000000083300000| Untracked 
|  51|0x0000000083300000, 0x0000000083400000, 0x0000000083400000|100%| O|  |TAMS 0x0000000083400000, 0x0000000083400000| Untracked 
|  52|0x0000000083400000, 0x0000000083500000, 0x0000000083500000|100%| O|  |TAMS 0x0000000083500000, 0x0000000083500000| Untracked 
|  53|0x0000000083500000, 0x0000000083600000, 0x0000000083600000|100%| O|  |TAMS 0x0000000083600000, 0x0000000083600000| Untracked 
|  54|0x0000000083600000, 0x0000000083700000, 0x0000000083700000|100%| O|  |TAMS 0x0000000083700000, 0x0000000083700000| Untracked 
|  55|0x0000000083700000, 0x0000000083800000, 0x0000000083800000|100%| O|  |TAMS 0x0000000083800000, 0x0000000083800000| Untracked 
|  56|0x0000000083800000, 0x0000000083900000, 0x0000000083900000|100%| O|  |TAMS 0x0000000083900000, 0x0000000083900000| Untracked 
|  57|0x0000000083900000, 0x0000000083a00000, 0x0000000083a00000|100%| O|  |TAMS 0x0000000083a00000, 0x0000000083a00000| Untracked 
|  58|0x0000000083a00000, 0x0000000083b00000, 0x0000000083b00000|100%| O|  |TAMS 0x0000000083b00000, 0x0000000083b00000| Untracked 
|  59|0x0000000083b00000, 0x0000000083c00000, 0x0000000083c00000|100%| O|  |TAMS 0x0000000083c00000, 0x0000000083c00000| Untracked 
|  60|0x0000000083c00000, 0x0000000083d00000, 0x0000000083d00000|100%| O|  |TAMS 0x0000000083d00000, 0x0000000083d00000| Untracked 
|  61|0x0000000083d00000, 0x0000000083e00000, 0x0000000083e00000|100%| O|  |TAMS 0x0000000083e00000, 0x0000000083e00000| Untracked 
|  62|0x0000000083e00000, 0x0000000083f00000, 0x0000000083f00000|100%| O|  |TAMS 0x0000000083f00000, 0x0000000083f00000| Untracked 
|  63|0x0000000083f00000, 0x0000000084000000, 0x0000000084000000|100%| O|  |TAMS 0x0000000084000000, 0x0000000084000000| Untracked 
|  64|0x0000000084000000, 0x0000000084100000, 0x0000000084100000|100%| O|  |TAMS 0x0000000084100000, 0x0000000084100000| Untracked 
|  65|0x0000000084100000, 0x0000000084200000, 0x0000000084200000|100%| O|  |TAMS 0x0000000084200000, 0x0000000084200000| Untracked 
|  66|0x0000000084200000, 0x0000000084300000, 0x0000000084300000|100%| O|  |TAMS 0x0000000084300000, 0x0000000084300000| Untracked 
|  67|0x0000000084300000, 0x0000000084400000, 0x0000000084400000|100%| O|  |TAMS 0x0000000084400000, 0x0000000084400000| Untracked 
|  68|0x0000000084400000, 0x0000000084500000, 0x0000000084500000|100%| O|  |TAMS 0x0000000084500000, 0x0000000084500000| Untracked 
|  69|0x0000000084500000, 0x0000000084600000, 0x0000000084600000|100%| O|  |TAMS 0x0000000084600000, 0x0000000084600000| Untracked 
|  70|0x0000000084600000, 0x0000000084700000, 0x0000000084700000|100%| O|  |TAMS 0x0000000084700000, 0x0000000084700000| Untracked 
|  71|0x0000000084700000, 0x0000000084800000, 0x0000000084800000|100%| O|  |TAMS 0x0000000084700000, 0x0000000084800000| Untracked 
|  72|0x0000000084800000, 0x0000000084900000, 0x0000000084900000|100%| O|  |TAMS 0x0000000084800000, 0x0000000084900000| Untracked 
|  73|0x0000000084900000, 0x0000000084a00000, 0x0000000084a00000|100%| O|  |TAMS 0x0000000084900000, 0x0000000084a00000| Untracked 
|  74|0x0000000084a00000, 0x0000000084b00000, 0x0000000084b00000|100%| O|  |TAMS 0x0000000084b00000, 0x0000000084b00000| Untracked 
|  75|0x0000000084b00000, 0x0000000084c00000, 0x0000000084c00000|100%| O|  |TAMS 0x0000000084c00000, 0x0000000084c00000| Untracked 
|  76|0x0000000084c00000, 0x0000000084d00000, 0x0000000084d00000|100%| O|  |TAMS 0x0000000084d00000, 0x0000000084d00000| Untracked 
|  77|0x0000000084d00000, 0x0000000084e00000, 0x0000000084e00000|100%| O|  |TAMS 0x0000000084e00000, 0x0000000084e00000| Untracked 
|  78|0x0000000084e00000, 0x0000000084f00000, 0x0000000084f00000|100%| O|  |TAMS 0x0000000084f00000, 0x0000000084f00000| Untracked 
|  79|0x0000000084f00000, 0x0000000085000000, 0x0000000085000000|100%| O|  |TAMS 0x0000000085000000, 0x0000000085000000| Untracked 
|  80|0x0000000085000000, 0x0000000085100000, 0x0000000085100000|100%| O|  |TAMS 0x0000000085100000, 0x0000000085100000| Untracked 
|  81|0x0000000085100000, 0x0000000085200000, 0x0000000085200000|100%| O|  |TAMS 0x0000000085200000, 0x0000000085200000| Untracked 
|  82|0x0000000085200000, 0x0000000085300000, 0x0000000085300000|100%| O|  |TAMS 0x0000000085300000, 0x0000000085300000| Untracked 
|  83|0x0000000085300000, 0x0000000085400000, 0x0000000085400000|100%| O|  |TAMS 0x0000000085400000, 0x0000000085400000| Untracked 
|  84|0x0000000085400000, 0x0000000085500000, 0x0000000085500000|100%| O|  |TAMS 0x0000000085500000, 0x0000000085500000| Untracked 
|  85|0x0000000085500000, 0x0000000085600000, 0x0000000085600000|100%| O|  |TAMS 0x0000000085600000, 0x0000000085600000| Untracked 
|  86|0x0000000085600000, 0x0000000085700000, 0x0000000085700000|100%| O|  |TAMS 0x0000000085700000, 0x0000000085700000| Untracked 
|  87|0x0000000085700000, 0x0000000085800000, 0x0000000085800000|100%| O|  |TAMS 0x0000000085800000, 0x0000000085800000| Untracked 
|  88|0x0000000085800000, 0x0000000085900000, 0x0000000085900000|100%| O|  |TAMS 0x0000000085900000, 0x0000000085900000| Untracked 
|  89|0x0000000085900000, 0x0000000085a00000, 0x0000000085a00000|100%| O|  |TAMS 0x0000000085a00000, 0x0000000085a00000| Untracked 
|  90|0x0000000085a00000, 0x0000000085b00000, 0x0000000085b00000|100%| O|  |TAMS 0x0000000085b00000, 0x0000000085b00000| Untracked 
|  91|0x0000000085b00000, 0x0000000085c00000, 0x0000000085c00000|100%|HS|  |TAMS 0x0000000085c00000, 0x0000000085c00000| Complete 
|  92|0x0000000085c00000, 0x0000000085d00000, 0x0000000085d00000|100%| O|  |TAMS 0x0000000085d00000, 0x0000000085d00000| Untracked 
|  93|0x0000000085d00000, 0x0000000085e00000, 0x0000000085e00000|100%| O|  |TAMS 0x0000000085e00000, 0x0000000085e00000| Untracked 
|  94|0x0000000085e00000, 0x0000000085f00000, 0x0000000085f00000|100%| O|  |TAMS 0x0000000085f00000, 0x0000000085f00000| Untracked 
|  95|0x0000000085f00000, 0x0000000086000000, 0x0000000086000000|100%| O|  |TAMS 0x0000000086000000, 0x0000000086000000| Untracked 
|  96|0x0000000086000000, 0x0000000086100000, 0x0000000086100000|100%| O|  |TAMS 0x0000000086000000, 0x0000000086100000| Untracked 
|  97|0x0000000086100000, 0x0000000086200000, 0x0000000086200000|100%| O|  |TAMS 0x0000000086200000, 0x0000000086200000| Untracked 
|  98|0x0000000086200000, 0x0000000086300000, 0x0000000086300000|100%| O|  |TAMS 0x0000000086300000, 0x0000000086300000| Untracked 
|  99|0x0000000086300000, 0x0000000086400000, 0x0000000086400000|100%| O|  |TAMS 0x0000000086400000, 0x0000000086400000| Untracked 
| 100|0x0000000086400000, 0x0000000086500000, 0x0000000086500000|100%| O|  |TAMS 0x0000000086500000, 0x0000000086500000| Untracked 
| 101|0x0000000086500000, 0x0000000086600000, 0x0000000086600000|100%| O|  |TAMS 0x0000000086600000, 0x0000000086600000| Untracked 
| 102|0x0000000086600000, 0x0000000086700000, 0x0000000086700000|100%| O|  |TAMS 0x0000000086700000, 0x0000000086700000| Untracked 
| 103|0x0000000086700000, 0x0000000086800000, 0x0000000086800000|100%| O|  |TAMS 0x0000000086800000, 0x0000000086800000| Untracked 
| 104|0x0000000086800000, 0x0000000086900000, 0x0000000086900000|100%| O|  |TAMS 0x0000000086900000, 0x0000000086900000| Untracked 
| 105|0x0000000086900000, 0x0000000086a00000, 0x0000000086a00000|100%| O|  |TAMS 0x0000000086a00000, 0x0000000086a00000| Untracked 
| 106|0x0000000086a00000, 0x0000000086b00000, 0x0000000086b00000|100%| O|  |TAMS 0x0000000086b00000, 0x0000000086b00000| Untracked 
| 107|0x0000000086b00000, 0x0000000086c00000, 0x0000000086c00000|100%| O|  |TAMS 0x0000000086b00000, 0x0000000086c00000| Untracked 
| 108|0x0000000086c00000, 0x0000000086d00000, 0x0000000086d00000|100%| O|  |TAMS 0x0000000086c00000, 0x0000000086d00000| Untracked 
| 109|0x0000000086d00000, 0x0000000086e00000, 0x0000000086e00000|100%| O|  |TAMS 0x0000000086d00000, 0x0000000086e00000| Untracked 
| 110|0x0000000086e00000, 0x0000000086f00000, 0x0000000086f00000|100%| O|  |TAMS 0x0000000086e00000, 0x0000000086f00000| Untracked 
| 111|0x0000000086f00000, 0x0000000087000000, 0x0000000087000000|100%| O|  |TAMS 0x0000000087000000, 0x0000000087000000| Untracked 
| 112|0x0000000087000000, 0x0000000087100000, 0x0000000087100000|100%| O|  |TAMS 0x0000000087100000, 0x0000000087100000| Untracked 
| 113|0x0000000087100000, 0x0000000087200000, 0x0000000087200000|100%| O|  |TAMS 0x0000000087100000, 0x0000000087200000| Untracked 
| 114|0x0000000087200000, 0x0000000087300000, 0x0000000087300000|100%| O|  |TAMS 0x0000000087200000, 0x0000000087300000| Untracked 
| 115|0x0000000087300000, 0x0000000087400000, 0x0000000087400000|100%| O|  |TAMS 0x0000000087400000, 0x0000000087400000| Untracked 
| 116|0x0000000087400000, 0x0000000087500000, 0x0000000087500000|100%| O|  |TAMS 0x0000000087500000, 0x0000000087500000| Untracked 
| 117|0x0000000087500000, 0x0000000087600000, 0x0000000087600000|100%| O|  |TAMS 0x0000000087600000, 0x0000000087600000| Untracked 
| 118|0x0000000087600000, 0x0000000087700000, 0x0000000087700000|100%| O|  |TAMS 0x0000000087700000, 0x0000000087700000| Untracked 
| 119|0x0000000087700000, 0x0000000087800000, 0x0000000087800000|100%| O|  |TAMS 0x0000000087800000, 0x0000000087800000| Untracked 
| 120|0x0000000087800000, 0x0000000087900000, 0x0000000087900000|100%| O|  |TAMS 0x0000000087900000, 0x0000000087900000| Untracked 
| 121|0x0000000087900000, 0x0000000087a00000, 0x0000000087a00000|100%| O|  |TAMS 0x0000000087a00000, 0x0000000087a00000| Untracked 
| 122|0x0000000087a00000, 0x0000000087b00000, 0x0000000087b00000|100%| O|  |TAMS 0x0000000087a00000, 0x0000000087b00000| Untracked 
| 123|0x0000000087b00000, 0x0000000087c00000, 0x0000000087c00000|100%| O|  |TAMS 0x0000000087b00000, 0x0000000087c00000| Untracked 
| 124|0x0000000087c00000, 0x0000000087d00000, 0x0000000087d00000|100%| O|  |TAMS 0x0000000087d00000, 0x0000000087d00000| Untracked 
| 125|0x0000000087d00000, 0x0000000087e00000, 0x0000000087e00000|100%| O|  |TAMS 0x0000000087d00000, 0x0000000087e00000| Untracked 
| 126|0x0000000087e00000, 0x0000000087f00000, 0x0000000087f00000|100%| O|  |TAMS 0x0000000087f00000, 0x0000000087f00000| Untracked 
| 127|0x0000000087f00000, 0x0000000088000000, 0x0000000088000000|100%| O|  |TAMS 0x0000000088000000, 0x0000000088000000| Untracked 
| 128|0x0000000088000000, 0x0000000088100000, 0x0000000088100000|100%| O|  |TAMS 0x0000000088100000, 0x0000000088100000| Untracked 
| 129|0x0000000088100000, 0x0000000088200000, 0x0000000088200000|100%| O|  |TAMS 0x0000000088200000, 0x0000000088200000| Untracked 
| 130|0x0000000088200000, 0x0000000088300000, 0x0000000088300000|100%| O|  |TAMS 0x0000000088300000, 0x0000000088300000| Untracked 
| 131|0x0000000088300000, 0x0000000088400000, 0x0000000088400000|100%| O|  |TAMS 0x0000000088400000, 0x0000000088400000| Untracked 
| 132|0x0000000088400000, 0x0000000088500000, 0x0000000088500000|100%| O|  |TAMS 0x0000000088500000, 0x0000000088500000| Untracked 
| 133|0x0000000088500000, 0x0000000088600000, 0x0000000088600000|100%| O|  |TAMS 0x0000000088600000, 0x0000000088600000| Untracked 
| 134|0x0000000088600000, 0x0000000088700000, 0x0000000088700000|100%| O|  |TAMS 0x0000000088600000, 0x0000000088700000| Untracked 
| 135|0x0000000088700000, 0x0000000088800000, 0x0000000088800000|100%| O|  |TAMS 0x0000000088800000, 0x0000000088800000| Untracked 
| 136|0x0000000088800000, 0x0000000088900000, 0x0000000088900000|100%| O|  |TAMS 0x0000000088900000, 0x0000000088900000| Untracked 
| 137|0x0000000088900000, 0x0000000088a00000, 0x0000000088a00000|100%|HS|  |TAMS 0x0000000088900000, 0x0000000088a00000| Complete 
| 138|0x0000000088a00000, 0x0000000088b00000, 0x0000000088b00000|100%|HC|  |TAMS 0x0000000088a00000, 0x0000000088b00000| Complete 
| 139|0x0000000088b00000, 0x0000000088c00000, 0x0000000088c00000|100%| O|  |TAMS 0x0000000088b00000, 0x0000000088c00000| Untracked 
| 140|0x0000000088c00000, 0x0000000088d00000, 0x0000000088d00000|100%| O|  |TAMS 0x0000000088c00000, 0x0000000088d00000| Untracked 
| 141|0x0000000088d00000, 0x0000000088e00000, 0x0000000088e00000|100%| O|  |TAMS 0x0000000088d00000, 0x0000000088e00000| Untracked 
| 142|0x0000000088e00000, 0x0000000088f00000, 0x0000000088f00000|100%| O|  |TAMS 0x0000000088e00000, 0x0000000088f00000| Untracked 
| 143|0x0000000088f00000, 0x0000000089000000, 0x0000000089000000|100%| O|  |TAMS 0x0000000088f00000, 0x0000000089000000| Untracked 
| 144|0x0000000089000000, 0x0000000089100000, 0x0000000089100000|100%| O|  |TAMS 0x0000000089000000, 0x0000000089100000| Untracked 
| 145|0x0000000089100000, 0x0000000089200000, 0x0000000089200000|100%| O|  |TAMS 0x0000000089100000, 0x0000000089200000| Untracked 
| 146|0x0000000089200000, 0x0000000089300000, 0x0000000089300000|100%| O|  |TAMS 0x0000000089200000, 0x0000000089300000| Untracked 
| 147|0x0000000089300000, 0x0000000089400000, 0x0000000089400000|100%| O|  |TAMS 0x0000000089300000, 0x0000000089400000| Untracked 
| 148|0x0000000089400000, 0x0000000089500000, 0x0000000089500000|100%| O|  |TAMS 0x0000000089400000, 0x0000000089500000| Untracked 
| 149|0x0000000089500000, 0x0000000089600000, 0x0000000089600000|100%| O|  |TAMS 0x0000000089500000, 0x0000000089600000| Untracked 
| 150|0x0000000089600000, 0x0000000089700000, 0x0000000089700000|100%| O|  |TAMS 0x0000000089700000, 0x0000000089700000| Untracked 
| 151|0x0000000089700000, 0x0000000089800000, 0x0000000089800000|100%| O|  |TAMS 0x0000000089800000, 0x0000000089800000| Untracked 
| 152|0x0000000089800000, 0x0000000089900000, 0x0000000089900000|100%| O|  |TAMS 0x0000000089800000, 0x0000000089900000| Untracked 
| 153|0x0000000089900000, 0x0000000089a00000, 0x0000000089a00000|100%| O|  |TAMS 0x0000000089a00000, 0x0000000089a00000| Untracked 
| 154|0x0000000089a00000, 0x0000000089b00000, 0x0000000089b00000|100%| O|  |TAMS 0x0000000089a00000, 0x0000000089b00000| Untracked 
| 155|0x0000000089b00000, 0x0000000089c00000, 0x0000000089c00000|100%| O|  |TAMS 0x0000000089c00000, 0x0000000089c00000| Untracked 
| 156|0x0000000089c00000, 0x0000000089d00000, 0x0000000089d00000|100%| O|  |TAMS 0x0000000089d00000, 0x0000000089d00000| Untracked 
| 157|0x0000000089d00000, 0x0000000089e00000, 0x0000000089e00000|100%| O|  |TAMS 0x0000000089e00000, 0x0000000089e00000| Untracked 
| 158|0x0000000089e00000, 0x0000000089f00000, 0x0000000089f00000|100%| O|  |TAMS 0x0000000089f00000, 0x0000000089f00000| Untracked 
| 159|0x0000000089f00000, 0x000000008a000000, 0x000000008a000000|100%| O|  |TAMS 0x000000008a000000, 0x000000008a000000| Untracked 
| 160|0x000000008a000000, 0x000000008a100000, 0x000000008a100000|100%| O|  |TAMS 0x000000008a100000, 0x000000008a100000| Untracked 
| 161|0x000000008a100000, 0x000000008a200000, 0x000000008a200000|100%| O|  |TAMS 0x000000008a100000, 0x000000008a200000| Untracked 
| 162|0x000000008a200000, 0x000000008a300000, 0x000000008a300000|100%| O|  |TAMS 0x000000008a200000, 0x000000008a300000| Untracked 
| 163|0x000000008a300000, 0x000000008a400000, 0x000000008a400000|100%| O|  |TAMS 0x000000008a300000, 0x000000008a400000| Untracked 
| 164|0x000000008a400000, 0x000000008a500000, 0x000000008a500000|100%| O|  |TAMS 0x000000008a400000, 0x000000008a500000| Untracked 
| 165|0x000000008a500000, 0x000000008a600000, 0x000000008a600000|100%| O|  |TAMS 0x000000008a500000, 0x000000008a600000| Untracked 
| 166|0x000000008a600000, 0x000000008a700000, 0x000000008a700000|100%| O|  |TAMS 0x000000008a600000, 0x000000008a700000| Untracked 
| 167|0x000000008a700000, 0x000000008a800000, 0x000000008a800000|100%| O|  |TAMS 0x000000008a700000, 0x000000008a800000| Untracked 
| 168|0x000000008a800000, 0x000000008a900000, 0x000000008a900000|100%| O|  |TAMS 0x000000008a800000, 0x000000008a900000| Untracked 
| 169|0x000000008a900000, 0x000000008aa00000, 0x000000008aa00000|100%| O|  |TAMS 0x000000008a900000, 0x000000008aa00000| Untracked 
| 170|0x000000008aa00000, 0x000000008ab00000, 0x000000008ab00000|100%| O|  |TAMS 0x000000008aa00000, 0x000000008ab00000| Untracked 
| 171|0x000000008ab00000, 0x000000008ac00000, 0x000000008ac00000|100%| O|  |TAMS 0x000000008ab00000, 0x000000008ac00000| Untracked 
| 172|0x000000008ac00000, 0x000000008ad00000, 0x000000008ad00000|100%| O|  |TAMS 0x000000008ad00000, 0x000000008ad00000| Untracked 
| 173|0x000000008ad00000, 0x000000008ae00000, 0x000000008ae00000|100%| O|  |TAMS 0x000000008ad45600, 0x000000008ae00000| Untracked 
| 174|0x000000008ae00000, 0x000000008af00000, 0x000000008af00000|100%| O|  |TAMS 0x000000008ae00000, 0x000000008af00000| Untracked 
| 175|0x000000008af00000, 0x000000008b000000, 0x000000008b000000|100%| O|  |TAMS 0x000000008af00000, 0x000000008b000000| Untracked 
| 176|0x000000008b000000, 0x000000008b100000, 0x000000008b100000|100%| O|  |TAMS 0x000000008b000000, 0x000000008b100000| Untracked 
| 177|0x000000008b100000, 0x000000008b200000, 0x000000008b200000|100%| O|  |TAMS 0x000000008b100000, 0x000000008b200000| Untracked 
| 178|0x000000008b200000, 0x000000008b300000, 0x000000008b300000|100%| O|  |TAMS 0x000000008b200000, 0x000000008b300000| Untracked 
| 179|0x000000008b300000, 0x000000008b400000, 0x000000008b400000|100%| O|  |TAMS 0x000000008b300000, 0x000000008b400000| Untracked 
| 180|0x000000008b400000, 0x000000008b500000, 0x000000008b500000|100%| O|  |TAMS 0x000000008b400000, 0x000000008b500000| Untracked 
| 181|0x000000008b500000, 0x000000008b600000, 0x000000008b600000|100%| O|  |TAMS 0x000000008b500000, 0x000000008b600000| Untracked 
| 182|0x000000008b600000, 0x000000008b700000, 0x000000008b700000|100%| O|  |TAMS 0x000000008b600000, 0x000000008b700000| Untracked 
| 183|0x000000008b700000, 0x000000008b800000, 0x000000008b800000|100%| O|  |TAMS 0x000000008b700000, 0x000000008b800000| Untracked 
| 184|0x000000008b800000, 0x000000008b900000, 0x000000008b900000|100%| O|  |TAMS 0x000000008b800000, 0x000000008b900000| Untracked 
| 185|0x000000008b900000, 0x000000008ba00000, 0x000000008ba00000|100%| O|  |TAMS 0x000000008b900000, 0x000000008ba00000| Untracked 
| 186|0x000000008ba00000, 0x000000008bb00000, 0x000000008bb00000|100%| O|  |TAMS 0x000000008ba00000, 0x000000008bb00000| Untracked 
| 187|0x000000008bb00000, 0x000000008bc00000, 0x000000008bc00000|100%| O|  |TAMS 0x000000008bb00000, 0x000000008bc00000| Untracked 
| 188|0x000000008bc00000, 0x000000008bd00000, 0x000000008bd00000|100%| O|  |TAMS 0x000000008bc00000, 0x000000008bd00000| Untracked 
| 189|0x000000008bd00000, 0x000000008be00000, 0x000000008be00000|100%| O|  |TAMS 0x000000008bd00000, 0x000000008be00000| Untracked 
| 190|0x000000008be00000, 0x000000008bf00000, 0x000000008bf00000|100%| O|  |TAMS 0x000000008be00000, 0x000000008bf00000| Untracked 
| 191|0x000000008bf00000, 0x000000008c000000, 0x000000008c000000|100%| O|  |TAMS 0x000000008bf00000, 0x000000008c000000| Untracked 
| 192|0x000000008c000000, 0x000000008c100000, 0x000000008c100000|100%| O|  |TAMS 0x000000008c000000, 0x000000008c100000| Untracked 
| 193|0x000000008c100000, 0x000000008c200000, 0x000000008c200000|100%| O|  |TAMS 0x000000008c100000, 0x000000008c200000| Untracked 
| 194|0x000000008c200000, 0x000000008c300000, 0x000000008c300000|100%| O|  |TAMS 0x000000008c200000, 0x000000008c300000| Untracked 
| 195|0x000000008c300000, 0x000000008c400000, 0x000000008c400000|100%| O|  |TAMS 0x000000008c300000, 0x000000008c400000| Untracked 
| 196|0x000000008c400000, 0x000000008c500000, 0x000000008c500000|100%| O|  |TAMS 0x000000008c400000, 0x000000008c500000| Untracked 
| 197|0x000000008c500000, 0x000000008c600000, 0x000000008c600000|100%| O|  |TAMS 0x000000008c500000, 0x000000008c600000| Untracked 
| 198|0x000000008c600000, 0x000000008c700000, 0x000000008c700000|100%| O|  |TAMS 0x000000008c600000, 0x000000008c700000| Untracked 
| 199|0x000000008c700000, 0x000000008c800000, 0x000000008c800000|100%| O|  |TAMS 0x000000008c700000, 0x000000008c800000| Untracked 
| 200|0x000000008c800000, 0x000000008c900000, 0x000000008c900000|100%| O|  |TAMS 0x000000008c800000, 0x000000008c900000| Untracked 
| 201|0x000000008c900000, 0x000000008c9e0a00, 0x000000008ca00000| 87%| O|  |TAMS 0x000000008c900000, 0x000000008c9e0a00| Untracked 
| 202|0x000000008ca00000, 0x000000008ca00000, 0x000000008cb00000|  0%| F|  |TAMS 0x000000008ca00000, 0x000000008ca00000| Untracked 
| 203|0x000000008cb00000, 0x000000008cb00000, 0x000000008cc00000|  0%| F|  |TAMS 0x000000008cb00000, 0x000000008cb00000| Untracked 
| 204|0x000000008cc00000, 0x000000008cc00000, 0x000000008cd00000|  0%| F|  |TAMS 0x000000008cc00000, 0x000000008cc00000| Untracked 
| 205|0x000000008cd00000, 0x000000008cd00000, 0x000000008ce00000|  0%| F|  |TAMS 0x000000008cd00000, 0x000000008cd00000| Untracked 
| 206|0x000000008ce00000, 0x000000008ce00000, 0x000000008cf00000|  0%| F|  |TAMS 0x000000008ce00000, 0x000000008ce00000| Untracked 
| 207|0x000000008cf00000, 0x000000008cf00000, 0x000000008d000000|  0%| F|  |TAMS 0x000000008cf00000, 0x000000008cf00000| Untracked 
| 208|0x000000008d000000, 0x000000008d000000, 0x000000008d100000|  0%| F|  |TAMS 0x000000008d000000, 0x000000008d000000| Untracked 
| 209|0x000000008d100000, 0x000000008d100000, 0x000000008d200000|  0%| F|  |TAMS 0x000000008d100000, 0x000000008d100000| Untracked 
| 210|0x000000008d200000, 0x000000008d200000, 0x000000008d300000|  0%| F|  |TAMS 0x000000008d200000, 0x000000008d200000| Untracked 
| 211|0x000000008d300000, 0x000000008d300000, 0x000000008d400000|  0%| F|  |TAMS 0x000000008d300000, 0x000000008d300000| Untracked 
| 212|0x000000008d400000, 0x000000008d400000, 0x000000008d500000|  0%| F|  |TAMS 0x000000008d400000, 0x000000008d400000| Untracked 
| 213|0x000000008d500000, 0x000000008d500000, 0x000000008d600000|  0%| F|  |TAMS 0x000000008d500000, 0x000000008d500000| Untracked 
| 214|0x000000008d600000, 0x000000008d600000, 0x000000008d700000|  0%| F|  |TAMS 0x000000008d600000, 0x000000008d600000| Untracked 
| 215|0x000000008d700000, 0x000000008d700000, 0x000000008d800000|  0%| F|  |TAMS 0x000000008d700000, 0x000000008d700000| Untracked 
| 216|0x000000008d800000, 0x000000008d800000, 0x000000008d900000|  0%| F|  |TAMS 0x000000008d800000, 0x000000008d800000| Untracked 
| 217|0x000000008d900000, 0x000000008d900000, 0x000000008da00000|  0%| F|  |TAMS 0x000000008d900000, 0x000000008d900000| Untracked 
| 218|0x000000008da00000, 0x000000008da00000, 0x000000008db00000|  0%| F|  |TAMS 0x000000008da00000, 0x000000008da00000| Untracked 
| 219|0x000000008db00000, 0x000000008db00000, 0x000000008dc00000|  0%| F|  |TAMS 0x000000008db00000, 0x000000008db00000| Untracked 
| 220|0x000000008dc00000, 0x000000008dc00000, 0x000000008dd00000|  0%| F|  |TAMS 0x000000008dc00000, 0x000000008dc00000| Untracked 
| 221|0x000000008dd00000, 0x000000008dd00000, 0x000000008de00000|  0%| F|  |TAMS 0x000000008dd00000, 0x000000008dd00000| Untracked 
| 222|0x000000008de00000, 0x000000008de00000, 0x000000008df00000|  0%| F|  |TAMS 0x000000008de00000, 0x000000008de00000| Untracked 
| 223|0x000000008df00000, 0x000000008df00000, 0x000000008e000000|  0%| F|  |TAMS 0x000000008df00000, 0x000000008df00000| Untracked 
| 224|0x000000008e000000, 0x000000008e000000, 0x000000008e100000|  0%| F|  |TAMS 0x000000008e000000, 0x000000008e000000| Untracked 
| 225|0x000000008e100000, 0x000000008e100000, 0x000000008e200000|  0%| F|  |TAMS 0x000000008e100000, 0x000000008e100000| Untracked 
| 226|0x000000008e200000, 0x000000008e200000, 0x000000008e300000|  0%| F|  |TAMS 0x000000008e200000, 0x000000008e200000| Untracked 
| 227|0x000000008e300000, 0x000000008e300000, 0x000000008e400000|  0%| F|  |TAMS 0x000000008e300000, 0x000000008e300000| Untracked 
| 228|0x000000008e400000, 0x000000008e400000, 0x000000008e500000|  0%| F|  |TAMS 0x000000008e400000, 0x000000008e400000| Untracked 
| 229|0x000000008e500000, 0x000000008e500000, 0x000000008e600000|  0%| F|  |TAMS 0x000000008e500000, 0x000000008e500000| Untracked 
| 230|0x000000008e600000, 0x000000008e600000, 0x000000008e700000|  0%| F|  |TAMS 0x000000008e600000, 0x000000008e600000| Untracked 
| 231|0x000000008e700000, 0x000000008e700000, 0x000000008e800000|  0%| F|  |TAMS 0x000000008e700000, 0x000000008e700000| Untracked 
| 232|0x000000008e800000, 0x000000008e800000, 0x000000008e900000|  0%| F|  |TAMS 0x000000008e800000, 0x000000008e800000| Untracked 
| 233|0x000000008e900000, 0x000000008e900000, 0x000000008ea00000|  0%| F|  |TAMS 0x000000008e900000, 0x000000008e900000| Untracked 
| 234|0x000000008ea00000, 0x000000008ea00000, 0x000000008eb00000|  0%| F|  |TAMS 0x000000008ea00000, 0x000000008ea00000| Untracked 
| 235|0x000000008eb00000, 0x000000008eb00000, 0x000000008ec00000|  0%| F|  |TAMS 0x000000008eb00000, 0x000000008eb00000| Untracked 
| 236|0x000000008ec00000, 0x000000008ec00000, 0x000000008ed00000|  0%| F|  |TAMS 0x000000008ec00000, 0x000000008ec00000| Untracked 
| 237|0x000000008ed00000, 0x000000008ed00000, 0x000000008ee00000|  0%| F|  |TAMS 0x000000008ed00000, 0x000000008ed00000| Untracked 
| 238|0x000000008ee00000, 0x000000008ee00000, 0x000000008ef00000|  0%| F|  |TAMS 0x000000008ee00000, 0x000000008ee00000| Untracked 
| 239|0x000000008ef00000, 0x000000008ef00000, 0x000000008f000000|  0%| F|  |TAMS 0x000000008ef00000, 0x000000008ef00000| Untracked 
| 240|0x000000008f000000, 0x000000008f000000, 0x000000008f100000|  0%| F|  |TAMS 0x000000008f000000, 0x000000008f000000| Untracked 
| 241|0x000000008f100000, 0x000000008f100000, 0x000000008f200000|  0%| F|  |TAMS 0x000000008f100000, 0x000000008f100000| Untracked 
| 242|0x000000008f200000, 0x000000008f200000, 0x000000008f300000|  0%| F|  |TAMS 0x000000008f200000, 0x000000008f200000| Untracked 
| 243|0x000000008f300000, 0x000000008f300000, 0x000000008f400000|  0%| F|  |TAMS 0x000000008f300000, 0x000000008f300000| Untracked 
| 244|0x000000008f400000, 0x000000008f400000, 0x000000008f500000|  0%| F|  |TAMS 0x000000008f400000, 0x000000008f400000| Untracked 
| 245|0x000000008f500000, 0x000000008f500000, 0x000000008f600000|  0%| F|  |TAMS 0x000000008f500000, 0x000000008f500000| Untracked 
| 246|0x000000008f600000, 0x000000008f700000, 0x000000008f700000|100%| S|CS|TAMS 0x000000008f600000, 0x000000008f600000| Complete 
| 247|0x000000008f700000, 0x000000008f800000, 0x000000008f800000|100%| S|CS|TAMS 0x000000008f700000, 0x000000008f700000| Complete 
| 248|0x000000008f800000, 0x000000008f900000, 0x000000008f900000|100%| S|CS|TAMS 0x000000008f800000, 0x000000008f800000| Complete 
| 249|0x000000008f900000, 0x000000008fa00000, 0x000000008fa00000|100%| S|CS|TAMS 0x000000008f900000, 0x000000008f900000| Complete 
| 250|0x000000008fa00000, 0x000000008fb00000, 0x000000008fb00000|100%| S|CS|TAMS 0x000000008fa00000, 0x000000008fa00000| Complete 
| 251|0x000000008fb00000, 0x000000008fc00000, 0x000000008fc00000|100%| S|CS|TAMS 0x000000008fb00000, 0x000000008fb00000| Complete 
| 252|0x000000008fc00000, 0x000000008fd00000, 0x000000008fd00000|100%| S|CS|TAMS 0x000000008fc00000, 0x000000008fc00000| Complete 
| 253|0x000000008fd00000, 0x000000008fe00000, 0x000000008fe00000|100%| S|CS|TAMS 0x000000008fd00000, 0x000000008fd00000| Complete 
| 254|0x000000008fe00000, 0x000000008fe00000, 0x000000008ff00000|  0%| F|  |TAMS 0x000000008fe00000, 0x000000008fe00000| Untracked 
| 255|0x000000008ff00000, 0x000000008ff00000, 0x0000000090000000|  0%| F|  |TAMS 0x000000008ff00000, 0x000000008ff00000| Untracked 
| 256|0x0000000090000000, 0x0000000090000000, 0x0000000090100000|  0%| F|  |TAMS 0x0000000090000000, 0x0000000090000000| Untracked 
| 257|0x0000000090100000, 0x0000000090100000, 0x0000000090200000|  0%| F|  |TAMS 0x0000000090100000, 0x0000000090100000| Untracked 
| 258|0x0000000090200000, 0x0000000090200000, 0x0000000090300000|  0%| F|  |TAMS 0x0000000090200000, 0x0000000090200000| Untracked 
| 259|0x0000000090300000, 0x0000000090300000, 0x0000000090400000|  0%| F|  |TAMS 0x0000000090300000, 0x0000000090300000| Untracked 
| 260|0x0000000090400000, 0x0000000090400000, 0x0000000090500000|  0%| F|  |TAMS 0x0000000090400000, 0x0000000090400000| Untracked 
| 261|0x0000000090500000, 0x0000000090500000, 0x0000000090600000|  0%| F|  |TAMS 0x0000000090500000, 0x0000000090500000| Untracked 
| 262|0x0000000090600000, 0x0000000090600000, 0x0000000090700000|  0%| F|  |TAMS 0x0000000090600000, 0x0000000090600000| Untracked 
| 263|0x0000000090700000, 0x0000000090700000, 0x0000000090800000|  0%| F|  |TAMS 0x0000000090700000, 0x0000000090700000| Untracked 
| 264|0x0000000090800000, 0x0000000090800000, 0x0000000090900000|  0%| F|  |TAMS 0x0000000090800000, 0x0000000090800000| Untracked 
| 265|0x0000000090900000, 0x0000000090900000, 0x0000000090a00000|  0%| F|  |TAMS 0x0000000090900000, 0x0000000090900000| Untracked 
| 266|0x0000000090a00000, 0x0000000090a00000, 0x0000000090b00000|  0%| F|  |TAMS 0x0000000090a00000, 0x0000000090a00000| Untracked 
| 267|0x0000000090b00000, 0x0000000090b00000, 0x0000000090c00000|  0%| F|  |TAMS 0x0000000090b00000, 0x0000000090b00000| Untracked 
| 268|0x0000000090c00000, 0x0000000090c00000, 0x0000000090d00000|  0%| F|  |TAMS 0x0000000090c00000, 0x0000000090c00000| Untracked 
| 269|0x0000000090d00000, 0x0000000090d00000, 0x0000000090e00000|  0%| F|  |TAMS 0x0000000090d00000, 0x0000000090d00000| Untracked 
| 270|0x0000000090e00000, 0x0000000090e00000, 0x0000000090f00000|  0%| F|  |TAMS 0x0000000090e00000, 0x0000000090e00000| Untracked 
| 271|0x0000000090f00000, 0x0000000090f00000, 0x0000000091000000|  0%| F|  |TAMS 0x0000000090f00000, 0x0000000090f00000| Untracked 
| 272|0x0000000091000000, 0x0000000091000000, 0x0000000091100000|  0%| F|  |TAMS 0x0000000091000000, 0x0000000091000000| Untracked 
| 273|0x0000000091100000, 0x0000000091100000, 0x0000000091200000|  0%| F|  |TAMS 0x0000000091100000, 0x0000000091100000| Untracked 
| 274|0x0000000091200000, 0x0000000091200000, 0x0000000091300000|  0%| F|  |TAMS 0x0000000091200000, 0x0000000091200000| Untracked 
| 275|0x0000000091300000, 0x0000000091300000, 0x0000000091400000|  0%| F|  |TAMS 0x0000000091300000, 0x0000000091300000| Untracked 
| 276|0x0000000091400000, 0x0000000091400000, 0x0000000091500000|  0%| F|  |TAMS 0x0000000091400000, 0x0000000091400000| Untracked 
| 277|0x0000000091500000, 0x0000000091500000, 0x0000000091600000|  0%| F|  |TAMS 0x0000000091500000, 0x0000000091500000| Untracked 
| 278|0x0000000091600000, 0x0000000091600000, 0x0000000091700000|  0%| F|  |TAMS 0x0000000091600000, 0x0000000091600000| Untracked 
| 279|0x0000000091700000, 0x0000000091700000, 0x0000000091800000|  0%| F|  |TAMS 0x0000000091700000, 0x0000000091700000| Untracked 
| 280|0x0000000091800000, 0x0000000091800000, 0x0000000091900000|  0%| F|  |TAMS 0x0000000091800000, 0x0000000091800000| Untracked 
| 281|0x0000000091900000, 0x0000000091900000, 0x0000000091a00000|  0%| F|  |TAMS 0x0000000091900000, 0x0000000091900000| Untracked 
| 282|0x0000000091a00000, 0x0000000091a00000, 0x0000000091b00000|  0%| F|  |TAMS 0x0000000091a00000, 0x0000000091a00000| Untracked 
| 283|0x0000000091b00000, 0x0000000091b00000, 0x0000000091c00000|  0%| F|  |TAMS 0x0000000091b00000, 0x0000000091b00000| Untracked 
| 284|0x0000000091c00000, 0x0000000091c00000, 0x0000000091d00000|  0%| F|  |TAMS 0x0000000091c00000, 0x0000000091c00000| Untracked 
| 285|0x0000000091d00000, 0x0000000091d00000, 0x0000000091e00000|  0%| F|  |TAMS 0x0000000091d00000, 0x0000000091d00000| Untracked 
| 286|0x0000000091e00000, 0x0000000091e00000, 0x0000000091f00000|  0%| F|  |TAMS 0x0000000091e00000, 0x0000000091e00000| Untracked 
| 287|0x0000000091f00000, 0x0000000091f00000, 0x0000000092000000|  0%| F|  |TAMS 0x0000000091f00000, 0x0000000091f00000| Untracked 
| 288|0x0000000092000000, 0x0000000092000000, 0x0000000092100000|  0%| F|  |TAMS 0x0000000092000000, 0x0000000092000000| Untracked 
| 289|0x0000000092100000, 0x0000000092100000, 0x0000000092200000|  0%| F|  |TAMS 0x0000000092100000, 0x0000000092100000| Untracked 
| 290|0x0000000092200000, 0x0000000092200000, 0x0000000092300000|  0%| F|  |TAMS 0x0000000092200000, 0x0000000092200000| Untracked 
| 291|0x0000000092300000, 0x0000000092300000, 0x0000000092400000|  0%| F|  |TAMS 0x0000000092300000, 0x0000000092300000| Untracked 
| 292|0x0000000092400000, 0x0000000092400000, 0x0000000092500000|  0%| F|  |TAMS 0x0000000092400000, 0x0000000092400000| Untracked 
| 293|0x0000000092500000, 0x0000000092500000, 0x0000000092600000|  0%| F|  |TAMS 0x0000000092500000, 0x0000000092500000| Untracked 
| 294|0x0000000092600000, 0x0000000092600000, 0x0000000092700000|  0%| F|  |TAMS 0x0000000092600000, 0x0000000092600000| Untracked 
| 295|0x0000000092700000, 0x0000000092700000, 0x0000000092800000|  0%| F|  |TAMS 0x0000000092700000, 0x0000000092700000| Untracked 
| 296|0x0000000092800000, 0x0000000092800000, 0x0000000092900000|  0%| F|  |TAMS 0x0000000092800000, 0x0000000092800000| Untracked 
| 297|0x0000000092900000, 0x0000000092900000, 0x0000000092a00000|  0%| F|  |TAMS 0x0000000092900000, 0x0000000092900000| Untracked 
| 298|0x0000000092a00000, 0x0000000092a00000, 0x0000000092b00000|  0%| F|  |TAMS 0x0000000092a00000, 0x0000000092a00000| Untracked 
| 299|0x0000000092b00000, 0x0000000092b00000, 0x0000000092c00000|  0%| F|  |TAMS 0x0000000092b00000, 0x0000000092b00000| Untracked 
| 300|0x0000000092c00000, 0x0000000092c00000, 0x0000000092d00000|  0%| F|  |TAMS 0x0000000092c00000, 0x0000000092c00000| Untracked 
| 301|0x0000000092d00000, 0x0000000092d00000, 0x0000000092e00000|  0%| F|  |TAMS 0x0000000092d00000, 0x0000000092d00000| Untracked 
| 302|0x0000000092e00000, 0x0000000092e00000, 0x0000000092f00000|  0%| F|  |TAMS 0x0000000092e00000, 0x0000000092e00000| Untracked 
| 303|0x0000000092f00000, 0x0000000092f00000, 0x0000000093000000|  0%| F|  |TAMS 0x0000000092f00000, 0x0000000092f00000| Untracked 
| 304|0x0000000093000000, 0x0000000093000000, 0x0000000093100000|  0%| F|  |TAMS 0x0000000093000000, 0x0000000093000000| Untracked 

Card table byte_map: [0x00000198ac770000,0x00000198acb70000] _byte_map_base: 0x00000198ac370000

Marking Bits (Prev, Next): (CMBitMap*) 0x000001989957ecd8, (CMBitMap*) 0x000001989957ed10
 Prev Bits: [0x00000198acf70000, 0x00000198aef70000)
 Next Bits: [0x00000198aef70000, 0x00000198b0f70000)

Polling page: 0x00000198974c0000

Metaspace:

Usage:
  Non-class:    111.69 MB capacity,   109.55 MB ( 98%) used,     1.75 MB (  2%) free+waste,   391.44 KB ( <1%) overhead. 
      Class:     17.11 MB capacity,    15.84 MB ( 93%) used,     1.10 MB (  6%) free+waste,   178.81 KB (  1%) overhead. 
       Both:    128.79 MB capacity,   125.39 MB ( 97%) used,     2.85 MB (  2%) free+waste,   570.25 KB ( <1%) overhead. 

Virtual space:
  Non-class space:      112.00 MB reserved,     111.75 MB (>99%) committed 
      Class space:        1.00 GB reserved,      17.20 MB (  2%) committed 
             Both:        1.11 GB reserved,     128.95 MB ( 11%) committed 

Chunk freelists:
   Non-Class:  1.00 KB
       Class:  0 bytes
        Both:  1.00 KB

MaxMetaspaceSize: 17179869184.00 GB
CompressedClassSpaceSize: 1.00 GB

CodeHeap 'non-profiled nmethods': size=120000Kb used=11886Kb max_used=12123Kb free=108113Kb
 bounds [0x00000198a4b00000, 0x00000198a5700000, 0x00000198ac030000]
CodeHeap 'profiled nmethods': size=120000Kb used=40192Kb max_used=40192Kb free=79807Kb
 bounds [0x000001989d5d0000, 0x000001989fd40000, 0x00000198a4b00000]
CodeHeap 'non-nmethods': size=5760Kb used=2371Kb max_used=2443Kb free=3388Kb
 bounds [0x000001989d030000, 0x000001989d2a0000, 0x000001989d5d0000]
 total_blobs=18892 nmethods=17911 adapters=891
 compilation: enabled
              stopped_count=0, restarted_count=0
 full_count=0

Compilation events (20 events):
Event: 21.048 Thread 0x00000198b428b800 nmethod 18939 0x000001989dd35e90 code [0x000001989dd36160, 0x000001989dd36d58]
Event: 21.048 Thread 0x00000198b428b800 18919       1       com.android.tools.r8.internal.t4::v (2 bytes)
Event: 21.048 Thread 0x00000198b428b800 nmethod 18919 0x00000198a4bfb310 code [0x00000198a4bfb4c0, 0x00000198a4bfb578]
Event: 21.048 Thread 0x00000198b428b800 18920       1       com.android.tools.r8.internal.t4::u (2 bytes)
Event: 21.048 Thread 0x00000198b428b800 nmethod 18920 0x00000198a4bfb010 code [0x00000198a4bfb1c0, 0x00000198a4bfb278]
Event: 21.048 Thread 0x00000198b428b800 18940 %     3       com.android.tools.r8.internal.U6::a @ 66 (6044 bytes)
Event: 21.049 Thread 0x00000198b4287800 nmethod 18878 0x00000198a4bff190 code [0x00000198a4bff360, 0x00000198a4bffa08]
Event: 21.049 Thread 0x00000198b4287800 18935       4       com.android.tools.r8.internal.E9::e (297 bytes)
Event: 21.072 Thread 0x00000198b428b800 nmethod 18940% 0x000001989fd0db90 code [0x000001989fd0f4c0, 0x000001989fd261a8]
Event: 21.072 Thread 0x00000198b428b800 18941       2       java.util.ArrayDeque::add (7 bytes)
Event: 21.073 Thread 0x00000198b428b800 nmethod 18941 0x000001989dd35b10 code [0x000001989dd35cc0, 0x000001989dd35de8]
Event: 21.073 Thread 0x00000198b428b800 18942       2       java.util.ArrayDeque::removeLast (19 bytes)
Event: 21.073 Thread 0x00000198b428b800 nmethod 18942 0x000001989dd35610 code [0x000001989dd357e0, 0x000001989dd359b8]
Event: 21.073 Thread 0x00000198b428b800 18947 %     3       com.android.tools.r8.internal.oh::a @ 85 (990 bytes)
Event: 21.075 Thread 0x00000198b428b800 nmethod 18947% 0x000001989fd31090 code [0x000001989fd31520, 0x000001989fd347a8]
Event: 21.075 Thread 0x00000198b428b800 18951 %     3       com.android.tools.r8.graph.B0$d::c @ 159 (797 bytes)
Event: 21.080 Thread 0x00000198b428b800 nmethod 18951% 0x000001989fd35310 code [0x000001989fd35ba0, 0x000001989fd3ba48]
Event: 21.080 Thread 0x00000198b428b800 18968       2       java.util.zip.ZipFile$InflaterCleanupAction::run (12 bytes)
Event: 21.080 Thread 0x00000198b428b800 nmethod 18968 0x000001989dd35290 code [0x000001989dd35440, 0x000001989dd35568]
Event: 21.080 Thread 0x00000198b428b800 18967 %     3       com.android.tools.r8.internal.U6::a @ 1682 (6044 bytes)

GC Heap History (20 events):
Event: 19.629 GC heap after
{Heap after GC invocations=34 (full 0):
 garbage-first heap   total 260096K, used 179750K [0x0000000080000000, 0x0000000100000000)
  region size 1024K, 5 young (5120K), 5 survivors (5120K)
 Metaspace       used 118288K, capacity 121454K, committed 121804K, reserved 1155072K
  class space    used 14991K, capacity 16152K, committed 16332K, reserved 1048576K
}
Event: 19.866 GC heap before
{Heap before GC invocations=35 (full 0):
 garbage-first heap   total 260096K, used 215590K [0x0000000080000000, 0x0000000100000000)
  region size 1024K, 45 young (46080K), 5 survivors (5120K)
 Metaspace       used 120528K, capacity 123726K, committed 123980K, reserved 1157120K
  class space    used 15157K, capacity 16312K, committed 16460K, reserved 1048576K
}
Event: 19.871 GC heap after
{Heap after GC invocations=36 (full 0):
 garbage-first heap   total 260096K, used 177579K [0x0000000080000000, 0x0000000100000000)
  region size 1024K, 4 young (4096K), 4 survivors (4096K)
 Metaspace       used 120528K, capacity 123726K, committed 123980K, reserved 1157120K
  class space    used 15157K, capacity 16312K, committed 16460K, reserved 1048576K
}
Event: 19.893 GC heap before
{Heap before GC invocations=36 (full 0):
 garbage-first heap   total 260096K, used 185771K [0x0000000080000000, 0x0000000100000000)
  region size 1024K, 12 young (12288K), 4 survivors (4096K)
 Metaspace       used 120544K, capacity 123726K, committed 123980K, reserved 1157120K
  class space    used 15159K, capacity 16312K, committed 16460K, reserved 1048576K
}
Event: 19.900 GC heap after
{Heap after GC invocations=37 (full 0):
 garbage-first heap   total 260096K, used 156622K [0x0000000080000000, 0x0000000100000000)
  region size 1024K, 2 young (2048K), 2 survivors (2048K)
 Metaspace       used 120544K, capacity 123726K, committed 123980K, reserved 1157120K
  class space    used 15159K, capacity 16312K, committed 16460K, reserved 1048576K
}
Event: 19.931 GC heap before
{Heap before GC invocations=37 (full 0):
 garbage-first heap   total 260096K, used 166862K [0x0000000080000000, 0x0000000100000000)
  region size 1024K, 12 young (12288K), 2 survivors (2048K)
 Metaspace       used 120583K, capacity 123800K, committed 123980K, reserved 1157120K
  class space    used 15161K, capacity 16314K, committed 16460K, reserved 1048576K
}
Event: 19.937 GC heap after
{Heap after GC invocations=38 (full 0):
 garbage-first heap   total 260096K, used 154177K [0x0000000080000000, 0x0000000100000000)
  region size 1024K, 2 young (2048K), 2 survivors (2048K)
 Metaspace       used 120583K, capacity 123800K, committed 123980K, reserved 1157120K
  class space    used 15161K, capacity 16314K, committed 16460K, reserved 1048576K
}
Event: 20.098 GC heap before
{Heap before GC invocations=38 (full 0):
 garbage-first heap   total 260096K, used 212545K [0x0000000080000000, 0x0000000100000000)
  region size 1024K, 60 young (61440K), 2 survivors (2048K)
 Metaspace       used 121936K, capacity 125134K, committed 125388K, reserved 1159168K
  class space    used 15286K, capacity 16417K, committed 16588K, reserved 1048576K
}
Event: 20.101 GC heap after
{Heap after GC invocations=39 (full 0):
 garbage-first heap   total 260096K, used 154635K [0x0000000080000000, 0x0000000100000000)
  region size 1024K, 3 young (3072K), 3 survivors (3072K)
 Metaspace       used 121936K, capacity 125134K, committed 125388K, reserved 1159168K
  class space    used 15286K, capacity 16417K, committed 16588K, reserved 1048576K
}
Event: 20.412 GC heap before
{Heap before GC invocations=39 (full 0):
 garbage-first heap   total 260096K, used 214027K [0x0000000080000000, 0x0000000100000000)
  region size 1024K, 62 young (63488K), 3 survivors (3072K)
 Metaspace       used 122752K, capacity 125967K, committed 126284K, reserved 1159168K
  class space    used 15369K, capacity 16538K, committed 16716K, reserved 1048576K
}
Event: 20.418 GC heap after
{Heap after GC invocations=40 (full 0):
 garbage-first heap   total 260096K, used 158962K [0x0000000080000000, 0x0000000100000000)
  region size 1024K, 7 young (7168K), 7 survivors (7168K)
 Metaspace       used 122752K, capacity 125967K, committed 126284K, reserved 1159168K
  class space    used 15369K, capacity 16538K, committed 16716K, reserved 1048576K
}
Event: 20.596 GC heap before
{Heap before GC invocations=40 (full 0):
 garbage-first heap   total 260096K, used 222450K [0x0000000080000000, 0x0000000100000000)
  region size 1024K, 64 young (65536K), 7 survivors (7168K)
 Metaspace       used 123185K, capacity 126380K, committed 126796K, reserved 1159168K
  class space    used 15411K, capacity 16545K, committed 16716K, reserved 1048576K
}
Event: 20.602 GC heap after
{Heap after GC invocations=41 (full 0):
 garbage-first heap   total 312320K, used 164296K [0x0000000080000000, 0x0000000100000000)
  region size 1024K, 5 young (5120K), 5 survivors (5120K)
 Metaspace       used 123185K, capacity 126380K, committed 126796K, reserved 1159168K
  class space    used 15411K, capacity 16545K, committed 16716K, reserved 1048576K
}
Event: 20.696 GC heap before
{Heap before GC invocations=41 (full 0):
 garbage-first heap   total 312320K, used 250312K [0x0000000080000000, 0x0000000100000000)
  region size 1024K, 90 young (92160K), 5 survivors (5120K)
 Metaspace       used 123601K, capacity 126881K, committed 127052K, reserved 1159168K
  class space    used 15472K, capacity 16669K, committed 16716K, reserved 1048576K
}
Event: 20.703 GC heap after
{Heap after GC invocations=42 (full 0):
 garbage-first heap   total 312320K, used 176737K [0x0000000080000000, 0x0000000100000000)
  region size 1024K, 12 young (12288K), 12 survivors (12288K)
 Metaspace       used 123601K, capacity 126881K, committed 127052K, reserved 1159168K
  class space    used 15472K, capacity 16669K, committed 16716K, reserved 1048576K
}
Event: 20.836 GC heap before
{Heap before GC invocations=42 (full 0):
 garbage-first heap   total 312320K, used 253537K [0x0000000080000000, 0x0000000100000000)
  region size 1024K, 88 young (90112K), 12 survivors (12288K)
 Metaspace       used 124893K, capacity 128260K, committed 128588K, reserved 1161216K
  class space    used 15653K, capacity 16884K, committed 16972K, reserved 1048576K
}
Event: 20.846 GC heap after
{Heap after GC invocations=43 (full 0):
 garbage-first heap   total 312320K, used 192512K [0x0000000080000000, 0x0000000100000000)
  region size 1024K, 11 young (11264K), 11 survivors (11264K)
 Metaspace       used 124893K, capacity 128260K, committed 128588K, reserved 1161216K
  class space    used 15653K, capacity 16884K, committed 16972K, reserved 1048576K
}
Event: 20.986 GC heap before
{Heap before GC invocations=43 (full 0):
 garbage-first heap   total 312320K, used 253952K [0x0000000080000000, 0x0000000100000000)
  region size 1024K, 72 young (73728K), 11 survivors (11264K)
 Metaspace       used 126714K, capacity 130187K, committed 130380K, reserved 1163264K
  class space    used 15907K, capacity 17184K, committed 17228K, reserved 1048576K
}
Event: 21.002 GC heap after
{Heap after GC invocations=44 (full 0):
 garbage-first heap   total 312320K, used 203776K [0x0000000080000000, 0x0000000100000000)
  region size 1024K, 9 young (9216K), 9 survivors (9216K)
 Metaspace       used 126714K, capacity 130187K, committed 130380K, reserved 1163264K
  class space    used 15907K, capacity 17184K, committed 17228K, reserved 1048576K
}
Event: 21.105 GC heap before
{Heap before GC invocations=44 (full 0):
 garbage-first heap   total 312320K, used 256000K [0x0000000080000000, 0x0000000100000000)
  region size 1024K, 60 young (61440K), 9 survivors (9216K)
 Metaspace       used 128395K, capacity 131884K, committed 132044K, reserved 1163264K
  class space    used 16215K, capacity 17517K, committed 17612K, reserved 1048576K
}

Deoptimization events (20 events):
Event: 20.937 Thread 0x00000198b7e23800 Uncommon trap: trap_request=0xffffff4d fr.pc=0x00000198a4c93b30 relative=0x0000000000001150
Event: 20.937 Thread 0x00000198b7e23800 Uncommon trap: reason=unstable_if action=reinterpret pc=0x00000198a4c93b30 method=java.util.WeakHashMap.remove(Ljava/lang/Object;)Ljava/lang/Object; @ 94 c2
Event: 20.937 Thread 0x00000198b7e23800 DEOPT PACKING pc=0x00000198a4c93b30 sp=0x00000030feff6e10
Event: 20.937 Thread 0x00000198b7e23800 DEOPT UNPACKING pc=0x000001989d0383af sp=0x00000030feff6ce8 mode 2
Event: 20.938 Thread 0x00000198b8197000 DEOPT PACKING pc=0x000001989d98ae51 sp=0x00000030ff3f9aa0
Event: 20.938 Thread 0x00000198b8197000 DEOPT UNPACKING pc=0x000001989d058ede sp=0x00000030ff3f8f78 mode 0
Event: 20.956 Thread 0x00000198b8197000 DEOPT PACKING pc=0x000001989fc9837b sp=0x00000030ff3f9af0
Event: 20.956 Thread 0x00000198b8197000 DEOPT UNPACKING pc=0x000001989d058ede sp=0x00000030ff3f93d8 mode 0
Event: 21.013 Thread 0x00000198b7e22800 Uncommon trap: trap_request=0xffffff4d fr.pc=0x00000198a4c293a4 relative=0x0000000000001d64
Event: 21.013 Thread 0x00000198b7e22800 Uncommon trap: reason=unstable_if action=reinterpret pc=0x00000198a4c293a4 method=com.android.tools.r8.internal.E9.e(Ljava/lang/String;)[Ljava/lang/String; @ 149 c2
Event: 21.013 Thread 0x00000198b7e22800 DEOPT PACKING pc=0x00000198a4c293a4 sp=0x00000030fecf9ad0
Event: 21.013 Thread 0x00000198b7e22800 DEOPT UNPACKING pc=0x000001989d0383af sp=0x00000030fecf9ab8 mode 2
Event: 21.086 Thread 0x00000198b7e26000 DEOPT PACKING pc=0x000001989fd028c3 sp=0x00000030fedf9740
Event: 21.086 Thread 0x00000198b7e26000 DEOPT UNPACKING pc=0x000001989d058ede sp=0x00000030fedf8ed0 mode 0
Event: 21.091 Thread 0x00000198b7e26000 DEOPT PACKING pc=0x000001989fd028a2 sp=0x00000030fedf9740
Event: 21.091 Thread 0x00000198b7e26000 DEOPT UNPACKING pc=0x000001989d058ede sp=0x00000030fedf8ed0 mode 0
Event: 21.099 Thread 0x00000198b7e23800 Uncommon trap: trap_request=0xffffff4d fr.pc=0x00000198a4d4bfa8 relative=0x00000000000010a8
Event: 21.099 Thread 0x00000198b7e23800 Uncommon trap: reason=unstable_if action=reinterpret pc=0x00000198a4d4bfa8 method=java.util.concurrent.ConcurrentHashMap.get(Ljava/lang/Object;)Ljava/lang/Object; @ 86 c2
Event: 21.099 Thread 0x00000198b7e23800 DEOPT PACKING pc=0x00000198a4d4bfa8 sp=0x00000030feff8e50
Event: 21.099 Thread 0x00000198b7e23800 DEOPT UNPACKING pc=0x000001989d0383af sp=0x00000030feff8da0 mode 2

Classes redefined (0 events):
No events

Internal exceptions (20 events):
Event: 20.750 Thread 0x00000198b7e24800 Exception <a 'java/lang/NoSuchMethodError'{0x0000000090b88460}: 'java.lang.Object java.lang.invoke.Invokers$Holder.linkToTargetMethod(long, java.lang.Object)'> (0x0000000090b88460) thrown at [./src/hotspot/share/interpreter/linkResolver.cpp, line 773]
Event: 20.771 Thread 0x00000198b819c800 Exception <a 'java/lang/NoSuchMethodError'{0x000000008ffb81e8}: 'long java.lang.invoke.DirectMethodHandle$Holder.invokeStatic(java.lang.Object, java.lang.Object)'> (0x000000008ffb81e8) thrown at [./src/hotspot/share/interpreter/linkResolver.cpp, line 773]
Event: 20.780 Thread 0x00000198b7e22800 Exception <a 'sun/nio/fs/WindowsException'{0x000000008f9db400}> (0x000000008f9db400) thrown at [./src/hotspot/share/prims/jni.cpp, line 615]
Event: 20.883 Thread 0x00000198b819c800 Exception <a 'java/lang/IncompatibleClassChangeError'{0x00000000923a3238}: Found class java.lang.Object, but interface was expected> (0x00000000923a3238) thrown at [./src/hotspot/share/interpreter/linkResolver.cpp, line 839]
Event: 20.883 Thread 0x00000198b7e21000 Exception <a 'java/lang/IncompatibleClassChangeError'{0x0000000092317c88}: Found class java.lang.Object, but interface was expected> (0x0000000092317c88) thrown at [./src/hotspot/share/interpreter/linkResolver.cpp, line 839]
Event: 20.883 Thread 0x00000198b7e21000 Exception <a 'java/lang/NoSuchMethodError'{0x00000000923d5e28}: 'java.lang.Object java.lang.invoke.DirectMethodHandle$Holder.newInvokeSpecial(java.lang.Object, int)'> (0x00000000923d5e28) thrown at [./src/hotspot/share/interpreter/linkResolver.cpp, line 773]
Event: 20.883 Thread 0x00000198b819c800 Exception <a 'java/lang/NoSuchMethodError'{0x00000000923a6ed8}: 'java.lang.Object java.lang.invoke.DirectMethodHandle$Holder.newInvokeSpecial(java.lang.Object, int)'> (0x00000000923a6ed8) thrown at [./src/hotspot/share/interpreter/linkResolver.cpp, line 773]
Event: 20.884 Thread 0x00000198b7e24800 Exception <a 'java/lang/IncompatibleClassChangeError'{0x000000009230ee08}: Found class java.lang.Object, but interface was expected> (0x000000009230ee08) thrown at [./src/hotspot/share/interpreter/linkResolver.cpp, line 839]
Event: 20.884 Thread 0x00000198b7e21000 Exception <a 'java/lang/IncompatibleClassChangeError'{0x00000000923dbac8}: Found class java.lang.Object, but interface was expected> (0x00000000923dbac8) thrown at [./src/hotspot/share/interpreter/linkResolver.cpp, line 839]
Event: 20.885 Thread 0x00000198b7e24800 Exception <a 'java/lang/IncompatibleClassChangeError'{0x000000009223ced8}: Found class java.lang.Object, but interface was expected> (0x000000009223ced8) thrown at [./src/hotspot/share/interpreter/linkResolver.cpp, line 839]
Event: 20.909 Thread 0x00000198b7e21000 Exception <a 'java/lang/NoSuchMethodError'{0x00000000918c3160}: 'void java.lang.invoke.DirectMethodHandle$Holder.invokeStatic(java.lang.Object, java.lang.Object, java.lang.Object, int)'> (0x00000000918c3160) thrown at [./src/hotspot/share/interpreter/linkResolver.cpp, line 773]
Event: 20.910 Thread 0x00000198b7e21000 Exception <a 'java/lang/IncompatibleClassChangeError'{0x0000000091752198}: Found class java.lang.Object, but interface was expected> (0x0000000091752198) thrown at [./src/hotspot/share/interpreter/linkResolver.cpp, line 839]
Event: 20.977 Thread 0x00000198b7e23800 Exception <a 'java/lang/NoSuchMethodError'{0x000000008f8be8c0}: 'int java.lang.invoke.DirectMethodHandle$Holder.invokeSpecial(java.lang.Object, java.lang.Object, java.lang.Object, java.lang.Object, java.lang.Object, java.lang.Object, java.lang.Object, java.lang.Object, java.lang.Object)'> (0x000000008f8be8c0) thrown at [./src/hotspot/share/interpreter/linkResolver.cpp, line 773]
Event: 20.978 Thread 0x00000198b7e21000 Exception <a 'java/lang/NoSuchMethodError'{0x000000008f671068}: 'java.lang.Object java.lang.invoke.Invokers$Holder.linkToTargetMethod(java.lang.Object, java.lang.Object, java.lang.Object, java.lang.Object, java.lang.Object, java.lang.Object, java.lang.Object, java.lang.Object)'> (0x000000008f671068) thrown at [./src/hotspot/share/interpreter/linkResolver.cpp, line 773]
Event: 20.978 Thread 0x00000198b7e22000 Exception <a 'java/lang/NoSuchMethodError'{0x000000008f96a120}: 'java.lang.Object java.lang.invoke.Invokers$Holder.linkToTargetMethod(java.lang.Object, java.lang.Object, java.lang.Object, java.lang.Object, java.lang.Object, java.lang.Object, java.lang.Object, java.lang.Object)'> (0x000000008f96a120) thrown at [./src/hotspot/share/interpreter/linkResolver.cpp, line 773]
Event: 21.029 Thread 0x00000198b7e24800 Exception <a 'java/lang/NoSuchMethodError'{0x0000000092a674f8}: 'int java.lang.invoke.DirectMethodHandle$Holder.invokeSpecial(java.lang.Object, java.lang.Object, java.lang.Object, java.lang.Object, java.lang.Object)'> (0x0000000092a674f8) thrown at [./src/hotspot/share/interpreter/linkResolver.cpp, line 773]
Event: 21.056 Thread 0x00000198b819c800 Exception <a 'java/lang/NoSuchMethodError'{0x0000000091c6dd50}: 'java.lang.Object java.lang.invoke.DirectMethodHandle$Holder.invokeVirtual(java.lang.Object, java.lang.Object, int, java.lang.Object)'> (0x0000000091c6dd50) thrown at [./src/hotspot/share/interpreter/linkResolver.cpp, line 773]
Event: 21.090 Thread 0x00000198b7e24800 Exception <a 'java/lang/NoSuchMethodError'{0x000000009066cb28}: 'void java.lang.invoke.DirectMethodHandle$Holder.invokeVirtual(java.lang.Object, java.lang.Object, int, java.lang.Object)'> (0x000000009066cb28) thrown at [./src/hotspot/share/interpreter/linkResolver.cpp, line 773]
Event: 21.090 Thread 0x00000198b819c800 Exception <a 'java/lang/NoSuchMethodError'{0x000000009104d468}: 'void java.lang.invoke.DirectMethodHandle$Holder.invokeVirtual(java.lang.Object, java.lang.Object, int, java.lang.Object)'> (0x000000009104d468) thrown at [./src/hotspot/share/interpreter/linkResolver.cpp, line 773]
Event: 21.090 Thread 0x00000198b7e23800 Exception <a 'java/lang/NoSuchMethodError'{0x0000000090e02ad0}: 'void java.lang.invoke.DirectMethodHandle$Holder.invokeVirtual(java.lang.Object, java.lang.Object, int, java.lang.Object)'> (0x0000000090e02ad0) thrown at [./src/hotspot/share/interpreter/linkResolver.cpp, line 773]

Events (20 events):
Event: 21.103 loading class com/android/tools/r8/internal/Ne done
Event: 21.103 loading class com/android/tools/r8/internal/Ne
Event: 21.103 loading class com/android/tools/r8/internal/Ne done
Event: 21.104 loading class com/android/tools/r8/internal/be
Event: 21.104 loading class com/android/tools/r8/internal/be done
Event: 21.104 loading class com/android/tools/r8/internal/Ne
Event: 21.104 loading class com/android/tools/r8/internal/Ne done
Event: 21.104 loading class com/android/tools/r8/internal/Ne
Event: 21.104 loading class com/android/tools/r8/internal/Ne done
Event: 21.104 loading class com/android/tools/r8/internal/Ne
Event: 21.104 loading class com/android/tools/r8/internal/Ne done
Event: 21.104 loading class com/android/tools/r8/internal/be
Event: 21.104 loading class com/android/tools/r8/internal/be done
Event: 21.104 loading class com/android/tools/r8/internal/W1
Event: 21.104 loading class com/android/tools/r8/internal/W1 done
Event: 21.104 loading class com/android/tools/r8/internal/XC
Event: 21.104 loading class com/android/tools/r8/internal/XC done
Event: 21.105 loading class com/android/tools/r8/internal/jE
Event: 21.105 loading class com/android/tools/r8/internal/jE done
Event: 21.105 Executing VM operation: G1CollectForAllocation


Dynamic libraries:
0x00007ff736ec0000 - 0x00007ff736eca000 	C:\Program Files\Android\Android Studio\jre\bin\java.exe
0x00007ff90c720000 - 0x00007ff90c927000 	C:\windows\SYSTEM32\ntdll.dll
0x00007ff90b640000 - 0x00007ff90b6fd000 	C:\windows\System32\KERNEL32.DLL
0x00007ff909c00000 - 0x00007ff909f74000 	C:\windows\System32\KERNELBASE.dll
0x00007ff909ff0000 - 0x00007ff90a101000 	C:\windows\System32\ucrtbase.dll
0x00007ff8f71c0000 - 0x00007ff8f71d9000 	C:\Program Files\Android\Android Studio\jre\bin\jli.dll
0x00007ff9018d0000 - 0x00007ff9018e7000 	C:\Program Files\Android\Android Studio\jre\bin\VCRUNTIME140.dll
0x00007ff90b420000 - 0x00007ff90b5cc000 	C:\windows\System32\USER32.dll
0x00007ff90a1b0000 - 0x00007ff90a1d6000 	C:\windows\System32\win32u.dll
0x00007ff90b7f0000 - 0x00007ff90b819000 	C:\windows\System32\GDI32.dll
0x00007ff90a490000 - 0x00007ff90a5a2000 	C:\windows\System32\gdi32full.dll
0x00007ff8ed3b0000 - 0x00007ff8ed655000 	C:\windows\WinSxS\amd64_microsoft.windows.common-controls_6595b64144ccf1df_6.0.22000.120_none_9d947278b86cc467\COMCTL32.dll
0x00007ff90c630000 - 0x00007ff90c6d3000 	C:\windows\System32\msvcrt.dll
0x00007ff90a110000 - 0x00007ff90a1ad000 	C:\windows\System32\msvcp_win.dll
0x00007ff90bbb0000 - 0x00007ff90bbe1000 	C:\windows\System32\IMM32.DLL
0x00007ff8d1a50000 - 0x00007ff8d1aed000 	C:\Program Files\Android\Android Studio\jre\bin\msvcp140.dll
0x00007ff87f8b0000 - 0x00007ff88037f000 	C:\Program Files\Android\Android Studio\jre\bin\server\jvm.dll
0x00007ff90a640000 - 0x00007ff90a6ec000 	C:\windows\System32\ADVAPI32.dll
0x00007ff90a6f0000 - 0x00007ff90a78d000 	C:\windows\System32\sechost.dll
0x00007ff90c360000 - 0x00007ff90c481000 	C:\windows\System32\RPCRT4.dll
0x00007ff90a630000 - 0x00007ff90a638000 	C:\windows\System32\PSAPI.DLL
0x00007ff8f4e90000 - 0x00007ff8f4e9a000 	C:\windows\SYSTEM32\VERSION.dll
0x00007ff8f50d0000 - 0x00007ff8f5103000 	C:\windows\SYSTEM32\WINMM.dll
0x00007ff900030000 - 0x00007ff900039000 	C:\windows\SYSTEM32\WSOCK32.dll
0x00007ff90b5d0000 - 0x00007ff90b63f000 	C:\windows\System32\WS2_32.dll
0x00007ff908e20000 - 0x00007ff908e38000 	C:\windows\SYSTEM32\kernel.appcore.dll
0x00007ff8fc790000 - 0x00007ff8fc7a1000 	C:\Program Files\Android\Android Studio\jre\bin\verify.dll
0x00007ff9075b0000 - 0x00007ff9077d1000 	C:\windows\SYSTEM32\DBGHELP.DLL
0x00007ff9015f0000 - 0x00007ff901621000 	C:\windows\SYSTEM32\dbgcore.DLL
0x00007ff90a1e0000 - 0x00007ff90a260000 	C:\windows\System32\bcryptPrimitives.dll
0x00007ff8ef6c0000 - 0x00007ff8ef6e9000 	C:\Program Files\Android\Android Studio\jre\bin\java.dll
0x00007ff8fe510000 - 0x00007ff8fe51b000 	C:\Program Files\Android\Android Studio\jre\bin\jimage.dll
0x00007ff8f5550000 - 0x00007ff8f5568000 	C:\Program Files\Android\Android Studio\jre\bin\zip.dll
0x00007ff90a790000 - 0x00007ff90af39000 	C:\windows\System32\SHELL32.dll
0x00007ff907dc0000 - 0x00007ff908622000 	C:\windows\SYSTEM32\windows.storage.dll
0x00007ff90bbf0000 - 0x00007ff90bf68000 	C:\windows\System32\combase.dll
0x00007ff907c50000 - 0x00007ff907db6000 	C:\windows\SYSTEM32\wintypes.dll
0x00007ff90b700000 - 0x00007ff90b7ea000 	C:\windows\System32\SHCORE.dll
0x00007ff90c140000 - 0x00007ff90c19d000 	C:\windows\System32\shlwapi.dll
0x00007ff909b30000 - 0x00007ff909b51000 	C:\windows\SYSTEM32\profapi.dll
0x00007ff8f5510000 - 0x00007ff8f552a000 	C:\Program Files\Android\Android Studio\jre\bin\net.dll
0x00007ff8ff700000 - 0x00007ff8ff80c000 	C:\windows\SYSTEM32\WINHTTP.dll
0x00007ff909230000 - 0x00007ff909297000 	C:\windows\system32\mswsock.dll
0x00007ff8f0320000 - 0x00007ff8f0334000 	C:\Program Files\Android\Android Studio\jre\bin\nio.dll
0x00007ff8ed020000 - 0x00007ff8ed047000 	C:\Users\CS_ra\.gradle\native\8bec1ad78214c89d9ad589b4d07fe93259594b29d510b10fafb7a158f7737e5d\windows-amd64\native-platform.dll
0x00007ff8bbb80000 - 0x00007ff8bbcbd000 	C:\Users\CS_ra\.gradle\native\53dbd7edfb1c66fb8903c78663c9afc45aea4f116125fa6feffd364cf09443e8\windows-amd64\native-platform-file-events.dll
0x00007ff8fe4f0000 - 0x00007ff8fe4fa000 	C:\Program Files\Android\Android Studio\jre\bin\management.dll
0x00007ff8fe350000 - 0x00007ff8fe35c000 	C:\Program Files\Android\Android Studio\jre\bin\management_ext.dll
0x00007ff909470000 - 0x00007ff909488000 	C:\windows\SYSTEM32\CRYPTSP.dll
0x00007ff908d80000 - 0x00007ff908db5000 	C:\windows\system32\rsaenh.dll
0x00007ff909320000 - 0x00007ff909349000 	C:\windows\SYSTEM32\USERENV.dll
0x00007ff9095f0000 - 0x00007ff909617000 	C:\windows\SYSTEM32\bcrypt.dll
0x00007ff909490000 - 0x00007ff90949c000 	C:\windows\SYSTEM32\CRYPTBASE.dll
0x00007ff9088e0000 - 0x00007ff90890d000 	C:\windows\SYSTEM32\IPHLPAPI.DLL
0x00007ff90bb10000 - 0x00007ff90bb19000 	C:\windows\System32\NSI.dll
0x00007ff8ff610000 - 0x00007ff8ff629000 	C:\windows\SYSTEM32\dhcpcsvc6.DLL
0x00007ff8ff9d0000 - 0x00007ff8ff9ee000 	C:\windows\SYSTEM32\dhcpcsvc.DLL
0x00007ff908910000 - 0x00007ff9089f7000 	C:\windows\SYSTEM32\DNSAPI.dll
0x00007ff9035f0000 - 0x00007ff903624000 	C:\windows\SYSTEM32\ntmarta.dll

dbghelp: loaded successfully - version: 4.0.5 - missing functions: none
symbol engine: initialized successfully - sym options: 0x614 - pdb path: .;C:\Program Files\Android\Android Studio\jre\bin;C:\windows\SYSTEM32;C:\windows\WinSxS\amd64_microsoft.windows.common-controls_6595b64144ccf1df_6.0.22000.120_none_9d947278b86cc467;C:\Program Files\Android\Android Studio\jre\bin\server;C:\Users\CS_ra\.gradle\native\8bec1ad78214c89d9ad589b4d07fe93259594b29d510b10fafb7a158f7737e5d\windows-amd64;C:\Users\CS_ra\.gradle\native\53dbd7edfb1c66fb8903c78663c9afc45aea4f116125fa6feffd364cf09443e8\windows-amd64

VM Arguments:
jvm_args: --add-opens=java.base/java.util=ALL-UNNAMED --add-opens=java.base/java.lang=ALL-UNNAMED --add-opens=java.base/java.lang.invoke=ALL-UNNAMED --add-opens=java.base/java.util=ALL-UNNAMED --add-opens=java.prefs/java.util.prefs=ALL-UNNAMED --add-opens=java.prefs/java.util.prefs=ALL-UNNAMED --add-opens=java.base/java.nio.charset=ALL-UNNAMED --add-opens=java.base/java.net=ALL-UNNAMED --add-opens=java.base/java.util.concurrent.atomic=ALL-UNNAMED -Xmx2048m -Dfile.encoding=UTF-8 -Duser.country=GB -Duser.language=en -Duser.variant 
java_command: org.gradle.launcher.daemon.bootstrap.GradleDaemon 7.0.2
java_class_path (initial): C:\Users\CS_ra\.gradle\wrapper\dists\gradle-7.0.2-bin\857tjihv64xamwrf0h14cai3r\gradle-7.0.2\lib\gradle-launcher-7.0.2.jar
Launcher Type: SUN_STANDARD

[Global flags]
     intx CICompilerCount                          = 4                                         {product} {ergonomic}
     uint ConcGCThreads                            = 2                                         {product} {ergonomic}
     uint G1ConcRefinementThreads                  = 8                                         {product} {ergonomic}
   size_t G1HeapRegionSize                         = 1048576                                   {product} {ergonomic}
    uintx GCDrainStackTargetSize                   = 64                                        {product} {ergonomic}
   size_t InitialHeapSize                          = 266338304                                 {product} {ergonomic}
   size_t MarkStackSize                            = 4194304                                   {product} {ergonomic}
   size_t MaxHeapSize                              = 2147483648                                {product} {command line}
   size_t MaxNewSize                               = 1287651328                                {product} {ergonomic}
   size_t MinHeapDeltaBytes                        = 1048576                                   {product} {ergonomic}
    uintx NonNMethodCodeHeapSize                   = 5836300                                {pd product} {ergonomic}
    uintx NonProfiledCodeHeapSize                  = 122910970                              {pd product} {ergonomic}
    uintx ProfiledCodeHeapSize                     = 122910970                              {pd product} {ergonomic}
    uintx ReservedCodeCacheSize                    = 251658240                              {pd product} {ergonomic}
     bool SegmentedCodeCache                       = true                                      {product} {ergonomic}
     bool UseCompressedClassPointers               = true                                 {lp64_product} {ergonomic}
     bool UseCompressedOops                        = true                                 {lp64_product} {ergonomic}
     bool UseG1GC                                  = true                                      {product} {ergonomic}
     bool UseLargePagesIndividualAllocation        = false                                  {pd product} {ergonomic}

Logging:
Log output configuration:
 #0: stdout all=warning uptime,level,tags
 #1: stderr all=off uptime,level,tags

Environment Variables:
PATH=C:\windows\system32;C:\windows;C:\windows\System32\Wbem;C:\windows\System32\WindowsPowerShell\v1.0\;C:\windows\System32\OpenSSH\;C:\Program Files (x86)\NVIDIA Corporation\PhysX\Common;C:\Program Files\NVIDIA Corporation\NVIDIA NvDLISR;C:\Program Files\Git\cmd;C:\Users\CS_ra\AppData\Local\Microsoft\WindowsApps;C:\Users\CS_ra\AppData\Local\gitkraken\bin
USERNAME=rnthuwayni
OS=Windows_NT
PROCESSOR_IDENTIFIER=Intel64 Family 6 Model 140 Stepping 1, GenuineIntel



---------------  S Y S T E M  ---------------

OS: Windows 10 , 64 bit Build 22000 (10.0.22000.120)
OS uptime: 47 days 14:04 hours

CPU:total 8 (initial active 8) (4 cores per cpu, 2 threads per core) family 6 model 140 stepping 1 microcode 0x86, cmov, cx8, fxsr, mmx, sse, sse2, sse3, ssse3, sse4.1, sse4.2, popcnt, avx, avx2, aes, clmul, erms, 3dnowpref, lzcnt, ht, tsc, tscinvbit, bmi1, bmi2, adx, evex, sha, fma

Memory: 4k page, system-wide physical 16149M (655M free)
TotalPageFile size 65301M (AvailPageFile size 157M)
current process WorkingSet (physical memory assigned to process): 704M, peak: 708M
current process commit charge ("private bytes"): 757M, peak: 910M

vm_info: OpenJDK 64-Bit Server VM (11.0.10+0-b96-7249189) for windows-amd64 JRE (11.0.10+0-b96-7249189), built on Mar 31 2021 21:44:00 by "builder" with MS VC++ 14.0 (VS2015)

END.
